[rospy.client][INFO] 2019-10-16 18:18:53,399: init_node, name[/biochip_listener_15415_1571242733382], pid[15415]
[xmlrpc][INFO] 2019-10-16 18:18:53,399: XML-RPC server binding to 0.0.0.0:0
[xmlrpc][INFO] 2019-10-16 18:18:53,399: Started XML-RPC server [http://student-lasa:38559/]
[rospy.init][INFO] 2019-10-16 18:18:53,399: ROS Slave URI: [http://student-lasa:38559/]
[rospy.impl.masterslave][INFO] 2019-10-16 18:18:53,399: _ready: http://student-lasa:38559/
[rospy.registration][INFO] 2019-10-16 18:18:53,400: Registering with master node http://localhost:11311
[xmlrpc][INFO] 2019-10-16 18:18:53,400: xml rpc node: starting XML-RPC server
[rospy.init][INFO] 2019-10-16 18:18:53,500: registered with master
[rospy.rosout][INFO] 2019-10-16 18:18:53,500: initializing /rosout core topic
[rospy.rosout][INFO] 2019-10-16 18:18:53,504: connected to core topic /rosout
[rospy.simtime][INFO] 2019-10-16 18:18:53,506: /use_sim_time is not set, will not subscribe to simulated time [/clock] topic
[rospy.internal][INFO] 2019-10-16 18:18:53,519: topic[/biotac_pub] adding connection to [http://student-lasa:33843/], count 0
[rospy.internal][INFO] 2019-10-16 18:18:53,524: topic[/vrpn_client_node/normalSurface/pose] adding connection to [http://student-lasa:45067/], count 0
[rospy.internal][INFO] 2019-10-16 18:18:53,525: topic[/vrpn_client_node/baseHand/pose] adding connection to [http://student-lasa:45067/], count 0
[rospy.internal][INFO] 2019-10-16 18:18:53,755: topic[/rosout] adding connection to [/rosout], count 0
[rosout][INFO] 2019-10-16 18:19:04,698: 
pdc: 
2432
electrode: 
(2997, 3461, 3436, 3248, 3372, 3102, 3146, 3239, 3241, 3309, 3019, 3480, 3454, 3261, 3371, 3069, 3417, 3390, 3134)
z_dir: 
[[ 0.02131216]
 [ 0.03521447]
 [ 0.99915251]]
[rosout][INFO] 2019-10-16 18:19:05,287: 
pdc: 
2432
electrode: 
(2998, 3462, 3435, 3248, 3373, 3102, 3146, 3239, 3242, 3311, 3020, 3481, 3454, 3261, 3371, 3069, 3417, 3391, 3133)
z_dir: 
[[ 0.02192866]
 [ 0.03381035]
 [ 0.99918767]]
[rosout][INFO] 2019-10-16 18:19:05,825: 
pdc: 
2432
electrode: 
(2998, 3461, 3436, 3248, 3372, 3102, 3145, 3239, 3242, 3310, 3021, 3481, 3454, 3261, 3371, 3069, 3417, 3391, 3134)
z_dir: 
[[ 0.02201818]
 [ 0.0338157 ]
 [ 0.99918552]]
[rosout][INFO] 2019-10-16 18:19:05,931: 
pdc: 
2432
electrode: 
(2998, 3462, 3436, 3247, 3373, 3102, 3145, 3239, 3241, 3310, 3020, 3481, 3454, 3262, 3371, 3069, 3417, 3391, 3134)
z_dir: 
[[ 0.02197026]
 [ 0.03384467]
 [ 0.99918559]]
[rosout][INFO] 2019-10-16 18:19:06,138: 
pdc: 
2432
electrode: 
(2998, 3461, 3436, 3248, 3373, 3102, 3146, 3240, 3241, 3311, 3020, 3481, 3454, 3261, 3370, 3069, 3417, 3390, 3134)
z_dir: 
[[ 0.0214115 ]
 [ 0.03481305]
 [ 0.99916445]]
[rosout][INFO] 2019-10-16 18:19:06,235: 
pdc: 
2432
electrode: 
(2997, 3461, 3436, 3248, 3372, 3102, 3145, 3240, 3242, 3310, 3021, 3480, 3454, 3261, 3371, 3069, 3418, 3391, 3134)
z_dir: 
[[ 0.02196007]
 [ 0.03377549]
 [ 0.99918816]]
[rosout][INFO] 2019-10-16 18:19:06,265: 
pdc: 
2432
electrode: 
(2998, 3462, 3435, 3248, 3372, 3102, 3145, 3239, 3241, 3310, 3020, 3480, 3454, 3261, 3371, 3069, 3418, 3391, 3134)
z_dir: 
[[ 0.02198162]
 [ 0.03385146]
 [ 0.99918511]]
[rosout][INFO] 2019-10-16 18:19:06,448: 
pdc: 
2432
electrode: 
(2997, 3461, 3436, 3248, 3372, 3102, 3146, 3240, 3242, 3311, 3020, 3480, 3455, 3261, 3372, 3070, 3418, 3390, 3134)
z_dir: 
[[ 0.02194803]
 [ 0.03382482]
 [ 0.99918675]]
[rosout][INFO] 2019-10-16 18:19:06,516: 
pdc: 
2433
electrode: 
(2998, 3461, 3435, 3248, 3372, 3102, 3146, 3239, 3242, 3310, 3020, 3481, 3455, 3262, 3371, 3069, 3418, 3392, 3133)
z_dir: 
[[ 0.02129063]
 [ 0.03493272]
 [ 0.99916286]]
[rosout][INFO] 2019-10-16 18:19:06,996: 
pdc: 
2432
electrode: 
(2998, 3462, 3435, 3248, 3372, 3102, 3146, 3240, 3242, 3311, 3020, 3481, 3454, 3262, 3371, 3070, 3417, 3391, 3134)
z_dir: 
[[ 0.02193238]
 [ 0.0337887 ]
 [ 0.99918832]]
[rosout][INFO] 2019-10-16 18:19:07,277: 
pdc: 
2432
electrode: 
(2998, 3461, 3435, 3248, 3372, 3102, 3146, 3240, 3242, 3312, 3020, 3480, 3455, 3261, 3371, 3069, 3418, 3390, 3134)
z_dir: 
[[ 0.02196855]
 [ 0.03384546]
 [ 0.9991856 ]]
[rosout][INFO] 2019-10-16 18:19:07,513: 
pdc: 
2432
electrode: 
(2998, 3462, 3436, 3249, 3372, 3102, 3146, 3240, 3242, 3311, 3021, 3481, 3454, 3261, 3372, 3069, 3417, 3391, 3134)
z_dir: 
[[ 0.02200631]
 [ 0.03391958]
 [ 0.99918226]]
[rosout][INFO] 2019-10-16 18:19:07,716: 
pdc: 
2432
electrode: 
(2998, 3462, 3436, 3248, 3373, 3102, 3146, 3240, 3241, 3310, 3021, 3481, 3454, 3261, 3371, 3069, 3418, 3392, 3134)
z_dir: 
[[ 0.02131973]
 [ 0.03512339]
 [ 0.99915555]]
[rosout][INFO] 2019-10-16 18:19:07,877: 
pdc: 
2432
electrode: 
(2998, 3462, 3437, 3248, 3373, 3102, 3146, 3240, 3242, 3311, 3021, 3481, 3455, 3261, 3371, 3069, 3417, 3392, 3134)
z_dir: 
[[ 0.02201079]
 [ 0.03381139]
 [ 0.99918583]]
[rosout][INFO] 2019-10-16 18:19:08,135: 
pdc: 
2432
electrode: 
(2998, 3462, 3436, 3248, 3372, 3102, 3146, 3239, 3242, 3310, 3020, 3481, 3454, 3262, 3372, 3069, 3418, 3391, 3134)
z_dir: 
[[ 0.02204608]
 [ 0.03376073]
 [ 0.99918676]]
[rosout][INFO] 2019-10-16 18:19:08,239: 
pdc: 
2433
electrode: 
(2998, 3462, 3436, 3248, 3373, 3103, 3146, 3239, 3242, 3310, 3021, 3480, 3455, 3261, 3371, 3070, 3418, 3391, 3134)
z_dir: 
[[ 0.02197333]
 [ 0.03388772]
 [ 0.99918406]]
[rosout][INFO] 2019-10-16 18:19:08,339: 
pdc: 
2433
electrode: 
(2998, 3462, 3436, 3248, 3372, 3102, 3146, 3240, 3242, 3311, 3020, 3480, 3455, 3261, 3371, 3069, 3418, 3390, 3134)
z_dir: 
[[ 0.02199097]
 [ 0.03387757]
 [ 0.99918402]]
[rosout][INFO] 2019-10-16 18:19:08,395: 
pdc: 
2432
electrode: 
(2997, 3461, 3436, 3248, 3372, 3103, 3146, 3240, 3242, 3310, 3020, 3480, 3454, 3261, 3372, 3070, 3418, 3391, 3134)
z_dir: 
[[ 0.02143442]
 [ 0.03478827]
 [ 0.99916482]]
[rosout][INFO] 2019-10-16 18:19:08,430: 
pdc: 
2432
electrode: 
(2998, 3462, 3436, 3248, 3373, 3102, 3146, 3240, 3242, 3311, 3020, 3480, 3455, 3261, 3372, 3069, 3418, 3391, 3134)
z_dir: 
[[ 0.02189686]
 [ 0.03383705]
 [ 0.99918746]]
[rosout][INFO] 2019-10-16 18:19:08,513: 
pdc: 
2432
electrode: 
(2998, 3462, 3436, 3247, 3372, 3103, 3146, 3240, 3241, 3310, 3021, 3480, 3454, 3262, 3372, 3069, 3418, 3390, 3135)
z_dir: 
[[ 0.02135697]
 [ 0.03523103]
 [ 0.99915097]]
[rosout][INFO] 2019-10-16 18:19:08,553: 
pdc: 
2432
electrode: 
(2998, 3462, 3437, 3248, 3373, 3102, 3146, 3240, 3242, 3311, 3020, 3481, 3455, 3262, 3372, 3069, 3418, 3391, 3134)
z_dir: 
[[ 0.02203102]
 [ 0.03386523]
 [ 0.99918356]]
[rosout][INFO] 2019-10-16 18:19:08,767: 
pdc: 
2433
electrode: 
(2998, 3462, 3436, 3248, 3372, 3102, 3146, 3240, 3241, 3310, 3021, 3480, 3455, 3262, 3372, 3069, 3418, 3392, 3134)
z_dir: 
[[ 0.02206635]
 [ 0.03378787]
 [ 0.9991854 ]]
[rosout][INFO] 2019-10-16 18:19:08,809: 
pdc: 
2432
electrode: 
(2998, 3462, 3436, 3248, 3373, 3102, 3146, 3240, 3242, 3311, 3020, 3480, 3454, 3262, 3372, 3069, 3418, 3392, 3134)
z_dir: 
[[ 0.02131758]
 [ 0.0347899 ]
 [ 0.99916727]]
[rosout][INFO] 2019-10-16 18:19:08,921: 
pdc: 
2432
electrode: 
(2998, 3462, 3436, 3248, 3373, 3103, 3146, 3240, 3242, 3311, 3020, 3481, 3455, 3262, 3372, 3069, 3418, 3391, 3134)
z_dir: 
[[ 0.0219499 ]
 [ 0.03388056]
 [ 0.99918482]]
[rosout][INFO] 2019-10-16 18:19:08,992: 
pdc: 
2433
electrode: 
(2998, 3462, 3437, 3248, 3373, 3103, 3146, 3240, 3242, 3311, 3021, 3481, 3454, 3262, 3371, 3069, 3418, 3392, 3134)
z_dir: 
[[ 0.02197101]
 [ 0.03390892]
 [ 0.9991834 ]]
[rosout][INFO] 2019-10-16 18:19:09,051: 
pdc: 
2432
electrode: 
(2998, 3462, 3437, 3249, 3373, 3102, 3146, 3240, 3242, 3311, 3021, 3481, 3455, 3261, 3372, 3069, 3418, 3392, 3134)
z_dir: 
[[ 0.02199012]
 [ 0.03382942]
 [ 0.99918567]]
[rosout][INFO] 2019-10-16 18:19:09,125: 
pdc: 
2432
electrode: 
(2999, 3461, 3436, 3248, 3372, 3102, 3146, 3240, 3242, 3311, 3021, 3480, 3455, 3261, 3371, 3069, 3418, 3391, 3135)
z_dir: 
[[ 0.02203616]
 [ 0.0342596 ]
 [ 0.99917   ]]
[rosout][INFO] 2019-10-16 18:19:09,171: 
pdc: 
2432
electrode: 
(2998, 3462, 3436, 3248, 3373, 3102, 3146, 3239, 3241, 3311, 3020, 3481, 3454, 3262, 3371, 3070, 3418, 3392, 3134)
z_dir: 
[[ 0.02138318]
 [ 0.03491397]
 [ 0.99916154]]
[rosout][INFO] 2019-10-16 18:19:09,314: 
pdc: 
2432
electrode: 
(2999, 3462, 3436, 3248, 3373, 3103, 3146, 3241, 3242, 3311, 3021, 3480, 3455, 3262, 3372, 3070, 3419, 3391, 3134)
z_dir: 
[[ 0.02196237]
 [ 0.03389752]
 [ 0.99918397]]
[rosout][INFO] 2019-10-16 18:19:09,343: 
pdc: 
2432
electrode: 
(2998, 3461, 3436, 3248, 3373, 3103, 3147, 3240, 3242, 3311, 3021, 3481, 3455, 3262, 3371, 3069, 3418, 3392, 3134)
z_dir: 
[[ 0.02137101]
 [ 0.03473035]
 [ 0.9991682 ]]
[rosout][INFO] 2019-10-16 18:19:09,388: 
pdc: 
2432
electrode: 
(2998, 3462, 3435, 3248, 3373, 3102, 3146, 3240, 3242, 3311, 3021, 3480, 3454, 3261, 3372, 3069, 3417, 3391, 3134)
z_dir: 
[[ 0.02202907]
 [ 0.03383203]
 [ 0.99918472]]
[rosout][INFO] 2019-10-16 18:19:09,426: 
pdc: 
2432
electrode: 
(2998, 3462, 3436, 3248, 3372, 3102, 3146, 3240, 3241, 3311, 3021, 3481, 3455, 3261, 3372, 3069, 3418, 3392, 3135)
z_dir: 
[[ 0.0220545 ]
 [ 0.03375785]
 [ 0.99918667]]
[rosout][INFO] 2019-10-16 18:19:09,470: 
pdc: 
2432
electrode: 
(2998, 3462, 3436, 3248, 3373, 3103, 3146, 3241, 3242, 3311, 3021, 3481, 3454, 3262, 3372, 3069, 3418, 3391, 3134)
z_dir: 
[[ 0.02200297]
 [ 0.03376358]
 [ 0.99918761]]
[rosout][INFO] 2019-10-16 18:19:09,491: 
pdc: 
2432
electrode: 
(2999, 3462, 3436, 3248, 3373, 3103, 3146, 3240, 3242, 3311, 3020, 3481, 3455, 3262, 3371, 3069, 3418, 3392, 3134)
z_dir: 
[[ 0.02198763]
 [ 0.03381935]
 [ 0.99918607]]
[rosout][INFO] 2019-10-16 18:19:09,504: 
pdc: 
2432
electrode: 
(2998, 3462, 3437, 3249, 3373, 3102, 3146, 3241, 3242, 3311, 3021, 3480, 3455, 3262, 3371, 3069, 3418, 3392, 3134)
z_dir: 
[[ 0.02200383]
 [ 0.03380239]
 [ 0.99918628]]
[rosout][INFO] 2019-10-16 18:19:09,559: 
pdc: 
2432
electrode: 
(2998, 3462, 3436, 3249, 3373, 3102, 3146, 3240, 3242, 3310, 3021, 3481, 3455, 3262, 3371, 3069, 3418, 3391, 3134)
z_dir: 
[[ 0.02195746]
 [ 0.033941  ]
 [ 0.99918261]]
[rosout][INFO] 2019-10-16 18:19:09,596: 
pdc: 
2432
electrode: 
(2999, 3462, 3436, 3249, 3372, 3103, 3146, 3240, 3242, 3311, 3021, 3482, 3455, 3262, 3371, 3069, 3418, 3391, 3134)
z_dir: 
[[ 0.02198439]
 [ 0.03378544]
 [ 0.99918728]]
[rosout][INFO] 2019-10-16 18:19:09,600: 
pdc: 
2433
electrode: 
(2998, 3462, 3436, 3248, 3372, 3102, 3146, 3240, 3242, 3311, 3021, 3480, 3455, 3262, 3372, 3069, 3418, 3391, 3134)
z_dir: 
[[ 0.02133724]
 [ 0.03474943]
 [ 0.99916825]]
[rosout][INFO] 2019-10-16 18:19:09,650: 
pdc: 
2432
electrode: 
(2998, 3462, 3436, 3248, 3373, 3102, 3146, 3240, 3242, 3310, 3020, 3481, 3455, 3261, 3372, 3069, 3418, 3391, 3134)
z_dir: 
[[ 0.02202161]
 [ 0.03383928]
 [ 0.99918464]]
[rosout][INFO] 2019-10-16 18:19:09,680: 
pdc: 
2432
electrode: 
(2998, 3462, 3437, 3248, 3373, 3103, 3147, 3240, 3241, 3311, 3021, 3481, 3455, 3262, 3371, 3070, 3418, 3391, 3134)
z_dir: 
[[ 0.02198431]
 [ 0.03379833]
 [ 0.99918685]]
[rosout][INFO] 2019-10-16 18:19:09,814: 
pdc: 
2432
electrode: 
(2999, 3462, 3436, 3248, 3373, 3103, 3146, 3241, 3242, 3311, 3021, 3481, 3455, 3262, 3371, 3068, 3418, 3391, 3135)
z_dir: 
[[ 0.02204182]
 [ 0.03377656]
 [ 0.99918632]]
[rosout][INFO] 2019-10-16 18:19:09,850: 
pdc: 
2432
electrode: 
(2998, 3462, 3436, 3249, 3373, 3102, 3146, 3240, 3242, 3311, 3021, 3480, 3455, 3261, 3371, 3069, 3418, 3390, 3135)
z_dir: 
[[ 0.02195921]
 [ 0.03378555]
 [ 0.99918784]]
[rosout][INFO] 2019-10-16 18:19:09,945: 
pdc: 
2432
electrode: 
(2998, 3462, 3436, 3248, 3373, 3102, 3146, 3241, 3242, 3311, 3021, 3481, 3455, 3262, 3371, 3069, 3417, 3392, 3135)
z_dir: 
[[ 0.02194483]
 [ 0.03406579]
 [ 0.99917864]]
[rosout][INFO] 2019-10-16 18:19:09,997: 
pdc: 
2432
electrode: 
(2998, 3462, 3436, 3249, 3373, 3103, 3146, 3241, 3242, 3312, 3021, 3480, 3455, 3262, 3371, 3069, 3418, 3391, 3135)
z_dir: 
[[ 0.02203249]
 [ 0.03417714]
 [ 0.9991729 ]]
[rosout][INFO] 2019-10-16 18:19:10,063: 
pdc: 
2432
electrode: 
(2998, 3462, 3436, 3248, 3373, 3103, 3146, 3240, 3242, 3311, 3021, 3482, 3455, 3262, 3372, 3069, 3418, 3391, 3134)
z_dir: 
[[ 0.02191527]
 [ 0.03379029]
 [ 0.99918864]]
[rosout][INFO] 2019-10-16 18:19:10,074: 
pdc: 
2432
electrode: 
(2999, 3463, 3437, 3248, 3372, 3103, 3147, 3240, 3241, 3311, 3021, 3480, 3455, 3261, 3371, 3069, 3418, 3391, 3134)
z_dir: 
[[ 0.02195789]
 [ 0.03382305]
 [ 0.9991866 ]]
[rosout][INFO] 2019-10-16 18:19:10,164: 
pdc: 
2432
electrode: 
(2998, 3463, 3436, 3248, 3372, 3102, 3146, 3240, 3243, 3310, 3021, 3481, 3455, 3262, 3372, 3069, 3418, 3392, 3134)
z_dir: 
[[ 0.02138659]
 [ 0.03515691]
 [ 0.99915294]]
[rosout][INFO] 2019-10-16 18:19:10,213: 
pdc: 
2432
electrode: 
(2999, 3463, 3436, 3249, 3373, 3102, 3146, 3241, 3242, 3310, 3021, 3480, 3455, 3262, 3371, 3070, 3418, 3391, 3135)
z_dir: 
[[ 0.02135648]
 [ 0.03504719]
 [ 0.99915744]]
[rosout][INFO] 2019-10-16 18:19:10,255: 
pdc: 
2432
electrode: 
(2998, 3462, 3437, 3248, 3373, 3103, 3146, 3240, 3243, 3311, 3022, 3481, 3455, 3261, 3371, 3069, 3418, 3391, 3134)
z_dir: 
[[ 0.02134465]
 [ 0.03485514]
 [ 0.99916441]]
[rosout][INFO] 2019-10-16 18:19:10,307: 
pdc: 
2432
electrode: 
(2998, 3462, 3436, 3248, 3373, 3102, 3146, 3241, 3242, 3311, 3020, 3481, 3455, 3262, 3371, 3069, 3418, 3391, 3134)
z_dir: 
[[ 0.02202618]
 [ 0.03390359]
 [ 0.99918236]]
[rosout][INFO] 2019-10-16 18:19:10,405: 
pdc: 
2433
electrode: 
(2998, 3462, 3437, 3249, 3372, 3103, 3146, 3240, 3243, 3311, 3021, 3480, 3455, 3262, 3372, 3070, 3418, 3392, 3135)
z_dir: 
[[ 0.02323049]
 [ 0.03276513]
 [ 0.99919307]]
[rosout][INFO] 2019-10-16 18:19:10,445: 
pdc: 
2432
electrode: 
(2999, 3462, 3437, 3249, 3373, 3102, 3147, 3240, 3242, 3311, 3020, 3481, 3455, 3261, 3372, 3070, 3419, 3391, 3134)
z_dir: 
[[ 0.02194855]
 [ 0.03388959]
 [ 0.99918455]]
[rosout][INFO] 2019-10-16 18:19:10,477: 
pdc: 
2432
electrode: 
(2998, 3462, 3436, 3248, 3373, 3103, 3146, 3240, 3242, 3311, 3022, 3481, 3455, 3261, 3372, 3069, 3418, 3391, 3134)
z_dir: 
[[ 0.02202051]
 [ 0.03394169]
 [ 0.99918119]]
[rosout][INFO] 2019-10-16 18:19:10,521: 
pdc: 
2432
electrode: 
(2999, 3462, 3436, 3249, 3373, 3102, 3146, 3240, 3242, 3311, 3021, 3481, 3455, 3262, 3371, 3069, 3418, 3392, 3135)
z_dir: 
[[ 0.02197907]
 [ 0.03385984]
 [ 0.99918488]]
[rosout][INFO] 2019-10-16 18:19:10,567: 
pdc: 
2432
electrode: 
(2999, 3461, 3436, 3249, 3373, 3103, 3146, 3240, 3242, 3310, 3020, 3480, 3455, 3262, 3371, 3069, 3419, 3392, 3134)
z_dir: 
[[ 0.02193803]
 [ 0.03376666]
 [ 0.99918894]]
[rosout][INFO] 2019-10-16 18:19:10,610: 
pdc: 
2432
electrode: 
(2999, 3462, 3437, 3248, 3373, 3102, 3146, 3240, 3242, 3311, 3020, 3482, 3455, 3262, 3372, 3070, 3419, 3391, 3135)
z_dir: 
[[ 0.02134994]
 [ 0.03481918]
 [ 0.99916555]]
[rosout][INFO] 2019-10-16 18:19:10,695: 
pdc: 
2432
electrode: 
(2998, 3462, 3437, 3248, 3373, 3102, 3146, 3240, 3242, 3312, 3021, 3481, 3455, 3262, 3372, 3069, 3419, 3391, 3135)
z_dir: 
[[ 0.02199271]
 [ 0.03377481]
 [ 0.99918746]]
[rosout][INFO] 2019-10-16 18:19:10,758: 
pdc: 
2432
electrode: 
(2999, 3463, 3435, 3249, 3373, 3103, 3146, 3240, 3243, 3311, 3021, 3480, 3455, 3261, 3372, 3069, 3418, 3391, 3135)
z_dir: 
[[ 0.02200471]
 [ 0.0338226 ]
 [ 0.99918558]]
[rosout][INFO] 2019-10-16 18:19:10,788: 
pdc: 
2432
electrode: 
(2999, 3462, 3436, 3248, 3373, 3103, 3146, 3240, 3242, 3311, 3021, 3481, 3455, 3262, 3372, 3070, 3418, 3392, 3134)
z_dir: 
[[ 0.02195188]
 [ 0.03389747]
 [ 0.99918421]]
[rosout][INFO] 2019-10-16 18:19:10,831: 
pdc: 
2432
electrode: 
(2999, 3462, 3436, 3249, 3372, 3103, 3147, 3241, 3243, 3311, 3021, 3481, 3455, 3262, 3372, 3069, 3418, 3392, 3134)
z_dir: 
[[ 0.02196748]
 [ 0.03390026]
 [ 0.99918377]]
[rosout][INFO] 2019-10-16 18:19:10,842: 
pdc: 
2432
electrode: 
(2999, 3462, 3436, 3249, 3373, 3103, 3146, 3240, 3242, 3311, 3021, 3481, 3455, 3262, 3371, 3069, 3418, 3392, 3134)
z_dir: 
[[ 0.02132956]
 [ 0.03473952]
 [ 0.99916876]]
[rosout][INFO] 2019-10-16 18:19:10,877: 
pdc: 
2432
electrode: 
(2999, 3462, 3436, 3249, 3373, 3102, 3147, 3240, 3242, 3311, 3021, 3481, 3455, 3262, 3371, 3070, 3418, 3391, 3135)
z_dir: 
[[ 0.02207204]
 [ 0.03390638]
 [ 0.99918126]]
[rosout][INFO] 2019-10-16 18:19:10,920: 
pdc: 
2432
electrode: 
(2999, 3461, 3437, 3248, 3373, 3103, 3146, 3241, 3242, 3311, 3021, 3481, 3455, 3262, 3371, 3070, 3418, 3391, 3134)
z_dir: 
[[ 0.02134965]
 [ 0.03481308]
 [ 0.99916577]]
[rosout][INFO] 2019-10-16 18:19:10,959: 
pdc: 
2433
electrode: 
(2999, 3462, 3437, 3248, 3373, 3103, 3147, 3241, 3242, 3311, 3021, 3481, 3454, 3262, 3372, 3070, 3418, 3391, 3134)
z_dir: 
[[ 0.02206329]
 [ 0.03378222]
 [ 0.99918565]]
[rosout][INFO] 2019-10-16 18:19:11,047: 
pdc: 
2432
electrode: 
(2998, 3462, 3437, 3248, 3373, 3102, 3146, 3240, 3242, 3311, 3021, 3480, 3455, 3262, 3372, 3069, 3419, 3392, 3134)
z_dir: 
[[ 0.02140734]
 [ 0.03481103]
 [ 0.99916461]]
[rosout][INFO] 2019-10-16 18:19:11,085: 
pdc: 
2432
electrode: 
(2999, 3462, 3436, 3249, 3373, 3103, 3147, 3240, 3242, 3311, 3020, 3481, 3455, 3262, 3372, 3070, 3418, 3392, 3134)
z_dir: 
[[ 0.02137082]
 [ 0.0348518 ]
 [ 0.99916397]]
[rosout][INFO] 2019-10-16 18:19:11,153: 
pdc: 
2432
electrode: 
(2998, 3462, 3436, 3249, 3374, 3103, 3146, 3240, 3242, 3311, 3021, 3481, 3455, 3261, 3372, 3069, 3418, 3391, 3134)
z_dir: 
[[ 0.02195165]
 [ 0.03394621]
 [ 0.99918256]]
[rosout][INFO] 2019-10-16 18:19:11,208: 
pdc: 
2432
electrode: 
(2998, 3463, 3437, 3249, 3373, 3103, 3146, 3241, 3242, 3312, 3021, 3481, 3455, 3262, 3372, 3070, 3418, 3391, 3135)
z_dir: 
[[ 0.02197157]
 [ 0.03382501]
 [ 0.99918623]]
[rosout][INFO] 2019-10-16 18:19:11,250: 
pdc: 
2432
electrode: 
(2999, 3462, 3436, 3249, 3373, 3102, 3146, 3241, 3242, 3311, 3021, 3481, 3455, 3262, 3372, 3070, 3418, 3392, 3134)
z_dir: 
[[ 0.02135233]
 [ 0.03471378]
 [ 0.99916917]]
[rosout][INFO] 2019-10-16 18:19:11,262: 
pdc: 
2432
electrode: 
(2999, 3462, 3437, 3249, 3374, 3103, 3147, 3241, 3242, 3311, 3021, 3481, 3455, 3262, 3372, 3070, 3418, 3392, 3135)
z_dir: 
[[ 0.02194147]
 [ 0.03399579]
 [ 0.99918109]]
[rosout][INFO] 2019-10-16 18:19:11,321: 
pdc: 
2432
electrode: 
(2999, 3462, 3436, 3248, 3373, 3102, 3146, 3241, 3242, 3311, 3021, 3480, 3454, 3262, 3371, 3069, 3418, 3392, 3134)
z_dir: 
[[ 0.02203373]
 [ 0.03378538]
 [ 0.9991862 ]]
[rosout][INFO] 2019-10-16 18:19:11,354: 
pdc: 
2432
electrode: 
(2999, 3462, 3436, 3249, 3373, 3102, 3146, 3240, 3243, 3310, 3021, 3481, 3455, 3262, 3372, 3069, 3418, 3392, 3134)
z_dir: 
[[ 0.02200211]
 [ 0.03413924]
 [ 0.99917487]]
[rosout][INFO] 2019-10-16 18:19:11,406: 
pdc: 
2432
electrode: 
(2999, 3462, 3436, 3248, 3373, 3102, 3146, 3241, 3242, 3312, 3021, 3481, 3455, 3262, 3372, 3070, 3419, 3392, 3135)
z_dir: 
[[ 0.02195146]
 [ 0.03424225]
 [ 0.99917246]]
[rosout][INFO] 2019-10-16 18:19:11,447: 
pdc: 
2432
electrode: 
(2998, 3462, 3436, 3248, 3373, 3103, 3147, 3241, 3242, 3311, 3021, 3481, 3455, 3262, 3371, 3069, 3418, 3391, 3134)
z_dir: 
[[ 0.02133861]
 [ 0.03480483]
 [ 0.9991663 ]]
[rosout][INFO] 2019-10-16 18:19:11,457: 
pdc: 
2432
electrode: 
(2999, 3463, 3437, 3249, 3373, 3103, 3146, 3240, 3242, 3311, 3021, 3481, 3455, 3262, 3371, 3069, 3418, 3391, 3134)
z_dir: 
[[ 0.02133733]
 [ 0.03516118]
 [ 0.99915385]]
[rosout][INFO] 2019-10-16 18:19:11,490: 
pdc: 
2432
electrode: 
(2998, 3462, 3436, 3249, 3373, 3102, 3146, 3241, 3242, 3311, 3021, 3481, 3455, 3261, 3372, 3069, 3419, 3392, 3135)
z_dir: 
[[ 0.02195929]
 [ 0.03417397]
 [ 0.99917462]]
[rosout][INFO] 2019-10-16 18:19:11,531: 
pdc: 
2432
electrode: 
(2999, 3462, 3436, 3249, 3372, 3102, 3146, 3240, 3243, 3311, 3021, 3481, 3456, 3262, 3372, 3070, 3418, 3391, 3135)
z_dir: 
[[ 0.02130218]
 [ 0.03516024]
 [ 0.99915463]]
[rosout][INFO] 2019-10-16 18:19:11,602: 
pdc: 
2432
electrode: 
(2999, 3462, 3437, 3250, 3373, 3103, 3146, 3241, 3243, 3310, 3021, 3481, 3455, 3262, 3371, 3069, 3419, 3391, 3135)
z_dir: 
[[ 0.02199681]
 [ 0.03384795]
 [ 0.9991849 ]]
[rosout][INFO] 2019-10-16 18:19:11,634: 
pdc: 
2432
electrode: 
(2998, 3462, 3436, 3248, 3373, 3102, 3146, 3241, 3242, 3311, 3021, 3481, 3455, 3262, 3371, 3070, 3418, 3392, 3135)
z_dir: 
[[ 0.02143045]
 [ 0.03479698]
 [ 0.9991646 ]]
[rosout][INFO] 2019-10-16 18:19:11,681: 
pdc: 
2432
electrode: 
(2999, 3462, 3436, 3249, 3373, 3103, 3146, 3241, 3242, 3311, 3021, 3481, 3455, 3262, 3372, 3069, 3418, 3392, 3134)
z_dir: 
[[ 0.02198827]
 [ 0.03385095]
 [ 0.99918498]]
[rosout][INFO] 2019-10-16 18:19:11,696: 
pdc: 
2432
electrode: 
(2999, 3462, 3437, 3249, 3373, 3103, 3146, 3240, 3242, 3311, 3020, 3481, 3454, 3262, 3371, 3070, 3419, 3392, 3135)
z_dir: 
[[ 0.02201821]
 [ 0.03380857]
 [ 0.99918576]]
[rosout][INFO] 2019-10-16 18:19:11,751: 
pdc: 
2432
electrode: 
(2999, 3462, 3437, 3249, 3374, 3103, 3146, 3241, 3243, 3312, 3021, 3481, 3455, 3262, 3372, 3069, 3418, 3392, 3134)
z_dir: 
[[ 0.02199733]
 [ 0.0338369 ]
 [ 0.99918526]]
[rosout][INFO] 2019-10-16 18:19:11,792: 
pdc: 
2432
electrode: 
(2999, 3462, 3437, 3249, 3373, 3102, 3146, 3241, 3243, 3311, 3021, 3482, 3455, 3261, 3371, 3070, 3419, 3391, 3134)
z_dir: 
[[ 0.02193564]
 [ 0.03378904]
 [ 0.99918823]]
[rosout][INFO] 2019-10-16 18:19:11,806: 
pdc: 
2433
electrode: 
(2999, 3462, 3436, 3249, 3374, 3103, 3146, 3240, 3243, 3311, 3021, 3481, 3455, 3262, 3372, 3069, 3418, 3392, 3134)
z_dir: 
[[ 0.02198864]
 [ 0.03377309]
 [ 0.99918761]]
[rosout][INFO] 2019-10-16 18:19:11,837: 
pdc: 
2432
electrode: 
(2999, 3462, 3437, 3249, 3373, 3103, 3146, 3241, 3242, 3311, 3021, 3481, 3455, 3262, 3372, 3070, 3418, 3392, 3134)
z_dir: 
[[ 0.02201262]
 [ 0.03377581]
 [ 0.99918699]]
[rosout][INFO] 2019-10-16 18:19:11,864: 
pdc: 
2432
electrode: 
(2999, 3463, 3436, 3249, 3372, 3102, 3147, 3241, 3242, 3312, 3021, 3481, 3455, 3262, 3371, 3070, 3419, 3392, 3134)
z_dir: 
[[ 0.0220137 ]
 [ 0.03383931]
 [ 0.99918482]]
[rosout][INFO] 2019-10-16 18:19:11,907: 
pdc: 
2432
electrode: 
(2999, 3462, 3437, 3248, 3373, 3103, 3146, 3240, 3242, 3311, 3021, 3480, 3454, 3262, 3372, 3069, 3418, 3392, 3134)
z_dir: 
[[ 0.02200146]
 [ 0.03384676]
 [ 0.99918483]]
[rosout][INFO] 2019-10-16 18:19:11,956: 
pdc: 
2432
electrode: 
(2999, 3463, 3437, 3249, 3373, 3102, 3146, 3241, 3243, 3311, 3021, 3481, 3455, 3262, 3372, 3069, 3418, 3392, 3134)
z_dir: 
[[ 0.02130574]
 [ 0.03484679]
 [ 0.99916554]]
[rosout][INFO] 2019-10-16 18:19:11,992: 
pdc: 
2432
electrode: 
(2999, 3462, 3437, 3249, 3373, 3103, 3147, 3240, 3243, 3311, 3021, 3481, 3455, 3262, 3372, 3070, 3418, 3391, 3134)
z_dir: 
[[ 0.02205814]
 [ 0.0337743 ]
 [ 0.99918604]]
[rosout][INFO] 2019-10-16 18:19:12,004: 
pdc: 
2432
electrode: 
(2999, 3462, 3437, 3248, 3373, 3104, 3146, 3241, 3243, 3311, 3021, 3481, 3455, 3263, 3371, 3070, 3418, 3391, 3134)
z_dir: 
[[ 0.02136018]
 [ 0.03494657]
 [ 0.99916089]]
[rosout][INFO] 2019-10-16 18:19:12,054: 
pdc: 
2432
electrode: 
(2999, 3463, 3437, 3250, 3373, 3104, 3146, 3240, 3243, 3311, 3022, 3481, 3455, 3262, 3372, 3069, 3418, 3392, 3134)
z_dir: 
[[ 0.02249379]
 [ 0.03376976]
 [ 0.99917648]]
[rosout][INFO] 2019-10-16 18:19:12,092: 
pdc: 
2432
electrode: 
(2999, 3463, 3437, 3249, 3373, 3103, 3146, 3241, 3243, 3311, 3021, 3481, 3455, 3262, 3372, 3069, 3419, 3391, 3134)
z_dir: 
[[ 0.02205072]
 [ 0.03387816]
 [ 0.99918268]]
[rosout][INFO] 2019-10-16 18:19:12,140: 
pdc: 
2432
electrode: 
(2999, 3462, 3436, 3249, 3372, 3103, 3147, 3240, 3242, 3311, 3022, 3481, 3455, 3262, 3372, 3069, 3419, 3391, 3134)
z_dir: 
[[ 0.02201303]
 [ 0.03378372]
 [ 0.99918671]]
[rosout][INFO] 2019-10-16 18:19:12,154: 
pdc: 
2432
electrode: 
(2999, 3462, 3436, 3249, 3373, 3102, 3146, 3241, 3242, 3312, 3021, 3482, 3455, 3262, 3371, 3070, 3419, 3392, 3134)
z_dir: 
[[ 0.0218908 ]
 [ 0.03413271]
 [ 0.99917754]]
[rosout][INFO] 2019-10-16 18:19:12,178: 
pdc: 
2432
electrode: 
(2999, 3462, 3436, 3249, 3373, 3103, 3146, 3241, 3242, 3311, 3022, 3481, 3455, 3262, 3371, 3069, 3419, 3392, 3135)
z_dir: 
[[ 0.02194237]
 [ 0.03381384]
 [ 0.99918725]]
[rosout][INFO] 2019-10-16 18:19:12,190: 
pdc: 
2432
electrode: 
(2999, 3462, 3436, 3249, 3373, 3103, 3146, 3240, 3243, 3312, 3021, 3481, 3455, 3262, 3372, 3070, 3418, 3392, 3134)
z_dir: 
[[ 0.0220157 ]
 [ 0.03382564]
 [ 0.99918524]]
[rosout][INFO] 2019-10-16 18:19:12,235: 
pdc: 
2432
electrode: 
(2999, 3462, 3436, 3249, 3373, 3103, 3146, 3241, 3242, 3312, 3021, 3481, 3455, 3262, 3372, 3070, 3419, 3392, 3135)
z_dir: 
[[ 0.02131299]
 [ 0.03469908]
 [ 0.99917052]]
[rosout][INFO] 2019-10-16 18:19:12,275: 
pdc: 
2432
electrode: 
(2999, 3462, 3436, 3249, 3373, 3104, 3146, 3241, 3242, 3311, 3022, 3481, 3455, 3262, 3372, 3069, 3418, 3391, 3135)
z_dir: 
[[ 0.02186534]
 [ 0.03411714]
 [ 0.99917863]]
[rosout][INFO] 2019-10-16 18:19:12,326: 
pdc: 
2432
electrode: 
(2999, 3462, 3436, 3248, 3374, 3103, 3147, 3241, 3243, 3311, 3021, 3481, 3456, 3262, 3372, 3070, 3418, 3391, 3134)
z_dir: 
[[ 0.02203713]
 [ 0.03385028]
 [ 0.99918393]]
[rosout][INFO] 2019-10-16 18:19:12,354: 
pdc: 
2433
electrode: 
(2999, 3462, 3436, 3248, 3374, 3103, 3147, 3241, 3242, 3312, 3021, 3481, 3455, 3262, 3371, 3069, 3419, 3391, 3135)
z_dir: 
[[ 0.02135865]
 [ 0.03482268]
 [ 0.99916525]]
[rospy.core][INFO] 2019-10-16 18:19:12,361: signal_shutdown [signal-2]
[rosout][INFO] 2019-10-16 18:19:12,368: 
pdc: 
2432
electrode: 
(2998, 3462, 3437, 3249, 3374, 3103, 3146, 3240, 3242, 3312, 3021, 3481, 3455, 3262, 3372, 3070, 3418, 3392, 3135)
z_dir: 
[[ 0.02191941]
 [ 0.03383892]
 [ 0.9991869 ]]
[rospy.internal][INFO] 2019-10-16 18:19:12,375: topic[/rosout] removing connection to /rosout
[rospy.internal][INFO] 2019-10-16 18:19:12,382: topic[/biotac_pub] removing connection to http://student-lasa:33843/
[rospy.internal][INFO] 2019-10-16 18:19:12,395: topic[/vrpn_client_node/normalSurface/pose] removing connection to http://student-lasa:45067/
[rospy.internal][INFO] 2019-10-16 18:19:12,412: topic[/vrpn_client_node/baseHand/pose] removing connection to http://student-lasa:45067/
[rospy.impl.masterslave][INFO] 2019-10-16 18:19:12,417: signal-2
[rospy.core][INFO] 2019-10-16 18:19:12,518: signal_shutdown [atexit]
