[rospy.client][INFO] 2019-10-16 18:23:54,008: init_node, name[/biochip_listener_15506_1571243033991], pid[15506]
[xmlrpc][INFO] 2019-10-16 18:23:54,009: XML-RPC server binding to 0.0.0.0:0
[xmlrpc][INFO] 2019-10-16 18:23:54,009: Started XML-RPC server [http://student-lasa:33609/]
[rospy.init][INFO] 2019-10-16 18:23:54,009: ROS Slave URI: [http://student-lasa:33609/]
[rospy.impl.masterslave][INFO] 2019-10-16 18:23:54,009: _ready: http://student-lasa:33609/
[xmlrpc][INFO] 2019-10-16 18:23:54,010: xml rpc node: starting XML-RPC server
[rospy.registration][INFO] 2019-10-16 18:23:54,010: Registering with master node http://localhost:11311
[rospy.init][INFO] 2019-10-16 18:23:54,109: registered with master
[rospy.rosout][INFO] 2019-10-16 18:23:54,110: initializing /rosout core topic
[rospy.rosout][INFO] 2019-10-16 18:23:54,115: connected to core topic /rosout
[rospy.simtime][INFO] 2019-10-16 18:23:54,117: /use_sim_time is not set, will not subscribe to simulated time [/clock] topic
[rospy.internal][INFO] 2019-10-16 18:23:54,176: topic[/vrpn_client_node/baseHand/pose] adding connection to [http://student-lasa:45067/], count 0
[rospy.internal][INFO] 2019-10-16 18:23:54,177: topic[/vrpn_client_node/normalSurface/pose] adding connection to [http://student-lasa:45067/], count 0
[rospy.internal][INFO] 2019-10-16 18:23:54,178: topic[/biotac_pub] adding connection to [http://student-lasa:33843/], count 0
[rosout][INFO] 2019-10-16 18:23:54,200: 
pdc: 
2432
electrode: 
(3033, 3480, 3453, 3270, 3391, 3127, 3176, 3267, 3267, 3335, 3052, 3498, 3471, 3279, 3387, 3089, 3437, 3408, 3153)
z_dir: 
[[ 0.0079574 ]
 [ 0.01940674]
 [ 0.99978   ]]
[rosout][INFO] 2019-10-16 18:23:54,210: 
pdc: 
2432
electrode: 
(3032, 3480, 3453, 3269, 3391, 3127, 3176, 3267, 3267, 3334, 3052, 3497, 3471, 3279, 3386, 3088, 3437, 3408, 3152)
z_dir: 
[[ 0.00902432]
 [ 0.01826776]
 [ 0.9997924 ]]
[rosout][INFO] 2019-10-16 18:23:54,240: 
pdc: 
2488
electrode: 
(3033, 3481, 3453, 3271, 3391, 3127, 3177, 3269, 3269, 3335, 3055, 3498, 3472, 3285, 3390, 3095, 3436, 3408, 3152)
z_dir: 
[[ 0.00937115]
 [ 0.01792741]
 [ 0.99979537]]
[rosout][INFO] 2019-10-16 18:23:54,250: 
pdc: 
2540
electrode: 
(3056, 3481, 3453, 3280, 3391, 3133, 3186, 3269, 3275, 3335, 3107, 3508, 3481, 3308, 3397, 3113, 3432, 3407, 3150)
z_dir: 
[[ 0.00930874]
 [ 0.01801821]
 [ 0.99979432]]
[rosout][INFO] 2019-10-16 18:23:54,270: 
pdc: 
2569
electrode: 
(3067, 3476, 3450, 3282, 3391, 3135, 3190, 3267, 3278, 3333, 3130, 3510, 3484, 3316, 3399, 3121, 3427, 3407, 3153)
z_dir: 
[[ 0.0083871 ]
 [ 0.01918722]
 [ 0.99978073]]
[rosout][INFO] 2019-10-16 18:23:54,290: 
pdc: 
2554
electrode: 
(3076, 3479, 3453, 3289, 3395, 3143, 3187, 3268, 3275, 3333, 3111, 3507, 3480, 3309, 3397, 3116, 3429, 3408, 3155)
z_dir: 
[[ 0.00926214]
 [ 0.01809201]
 [ 0.99979342]]
[rosout][INFO] 2019-10-16 18:23:54,310: 
pdc: 
2546
electrode: 
(3084, 3483, 3458, 3297, 3399, 3152, 3185, 3270, 3272, 3333, 3090, 3503, 3477, 3301, 3395, 3111, 3431, 3409, 3158)
z_dir: 
[[ 0.00974948]
 [ 0.01815575]
 [ 0.99978764]]
[rosout][INFO] 2019-10-16 18:23:54,330: 
pdc: 
2560
electrode: 
(3091, 3487, 3460, 3304, 3403, 3160, 3184, 3272, 3271, 3334, 3082, 3501, 3476, 3300, 3395, 3113, 3430, 3408, 3159)
z_dir: 
[[ 0.00880467]
 [ 0.0193033 ]
 [ 0.9997749 ]]
[rosout][INFO] 2019-10-16 18:23:54,350: 
pdc: 
2603
electrode: 
(3098, 3487, 3460, 3309, 3403, 3167, 3186, 3273, 3273, 3334, 3099, 3504, 3479, 3313, 3398, 3126, 3427, 3406, 3157)
z_dir: 
[[ 0.00935165]
 [ 0.0183864 ]
 [ 0.99978722]]
[rosout][INFO] 2019-10-16 18:23:54,370: 
pdc: 
2672
electrode: 
(3105, 3485, 3457, 3313, 3401, 3170, 3191, 3273, 3280, 3334, 3138, 3511, 3484, 3333, 3404, 3147, 3417, 3401, 3153)
z_dir: 
[[ 0.00901781]
 [ 0.01802865]
 [ 0.9997968 ]]
[rospy.internal][INFO] 2019-10-16 18:23:54,371: topic[/rosout] adding connection to [/rosout], count 0
[rosout][INFO] 2019-10-16 18:23:54,380: 
pdc: 
2699
electrode: 
(3107, 3481, 3455, 3314, 3400, 3173, 3195, 3272, 3282, 3332, 3159, 3513, 3486, 3341, 3406, 3158, 3410, 3397, 3151)
z_dir: 
[[ 0.00927657]
 [ 0.01748764]
 [ 0.99980404]]
[rosout][INFO] 2019-10-16 18:23:54,400: 
pdc: 
2738
electrode: 
(3104, 3476, 3449, 3312, 3397, 3172, 3198, 3269, 3285, 3328, 3188, 3516, 3489, 3355, 3410, 3173, 3400, 3392, 3147)
z_dir: 
[[ 0.00906556]
 [ 0.01791875]
 [ 0.99979835]]
[rosout][INFO] 2019-10-16 18:23:54,420: 
pdc: 
2754
electrode: 
(3105, 3471, 3446, 3312, 3393, 3172, 3200, 3268, 3286, 3327, 3201, 3518, 3490, 3360, 3411, 3178, 3392, 3388, 3145)
z_dir: 
[[ 0.00868795]
 [ 0.01816667]
 [ 0.99979723]]
[rosout][INFO] 2019-10-16 18:23:54,440: 
pdc: 
2741
electrode: 
(3113, 3472, 3447, 3314, 3394, 3173, 3201, 3269, 3287, 3327, 3195, 3516, 3488, 3356, 3410, 3172, 3395, 3390, 3144)
z_dir: 
[[ 0.00860203]
 [ 0.01830907]
 [ 0.99979537]]
[rosout][INFO] 2019-10-16 18:23:54,460: 
pdc: 
2668
electrode: 
(3110, 3475, 3450, 3312, 3395, 3169, 3198, 3270, 3284, 3330, 3170, 3516, 3487, 3344, 3407, 3156, 3411, 3399, 3151)
z_dir: 
[[ 0.0080777 ]
 [ 0.01936276]
 [ 0.99977989]]
[rosout][INFO] 2019-10-16 18:23:54,470: 
pdc: 
2617
electrode: 
(3103, 3478, 3453, 3307, 3397, 3163, 3195, 3270, 3281, 3332, 3150, 3512, 3486, 3333, 3404, 3141, 3420, 3404, 3155)
z_dir: 
[[ 0.00893346]
 [ 0.01833201]
 [ 0.99979204]]
[rosout][INFO] 2019-10-16 18:23:54,490: 
pdc: 
2497
electrode: 
(3082, 3482, 3456, 3296, 3399, 3153, 3184, 3269, 3272, 3333, 3082, 3502, 3476, 3296, 3393, 3105, 3433, 3410, 3158)
z_dir: 
[[ 0.00807652]
 [ 0.01866664]
 [ 0.99979314]]
[rosout][INFO] 2019-10-16 18:23:54,520: 
pdc: 
2434
electrode: 
(3037, 3482, 3454, 3272, 3392, 3129, 3176, 3267, 3268, 3334, 3054, 3498, 3472, 3281, 3388, 3088, 3436, 3409, 3153)
z_dir: 
[[ -8.34423566e-04]
 [  1.99046813e-02]
 [  9.99801534e-01]]
[rosout][INFO] 2019-10-16 18:23:54,540: 
pdc: 
2433
electrode: 
(3030, 3480, 3452, 3269, 3391, 3126, 3177, 3267, 3267, 3334, 3052, 3497, 3471, 3280, 3387, 3089, 3437, 3408, 3153)
z_dir: 
[[-0.00858857]
 [ 0.02459576]
 [ 0.99966058]]
[rosout][INFO] 2019-10-16 18:23:54,571: 
pdc: 
2434
electrode: 
(3030, 3480, 3452, 3269, 3391, 3126, 3175, 3266, 3267, 3335, 3052, 3497, 3472, 3280, 3387, 3089, 3436, 3408, 3153)
z_dir: 
[[-0.02121399]
 [ 0.04061485]
 [ 0.99894965]]
[rosout][INFO] 2019-10-16 18:23:54,590: 
pdc: 
2434
electrode: 
(3030, 3481, 3452, 3269, 3391, 3126, 3176, 3266, 3267, 3334, 3052, 3497, 3472, 3279, 3387, 3088, 3436, 3409, 3153)
z_dir: 
[[-0.02061217]
 [ 0.04222013]
 [ 0.99889569]]
[rosout][INFO] 2019-10-16 18:23:54,601: 
pdc: 
2434
electrode: 
(3029, 3480, 3452, 3268, 3392, 3126, 3175, 3266, 3267, 3335, 3051, 3497, 3471, 3279, 3387, 3089, 3436, 3408, 3153)
z_dir: 
[[-0.01272566]
 [ 0.04309848]
 [ 0.99898978]]
[rosout][INFO] 2019-10-16 18:23:54,620: 
pdc: 
2435
electrode: 
(3030, 3480, 3452, 3268, 3390, 3126, 3176, 3267, 3267, 3334, 3051, 3497, 3471, 3279, 3387, 3088, 3437, 3408, 3153)
z_dir: 
[[-0.02055087]
 [ 0.03520666]
 [ 0.99916873]]
[rosout][INFO] 2019-10-16 18:23:54,640: 
pdc: 
2435
electrode: 
(3029, 3481, 3452, 3268, 3390, 3125, 3175, 3266, 3267, 3335, 3052, 3497, 3472, 3279, 3387, 3088, 3437, 3409, 3154)
z_dir: 
[[-0.01570784]
 [ 0.03299154]
 [ 0.99933219]]
[rosout][INFO] 2019-10-16 18:23:54,650: 
pdc: 
2435
electrode: 
(3029, 3481, 3452, 3269, 3391, 3125, 3176, 3267, 3267, 3334, 3051, 3497, 3471, 3279, 3387, 3088, 3437, 3409, 3153)
z_dir: 
[[-0.00812037]
 [ 0.0482019 ]
 [ 0.9988046 ]]
[rosout][INFO] 2019-10-16 18:23:54,671: 
pdc: 
2435
electrode: 
(3029, 3481, 3452, 3268, 3390, 3125, 3176, 3266, 3268, 3334, 3051, 3497, 3472, 3279, 3387, 3088, 3437, 3408, 3153)
z_dir: 
[[ 0.01760683]
 [ 0.03122014]
 [ 0.99935744]]
[rosout][INFO] 2019-10-16 18:23:54,691: 
pdc: 
2435
electrode: 
(3029, 3479, 3452, 3268, 3391, 3125, 3175, 3266, 3267, 3335, 3052, 3497, 3471, 3279, 3387, 3088, 3437, 3409, 3153)
z_dir: 
[[ 0.04920129]
 [ 0.03496767]
 [ 0.99817659]]
[rosout][INFO] 2019-10-16 18:23:54,711: 
pdc: 
2435
electrode: 
(3029, 3480, 3452, 3269, 3390, 3125, 3176, 3266, 3267, 3335, 3052, 3497, 3472, 3279, 3387, 3087, 3436, 3408, 3153)
z_dir: 
[[-0.06151329]
 [ 0.03307987]
 [ 0.99755794]]
[rosout][INFO] 2019-10-16 18:23:54,741: 
pdc: 
2435
electrode: 
(3029, 3480, 3452, 3269, 3391, 3125, 3176, 3266, 3267, 3334, 3051, 3498, 3471, 3278, 3387, 3088, 3436, 3409, 3153)
z_dir: 
[[-0.09953179]
 [ 0.07133691]
 [ 0.99247391]]
[rosout][INFO] 2019-10-16 18:23:54,761: 
pdc: 
2435
electrode: 
(3029, 3481, 3452, 3268, 3391, 3125, 3175, 3266, 3267, 3334, 3051, 3497, 3471, 3279, 3387, 3087, 3437, 3408, 3153)
z_dir: 
[[-0.02921223]
 [ 0.00470832]
 [ 0.99956214]]
[rosout][INFO] 2019-10-16 18:23:54,781: 
pdc: 
2435
electrode: 
(3029, 3480, 3452, 3267, 3390, 3125, 3176, 3267, 3267, 3335, 3051, 3497, 3472, 3279, 3386, 3088, 3436, 3408, 3153)
z_dir: 
[[-0.77210381]
 [ 0.02942214]
 [ 0.63481497]]
[rosout][INFO] 2019-10-16 18:23:54,791: 
pdc: 
2436
electrode: 
(3028, 3480, 3452, 3268, 3391, 3125, 3175, 3266, 3267, 3335, 3051, 3498, 3472, 3278, 3386, 3088, 3436, 3409, 3154)
z_dir: 
[[-0.3282461 ]
 [ 0.02512474]
 [ 0.94425804]]
[rosout][INFO] 2019-10-16 18:23:54,811: 
pdc: 
2436
electrode: 
(3028, 3480, 3453, 3268, 3390, 3125, 3176, 3266, 3267, 3334, 3050, 3497, 3472, 3278, 3387, 3088, 3436, 3409, 3153)
z_dir: 
[[-0.05353494]
 [ 0.02987118]
 [ 0.99811909]]
[rosout][INFO] 2019-10-16 18:23:54,841: 
pdc: 
2436
electrode: 
(3029, 3479, 3452, 3268, 3391, 3125, 3176, 3267, 3268, 3334, 3051, 3497, 3471, 3279, 3387, 3087, 3436, 3409, 3153)
z_dir: 
[[-0.06929821]
 [ 0.02743602]
 [ 0.99721864]]
[rosout][INFO] 2019-10-16 18:23:54,851: 
pdc: 
2436
electrode: 
(3028, 3480, 3452, 3268, 3390, 3125, 3175, 3267, 3267, 3335, 3051, 3497, 3471, 3279, 3387, 3088, 3437, 3408, 3154)
z_dir: 
[[-0.07880908]
 [ 0.02655793]
 [ 0.9965359 ]]
[rosout][INFO] 2019-10-16 18:23:54,871: 
pdc: 
2436
electrode: 
(3028, 3480, 3453, 3267, 3391, 3125, 3175, 3267, 3267, 3334, 3051, 3496, 3471, 3278, 3387, 3088, 3436, 3408, 3154)
z_dir: 
[[-0.06054247]
 [ 0.01444688]
 [ 0.99806107]]
[rosout][INFO] 2019-10-16 18:23:54,881: 
pdc: 
2435
electrode: 
(3029, 3480, 3453, 3268, 3390, 3125, 3175, 3266, 3267, 3334, 3051, 3498, 3472, 3279, 3387, 3088, 3436, 3408, 3153)
z_dir: 
[[-0.11109794]
 [ 0.04466379]
 [ 0.99280531]]
[rosout][INFO] 2019-10-16 18:23:54,901: 
pdc: 
2435
electrode: 
(3029, 3480, 3452, 3268, 3391, 3125, 3176, 3266, 3267, 3335, 3051, 3497, 3471, 3278, 3386, 3088, 3437, 3408, 3153)
z_dir: 
[[-0.14508831]
 [ 0.04770887]
 [ 0.9882678 ]]
[rosout][INFO] 2019-10-16 18:23:54,911: 
pdc: 
2436
electrode: 
(3028, 3480, 3452, 3268, 3390, 3125, 3175, 3267, 3267, 3335, 3051, 3497, 3471, 3279, 3386, 3087, 3436, 3408, 3153)
z_dir: 
[[-0.15697867]
 [ 0.05535984]
 [ 0.98604918]]
[rosout][INFO] 2019-10-16 18:23:54,931: 
pdc: 
2435
electrode: 
(3029, 3481, 3452, 3268, 3390, 3125, 3176, 3266, 3267, 3334, 3051, 3497, 3472, 3278, 3387, 3087, 3436, 3408, 3153)
z_dir: 
[[-0.16023398]
 [ 0.05094342]
 [ 0.98576358]]
[rosout][INFO] 2019-10-16 18:23:54,941: 
pdc: 
2436
electrode: 
(3029, 3480, 3452, 3268, 3390, 3125, 3175, 3266, 3267, 3335, 3050, 3497, 3470, 3280, 3386, 3088, 3436, 3408, 3153)
z_dir: 
[[-0.1668437 ]
 [ 0.04855815]
 [ 0.98478692]]
[rosout][INFO] 2019-10-16 18:23:54,961: 
pdc: 
2436
electrode: 
(3028, 3480, 3452, 3268, 3391, 3125, 3176, 3267, 3268, 3334, 3051, 3496, 3472, 3278, 3387, 3087, 3436, 3408, 3153)
z_dir: 
[[-0.17209105]
 [ 0.04914341]
 [ 0.98385446]]
[rosout][INFO] 2019-10-16 18:23:54,991: 
pdc: 
2435
electrode: 
(3029, 3480, 3452, 3268, 3391, 3125, 3176, 3267, 3267, 3335, 3051, 3497, 3472, 3278, 3387, 3088, 3437, 3408, 3154)
z_dir: 
[[-0.18386413]
 [ 0.04594455]
 [ 0.98187732]]
[rosout][INFO] 2019-10-16 18:23:55,002: 
pdc: 
2436
electrode: 
(3029, 3479, 3452, 3269, 3391, 3125, 3176, 3266, 3266, 3334, 3051, 3497, 3471, 3278, 3387, 3088, 3437, 3408, 3153)
z_dir: 
[[-0.18548385]
 [ 0.04149542]
 [ 0.98177078]]
[rosout][INFO] 2019-10-16 18:23:55,021: 
pdc: 
2436
electrode: 
(3028, 3480, 3452, 3268, 3390, 3124, 3175, 3266, 3267, 3334, 3051, 3497, 3471, 3278, 3387, 3088, 3435, 3408, 3153)
z_dir: 
[[-0.18885814]
 [ 0.03917778]
 [ 0.98122256]]
[rosout][INFO] 2019-10-16 18:23:55,051: 
pdc: 
2436
electrode: 
(3028, 3480, 3452, 3268, 3391, 3125, 3176, 3267, 3267, 3335, 3050, 3497, 3471, 3279, 3387, 3087, 3437, 3409, 3153)
z_dir: 
[[-0.19241999]
 [ 0.03802874]
 [ 0.98057553]]
[rosout][INFO] 2019-10-16 18:23:55,061: 
pdc: 
2436
electrode: 
(3029, 3480, 3452, 3268, 3390, 3125, 3175, 3266, 3267, 3334, 3051, 3497, 3471, 3279, 3387, 3088, 3437, 3408, 3153)
z_dir: 
[[-0.1978325 ]
 [ 0.03233089]
 [ 0.97970251]]
[rosout][INFO] 2019-10-16 18:23:55,081: 
pdc: 
2436
electrode: 
(3028, 3480, 3453, 3268, 3390, 3125, 3176, 3266, 3267, 3334, 3050, 3497, 3471, 3279, 3387, 3088, 3436, 3408, 3153)
z_dir: 
[[-0.18778366]
 [ 0.02884544]
 [ 0.98178676]]
[rosout][INFO] 2019-10-16 18:23:55,112: 
pdc: 
2436
electrode: 
(3028, 3480, 3452, 3268, 3391, 3125, 3175, 3266, 3267, 3334, 3051, 3497, 3472, 3279, 3387, 3087, 3437, 3408, 3153)
z_dir: 
[[-0.16415606]
 [ 0.02794095]
 [ 0.98603859]]
[rosout][INFO] 2019-10-16 18:23:55,131: 
pdc: 
2436
electrode: 
(3028, 3480, 3452, 3269, 3390, 3124, 3175, 3267, 3267, 3334, 3050, 3497, 3471, 3279, 3387, 3088, 3437, 3408, 3153)
z_dir: 
[[-0.14905576]
 [ 0.02052958]
 [ 0.98861566]]
[rosout][INFO] 2019-10-16 18:23:55,161: 
pdc: 
2436
electrode: 
(3028, 3480, 3453, 3268, 3391, 3125, 3175, 3266, 3267, 3335, 3050, 3497, 3470, 3279, 3386, 3087, 3436, 3408, 3153)
z_dir: 
[[-0.12350469]
 [ 0.00806778]
 [ 0.99231119]]
[rosout][INFO] 2019-10-16 18:23:55,182: 
pdc: 
2436
electrode: 
(3028, 3480, 3452, 3268, 3391, 3125, 3175, 3267, 3268, 3334, 3051, 3497, 3471, 3279, 3387, 3087, 3436, 3408, 3153)
z_dir: 
[[-0.11356934]
 [-0.00541881]
 [ 0.99351529]]
[rosout][INFO] 2019-10-16 18:23:55,211: 
pdc: 
2436
electrode: 
(3029, 3480, 3453, 3268, 3390, 3125, 3175, 3267, 3267, 3334, 3050, 3497, 3471, 3279, 3386, 3088, 3437, 3408, 3153)
z_dir: 
[[-0.10809053]
 [ 0.02592717]
 [ 0.99380291]]
[rosout][INFO] 2019-10-16 18:23:55,241: 
pdc: 
2436
electrode: 
(3028, 3480, 3452, 3268, 3391, 3125, 3176, 3267, 3267, 3334, 3051, 3497, 3472, 3279, 3387, 3087, 3437, 3408, 3153)
z_dir: 
[[-0.07134702]
 [ 0.01167831]
 [ 0.99738319]]
[rosout][INFO] 2019-10-16 18:23:55,271: 
pdc: 
2436
electrode: 
(3029, 3480, 3452, 3268, 3390, 3124, 3175, 3266, 3267, 3334, 3051, 3497, 3471, 3279, 3387, 3087, 3436, 3408, 3153)
z_dir: 
[[-0.01771568]
 [ 0.01717541]
 [ 0.99969553]]
[rosout][INFO] 2019-10-16 18:23:55,302: 
pdc: 
2436
electrode: 
(3028, 3480, 3452, 3268, 3390, 3125, 3175, 3266, 3267, 3334, 3050, 3497, 3471, 3279, 3386, 3088, 3436, 3408, 3153)
z_dir: 
[[ 0.01625057]
 [ 0.02865118]
 [ 0.99945737]]
[rosout][INFO] 2019-10-16 18:23:55,321: 
pdc: 
2436
electrode: 
(3028, 3480, 3452, 3268, 3391, 3125, 3175, 3266, 3267, 3334, 3051, 3497, 3471, 3279, 3387, 3087, 3437, 3409, 3153)
z_dir: 
[[ 0.04991295]
 [ 0.04991677]
 [ 0.9975054 ]]
[rosout][INFO] 2019-10-16 18:23:55,332: 
pdc: 
2436
electrode: 
(3028, 3480, 3452, 3268, 3390, 3124, 3175, 3266, 3267, 3335, 3051, 3497, 3470, 3279, 3387, 3088, 3436, 3408, 3153)
z_dir: 
[[ 0.06099141]
 [ 0.05707504]
 [ 0.99650514]]
[rosout][INFO] 2019-10-16 18:23:55,352: 
pdc: 
2436
electrode: 
(3028, 3480, 3452, 3268, 3390, 3124, 3175, 3266, 3268, 3334, 3051, 3497, 3471, 3279, 3387, 3087, 3437, 3409, 3153)
z_dir: 
[[ 0.08498834]
 [ 0.06783301]
 [ 0.99407025]]
[rosout][INFO] 2019-10-16 18:23:55,382: 
pdc: 
2436
electrode: 
(3028, 3480, 3452, 3268, 3390, 3125, 3175, 3266, 3266, 3334, 3051, 3497, 3471, 3279, 3387, 3087, 3436, 3408, 3153)
z_dir: 
[[ 0.12790851]
 [ 0.0861434 ]
 [ 0.98803782]]
[rosout][INFO] 2019-10-16 18:23:55,403: 
pdc: 
2436
electrode: 
(3029, 3480, 3452, 3268, 3391, 3124, 3176, 3266, 3267, 3334, 3051, 3497, 3472, 3279, 3387, 3087, 3436, 3408, 3152)
z_dir: 
[[ 0.15587306]
 [ 0.10802352]
 [ 0.98185259]]
[rosout][INFO] 2019-10-16 18:23:55,411: 
pdc: 
2436
electrode: 
(3029, 3480, 3452, 3268, 3390, 3125, 3175, 3266, 3267, 3334, 3050, 3497, 3472, 3278, 3387, 3088, 3436, 3408, 3153)
z_dir: 
[[ 0.16204905]
 [ 0.1176933 ]
 [ 0.97973894]]
[rosout][INFO] 2019-10-16 18:23:55,432: 
pdc: 
2436
electrode: 
(3028, 3480, 3452, 3268, 3391, 3124, 3175, 3267, 3267, 3334, 3051, 3497, 3471, 3279, 3387, 3088, 3437, 3408, 3153)
z_dir: 
[[ 0.16756965]
 [ 0.14621288]
 [ 0.97495754]]
[rosout][INFO] 2019-10-16 18:23:55,453: 
pdc: 
2436
electrode: 
(3029, 3480, 3452, 3268, 3390, 3125, 3176, 3266, 3267, 3334, 3050, 3497, 3471, 3279, 3386, 3088, 3437, 3408, 3153)
z_dir: 
[[ 0.18152813]
 [ 0.18767554]
 [ 0.96531105]]
[rosout][INFO] 2019-10-16 18:23:55,481: 
pdc: 
2436
electrode: 
(3028, 3480, 3452, 3269, 3390, 3125, 3175, 3267, 3267, 3334, 3050, 3497, 3471, 3278, 3387, 3087, 3437, 3408, 3152)
z_dir: 
[[ 0.19277547]
 [ 0.22614712]
 [ 0.95482726]]
[rosout][INFO] 2019-10-16 18:23:55,503: 
pdc: 
2436
electrode: 
(3028, 3480, 3452, 3268, 3390, 3125, 3175, 3267, 3267, 3334, 3051, 3497, 3471, 3279, 3387, 3088, 3437, 3409, 3154)
z_dir: 
[[ 0.19654326]
 [ 0.24980858]
 [ 0.9481384 ]]
[rosout][INFO] 2019-10-16 18:23:55,511: 
pdc: 
2436
electrode: 
(3028, 3481, 3452, 3268, 3391, 3125, 3175, 3267, 3267, 3334, 3051, 3497, 3471, 3279, 3387, 3087, 3436, 3409, 3153)
z_dir: 
[[ 0.19868426]
 [ 0.26660379]
 [ 0.94310497]]
[rosout][INFO] 2019-10-16 18:23:55,532: 
pdc: 
2436
electrode: 
(3028, 3480, 3452, 3268, 3391, 3125, 3175, 3267, 3267, 3334, 3051, 3497, 3471, 3279, 3386, 3087, 3437, 3408, 3153)
z_dir: 
[[ 0.19638043]
 [ 0.27222795]
 [ 0.94198019]]
[rosout][INFO] 2019-10-16 18:23:55,563: 
pdc: 
2436
electrode: 
(3029, 3481, 3452, 3268, 3390, 3125, 3175, 3266, 3267, 3335, 3051, 3497, 3471, 3278, 3387, 3088, 3436, 3408, 3153)
z_dir: 
[[ 0.18900652]
 [ 0.28220192]
 [ 0.94055229]]
[rosout][INFO] 2019-10-16 18:23:55,643: 
pdc: 
2436
electrode: 
(3028, 3480, 3453, 3268, 3390, 3124, 3176, 3266, 3267, 3334, 3050, 3497, 3471, 3278, 3387, 3087, 3436, 3408, 3153)
z_dir: 
[[-0.08480867]
 [ 0.05209976]
 [ 0.99503422]]
[rosout][INFO] 2019-10-16 18:23:55,662: 
pdc: 
2436
electrode: 
(3029, 3480, 3452, 3268, 3390, 3124, 3175, 3267, 3267, 3335, 3051, 3497, 3471, 3278, 3387, 3087, 3437, 3408, 3153)
z_dir: 
[[-0.08489963]
 [ 0.05227151]
 [ 0.99501746]]
[rosout][INFO] 2019-10-16 18:23:55,682: 
pdc: 
2436
electrode: 
(3028, 3480, 3452, 3268, 3391, 3124, 3175, 3267, 3267, 3335, 3050, 3496, 3471, 3279, 3387, 3087, 3437, 3408, 3153)
z_dir: 
[[-0.08485806]
 [ 0.05208423]
 [ 0.99503082]]
[rosout][INFO] 2019-10-16 18:23:55,713: 
pdc: 
2436
electrode: 
(3029, 3480, 3452, 3267, 3391, 3125, 3175, 3267, 3267, 3334, 3051, 3498, 3471, 3279, 3387, 3087, 3437, 3408, 3153)
z_dir: 
[[ -3.44387419e-03]
 [  7.56996094e-04]
 [  9.99993783e-01]]
[rosout][INFO] 2019-10-16 18:23:55,754: 
pdc: 
2436
electrode: 
(3029, 3480, 3452, 3268, 3390, 3125, 3175, 3267, 3267, 3334, 3050, 3497, 3472, 3279, 3387, 3087, 3437, 3408, 3153)
z_dir: 
[[-0.08965044]
 [ 0.05441304]
 [ 0.99448581]]
[rosout][INFO] 2019-10-16 18:23:55,782: 
pdc: 
2435
electrode: 
(3028, 3481, 3452, 3268, 3390, 3125, 3175, 3266, 3267, 3335, 3051, 3496, 3471, 3278, 3386, 3087, 3436, 3408, 3153)
z_dir: 
[[-0.08438538]
 [ 0.05131986]
 [ 0.99511074]]
[rosout][INFO] 2019-10-16 18:23:55,814: 
pdc: 
2436
electrode: 
(3029, 3481, 3452, 3267, 3390, 3124, 3175, 3266, 3267, 3334, 3050, 3497, 3471, 3278, 3387, 3087, 3437, 3408, 3153)
z_dir: 
[[-0.08424173]
 [ 0.05104348]
 [ 0.99513712]]
[rosout][INFO] 2019-10-16 18:23:55,833: 
pdc: 
2436
electrode: 
(3028, 3480, 3452, 3268, 3390, 3125, 3175, 3266, 3266, 3335, 3051, 3497, 3471, 3279, 3386, 3088, 3436, 3408, 3153)
z_dir: 
[[-0.0846641 ]
 [ 0.05212909]
 [ 0.995045  ]]
[rosout][INFO] 2019-10-16 18:23:55,843: 
pdc: 
2436
electrode: 
(3028, 3479, 3452, 3268, 3390, 3124, 3175, 3266, 3267, 3335, 3050, 3497, 3470, 3279, 3387, 3087, 3436, 3408, 3153)
z_dir: 
[[-0.00449128]
 [ 0.00318888]
 [ 0.99998483]]
[rosout][INFO] 2019-10-16 18:23:55,866: 
pdc: 
2436
electrode: 
(3028, 3480, 3452, 3267, 3390, 3125, 3176, 3266, 3266, 3335, 3050, 3497, 3471, 3279, 3387, 3087, 3437, 3408, 3153)
z_dir: 
[[-0.08492711]
 [ 0.05213513]
 [ 0.99502227]]
[rosout][INFO] 2019-10-16 18:23:55,893: 
pdc: 
2436
electrode: 
(3029, 3480, 3452, 3269, 3390, 3125, 3176, 3266, 3267, 3335, 3050, 3496, 3471, 3278, 3387, 3088, 3436, 3408, 3154)
z_dir: 
[[-0.08409888]
 [ 0.05133882]
 [ 0.99513401]]
[rosout][INFO] 2019-10-16 18:23:55,915: 
pdc: 
2436
electrode: 
(3029, 3480, 3452, 3268, 3390, 3124, 3176, 3266, 3267, 3335, 3050, 3497, 3470, 3278, 3386, 3087, 3437, 3409, 3153)
z_dir: 
[[-0.08938555]
 [ 0.0542402 ]
 [ 0.99451909]]
[rosout][INFO] 2019-10-16 18:23:55,943: 
pdc: 
2436
electrode: 
(3028, 3480, 3453, 3268, 3390, 3125, 3175, 3266, 3267, 3335, 3051, 3497, 3472, 3279, 3386, 3087, 3437, 3408, 3153)
z_dir: 
[[-0.08502906]
 [ 0.05249176]
 [ 0.99499481]]
[rosout][INFO] 2019-10-16 18:23:55,966: 
pdc: 
2436
electrode: 
(3028, 3481, 3452, 3268, 3390, 3125, 3175, 3266, 3267, 3334, 3051, 3497, 3470, 3279, 3387, 3088, 3436, 3409, 3153)
z_dir: 
[[-0.00351553]
 [ 0.00204321]
 [ 0.99999173]]
[rosout][INFO] 2019-10-16 18:23:55,993: 
pdc: 
2436
electrode: 
(3028, 3479, 3452, 3268, 3390, 3125, 3175, 3266, 3267, 3335, 3050, 3497, 3471, 3280, 3387, 3088, 3436, 3408, 3153)
z_dir: 
[[-0.0040165 ]
 [ 0.00317692]
 [ 0.99998689]]
[rosout][INFO] 2019-10-16 18:23:56,023: 
pdc: 
2436
electrode: 
(3028, 3480, 3452, 3268, 3390, 3125, 3175, 3266, 3267, 3334, 3050, 3497, 3471, 3279, 3387, 3087, 3436, 3408, 3154)
z_dir: 
[[-0.08479169]
 [ 0.05237998]
 [ 0.99502096]]
[rosout][INFO] 2019-10-16 18:23:56,033: 
pdc: 
2436
electrode: 
(3028, 3479, 3452, 3268, 3391, 3125, 3175, 3266, 3267, 3334, 3050, 3497, 3471, 3279, 3387, 3088, 3436, 3408, 3153)
z_dir: 
[[-0.08538903]
 [ 0.05239183]
 [ 0.99496925]]
[rosout][INFO] 2019-10-16 18:23:56,055: 
pdc: 
2436
electrode: 
(3029, 3480, 3453, 3268, 3390, 3125, 3175, 3266, 3267, 3334, 3050, 3497, 3471, 3279, 3387, 3087, 3437, 3408, 3153)
z_dir: 
[[-0.00311924]
 [ 0.00199215]
 [ 0.99999315]]
[rosout][INFO] 2019-10-16 18:23:56,066: 
pdc: 
2436
electrode: 
(3028, 3480, 3452, 3268, 3390, 3124, 3175, 3267, 3267, 3334, 3050, 3497, 3471, 3278, 3387, 3087, 3437, 3408, 3153)
z_dir: 
[[-0.08413543]
 [ 0.05117681]
 [ 0.99513927]]
[rosout][INFO] 2019-10-16 18:23:56,083: 
pdc: 
2436
electrode: 
(3028, 3479, 3452, 3268, 3390, 3125, 3175, 3266, 3268, 3334, 3050, 3498, 3471, 3279, 3387, 3087, 3437, 3409, 3153)
z_dir: 
[[-0.08517363]
 [ 0.05204577]
 [ 0.99500587]]
[rosout][INFO] 2019-10-16 18:23:56,116: 
pdc: 
2436
electrode: 
(3028, 3480, 3453, 3268, 3391, 3125, 3175, 3267, 3267, 3335, 3051, 3497, 3471, 3279, 3386, 3088, 3437, 3408, 3153)
z_dir: 
[[-0.08481909]
 [ 0.05220627]
 [ 0.99502775]]
[rosout][INFO] 2019-10-16 18:23:56,143: 
pdc: 
2436
electrode: 
(3028, 3479, 3452, 3268, 3390, 3124, 3175, 3266, 3267, 3335, 3050, 3497, 3472, 3278, 3387, 3087, 3437, 3408, 3154)
z_dir: 
[[-0.08514806]
 [ 0.05225307]
 [ 0.9949972 ]]
[rosout][INFO] 2019-10-16 18:23:56,167: 
pdc: 
2436
electrode: 
(3028, 3480, 3452, 3268, 3390, 3124, 3175, 3267, 3266, 3334, 3050, 3496, 3471, 3279, 3386, 3087, 3437, 3408, 3153)
z_dir: 
[[-0.08414608]
 [ 0.05114649]
 [ 0.99513993]]
[rosout][INFO] 2019-10-16 18:23:56,175: 
pdc: 
2436
electrode: 
(3028, 3480, 3453, 3267, 3390, 3124, 3175, 3267, 3267, 3335, 3050, 3498, 3472, 3279, 3387, 3088, 3437, 3408, 3153)
z_dir: 
[[-0.00446197]
 [ 0.00302061]
 [ 0.99998548]]
[rosout][INFO] 2019-10-16 18:23:56,204: 
pdc: 
2436
electrode: 
(3028, 3480, 3452, 3269, 3390, 3124, 3175, 3267, 3267, 3334, 3050, 3497, 3471, 3279, 3386, 3088, 3437, 3408, 3153)
z_dir: 
[[-0.08435999]
 [ 0.05139054]
 [ 0.99510924]]
[rosout][INFO] 2019-10-16 18:23:56,234: 
pdc: 
2436
electrode: 
(3028, 3480, 3452, 3268, 3391, 3124, 3175, 3266, 3267, 3334, 3050, 3497, 3472, 3279, 3386, 3087, 3436, 3408, 3153)
z_dir: 
[[-0.0846202 ]
 [ 0.05127459]
 [ 0.99509313]]
[rospy.core][INFO] 2019-10-16 18:23:56,292: signal_shutdown [signal-2]
[rospy.internal][INFO] 2019-10-16 18:23:56,297: topic[/rosout] removing connection to /rosout
[rospy.internal][INFO] 2019-10-16 18:23:56,297: topic[/biotac_pub] removing connection to http://student-lasa:33843/
[rospy.internal][INFO] 2019-10-16 18:23:56,303: topic[/vrpn_client_node/normalSurface/pose] removing connection to http://student-lasa:45067/
[rospy.internal][WARNING] 2019-10-16 18:23:56,303: Unknown error initiating TCP/IP socket to student-lasa:54309 (http://student-lasa:33843/): Traceback (most recent call last):
  File "/opt/ros/kinetic/lib/python2.7/dist-packages/rospy/impl/tcpros_base.py", line 558, in connect
    self.local_endpoint = self.socket.getsockname()
AttributeError: 'NoneType' object has no attribute 'getsockname'

[rospy.internal][INFO] 2019-10-16 18:23:56,303: topic[/vrpn_client_node/baseHand/pose] removing connection to http://student-lasa:45067/
[rospy.impl.masterslave][INFO] 2019-10-16 18:23:56,304: signal-2
[rospy.internal][WARNING] 2019-10-16 18:23:56,304: Unknown error initiating TCP/IP socket to student-lasa:45895 (http://student-lasa:45067/): Traceback (most recent call last):
  File "/opt/ros/kinetic/lib/python2.7/dist-packages/rospy/impl/tcpros_base.py", line 558, in connect
    self.local_endpoint = self.socket.getsockname()
AttributeError: 'NoneType' object has no attribute 'getsockname'

[rospy.core][INFO] 2019-10-16 18:23:56,405: signal_shutdown [atexit]
