[rospy.client][INFO] 2019-10-16 18:25:41,509: init_node, name[/biochip_listener_15763_1571243141492], pid[15763]
[xmlrpc][INFO] 2019-10-16 18:25:41,509: XML-RPC server binding to 0.0.0.0:0
[xmlrpc][INFO] 2019-10-16 18:25:41,509: Started XML-RPC server [http://student-lasa:44405/]
[rospy.init][INFO] 2019-10-16 18:25:41,509: ROS Slave URI: [http://student-lasa:44405/]
[rospy.impl.masterslave][INFO] 2019-10-16 18:25:41,510: _ready: http://student-lasa:44405/
[rospy.registration][INFO] 2019-10-16 18:25:41,510: Registering with master node http://localhost:11311
[xmlrpc][INFO] 2019-10-16 18:25:41,510: xml rpc node: starting XML-RPC server
[rospy.init][INFO] 2019-10-16 18:25:41,610: registered with master
[rospy.rosout][INFO] 2019-10-16 18:25:41,610: initializing /rosout core topic
[rospy.rosout][INFO] 2019-10-16 18:25:41,615: connected to core topic /rosout
[rospy.simtime][INFO] 2019-10-16 18:25:41,617: /use_sim_time is not set, will not subscribe to simulated time [/clock] topic
[rospy.internal][INFO] 2019-10-16 18:25:41,678: topic[/vrpn_client_node/baseHand/pose] adding connection to [http://student-lasa:45067/], count 0
[rospy.internal][INFO] 2019-10-16 18:25:41,680: topic[/vrpn_client_node/normalSurface/pose] adding connection to [http://student-lasa:45067/], count 0
[rospy.internal][INFO] 2019-10-16 18:25:41,681: topic[/biotac_pub] adding connection to [http://student-lasa:33843/], count 0
[rospy.internal][INFO] 2019-10-16 18:25:41,859: topic[/rosout] adding connection to [/rosout], count 0
[rosout][INFO] 2019-10-16 18:25:41,928: 
pdc: 
2436
electrode: 
(3028, 3482, 3455, 3269, 3391, 3124, 3174, 3266, 3268, 3335, 3055, 3500, 3475, 3285, 3390, 3093, 3440, 3410, 3155)
z_dir: 
[[ 0.01951229]
 [ 0.01121569]
 [ 0.99974671]]
[rosout][INFO] 2019-10-16 18:25:42,250: 
pdc: 
2436
electrode: 
(3028, 3482, 3454, 3270, 3391, 3124, 3173, 3266, 3268, 3335, 3055, 3500, 3475, 3284, 3390, 3093, 3439, 3411, 3155)
z_dir: 
[[ 0.0204442 ]
 [ 0.01032581]
 [ 0.99973767]]
[rosout][INFO] 2019-10-16 18:25:42,330: 
pdc: 
2437
electrode: 
(3028, 3482, 3455, 3270, 3390, 3125, 3174, 3266, 3268, 3335, 3055, 3500, 3475, 3284, 3390, 3093, 3439, 3411, 3155)
z_dir: 
[[ 0.01948059]
 [ 0.01115012]
 [ 0.99974806]]
[rosout][INFO] 2019-10-16 18:25:42,360: 
pdc: 
2437
electrode: 
(3028, 3481, 3454, 3269, 3391, 3124, 3174, 3265, 3268, 3335, 3055, 3501, 3474, 3285, 3390, 3093, 3440, 3411, 3154)
z_dir: 
[[ 0.02017883]
 [ 0.01023492]
 [ 0.999744  ]]
[rosout][INFO] 2019-10-16 18:25:42,391: 
pdc: 
2437
electrode: 
(3028, 3481, 3455, 3269, 3390, 3125, 3174, 3266, 3267, 3335, 3055, 3500, 3475, 3284, 3390, 3093, 3440, 3411, 3155)
z_dir: 
[[ 0.02013437]
 [ 0.01026498]
 [ 0.99974459]]
[rosout][INFO] 2019-10-16 18:25:42,592: 
pdc: 
2437
electrode: 
(3029, 3482, 3454, 3269, 3390, 3125, 3174, 3265, 3268, 3334, 3054, 3500, 3474, 3284, 3390, 3093, 3439, 3410, 3155)
z_dir: 
[[ 0.02021213]
 [ 0.01026315]
 [ 0.99974304]]
[rosout][INFO] 2019-10-16 18:25:42,763: 
pdc: 
2437
electrode: 
(3028, 3481, 3454, 3269, 3391, 3124, 3174, 3265, 3268, 3336, 3055, 3500, 3475, 3284, 3390, 3094, 3440, 3411, 3155)
z_dir: 
[[ 0.0201171 ]
 [ 0.01013265]
 [ 0.99974628]]
[rosout][INFO] 2019-10-16 18:25:42,893: 
pdc: 
2437
electrode: 
(3027, 3482, 3454, 3270, 3391, 3125, 3174, 3266, 3268, 3334, 3054, 3500, 3475, 3285, 3390, 3093, 3439, 3411, 3155)
z_dir: 
[[ 0.02004971]
 [ 0.01021421]
 [ 0.99974681]]
[rosout][INFO] 2019-10-16 18:25:43,145: 
pdc: 
2437
electrode: 
(3028, 3482, 3454, 3270, 3391, 3125, 3174, 3266, 3267, 3334, 3055, 3500, 3475, 3285, 3391, 3093, 3440, 3410, 3155)
z_dir: 
[[ 0.02017477]
 [ 0.01018556]
 [ 0.99974458]]
[rosout][INFO] 2019-10-16 18:25:43,244: 
pdc: 
2437
electrode: 
(3028, 3481, 3454, 3270, 3390, 3125, 3174, 3266, 3268, 3334, 3054, 3500, 3476, 3284, 3390, 3093, 3439, 3411, 3154)
z_dir: 
[[ 0.02033147]
 [ 0.0101585 ]
 [ 0.99974168]]
[rosout][INFO] 2019-10-16 18:25:43,353: 
pdc: 
2437
electrode: 
(3029, 3482, 3455, 3270, 3390, 3125, 3174, 3266, 3268, 3334, 3055, 3500, 3475, 3284, 3390, 3093, 3439, 3410, 3155)
z_dir: 
[[ 0.020122  ]
 [ 0.01022326]
 [ 0.99974526]]
[rosout][INFO] 2019-10-16 18:25:43,740: 
pdc: 
2437
electrode: 
(3028, 3482, 3455, 3270, 3391, 3124, 3174, 3266, 3269, 3334, 3054, 3501, 3475, 3285, 3390, 3093, 3440, 3411, 3155)
z_dir: 
[[ 0.020144  ]
 [ 0.01023135]
 [ 0.99974474]]
[rosout][INFO] 2019-10-16 18:25:43,787: 
pdc: 
2437
electrode: 
(3028, 3482, 3455, 3269, 3392, 3125, 3174, 3266, 3268, 3334, 3054, 3500, 3475, 3285, 3390, 3093, 3439, 3411, 3155)
z_dir: 
[[ 0.020057  ]
 [ 0.01017697]
 [ 0.99974704]]
[rosout][INFO] 2019-10-16 18:25:43,841: 
pdc: 
2437
electrode: 
(3027, 3482, 3454, 3270, 3391, 3125, 3175, 3266, 3268, 3334, 3055, 3500, 3475, 3285, 3390, 3093, 3440, 3411, 3155)
z_dir: 
[[ 0.02000792]
 [ 0.01027832]
 [ 0.99974699]]
[rosout][INFO] 2019-10-16 18:25:43,882: 
pdc: 
2437
electrode: 
(3028, 3482, 3455, 3269, 3390, 3125, 3174, 3266, 3268, 3334, 3054, 3500, 3474, 3285, 3390, 3093, 3440, 3411, 3155)
z_dir: 
[[ 0.02005212]
 [ 0.01022865]
 [ 0.99974661]]
[rosout][INFO] 2019-10-16 18:25:43,954: 
pdc: 
2437
electrode: 
(3027, 3482, 3455, 3269, 3391, 3125, 3174, 3266, 3268, 3335, 3054, 3500, 3476, 3284, 3390, 3093, 3440, 3410, 3155)
z_dir: 
[[ 0.02011974]
 [ 0.01023072]
 [ 0.99974523]]
[rosout][INFO] 2019-10-16 18:25:44,058: 
pdc: 
2437
electrode: 
(3028, 3482, 3455, 3269, 3391, 3124, 3174, 3266, 3269, 3335, 3054, 3501, 3476, 3284, 3390, 3093, 3440, 3411, 3155)
z_dir: 
[[ 0.01934814]
 [ 0.01116427]
 [ 0.99975047]]
[rosout][INFO] 2019-10-16 18:25:44,153: 
pdc: 
2437
electrode: 
(3028, 3482, 3454, 3271, 3391, 3126, 3174, 3266, 3267, 3334, 3054, 3500, 3474, 3285, 3390, 3093, 3440, 3411, 3154)
z_dir: 
[[ 0.02009585]
 [ 0.01021041]
 [ 0.99974592]]
[rosout][INFO] 2019-10-16 18:25:44,219: 
pdc: 
2437
electrode: 
(3028, 3482, 3455, 3270, 3391, 3125, 3174, 3266, 3268, 3334, 3055, 3500, 3475, 3285, 3390, 3093, 3440, 3410, 3155)
z_dir: 
[[ 0.01944365]
 [ 0.01112589]
 [ 0.99974905]]
[rosout][INFO] 2019-10-16 18:25:44,281: 
pdc: 
2437
electrode: 
(3029, 3482, 3454, 3270, 3391, 3125, 3174, 3266, 3268, 3334, 3054, 3500, 3474, 3285, 3390, 3093, 3440, 3410, 3155)
z_dir: 
[[ 0.02009694]
 [ 0.01016421]
 [ 0.99974637]]
[rosout][INFO] 2019-10-16 18:25:44,412: 
pdc: 
2437
electrode: 
(3029, 3482, 3455, 3270, 3390, 3124, 3173, 3266, 3269, 3335, 3054, 3501, 3475, 3284, 3390, 3093, 3439, 3411, 3155)
z_dir: 
[[ 0.02018671]
 [ 0.01016223]
 [ 0.99974458]]
[rosout][INFO] 2019-10-16 18:25:44,613: 
pdc: 
2437
electrode: 
(3028, 3482, 3454, 3269, 3392, 3125, 3174, 3266, 3268, 3334, 3055, 3500, 3475, 3285, 3390, 3093, 3440, 3411, 3155)
z_dir: 
[[ 0.01950582]
 [ 0.01122508]
 [ 0.99974673]]
[rosout][INFO] 2019-10-16 18:25:44,642: 
pdc: 
2437
electrode: 
(3029, 3482, 3454, 3269, 3391, 3125, 3174, 3265, 3268, 3334, 3054, 3500, 3475, 3285, 3390, 3093, 3440, 3410, 3155)
z_dir: 
[[ 0.02012472]
 [ 0.01020829]
 [ 0.99974536]]
[rosout][INFO] 2019-10-16 18:25:44,677: 
pdc: 
2437
electrode: 
(3029, 3483, 3455, 3270, 3391, 3124, 3174, 3266, 3268, 3335, 3054, 3501, 3475, 3285, 3390, 3093, 3439, 3410, 3155)
z_dir: 
[[ 0.02013514]
 [ 0.01021621]
 [ 0.99974507]]
[rosout][INFO] 2019-10-16 18:25:44,742: 
pdc: 
2437
electrode: 
(3028, 3482, 3454, 3270, 3391, 3125, 3174, 3266, 3267, 3335, 3054, 3500, 3475, 3285, 3391, 3093, 3439, 3411, 3155)
z_dir: 
[[ 0.02018433]
 [ 0.01023551]
 [ 0.99974388]]
[rosout][INFO] 2019-10-16 18:25:44,770: 
pdc: 
2437
electrode: 
(3028, 3482, 3454, 3270, 3391, 3124, 3174, 3265, 3268, 3334, 3055, 3500, 3475, 3284, 3391, 3093, 3440, 3411, 3155)
z_dir: 
[[ 0.02008042]
 [ 0.01019229]
 [ 0.99974641]]
[rosout][INFO] 2019-10-16 18:25:44,812: 
pdc: 
2437
electrode: 
(3028, 3482, 3455, 3269, 3390, 3125, 3174, 3266, 3268, 3334, 3055, 3500, 3475, 3285, 3391, 3093, 3440, 3410, 3155)
z_dir: 
[[ 0.02016017]
 [ 0.01014376]
 [ 0.9997453 ]]
[rosout][INFO] 2019-10-16 18:25:44,884: 
pdc: 
2437
electrode: 
(3028, 3482, 3454, 3270, 3392, 3125, 3174, 3265, 3268, 3334, 3054, 3500, 3475, 3285, 3390, 3093, 3440, 3411, 3155)
z_dir: 
[[ 0.02015619]
 [ 0.01017378]
 [ 0.99974508]]
[rosout][INFO] 2019-10-16 18:25:44,915: 
pdc: 
2437
electrode: 
(3029, 3482, 3454, 3270, 3391, 3124, 3174, 3266, 3267, 3335, 3054, 3500, 3475, 3285, 3390, 3093, 3439, 3411, 3155)
z_dir: 
[[ 0.02012431]
 [ 0.01025657]
 [ 0.99974487]]
[rosout][INFO] 2019-10-16 18:25:45,112: 
pdc: 
2437
electrode: 
(3028, 3482, 3454, 3270, 3391, 3125, 3174, 3266, 3268, 3335, 3055, 3500, 3476, 3284, 3390, 3093, 3440, 3411, 3155)
z_dir: 
[[ 0.02016385]
 [ 0.01013339]
 [ 0.99974533]]
[rosout][INFO] 2019-10-16 18:25:45,152: 
pdc: 
2437
electrode: 
(3029, 3482, 3455, 3269, 3391, 3125, 3174, 3265, 3268, 3334, 3055, 3500, 3475, 3285, 3390, 3093, 3440, 3410, 3155)
z_dir: 
[[ 0.02013252]
 [ 0.01019457]
 [ 0.99974534]]
[rosout][INFO] 2019-10-16 18:25:45,192: 
pdc: 
2437
electrode: 
(3028, 3481, 3454, 3269, 3391, 3125, 3174, 3265, 3267, 3334, 3054, 3500, 3475, 3285, 3391, 3093, 3440, 3411, 3155)
z_dir: 
[[ 0.01943606]
 [ 0.01117431]
 [ 0.99974866]]
[rosout][INFO] 2019-10-16 18:25:45,303: 
pdc: 
2437
electrode: 
(3028, 3482, 3454, 3270, 3391, 3125, 3174, 3266, 3268, 3335, 3054, 3500, 3475, 3285, 3390, 3094, 3440, 3410, 3155)
z_dir: 
[[ 0.02008636]
 [ 0.01025929]
 [ 0.99974561]]
[rosout][INFO] 2019-10-16 18:25:45,412: 
pdc: 
2437
electrode: 
(3028, 3482, 3454, 3270, 3391, 3125, 3174, 3266, 3268, 3334, 3055, 3500, 3475, 3285, 3390, 3093, 3440, 3411, 3155)
z_dir: 
[[ 0.01934245]
 [ 0.01119526]
 [ 0.99975024]]
[rosout][INFO] 2019-10-16 18:25:45,442: 
pdc: 
2437
electrode: 
(3028, 3482, 3455, 3270, 3391, 3125, 3174, 3266, 3268, 3335, 3055, 3501, 3475, 3285, 3391, 3094, 3439, 3411, 3155)
z_dir: 
[[ 0.02005174]
 [ 0.01015921]
 [ 0.99974733]]
[rosout][INFO] 2019-10-16 18:25:45,481: 
pdc: 
2437
electrode: 
(3029, 3482, 3455, 3270, 3391, 3125, 3174, 3266, 3268, 3334, 3055, 3501, 3475, 3285, 3390, 3094, 3440, 3411, 3155)
z_dir: 
[[ 0.02008797]
 [ 0.01029483]
 [ 0.99974521]]
[rosout][INFO] 2019-10-16 18:25:45,605: 
pdc: 
2437
electrode: 
(3029, 3482, 3455, 3270, 3390, 3125, 3174, 3265, 3269, 3335, 3055, 3500, 3475, 3285, 3390, 3093, 3439, 3411, 3155)
z_dir: 
[[ 0.01937432]
 [ 0.01118379]
 [ 0.99974975]]
[rosout][INFO] 2019-10-16 18:25:45,739: 
pdc: 
2437
electrode: 
(3028, 3482, 3455, 3271, 3391, 3125, 3174, 3266, 3268, 3334, 3055, 3501, 3475, 3285, 3390, 3094, 3440, 3411, 3155)
z_dir: 
[[ 0.02009144]
 [ 0.01027627]
 [ 0.99974533]]
[rosout][INFO] 2019-10-16 18:25:45,769: 
pdc: 
2437
electrode: 
(3029, 3482, 3454, 3270, 3391, 3125, 3175, 3266, 3267, 3334, 3055, 3500, 3475, 3285, 3390, 3093, 3440, 3412, 3156)
z_dir: 
[[ 0.02011749]
 [ 0.01026967]
 [ 0.99974488]]
[rosout][INFO] 2019-10-16 18:25:45,806: 
pdc: 
2437
electrode: 
(3028, 3482, 3455, 3270, 3391, 3125, 3174, 3266, 3268, 3335, 3055, 3500, 3475, 3285, 3390, 3094, 3439, 3411, 3155)
z_dir: 
[[ 0.02000934]
 [ 0.01026644]
 [ 0.99974708]]
[rosout][INFO] 2019-10-16 18:25:45,841: 
pdc: 
2437
electrode: 
(3028, 3482, 3455, 3270, 3391, 3125, 3175, 3266, 3268, 3334, 3055, 3501, 3475, 3285, 3390, 3093, 3439, 3411, 3155)
z_dir: 
[[ 0.02009945]
 [ 0.01023999]
 [ 0.99974554]]
[rosout][INFO] 2019-10-16 18:25:45,870: 
pdc: 
2437
electrode: 
(3028, 3482, 3455, 3269, 3391, 3125, 3175, 3266, 3268, 3334, 3054, 3501, 3475, 3285, 3391, 3093, 3440, 3411, 3155)
z_dir: 
[[ 0.02022856]
 [ 0.01028588]
 [ 0.99974247]]
[rosout][INFO] 2019-10-16 18:25:45,891: 
pdc: 
2437
electrode: 
(3028, 3482, 3455, 3270, 3391, 3125, 3174, 3266, 3268, 3335, 3054, 3500, 3475, 3284, 3390, 3094, 3439, 3411, 3155)
z_dir: 
[[ 0.02013099]
 [ 0.01019606]
 [ 0.99974536]]
[rosout][INFO] 2019-10-16 18:25:46,200: 
pdc: 
2437
electrode: 
(3029, 3482, 3454, 3270, 3391, 3125, 3174, 3266, 3267, 3334, 3056, 3500, 3476, 3285, 3390, 3093, 3440, 3411, 3154)
z_dir: 
[[ 0.01995649]
 [ 0.01022879]
 [ 0.99974852]]
[rosout][INFO] 2019-10-16 18:25:46,290: 
pdc: 
2437
electrode: 
(3028, 3482, 3455, 3270, 3391, 3126, 3174, 3265, 3268, 3334, 3055, 3501, 3476, 3285, 3391, 3093, 3439, 3411, 3155)
z_dir: 
[[ 0.02001926]
 [ 0.01020376]
 [ 0.99974752]]
[rosout][INFO] 2019-10-16 18:25:46,331: 
pdc: 
2437
electrode: 
(3029, 3482, 3455, 3270, 3392, 3124, 3174, 3266, 3267, 3335, 3055, 3500, 3475, 3285, 3391, 3093, 3440, 3411, 3155)
z_dir: 
[[ 0.0200864 ]
 [ 0.01026063]
 [ 0.9997456 ]]
[rosout][INFO] 2019-10-16 18:25:46,427: 
pdc: 
2437
electrode: 
(3028, 3482, 3455, 3270, 3391, 3125, 3174, 3266, 3268, 3335, 3055, 3500, 3475, 3285, 3391, 3093, 3440, 3411, 3155)
z_dir: 
[[ 0.02012994]
 [ 0.01031417]
 [ 0.99974417]]
[rosout][INFO] 2019-10-16 18:25:46,454: 
pdc: 
2437
electrode: 
(3029, 3483, 3454, 3270, 3391, 3125, 3175, 3266, 3268, 3335, 3054, 3500, 3475, 3285, 3390, 3093, 3440, 3411, 3155)
z_dir: 
[[ 0.02015272]
 [ 0.0102281 ]
 [ 0.99974459]]
[rosout][INFO] 2019-10-16 18:25:46,530: 
pdc: 
2437
electrode: 
(3028, 3482, 3455, 3270, 3391, 3125, 3174, 3265, 3268, 3334, 3054, 3501, 3476, 3285, 3390, 3093, 3439, 3411, 3156)
z_dir: 
[[ 0.01937976]
 [ 0.01118928]
 [ 0.99974958]]
[rosout][INFO] 2019-10-16 18:25:46,595: 
pdc: 
2437
electrode: 
(3028, 3482, 3455, 3270, 3391, 3125, 3174, 3266, 3268, 3335, 3055, 3500, 3475, 3284, 3390, 3093, 3440, 3411, 3155)
z_dir: 
[[ 0.02002217]
 [ 0.01018119]
 [ 0.9997477 ]]
[rosout][INFO] 2019-10-16 18:25:46,632: 
pdc: 
2437
electrode: 
(3029, 3482, 3455, 3269, 3390, 3125, 3174, 3266, 3268, 3335, 3055, 3501, 3474, 3285, 3390, 3093, 3440, 3411, 3156)
z_dir: 
[[ 0.02015082]
 [ 0.01032497]
 [ 0.99974364]]
[rosout][INFO] 2019-10-16 18:25:46,702: 
pdc: 
2437
electrode: 
(3029, 3482, 3455, 3269, 3390, 3125, 3174, 3266, 3268, 3335, 3054, 3500, 3475, 3285, 3390, 3093, 3439, 3411, 3155)
z_dir: 
[[ 0.02011003]
 [ 0.0102453 ]
 [ 0.99974528]]
[rosout][INFO] 2019-10-16 18:25:46,742: 
pdc: 
2437
electrode: 
(3029, 3482, 3454, 3269, 3391, 3125, 3174, 3265, 3268, 3334, 3055, 3500, 3476, 3284, 3390, 3093, 3440, 3411, 3155)
z_dir: 
[[ 0.02007832]
 [ 0.01019903]
 [ 0.99974639]]
[rosout][INFO] 2019-10-16 18:25:46,832: 
pdc: 
2437
electrode: 
(3028, 3482, 3454, 3270, 3390, 3125, 3175, 3266, 3268, 3334, 3055, 3500, 3475, 3285, 3390, 3093, 3440, 3410, 3155)
z_dir: 
[[ 0.02017604]
 [ 0.01031946]
 [ 0.99974319]]
[rosout][INFO] 2019-10-16 18:25:46,906: 
pdc: 
2438
electrode: 
(3028, 3482, 3455, 3270, 3391, 3125, 3174, 3266, 3268, 3335, 3055, 3500, 3476, 3285, 3391, 3093, 3439, 3411, 3155)
z_dir: 
[[ 0.02006805]
 [ 0.01018197]
 [ 0.99974677]]
[rosout][INFO] 2019-10-16 18:25:46,939: 
pdc: 
2437
electrode: 
(3029, 3481, 3455, 3270, 3391, 3125, 3174, 3266, 3268, 3335, 3054, 3500, 3474, 3285, 3390, 3093, 3440, 3411, 3155)
z_dir: 
[[ 0.02016121]
 [ 0.01027448]
 [ 0.99974395]]
[rosout][INFO] 2019-10-16 18:25:47,006: 
pdc: 
2437
electrode: 
(3028, 3483, 3455, 3270, 3391, 3125, 3174, 3265, 3268, 3334, 3056, 3501, 3475, 3285, 3390, 3093, 3440, 3411, 3155)
z_dir: 
[[ 0.02002109]
 [ 0.01029628]
 [ 0.99974654]]
[rosout][INFO] 2019-10-16 18:25:47,036: 
pdc: 
2437
electrode: 
(3029, 3482, 3455, 3269, 3391, 3125, 3174, 3266, 3268, 3334, 3055, 3500, 3475, 3285, 3391, 3093, 3440, 3411, 3155)
z_dir: 
[[ 0.01941921]
 [ 0.01127938]
 [ 0.9997478 ]]
[rosout][INFO] 2019-10-16 18:25:47,083: 
pdc: 
2437
electrode: 
(3028, 3482, 3455, 3269, 3391, 3125, 3174, 3266, 3268, 3334, 3055, 3501, 3475, 3285, 3390, 3093, 3440, 3411, 3155)
z_dir: 
[[ 0.02007686]
 [ 0.01017493]
 [ 0.99974666]]
[rosout][INFO] 2019-10-16 18:25:47,117: 
pdc: 
2437
electrode: 
(3029, 3482, 3454, 3270, 3391, 3125, 3174, 3266, 3268, 3335, 3055, 3500, 3475, 3285, 3390, 3094, 3440, 3411, 3155)
z_dir: 
[[ 0.02016295]
 [ 0.01022209]
 [ 0.99974445]]
[rosout][INFO] 2019-10-16 18:25:47,194: 
pdc: 
2437
electrode: 
(3028, 3483, 3454, 3270, 3391, 3125, 3174, 3266, 3268, 3335, 3055, 3501, 3475, 3285, 3390, 3093, 3440, 3411, 3156)
z_dir: 
[[ 0.01941814]
 [ 0.01116386]
 [ 0.99974912]]
[rosout][INFO] 2019-10-16 18:25:47,328: 
pdc: 
2437
electrode: 
(3028, 3482, 3455, 3270, 3391, 3125, 3174, 3266, 3268, 3335, 3055, 3500, 3475, 3284, 3390, 3093, 3439, 3411, 3155)
z_dir: 
[[ 0.02016977]
 [ 0.01023466]
 [ 0.99974418]]
[rosout][INFO] 2019-10-16 18:25:47,372: 
pdc: 
2437
electrode: 
(3029, 3482, 3454, 3270, 3391, 3125, 3174, 3266, 3269, 3335, 3055, 3500, 3475, 3285, 3390, 3093, 3441, 3411, 3155)
z_dir: 
[[ 0.02011005]
 [ 0.01024939]
 [ 0.99974524]]
[rosout][INFO] 2019-10-16 18:25:47,409: 
pdc: 
2437
electrode: 
(3029, 3482, 3455, 3270, 3392, 3125, 3175, 3266, 3268, 3335, 3054, 3501, 3475, 3285, 3391, 3093, 3440, 3411, 3155)
z_dir: 
[[ 0.01931676]
 [ 0.01115938]
 [ 0.99975113]]
[rosout][INFO] 2019-10-16 18:25:47,460: 
pdc: 
2437
electrode: 
(3029, 3482, 3454, 3270, 3391, 3125, 3175, 3266, 3269, 3335, 3055, 3500, 3475, 3285, 3391, 3093, 3440, 3411, 3155)
z_dir: 
[[ 0.020038  ]
 [ 0.01016107]
 [ 0.99974758]]
[rosout][INFO] 2019-10-16 18:25:47,552: 
pdc: 
2437
electrode: 
(3029, 3481, 3455, 3270, 3391, 3125, 3174, 3266, 3269, 3335, 3055, 3501, 3475, 3285, 3391, 3093, 3440, 3411, 3155)
z_dir: 
[[ 0.0200357 ]
 [ 0.01019724]
 [ 0.99974726]]
[rosout][INFO] 2019-10-16 18:25:47,562: 
pdc: 
2437
electrode: 
(3029, 3482, 3455, 3270, 3392, 3125, 3174, 3266, 3268, 3335, 3055, 3500, 3474, 3285, 3390, 3093, 3440, 3411, 3156)
z_dir: 
[[ 0.02006053]
 [ 0.01016569]
 [ 0.99974708]]
[rosout][INFO] 2019-10-16 18:25:47,588: 
pdc: 
2437
electrode: 
(3028, 3482, 3455, 3270, 3391, 3126, 3175, 3266, 3268, 3335, 3055, 3500, 3476, 3285, 3391, 3093, 3439, 3411, 3155)
z_dir: 
[[ 0.01933582]
 [ 0.01125933]
 [ 0.99974965]]
[rosout][INFO] 2019-10-16 18:25:47,623: 
pdc: 
2437
electrode: 
(3028, 3482, 3454, 3270, 3391, 3125, 3174, 3266, 3268, 3335, 3054, 3500, 3475, 3284, 3390, 3093, 3440, 3410, 3155)
z_dir: 
[[ 0.02012516]
 [ 0.01020169]
 [ 0.99974542]]
[rosout][INFO] 2019-10-16 18:25:47,653: 
pdc: 
2437
electrode: 
(3028, 3482, 3456, 3271, 3391, 3125, 3174, 3266, 3269, 3334, 3055, 3501, 3476, 3285, 3390, 3093, 3440, 3411, 3155)
z_dir: 
[[ 0.02003481]
 [ 0.0102873 ]
 [ 0.99974636]]
[rosout][INFO] 2019-10-16 18:25:47,688: 
pdc: 
2437
electrode: 
(3029, 3481, 3455, 3270, 3391, 3125, 3174, 3266, 3268, 3335, 3055, 3500, 3475, 3285, 3390, 3093, 3440, 3410, 3155)
z_dir: 
[[ 0.02006435]
 [ 0.01021213]
 [ 0.99974653]]
[rosout][INFO] 2019-10-16 18:25:47,727: 
pdc: 
2437
electrode: 
(3029, 3482, 3455, 3269, 3391, 3125, 3174, 3266, 3268, 3334, 3055, 3501, 3475, 3285, 3391, 3093, 3440, 3411, 3155)
z_dir: 
[[ 0.01941854]
 [ 0.01120882]
 [ 0.99974861]]
[rosout][INFO] 2019-10-16 18:25:47,755: 
pdc: 
2437
electrode: 
(3029, 3482, 3455, 3270, 3391, 3125, 3175, 3266, 3268, 3335, 3054, 3500, 3475, 3285, 3390, 3094, 3440, 3411, 3155)
z_dir: 
[[ 0.01945883]
 [ 0.01118092]
 [ 0.99974814]]
[rosout][INFO] 2019-10-16 18:25:47,772: 
pdc: 
2437
electrode: 
(3029, 3482, 3455, 3270, 3391, 3125, 3175, 3266, 3268, 3334, 3055, 3500, 3475, 3285, 3390, 3093, 3440, 3411, 3155)
z_dir: 
[[ 0.01961484]
 [ 0.01120213]
 [ 0.99974485]]
[rosout][INFO] 2019-10-16 18:25:47,777: 
pdc: 
2437
electrode: 
(3029, 3482, 3455, 3270, 3390, 3125, 3174, 3266, 3268, 3335, 3054, 3500, 3475, 3285, 3391, 3094, 3439, 3411, 3155)
z_dir: 
[[ 0.02011115]
 [ 0.01019879]
 [ 0.99974573]]
[rosout][INFO] 2019-10-16 18:25:47,791: 
pdc: 
2437
electrode: 
(3028, 3482, 3455, 3270, 3391, 3125, 3174, 3266, 3268, 3335, 3055, 3500, 3475, 3286, 3390, 3093, 3440, 3410, 3155)
z_dir: 
[[ 0.02006384]
 [ 0.01020188]
 [ 0.99974665]]
[rosout][INFO] 2019-10-16 18:25:47,831: 
pdc: 
2437
electrode: 
(3028, 3482, 3454, 3270, 3391, 3125, 3174, 3266, 3268, 3335, 3055, 3500, 3475, 3285, 3390, 3093, 3440, 3410, 3155)
z_dir: 
[[ 0.01938322]
 [ 0.01120762]
 [ 0.99974931]]
[rosout][INFO] 2019-10-16 18:25:47,952: 
pdc: 
2437
electrode: 
(3029, 3481, 3454, 3270, 3391, 3125, 3175, 3266, 3268, 3335, 3055, 3500, 3474, 3285, 3391, 3093, 3440, 3411, 3155)
z_dir: 
[[ 0.02002445]
 [ 0.01015517]
 [ 0.99974792]]
[rosout][INFO] 2019-10-16 18:25:47,992: 
pdc: 
2437
electrode: 
(3028, 3482, 3455, 3270, 3391, 3125, 3174, 3266, 3268, 3335, 3054, 3500, 3476, 3285, 3391, 3093, 3440, 3411, 3155)
z_dir: 
[[ 0.02011456]
 [ 0.01022799]
 [ 0.99974536]]
[rosout][INFO] 2019-10-16 18:25:48,032: 
pdc: 
2437
electrode: 
(3029, 3482, 3455, 3269, 3391, 3125, 3174, 3266, 3268, 3335, 3054, 3501, 3475, 3284, 3390, 3093, 3439, 3411, 3155)
z_dir: 
[[ 0.02029258]
 [ 0.01019112]
 [ 0.99974214]]
[rosout][INFO] 2019-10-16 18:25:48,075: 
pdc: 
2437
electrode: 
(3029, 3482, 3455, 3270, 3391, 3125, 3175, 3266, 3268, 3335, 3055, 3501, 3475, 3285, 3390, 3094, 3440, 3411, 3155)
z_dir: 
[[ 0.02010198]
 [ 0.01017306]
 [ 0.99974618]]
[rosout][INFO] 2019-10-16 18:25:48,084: 
pdc: 
2437
electrode: 
(3029, 3482, 3454, 3271, 3391, 3125, 3174, 3266, 3268, 3335, 3055, 3500, 3476, 3285, 3390, 3093, 3440, 3411, 3155)
z_dir: 
[[ 0.02025716]
 [ 0.01026989]
 [ 0.99974206]]
[rosout][INFO] 2019-10-16 18:25:48,115: 
pdc: 
2437
electrode: 
(3029, 3482, 3454, 3271, 3391, 3125, 3174, 3266, 3268, 3335, 3054, 3500, 3474, 3285, 3390, 3094, 3440, 3411, 3155)
z_dir: 
[[ 0.02010679]
 [ 0.01021128]
 [ 0.99974569]]
[rosout][INFO] 2019-10-16 18:25:48,184: 
pdc: 
2437
electrode: 
(3028, 3482, 3455, 3270, 3391, 3125, 3174, 3266, 3269, 3334, 3055, 3500, 3475, 3285, 3391, 3094, 3440, 3411, 3156)
z_dir: 
[[ 0.02008188]
 [ 0.01035826]
 [ 0.99974468]]
[rosout][INFO] 2019-10-16 18:25:48,192: 
pdc: 
2437
electrode: 
(3028, 3482, 3455, 3270, 3391, 3125, 3174, 3266, 3269, 3335, 3055, 3500, 3475, 3285, 3391, 3094, 3440, 3411, 3155)
z_dir: 
[[ 0.02008196]
 [ 0.01019272]
 [ 0.99974638]]
[rosout][INFO] 2019-10-16 18:25:48,233: 
pdc: 
2437
electrode: 
(3029, 3482, 3455, 3270, 3392, 3125, 3174, 3266, 3268, 3335, 3055, 3500, 3475, 3285, 3391, 3094, 3440, 3411, 3155)
z_dir: 
[[ 0.02006859]
 [ 0.01024726]
 [ 0.99974609]]
[rosout][INFO] 2019-10-16 18:25:48,294: 
pdc: 
2437
electrode: 
(3029, 3483, 3455, 3270, 3391, 3125, 3174, 3266, 3268, 3334, 3055, 3501, 3475, 3285, 3390, 3094, 3440, 3411, 3156)
z_dir: 
[[ 0.02003517]
 [ 0.01023863]
 [ 0.99974685]]
[rosout][INFO] 2019-10-16 18:25:48,323: 
pdc: 
2437
electrode: 
(3029, 3482, 3455, 3270, 3392, 3125, 3175, 3266, 3268, 3335, 3055, 3500, 3475, 3284, 3390, 3093, 3440, 3411, 3155)
z_dir: 
[[ 0.02010475]
 [ 0.01021275]
 [ 0.99974572]]
[rosout][INFO] 2019-10-16 18:25:48,360: 
pdc: 
2437
electrode: 
(3028, 3482, 3454, 3270, 3391, 3125, 3175, 3266, 3268, 3335, 3054, 3501, 3475, 3285, 3390, 3093, 3440, 3411, 3156)
z_dir: 
[[ 0.01945449]
 [ 0.01125159]
 [ 0.99974743]]
[rosout][INFO] 2019-10-16 18:25:48,397: 
pdc: 
2437
electrode: 
(3029, 3482, 3454, 3270, 3391, 3125, 3174, 3266, 3268, 3335, 3055, 3501, 3476, 3285, 3391, 3094, 3440, 3411, 3155)
z_dir: 
[[ 0.02009566]
 [ 0.01024848]
 [ 0.99974553]]
[rosout][INFO] 2019-10-16 18:25:48,449: 
pdc: 
2437
electrode: 
(3029, 3482, 3455, 3270, 3391, 3125, 3175, 3267, 3269, 3334, 3055, 3500, 3476, 3285, 3390, 3094, 3440, 3411, 3156)
z_dir: 
[[ 0.02015151]
 [ 0.01017584]
 [ 0.99974515]]
[rosout][INFO] 2019-10-16 18:25:48,509: 
pdc: 
2437
electrode: 
(3029, 3482, 3455, 3270, 3391, 3125, 3174, 3266, 3268, 3335, 3055, 3501, 3475, 3285, 3391, 3093, 3440, 3411, 3155)
z_dir: 
[[ 0.02013141]
 [ 0.01016024]
 [ 0.99974572]]
[rosout][INFO] 2019-10-16 18:25:48,539: 
pdc: 
2437
electrode: 
(3029, 3482, 3454, 3270, 3390, 3125, 3174, 3265, 3268, 3335, 3055, 3501, 3475, 3285, 3391, 3093, 3440, 3410, 3155)
z_dir: 
[[ 0.02000017]
 [ 0.01036622]
 [ 0.99974624]]
[rosout][INFO] 2019-10-16 18:25:48,619: 
pdc: 
2437
electrode: 
(3028, 3482, 3455, 3271, 3390, 3125, 3175, 3266, 3269, 3335, 3055, 3501, 3475, 3285, 3391, 3094, 3439, 3411, 3155)
z_dir: 
[[ 0.02001698]
 [ 0.01024637]
 [ 0.99974713]]
[rosout][INFO] 2019-10-16 18:25:48,641: 
pdc: 
2437
electrode: 
(3029, 3482, 3455, 3270, 3391, 3125, 3174, 3266, 3268, 3335, 3054, 3500, 3475, 3285, 3390, 3093, 3440, 3412, 3155)
z_dir: 
[[ 0.02009708]
 [ 0.01016736]
 [ 0.99974633]]
[rosout][INFO] 2019-10-16 18:25:48,682: 
pdc: 
2437
electrode: 
(3029, 3482, 3455, 3269, 3391, 3125, 3174, 3266, 3268, 3335, 3055, 3501, 3475, 3285, 3390, 3093, 3440, 3411, 3156)
z_dir: 
[[ 0.02003158]
 [ 0.0102227 ]
 [ 0.99974708]]
[rosout][INFO] 2019-10-16 18:25:48,693: 
pdc: 
2437
electrode: 
(3029, 3482, 3455, 3271, 3391, 3125, 3175, 3266, 3268, 3335, 3055, 3500, 3476, 3285, 3390, 3093, 3440, 3411, 3155)
z_dir: 
[[ 0.02011524]
 [ 0.01017408]
 [ 0.9997459 ]]
[rosout][INFO] 2019-10-16 18:25:48,722: 
pdc: 
2437
electrode: 
(3029, 3482, 3454, 3270, 3392, 3125, 3174, 3266, 3268, 3335, 3055, 3501, 3475, 3285, 3390, 3093, 3440, 3411, 3155)
z_dir: 
[[ 0.0201721 ]
 [ 0.01020459]
 [ 0.99974444]]
[rosout][INFO] 2019-10-16 18:25:48,743: 
pdc: 
2437
electrode: 
(3029, 3482, 3455, 3270, 3391, 3125, 3175, 3266, 3268, 3334, 3054, 3501, 3475, 3285, 3390, 3093, 3440, 3411, 3155)
z_dir: 
[[ 0.02009528]
 [ 0.01019892]
 [ 0.99974605]]
[rosout][INFO] 2019-10-16 18:25:48,772: 
pdc: 
2437
electrode: 
(3029, 3482, 3455, 3270, 3391, 3126, 3175, 3266, 3268, 3335, 3055, 3500, 3475, 3285, 3391, 3093, 3440, 3411, 3154)
z_dir: 
[[ 0.02042512]
 [ 0.01011106]
 [ 0.99974026]]
[rosout][INFO] 2019-10-16 18:25:48,781: 
pdc: 
2437
electrode: 
(3028, 3482, 3454, 3270, 3392, 3125, 3175, 3267, 3268, 3334, 3055, 3501, 3475, 3285, 3390, 3093, 3441, 3411, 3155)
z_dir: 
[[ 0.02007497]
 [ 0.01025689]
 [ 0.99974586]]
[rosout][INFO] 2019-10-16 18:25:48,848: 
pdc: 
2437
electrode: 
(3029, 3482, 3455, 3270, 3391, 3125, 3175, 3266, 3268, 3335, 3055, 3500, 3475, 3285, 3391, 3094, 3440, 3411, 3155)
z_dir: 
[[ 0.01928369]
 [ 0.01119181]
 [ 0.99975141]]
[rosout][INFO] 2019-10-16 18:25:48,891: 
pdc: 
2437
electrode: 
(3029, 3482, 3454, 3271, 3391, 3125, 3174, 3266, 3268, 3335, 3055, 3501, 3475, 3285, 3391, 3093, 3440, 3411, 3156)
z_dir: 
[[ 0.02004763]
 [ 0.01031259]
 [ 0.99974584]]
[rosout][INFO] 2019-10-16 18:25:48,935: 
pdc: 
2437
electrode: 
(3029, 3482, 3455, 3270, 3391, 3125, 3175, 3266, 3268, 3334, 3055, 3501, 3476, 3285, 3390, 3093, 3440, 3411, 3155)
z_dir: 
[[ 0.02006548]
 [ 0.01012712]
 [ 0.99974738]]
[rosout][INFO] 2019-10-16 18:25:48,981: 
pdc: 
2437
electrode: 
(3029, 3482, 3455, 3270, 3390, 3125, 3175, 3266, 3268, 3335, 3054, 3501, 3475, 3285, 3391, 3093, 3441, 3411, 3155)
z_dir: 
[[ 0.02012189]
 [ 0.0101524 ]
 [ 0.99974599]]
[rosout][INFO] 2019-10-16 18:25:49,014: 
pdc: 
2437
electrode: 
(3029, 3482, 3454, 3270, 3392, 3125, 3174, 3266, 3267, 3335, 3055, 3500, 3475, 3285, 3391, 3093, 3440, 3410, 3155)
z_dir: 
[[ 0.02007493]
 [ 0.01015924]
 [ 0.99974686]]
[rosout][INFO] 2019-10-16 18:25:49,021: 
pdc: 
2437
electrode: 
(3028, 3483, 3454, 3270, 3392, 3126, 3175, 3266, 3269, 3334, 3055, 3500, 3476, 3285, 3391, 3093, 3439, 3410, 3155)
z_dir: 
[[ 0.02000748]
 [ 0.01023682]
 [ 0.99974742]]
[rosout][INFO] 2019-10-16 18:25:49,064: 
pdc: 
2437
electrode: 
(3029, 3482, 3455, 3270, 3391, 3125, 3174, 3266, 3268, 3335, 3055, 3500, 3475, 3284, 3390, 3093, 3439, 3410, 3155)
z_dir: 
[[ 0.02015218]
 [ 0.0102704 ]
 [ 0.99974417]]
[rosout][INFO] 2019-10-16 18:25:49,096: 
pdc: 
2437
electrode: 
(3029, 3482, 3455, 3270, 3391, 3126, 3174, 3266, 3268, 3334, 3055, 3501, 3475, 3285, 3391, 3093, 3440, 3410, 3155)
z_dir: 
[[ 0.02007748]
 [ 0.01025631]
 [ 0.99974582]]
[rosout][INFO] 2019-10-16 18:25:49,163: 
pdc: 
2437
electrode: 
(3028, 3483, 3455, 3270, 3391, 3125, 3175, 3266, 3268, 3335, 3055, 3500, 3475, 3285, 3390, 3093, 3440, 3410, 3155)
z_dir: 
[[ 0.01935163]
 [ 0.01123834]
 [ 0.99974958]]
[rosout][INFO] 2019-10-16 18:25:49,203: 
pdc: 
2437
electrode: 
(3029, 3483, 3455, 3269, 3391, 3125, 3175, 3266, 3268, 3335, 3055, 3500, 3477, 3285, 3390, 3094, 3440, 3412, 3155)
z_dir: 
[[ 0.01947738]
 [ 0.0112682 ]
 [ 0.9997468 ]]
[rosout][INFO] 2019-10-16 18:25:49,236: 
pdc: 
2437
electrode: 
(3029, 3482, 3455, 3270, 3391, 3125, 3175, 3266, 3268, 3334, 3054, 3500, 3476, 3285, 3391, 3094, 3440, 3411, 3155)
z_dir: 
[[ 0.02020266]
 [ 0.01027402]
 [ 0.99974312]]
[rosout][INFO] 2019-10-16 18:25:49,266: 
pdc: 
2437
electrode: 
(3029, 3482, 3455, 3270, 3391, 3125, 3175, 3266, 3268, 3335, 3054, 3500, 3476, 3284, 3390, 3094, 3440, 3410, 3155)
z_dir: 
[[ 0.02006475]
 [ 0.01044552]
 [ 0.99974412]]
[rosout][INFO] 2019-10-16 18:25:49,280: 
pdc: 
2437
electrode: 
(3029, 3482, 3455, 3270, 3392, 3125, 3174, 3266, 3268, 3335, 3055, 3500, 3475, 3285, 3390, 3093, 3440, 3411, 3156)
z_dir: 
[[ 0.02009365]
 [ 0.01019797]
 [ 0.99974609]]
[rosout][INFO] 2019-10-16 18:25:49,330: 
pdc: 
2437
electrode: 
(3029, 3482, 3455, 3270, 3392, 3125, 3175, 3266, 3268, 3335, 3055, 3501, 3475, 3285, 3390, 3093, 3440, 3411, 3155)
z_dir: 
[[ 0.02006521]
 [ 0.01025639]
 [ 0.99974606]]
[rosout][INFO] 2019-10-16 18:25:49,342: 
pdc: 
2437
electrode: 
(3029, 3482, 3455, 3271, 3390, 3125, 3175, 3266, 3269, 3335, 3054, 3501, 3474, 3285, 3390, 3093, 3440, 3411, 3155)
z_dir: 
[[ 0.01944138]
 [ 0.01131781]
 [ 0.99974694]]
[rosout][INFO] 2019-10-16 18:25:49,370: 
pdc: 
2437
electrode: 
(3029, 3482, 3455, 3270, 3392, 3125, 3174, 3266, 3268, 3335, 3055, 3500, 3475, 3285, 3390, 3093, 3440, 3411, 3155)
z_dir: 
[[ 0.02008732]
 [ 0.01035159]
 [ 0.99974464]]
[rosout][INFO] 2019-10-16 18:25:49,411: 
pdc: 
2437
electrode: 
(3029, 3483, 3454, 3270, 3391, 3125, 3174, 3267, 3269, 3335, 3055, 3501, 3476, 3285, 3390, 3094, 3440, 3410, 3155)
z_dir: 
[[ 0.02011308]
 [ 0.01014073]
 [ 0.99974628]]
[rospy.core][INFO] 2019-10-16 18:25:49,436: signal_shutdown [signal-2]
[rosout][INFO] 2019-10-16 18:25:49,445: 
pdc: 
2437
electrode: 
(3028, 3482, 3455, 3270, 3391, 3125, 3175, 3266, 3269, 3335, 3055, 3500, 3475, 3284, 3391, 3093, 3440, 3411, 3155)
z_dir: 
[[ 0.02087839]
 [ 0.00988347]
 [ 0.99973317]]
[rospy.internal][INFO] 2019-10-16 18:25:49,451: topic[/rosout] removing connection to /rosout
[rospy.internal][INFO] 2019-10-16 18:25:49,451: topic[/biotac_pub] removing connection to http://student-lasa:33843/
[rospy.internal][WARNING] 2019-10-16 18:25:49,452: Unknown error initiating TCP/IP socket to student-lasa:54309 (http://student-lasa:33843/): Traceback (most recent call last):
  File "/opt/ros/kinetic/lib/python2.7/dist-packages/rospy/impl/tcpros_base.py", line 557, in connect
    self.read_header()
  File "/opt/ros/kinetic/lib/python2.7/dist-packages/rospy/impl/tcpros_base.py", line 650, in read_header
    self._validate_header(read_ros_handshake_header(sock, self.read_buff, self.protocol.buff_size))
AttributeError: 'NoneType' object has no attribute 'buff_size'

[rospy.topics][ERROR] 2019-10-16 18:25:49,452: Traceback (most recent call last):
  File "/opt/ros/kinetic/lib/python2.7/dist-packages/rospy/topics.py", line 326, in close
    c.close()
  File "/opt/ros/kinetic/lib/python2.7/dist-packages/rospy/impl/tcpros_base.py", line 838, in close
    self.socket.close()
AttributeError: 'NoneType' object has no attribute 'close'

[rospy.internal][INFO] 2019-10-16 18:25:49,452: topic[/vrpn_client_node/normalSurface/pose] removing connection to http://student-lasa:45067/
[rospy.internal][INFO] 2019-10-16 18:25:49,452: topic[/vrpn_client_node/baseHand/pose] removing connection to http://student-lasa:45067/
[rospy.impl.masterslave][INFO] 2019-10-16 18:25:49,452: signal-2
[rospy.core][INFO] 2019-10-16 18:25:49,616: signal_shutdown [atexit]
