[rospy.client][INFO] 2019-10-16 18:14:48,972: init_node, name[/biochip_listener_15185_1571242488955], pid[15185]
[xmlrpc][INFO] 2019-10-16 18:14:48,973: XML-RPC server binding to 0.0.0.0:0
[xmlrpc][INFO] 2019-10-16 18:14:48,973: Started XML-RPC server [http://student-lasa:34083/]
[rospy.init][INFO] 2019-10-16 18:14:48,973: ROS Slave URI: [http://student-lasa:34083/]
[rospy.impl.masterslave][INFO] 2019-10-16 18:14:48,973: _ready: http://student-lasa:34083/
[xmlrpc][INFO] 2019-10-16 18:14:48,973: xml rpc node: starting XML-RPC server
[rospy.registration][INFO] 2019-10-16 18:14:48,973: Registering with master node http://localhost:11311
[rospy.init][INFO] 2019-10-16 18:14:49,073: registered with master
[rospy.rosout][INFO] 2019-10-16 18:14:49,074: initializing /rosout core topic
[rospy.rosout][INFO] 2019-10-16 18:14:49,078: connected to core topic /rosout
[rospy.simtime][INFO] 2019-10-16 18:14:49,080: /use_sim_time is not set, will not subscribe to simulated time [/clock] topic
[rospy.internal][INFO] 2019-10-16 18:14:49,142: topic[/vrpn_client_node/baseHand/pose] adding connection to [http://student-lasa:45067/], count 0
[rospy.internal][INFO] 2019-10-16 18:14:49,144: topic[/vrpn_client_node/normalSurface/pose] adding connection to [http://student-lasa:45067/], count 0
[rospy.internal][INFO] 2019-10-16 18:14:49,146: topic[/biotac_pub] adding connection to [http://student-lasa:33843/], count 0
[rosout][INFO] 2019-10-16 18:14:49,163: 
pdc: 
2404
electrode: 
(2989, 3442, 3403, 3199, 3332, 3049, 3146, 3234, 3238, 3299, 3021, 3461, 3426, 3217, 3333, 3014, 3399, 3357, 3092)
z_dir: 
[[-0.01328531]
 [ 0.03502844]
 [ 0.99929801]]
[rosout][INFO] 2019-10-16 18:14:49,173: 
pdc: 
2404
electrode: 
(2990, 3441, 3404, 3199, 3332, 3049, 3146, 3233, 3237, 3298, 3021, 3461, 3425, 3217, 3333, 3014, 3399, 3357, 3091)
z_dir: 
[[-0.00947543]
 [ 0.03087568]
 [ 0.99947832]]
[rosout][INFO] 2019-10-16 18:14:49,183: 
pdc: 
2404
electrode: 
(2990, 3441, 3404, 3198, 3333, 3049, 3146, 3234, 3237, 3300, 3021, 3461, 3426, 3217, 3333, 3014, 3399, 3358, 3091)
z_dir: 
[[-0.00881567]
 [ 0.02990172]
 [ 0.99951397]]
[rosout][INFO] 2019-10-16 18:14:49,193: 
pdc: 
2404
electrode: 
(2990, 3442, 3404, 3199, 3332, 3048, 3146, 3235, 3237, 3300, 3021, 3461, 3426, 3216, 3333, 3014, 3399, 3356, 3092)
z_dir: 
[[-0.01326632]
 [ 0.03501548]
 [ 0.99929871]]
[rosout][INFO] 2019-10-16 18:14:49,213: 
pdc: 
2404
electrode: 
(2990, 3442, 3404, 3199, 3332, 3049, 3146, 3235, 3238, 3300, 3021, 3461, 3426, 3217, 3333, 3014, 3399, 3356, 3091)
z_dir: 
[[-0.0131303 ]
 [ 0.03496372]
 [ 0.99930232]]
[rosout][INFO] 2019-10-16 18:14:49,233: 
pdc: 
2404
electrode: 
(2990, 3441, 3404, 3199, 3333, 3049, 3146, 3234, 3238, 3299, 3022, 3461, 3426, 3217, 3333, 3014, 3399, 3357, 3092)
z_dir: 
[[-0.0137977 ]
 [ 0.03599311]
 [ 0.99925678]]
[rosout][INFO] 2019-10-16 18:14:49,243: 
pdc: 
2404
electrode: 
(2990, 3442, 3404, 3199, 3332, 3049, 3146, 3234, 3238, 3299, 3021, 3460, 3426, 3217, 3334, 3014, 3399, 3357, 3092)
z_dir: 
[[-0.0132122 ]
 [ 0.0350244 ]
 [ 0.99929912]]
[rosout][INFO] 2019-10-16 18:14:49,252: 
pdc: 
2404
electrode: 
(2990, 3440, 3403, 3199, 3333, 3049, 3146, 3235, 3237, 3299, 3021, 3460, 3426, 3217, 3333, 3014, 3399, 3356, 3092)
z_dir: 
[[-0.00890505]
 [ 0.02992791]
 [ 0.99951239]]
[rosout][INFO] 2019-10-16 18:14:49,263: 
pdc: 
2404
electrode: 
(2989, 3442, 3403, 3199, 3332, 3049, 3146, 3234, 3237, 3299, 3021, 3460, 3427, 3216, 3334, 3015, 3399, 3357, 3092)
z_dir: 
[[-0.01326735]
 [ 0.03499938]
 [ 0.99929926]]
[rosout][INFO] 2019-10-16 18:14:49,273: 
pdc: 
2404
electrode: 
(2990, 3442, 3403, 3199, 3332, 3049, 3145, 3234, 3238, 3299, 3022, 3460, 3426, 3216, 3333, 3014, 3399, 3357, 3092)
z_dir: 
[[-0.00877135]
 [ 0.0298987 ]
 [ 0.99951445]]
[rosout][INFO] 2019-10-16 18:14:49,282: 
pdc: 
2404
electrode: 
(2989, 3442, 3404, 3199, 3332, 3049, 3146, 3234, 3238, 3300, 3022, 3461, 3426, 3217, 3333, 3014, 3399, 3357, 3092)
z_dir: 
[[-0.01326834]
 [ 0.03499445]
 [ 0.99929942]]
[rosout][INFO] 2019-10-16 18:14:49,293: 
pdc: 
2404
electrode: 
(2990, 3442, 3404, 3199, 3333, 3049, 3146, 3234, 3238, 3299, 3021, 3462, 3426, 3217, 3334, 3014, 3399, 3357, 3092)
z_dir: 
[[-0.01329371]
 [ 0.03503202]
 [ 0.99929777]]
[rospy.internal][INFO] 2019-10-16 18:14:49,310: topic[/rosout] adding connection to [/rosout], count 0
[rosout][INFO] 2019-10-16 18:14:49,313: 
pdc: 
2404
electrode: 
(2990, 3442, 3404, 3199, 3332, 3049, 3146, 3234, 3238, 3299, 3021, 3461, 3426, 3216, 3333, 3014, 3399, 3356, 3092)
z_dir: 
[[-0.01317675]
 [ 0.03499317]
 [ 0.99930068]]
[rosout][INFO] 2019-10-16 18:14:49,323: 
pdc: 
2404
electrode: 
(2990, 3441, 3403, 3198, 3332, 3049, 3146, 3234, 3237, 3299, 3021, 3461, 3427, 3217, 3334, 3015, 3399, 3357, 3092)
z_dir: 
[[-0.00879519]
 [ 0.02988354]
 [ 0.99951469]]
[rosout][INFO] 2019-10-16 18:14:49,333: 
pdc: 
2404
electrode: 
(2989, 3441, 3404, 3198, 3333, 3049, 3146, 3234, 3238, 3299, 3022, 3461, 3426, 3217, 3333, 3014, 3399, 3357, 3092)
z_dir: 
[[-0.00878637]
 [ 0.02998079]
 [ 0.99951186]]
[rosout][INFO] 2019-10-16 18:14:49,343: 
pdc: 
2404
electrode: 
(2990, 3442, 3404, 3199, 3333, 3049, 3146, 3234, 3237, 3299, 3021, 3462, 3426, 3217, 3334, 3014, 3399, 3357, 3092)
z_dir: 
[[-0.01321492]
 [ 0.03502697]
 [ 0.99929899]]
[rosout][INFO] 2019-10-16 18:14:49,353: 
pdc: 
2404
electrode: 
(2990, 3442, 3404, 3199, 3332, 3049, 3146, 3234, 3237, 3299, 3021, 3461, 3426, 3217, 3334, 3014, 3399, 3357, 3091)
z_dir: 
[[-0.00958477]
 [ 0.03090739]
 [ 0.9994763 ]]
[rosout][INFO] 2019-10-16 18:14:49,363: 
pdc: 
2405
electrode: 
(2989, 3441, 3404, 3198, 3332, 3049, 3146, 3234, 3237, 3299, 3022, 3461, 3426, 3217, 3334, 3014, 3398, 3357, 3092)
z_dir: 
[[-0.01394992]
 [ 0.03598369]
 [ 0.99925501]]
[rosout][INFO] 2019-10-16 18:14:49,373: 
pdc: 
2405
electrode: 
(2990, 3442, 3403, 3199, 3332, 3049, 3146, 3234, 3238, 3299, 3022, 3460, 3426, 3216, 3333, 3014, 3399, 3356, 3091)
z_dir: 
[[-0.00885988]
 [ 0.0299084 ]
 [ 0.99951338]]
[rosout][INFO] 2019-10-16 18:14:49,383: 
pdc: 
2404
electrode: 
(2990, 3442, 3404, 3199, 3332, 3049, 3146, 3234, 3238, 3299, 3021, 3461, 3426, 3217, 3333, 3014, 3399, 3357, 3092)
z_dir: 
[[-0.00959202]
 [ 0.03088912]
 [ 0.99947679]]
[rosout][INFO] 2019-10-16 18:14:49,393: 
pdc: 
2404
electrode: 
(2990, 3442, 3404, 3198, 3332, 3048, 3146, 3234, 3237, 3299, 3021, 3461, 3427, 3216, 3333, 3014, 3400, 3356, 3092)
z_dir: 
[[-0.01329567]
 [ 0.03491572]
 [ 0.99930182]]
[rosout][INFO] 2019-10-16 18:14:49,402: 
pdc: 
2404
electrode: 
(2990, 3442, 3404, 3199, 3332, 3048, 3147, 3234, 3237, 3300, 3021, 3461, 3426, 3217, 3334, 3015, 3399, 3356, 3092)
z_dir: 
[[-0.00942748]
 [ 0.03089   ]
 [ 0.99947833]]
[rosout][INFO] 2019-10-16 18:14:49,413: 
pdc: 
2404
electrode: 
(2990, 3442, 3404, 3199, 3332, 3049, 3147, 3234, 3238, 3299, 3022, 3461, 3426, 3217, 3333, 3014, 3400, 3357, 3092)
z_dir: 
[[-0.01321123]
 [ 0.03505471]
 [ 0.99929807]]
[rosout][INFO] 2019-10-16 18:14:49,423: 
pdc: 
2404
electrode: 
(2989, 3441, 3403, 3199, 3332, 3049, 3146, 3234, 3237, 3299, 3021, 3461, 3427, 3217, 3333, 3014, 3399, 3357, 3091)
z_dir: 
[[-0.00887238]
 [ 0.02996221]
 [ 0.99951165]]
[rosout][INFO] 2019-10-16 18:14:49,443: 
pdc: 
2404
electrode: 
(2990, 3442, 3404, 3199, 3333, 3048, 3147, 3235, 3238, 3299, 3022, 3462, 3427, 3217, 3333, 3014, 3399, 3357, 3092)
z_dir: 
[[-0.01331038]
 [ 0.03498265]
 [ 0.99929928]]
[rosout][INFO] 2019-10-16 18:14:49,453: 
pdc: 
2404
electrode: 
(2990, 3442, 3404, 3199, 3332, 3049, 3146, 3234, 3237, 3300, 3022, 3461, 3426, 3217, 3333, 3014, 3399, 3357, 3092)
z_dir: 
[[-0.00950195]
 [ 0.03090907]
 [ 0.99947703]]
[rosout][INFO] 2019-10-16 18:14:49,463: 
pdc: 
2404
electrode: 
(2989, 3442, 3404, 3199, 3332, 3049, 3146, 3235, 3238, 3299, 3021, 3461, 3426, 3216, 3333, 3014, 3400, 3357, 3092)
z_dir: 
[[-0.01315209]
 [ 0.03509528]
 [ 0.99929742]]
[rosout][INFO] 2019-10-16 18:14:49,474: 
pdc: 
2404
electrode: 
(2990, 3442, 3404, 3199, 3333, 3049, 3146, 3234, 3237, 3300, 3022, 3460, 3426, 3217, 3333, 3015, 3399, 3357, 3092)
z_dir: 
[[-0.00880559]
 [ 0.02982792]
 [ 0.99951626]]
[rosout][INFO] 2019-10-16 18:14:49,483: 
pdc: 
2404
electrode: 
(2990, 3442, 3404, 3199, 3332, 3049, 3146, 3234, 3237, 3300, 3022, 3461, 3426, 3217, 3333, 3014, 3399, 3357, 3091)
z_dir: 
[[-0.01316894]
 [ 0.03498227]
 [ 0.99930117]]
[rosout][INFO] 2019-10-16 18:14:49,493: 
pdc: 
2404
electrode: 
(2990, 3442, 3404, 3199, 3332, 3048, 3147, 3234, 3238, 3299, 3021, 3461, 3427, 3217, 3333, 3014, 3399, 3357, 3092)
z_dir: 
[[-0.01337225]
 [ 0.03511209]
 [ 0.99929391]]
[rosout][INFO] 2019-10-16 18:14:49,503: 
pdc: 
2404
electrode: 
(2990, 3442, 3404, 3199, 3332, 3048, 3146, 3234, 3238, 3299, 3022, 3461, 3426, 3217, 3334, 3014, 3399, 3356, 3091)
z_dir: 
[[-0.00951239]
 [ 0.03095205]
 [ 0.9994756 ]]
[rosout][INFO] 2019-10-16 18:14:49,513: 
pdc: 
2404
electrode: 
(2990, 3442, 3404, 3199, 3333, 3049, 3146, 3234, 3237, 3299, 3021, 3461, 3427, 3217, 3334, 3014, 3400, 3357, 3092)
z_dir: 
[[-0.0132895 ]
 [ 0.03503375]
 [ 0.99929777]]
[rosout][INFO] 2019-10-16 18:14:49,523: 
pdc: 
2404
electrode: 
(2991, 3442, 3403, 3199, 3333, 3049, 3146, 3234, 3238, 3299, 3022, 3461, 3426, 3217, 3334, 3014, 3399, 3357, 3092)
z_dir: 
[[-0.00881254]
 [ 0.02998236]
 [ 0.99951158]]
[rosout][INFO] 2019-10-16 18:14:49,533: 
pdc: 
2404
electrode: 
(2990, 3442, 3404, 3199, 3332, 3049, 3146, 3234, 3237, 3300, 3021, 3461, 3426, 3216, 3334, 3014, 3400, 3357, 3092)
z_dir: 
[[-0.01392819]
 [ 0.03597319]
 [ 0.99925569]]
[rosout][INFO] 2019-10-16 18:14:49,543: 
pdc: 
2404
electrode: 
(2990, 3441, 3403, 3199, 3333, 3049, 3146, 3234, 3237, 3299, 3021, 3462, 3426, 3217, 3333, 3014, 3399, 3357, 3092)
z_dir: 
[[-0.01319608]
 [ 0.03507699]
 [ 0.99929749]]
[rosout][INFO] 2019-10-16 18:14:49,563: 
pdc: 
2404
electrode: 
(2989, 3442, 3404, 3199, 3333, 3049, 3146, 3234, 3237, 3299, 3021, 3461, 3427, 3217, 3334, 3014, 3399, 3357, 3092)
z_dir: 
[[-0.0132825 ]
 [ 0.03501932]
 [ 0.99929837]]
[rosout][INFO] 2019-10-16 18:14:49,573: 
pdc: 
2404
electrode: 
(2989, 3441, 3404, 3199, 3332, 3049, 3146, 3234, 3237, 3299, 3021, 3461, 3426, 3217, 3334, 3015, 3399, 3356, 3092)
z_dir: 
[[-0.00953442]
 [ 0.03083392]
 [ 0.99947905]]
[rosout][INFO] 2019-10-16 18:14:49,582: 
pdc: 
2404
electrode: 
(2990, 3442, 3404, 3199, 3332, 3049, 3146, 3234, 3238, 3299, 3021, 3461, 3426, 3217, 3333, 3014, 3399, 3358, 3092)
z_dir: 
[[-0.00957752]
 [ 0.03095033]
 [ 0.99947504]]
[rosout][INFO] 2019-10-16 18:14:49,593: 
pdc: 
2404
electrode: 
(2990, 3442, 3403, 3198, 3332, 3049, 3146, 3234, 3238, 3299, 3021, 3461, 3426, 3217, 3334, 3015, 3400, 3357, 3092)
z_dir: 
[[-0.01392422]
 [ 0.03607786]
 [ 0.99925197]]
[rosout][INFO] 2019-10-16 18:14:49,603: 
pdc: 
2404
electrode: 
(2990, 3442, 3404, 3199, 3332, 3049, 3146, 3234, 3237, 3299, 3021, 3461, 3426, 3217, 3334, 3015, 3399, 3357, 3092)
z_dir: 
[[-0.0088085 ]
 [ 0.02990527]
 [ 0.99951392]]
[rosout][INFO] 2019-10-16 18:14:49,613: 
pdc: 
2404
electrode: 
(2990, 3442, 3404, 3199, 3332, 3049, 3146, 3234, 3238, 3299, 3021, 3461, 3426, 3217, 3334, 3015, 3399, 3357, 3091)
z_dir: 
[[-0.01376578]
 [ 0.03599234]
 [ 0.99925725]]
[rosout][INFO] 2019-10-16 18:14:49,623: 
pdc: 
2404
electrode: 
(2990, 3442, 3404, 3199, 3332, 3049, 3146, 3234, 3238, 3300, 3021, 3460, 3427, 3217, 3334, 3014, 3399, 3357, 3092)
z_dir: 
[[-0.00883991]
 [ 0.0298187 ]
 [ 0.99951623]]
[rosout][INFO] 2019-10-16 18:14:49,633: 
pdc: 
2404
electrode: 
(2990, 3442, 3404, 3199, 3333, 3049, 3147, 3234, 3238, 3299, 3021, 3462, 3426, 3217, 3333, 3015, 3399, 3357, 3091)
z_dir: 
[[-0.0087775 ]
 [ 0.02990339]
 [ 0.99951425]]
[rosout][INFO] 2019-10-16 18:14:49,643: 
pdc: 
2404
electrode: 
(2990, 3442, 3404, 3199, 3333, 3049, 3146, 3234, 3237, 3299, 3021, 3461, 3426, 3217, 3334, 3014, 3400, 3357, 3092)
z_dir: 
[[-0.0132179 ]
 [ 0.03507304]
 [ 0.99929734]]
[rosout][INFO] 2019-10-16 18:14:49,653: 
pdc: 
2404
electrode: 
(2990, 3442, 3404, 3199, 3332, 3049, 3146, 3234, 3237, 3300, 3021, 3461, 3426, 3217, 3333, 3014, 3399, 3357, 3092)
z_dir: 
[[-0.00955461]
 [ 0.03093465]
 [ 0.99947574]]
[rosout][INFO] 2019-10-16 18:14:49,663: 
pdc: 
2404
electrode: 
(2990, 3442, 3403, 3199, 3332, 3049, 3146, 3234, 3237, 3299, 3022, 3461, 3426, 3217, 3334, 3014, 3400, 3357, 3092)
z_dir: 
[[-0.01328395]
 [ 0.03500852]
 [ 0.99929872]]
[rosout][INFO] 2019-10-16 18:14:49,673: 
pdc: 
2404
electrode: 
(2990, 3442, 3404, 3199, 3333, 3050, 3146, 3234, 3237, 3300, 3021, 3461, 3426, 3217, 3334, 3014, 3399, 3357, 3093)
z_dir: 
[[-0.00879942]
 [ 0.0299152 ]
 [ 0.99951371]]
[rosout][INFO] 2019-10-16 18:14:49,683: 
pdc: 
2404
electrode: 
(2989, 3442, 3404, 3199, 3333, 3049, 3146, 3234, 3238, 3300, 3021, 3461, 3426, 3217, 3333, 3015, 3399, 3357, 3092)
z_dir: 
[[-0.01392434]
 [ 0.0360407 ]
 [ 0.99925331]]
[rosout][INFO] 2019-10-16 18:14:49,693: 
pdc: 
2404
electrode: 
(2991, 3442, 3404, 3199, 3332, 3048, 3146, 3234, 3238, 3299, 3021, 3461, 3427, 3217, 3334, 3014, 3399, 3357, 3092)
z_dir: 
[[-0.01313353]
 [ 0.03492392]
 [ 0.99930367]]
[rosout][INFO] 2019-10-16 18:14:49,703: 
pdc: 
2404
electrode: 
(2989, 3443, 3404, 3200, 3332, 3049, 3146, 3234, 3238, 3299, 3022, 3461, 3426, 3218, 3333, 3014, 3399, 3357, 3092)
z_dir: 
[[-0.0087803 ]
 [ 0.02986375]
 [ 0.99951541]]
[rosout][INFO] 2019-10-16 18:14:49,713: 
pdc: 
2404
electrode: 
(2990, 3441, 3403, 3200, 3332, 3049, 3146, 3234, 3237, 3299, 3022, 3460, 3426, 3217, 3334, 3014, 3399, 3357, 3092)
z_dir: 
[[-0.01381736]
 [ 0.03604395]
 [ 0.99925468]]
[rosout][INFO] 2019-10-16 18:14:49,733: 
pdc: 
2404
electrode: 
(2990, 3442, 3404, 3199, 3333, 3049, 3145, 3234, 3238, 3299, 3022, 3461, 3427, 3218, 3334, 3015, 3399, 3357, 3092)
z_dir: 
[[-0.00883093]
 [ 0.0299304 ]
 [ 0.99951297]]
[rosout][INFO] 2019-10-16 18:14:49,743: 
pdc: 
2404
electrode: 
(2990, 3441, 3404, 3199, 3333, 3049, 3147, 3234, 3238, 3300, 3021, 3461, 3426, 3217, 3333, 3015, 3398, 3357, 3092)
z_dir: 
[[-0.01392491]
 [ 0.03602348]
 [ 0.99925392]]
[rosout][INFO] 2019-10-16 18:14:49,753: 
pdc: 
2404
electrode: 
(2990, 3442, 3404, 3199, 3333, 3049, 3146, 3234, 3237, 3299, 3021, 3462, 3426, 3217, 3333, 3014, 3400, 3357, 3093)
z_dir: 
[[-0.00879843]
 [ 0.02995002]
 [ 0.99951267]]
[rosout][INFO] 2019-10-16 18:14:49,773: 
pdc: 
2404
electrode: 
(2989, 3442, 3404, 3199, 3332, 3050, 3146, 3234, 3238, 3299, 3022, 3461, 3426, 3217, 3334, 3015, 3400, 3357, 3092)
z_dir: 
[[-0.00879826]
 [ 0.02991805]
 [ 0.99951363]]
[rosout][INFO] 2019-10-16 18:14:49,783: 
pdc: 
2404
electrode: 
(2990, 3441, 3403, 3199, 3333, 3049, 3146, 3234, 3238, 3299, 3022, 3461, 3426, 3217, 3334, 3014, 3399, 3358, 3092)
z_dir: 
[[-0.00949711]
 [ 0.030968  ]
 [ 0.99947526]]
[rosout][INFO] 2019-10-16 18:14:49,793: 
pdc: 
2404
electrode: 
(2990, 3441, 3403, 3199, 3332, 3049, 3146, 3234, 3237, 3299, 3022, 3461, 3426, 3217, 3334, 3014, 3398, 3357, 3092)
z_dir: 
[[-0.01389568]
 [ 0.03601443]
 [ 0.99925466]]
[rosout][INFO] 2019-10-16 18:14:49,803: 
pdc: 
2404
electrode: 
(2990, 3442, 3404, 3199, 3333, 3049, 3146, 3234, 3237, 3299, 3021, 3461, 3426, 3217, 3334, 3015, 3399, 3358, 3093)
z_dir: 
[[-0.0095182 ]
 [ 0.03083736]
 [ 0.99947909]]
[rosout][INFO] 2019-10-16 18:14:49,813: 
pdc: 
2404
electrode: 
(2990, 3441, 3404, 3199, 3333, 3049, 3146, 3234, 3237, 3300, 3022, 3461, 3426, 3217, 3333, 3015, 3400, 3357, 3092)
z_dir: 
[[-0.01393408]
 [ 0.03617213]
 [ 0.99924843]]
[rosout][INFO] 2019-10-16 18:14:49,823: 
pdc: 
2404
electrode: 
(2990, 3441, 3403, 3199, 3333, 3049, 3146, 3234, 3238, 3299, 3022, 3461, 3427, 3217, 3334, 3015, 3400, 3357, 3092)
z_dir: 
[[-0.00881096]
 [ 0.02988835]
 [ 0.99951441]]
[rosout][INFO] 2019-10-16 18:14:49,833: 
pdc: 
2404
electrode: 
(2990, 3442, 3403, 3199, 3333, 3048, 3146, 3235, 3238, 3299, 3021, 3461, 3426, 3217, 3333, 3014, 3399, 3357, 3093)
z_dir: 
[[-0.00953335]
 [ 0.03092882]
 [ 0.99947612]]
[rosout][INFO] 2019-10-16 18:14:49,843: 
pdc: 
2404
electrode: 
(2990, 3441, 3404, 3199, 3333, 3049, 3146, 3234, 3239, 3299, 3021, 3462, 3426, 3217, 3333, 3015, 3399, 3357, 3092)
z_dir: 
[[-0.01384772]
 [ 0.036104  ]
 [ 0.99925209]]
[rosout][INFO] 2019-10-16 18:14:49,853: 
pdc: 
2404
electrode: 
(2990, 3442, 3403, 3200, 3333, 3049, 3147, 3235, 3238, 3299, 3021, 3461, 3427, 3217, 3334, 3015, 3399, 3357, 3092)
z_dir: 
[[-0.0088369 ]
 [ 0.02986211]
 [ 0.99951496]]
[rosout][INFO] 2019-10-16 18:14:49,863: 
pdc: 
2404
electrode: 
(2990, 3442, 3404, 3199, 3333, 3050, 3146, 3234, 3237, 3300, 3022, 3461, 3426, 3217, 3334, 3015, 3399, 3357, 3092)
z_dir: 
[[-0.01387333]
 [ 0.03597633]
 [ 0.99925634]]
[rosout][INFO] 2019-10-16 18:14:49,873: 
pdc: 
2404
electrode: 
(2990, 3442, 3404, 3199, 3333, 3050, 3145, 3234, 3237, 3300, 3021, 3461, 3426, 3217, 3334, 3014, 3399, 3357, 3092)
z_dir: 
[[-0.00946996]
 [ 0.03082879]
 [ 0.99947982]]
[rosout][INFO] 2019-10-16 18:14:49,883: 
pdc: 
2404
electrode: 
(2990, 3442, 3404, 3199, 3333, 3049, 3146, 3234, 3238, 3299, 3022, 3462, 3427, 3217, 3334, 3014, 3400, 3358, 3092)
z_dir: 
[[-0.01320947]
 [ 0.03502232]
 [ 0.99929923]]
[rosout][INFO] 2019-10-16 18:14:49,893: 
pdc: 
2404
electrode: 
(2990, 3441, 3403, 3199, 3333, 3049, 3146, 3233, 3238, 3300, 3021, 3461, 3427, 3217, 3333, 3015, 3399, 3357, 3092)
z_dir: 
[[-0.01400016]
 [ 0.03608002]
 [ 0.99925083]]
[rosout][INFO] 2019-10-16 18:14:49,903: 
pdc: 
2404
electrode: 
(2990, 3442, 3404, 3200, 3332, 3049, 3146, 3234, 3238, 3300, 3021, 3461, 3426, 3217, 3334, 3015, 3399, 3357, 3092)
z_dir: 
[[-0.00888865]
 [ 0.0299028 ]
 [ 0.99951329]]
[rosout][INFO] 2019-10-16 18:14:49,913: 
pdc: 
2404
electrode: 
(2990, 3442, 3404, 3199, 3333, 3049, 3146, 3234, 3237, 3299, 3022, 3461, 3426, 3217, 3334, 3015, 3399, 3358, 3092)
z_dir: 
[[-0.01392061]
 [ 0.03602287]
 [ 0.99925401]]
[rosout][INFO] 2019-10-16 18:14:49,923: 
pdc: 
2404
electrode: 
(2990, 3442, 3404, 3199, 3333, 3049, 3146, 3234, 3237, 3300, 3022, 3461, 3426, 3217, 3333, 3015, 3399, 3357, 3092)
z_dir: 
[[-0.00952262]
 [ 0.03084966]
 [ 0.99947867]]
[rosout][INFO] 2019-10-16 18:14:49,933: 
pdc: 
2404
electrode: 
(2990, 3442, 3404, 3199, 3332, 3049, 3146, 3234, 3237, 3300, 3022, 3461, 3427, 3218, 3334, 3015, 3400, 3358, 3092)
z_dir: 
[[-0.00943102]
 [ 0.03088718]
 [ 0.99947838]]
[rosout][INFO] 2019-10-16 18:14:49,943: 
pdc: 
2404
electrode: 
(2990, 3442, 3404, 3199, 3333, 3049, 3146, 3234, 3238, 3299, 3022, 3461, 3426, 3217, 3334, 3014, 3399, 3357, 3092)
z_dir: 
[[-0.01323044]
 [ 0.03503324]
 [ 0.99929857]]
[rosout][INFO] 2019-10-16 18:14:49,953: 
pdc: 
2404
electrode: 
(2990, 3442, 3404, 3199, 3333, 3049, 3146, 3235, 3238, 3300, 3022, 3461, 3427, 3217, 3334, 3014, 3399, 3357, 3092)
z_dir: 
[[-0.00883462]
 [ 0.02992385]
 [ 0.99951314]]
[rosout][INFO] 2019-10-16 18:14:49,973: 
pdc: 
2404
electrode: 
(2990, 3442, 3403, 3199, 3333, 3049, 3146, 3234, 3238, 3300, 3021, 3461, 3426, 3217, 3334, 3015, 3400, 3357, 3092)
z_dir: 
[[-0.00959284]
 [ 0.03094487]
 [ 0.99947506]]
[rosout][INFO] 2019-10-16 18:14:49,983: 
pdc: 
2404
electrode: 
(2990, 3442, 3404, 3199, 3333, 3049, 3146, 3234, 3238, 3299, 3021, 3461, 3426, 3217, 3334, 3014, 3400, 3358, 3092)
z_dir: 
[[-0.0095517 ]
 [ 0.0309226 ]
 [ 0.99947614]]
[rosout][INFO] 2019-10-16 18:14:49,993: 
pdc: 
2404
electrode: 
(2990, 3442, 3404, 3199, 3332, 3049, 3146, 3234, 3238, 3300, 3022, 3461, 3426, 3217, 3333, 3014, 3399, 3358, 3093)
z_dir: 
[[-0.01320797]
 [ 0.03500628]
 [ 0.99929981]]
[rosout][INFO] 2019-10-16 18:14:50,003: 
pdc: 
2404
electrode: 
(2989, 3443, 3404, 3199, 3333, 3049, 3146, 3234, 3237, 3300, 3022, 3461, 3427, 3217, 3333, 3014, 3400, 3357, 3092)
z_dir: 
[[-0.0088375 ]
 [ 0.02989831]
 [ 0.99951388]]
[rosout][INFO] 2019-10-16 18:14:50,013: 
pdc: 
2404
electrode: 
(2990, 3442, 3404, 3199, 3332, 3049, 3146, 3234, 3238, 3300, 3021, 3461, 3426, 3217, 3333, 3015, 3399, 3358, 3092)
z_dir: 
[[-0.01322388]
 [ 0.03508712]
 [ 0.99929676]]
[rosout][INFO] 2019-10-16 18:14:50,023: 
pdc: 
2404
electrode: 
(2990, 3442, 3404, 3198, 3333, 3049, 3146, 3235, 3238, 3299, 3022, 3461, 3427, 3218, 3333, 3015, 3399, 3358, 3092)
z_dir: 
[[-0.00946365]
 [ 0.03098942]
 [ 0.99947491]]
[rosout][INFO] 2019-10-16 18:14:50,033: 
pdc: 
2404
electrode: 
(2990, 3442, 3404, 3200, 3333, 3049, 3147, 3234, 3238, 3300, 3022, 3462, 3427, 3218, 3334, 3015, 3399, 3357, 3092)
z_dir: 
[[-0.00885097]
 [ 0.02995571]
 [ 0.99951204]]
[rosout][INFO] 2019-10-16 18:14:50,043: 
pdc: 
2404
electrode: 
(2989, 3442, 3405, 3200, 3333, 3050, 3147, 3234, 3238, 3299, 3021, 3461, 3427, 3217, 3334, 3015, 3399, 3357, 3091)
z_dir: 
[[-0.01324293]
 [ 0.03502242]
 [ 0.99929878]]
[rosout][INFO] 2019-10-16 18:14:50,053: 
pdc: 
2404
electrode: 
(2990, 3442, 3404, 3199, 3333, 3049, 3146, 3234, 3238, 3300, 3021, 3461, 3426, 3217, 3333, 3015, 3400, 3357, 3092)
z_dir: 
[[-0.00951005]
 [ 0.03092684]
 [ 0.99947641]]
[rosout][INFO] 2019-10-16 18:14:50,063: 
pdc: 
2404
electrode: 
(2990, 3442, 3404, 3199, 3333, 3049, 3146, 3234, 3237, 3300, 3022, 3461, 3426, 3217, 3334, 3015, 3399, 3358, 3092)
z_dir: 
[[-0.01390378]
 [ 0.03601786]
 [ 0.99925442]]
[rospy.core][INFO] 2019-10-16 18:14:50,073: signal_shutdown [signal-2]
[rosout][INFO] 2019-10-16 18:14:50,073: 
pdc: 
2404
electrode: 
(2990, 3442, 3404, 3199, 3333, 3049, 3147, 3234, 3237, 3299, 3021, 3461, 3427, 3217, 3334, 3015, 3399, 3357, 3092)
z_dir: 
[[-0.00955755]
 [ 0.03092255]
 [ 0.99947609]]
[rospy.internal][INFO] 2019-10-16 18:14:50,079: topic[/rosout] removing connection to /rosout
[rospy.internal][INFO] 2019-10-16 18:14:50,080: topic[/biotac_pub] removing connection to http://student-lasa:33843/
[rospy.internal][INFO] 2019-10-16 18:14:50,080: topic[/vrpn_client_node/normalSurface/pose] removing connection to http://student-lasa:45067/
[rospy.internal][INFO] 2019-10-16 18:14:50,080: topic[/vrpn_client_node/baseHand/pose] removing connection to http://student-lasa:45067/
[rospy.impl.masterslave][INFO] 2019-10-16 18:14:50,081: signal-2
[rospy.core][INFO] 2019-10-16 18:14:50,212: signal_shutdown [atexit]
