[rospy.client][INFO] 2019-10-16 18:15:18,167: init_node, name[/biochip_listener_15258_1571242518150], pid[15258]
[xmlrpc][INFO] 2019-10-16 18:15:18,167: XML-RPC server binding to 0.0.0.0:0
[xmlrpc][INFO] 2019-10-16 18:15:18,167: Started XML-RPC server [http://student-lasa:34779/]
[rospy.init][INFO] 2019-10-16 18:15:18,167: ROS Slave URI: [http://student-lasa:34779/]
[rospy.impl.masterslave][INFO] 2019-10-16 18:15:18,167: _ready: http://student-lasa:34779/
[rospy.registration][INFO] 2019-10-16 18:15:18,168: Registering with master node http://localhost:11311
[xmlrpc][INFO] 2019-10-16 18:15:18,168: xml rpc node: starting XML-RPC server
[rospy.init][INFO] 2019-10-16 18:15:18,268: registered with master
[rospy.rosout][INFO] 2019-10-16 18:15:18,268: initializing /rosout core topic
[rospy.rosout][INFO] 2019-10-16 18:15:18,272: connected to core topic /rosout
[rospy.simtime][INFO] 2019-10-16 18:15:18,274: /use_sim_time is not set, will not subscribe to simulated time [/clock] topic
[rospy.internal][INFO] 2019-10-16 18:15:18,333: topic[/vrpn_client_node/baseHand/pose] adding connection to [http://student-lasa:45067/], count 0
[rospy.internal][INFO] 2019-10-16 18:15:18,335: topic[/vrpn_client_node/normalSurface/pose] adding connection to [http://student-lasa:45067/], count 0
[rospy.internal][INFO] 2019-10-16 18:15:18,336: topic[/biotac_pub] adding connection to [http://student-lasa:33843/], count 0
[rospy.internal][INFO] 2019-10-16 18:15:18,560: topic[/rosout] adding connection to [/rosout], count 0
[rosout][INFO] 2019-10-16 18:15:27,021: 
pdc: 
2401
electrode: 
(2991, 3445, 3411, 3213, 3346, 3065, 3149, 3238, 3240, 3305, 3029, 3473, 3440, 3239, 3348, 3034, 3405, 3367, 3102)
z_dir: 
[[-0.2805029 ]
 [ 0.12427369]
 [ 0.95177423]]
[rosout][INFO] 2019-10-16 18:15:27,791: 
pdc: 
2623
electrode: 
(3075, 3457, 3429, 3258, 3375, 3112, 3136, 3222, 3219, 3283, 3121, 3484, 3461, 3296, 3382, 3099, 3396, 3389, 3143)
z_dir: 
[[-0.32574215]
 [ 0.12548255]
 [ 0.93709454]]
[rosout][INFO] 2019-10-16 18:15:27,867: 
pdc: 
2657
electrode: 
(3084, 3457, 3432, 3264, 3380, 3119, 3127, 3214, 3206, 3273, 3131, 3483, 3464, 3303, 3386, 3109, 3391, 3393, 3149)
z_dir: 
[[-0.34688747]
 [ 0.13550372]
 [ 0.92806672]]
[rosout][INFO] 2019-10-16 18:15:27,962: 
pdc: 
2696
electrode: 
(3094, 3459, 3435, 3273, 3385, 3131, 3110, 3202, 3181, 3254, 3132, 3480, 3465, 3310, 3391, 3120, 3385, 3398, 3157)
z_dir: 
[[-0.37056188]
 [ 0.15269726]
 [ 0.91616998]]
[rosout][INFO] 2019-10-16 18:15:28,072: 
pdc: 
2727
electrode: 
(3106, 3461, 3438, 3282, 3391, 3139, 3090, 3190, 3143, 3235, 3118, 3476, 3467, 3315, 3396, 3127, 3383, 3403, 3164)
z_dir: 
[[-0.40480772]
 [ 0.17407361]
 [ 0.89767984]]
[rosout][INFO] 2019-10-16 18:15:28,193: 
pdc: 
2746
electrode: 
(3118, 3465, 3442, 3287, 3395, 3147, 3066, 3181, 3098, 3221, 3094, 3472, 3467, 3315, 3398, 3130, 3385, 3405, 3170)
z_dir: 
[[-0.44290399]
 [ 0.18760299]
 [ 0.87672183]]
[rosout][INFO] 2019-10-16 18:15:28,607: 
pdc: 
2662
electrode: 
(3115, 3467, 3440, 3280, 3389, 3135, 3109, 3209, 3176, 3263, 3099, 3477, 3463, 3298, 3388, 3108, 3394, 3398, 3156)
z_dir: 
[[-0.41354992]
 [ 0.15423149]
 [ 0.8973233 ]]
[rosout][INFO] 2019-10-16 18:15:28,741: 
pdc: 
2452
electrode: 
(3043, 3456, 3422, 3239, 3361, 3088, 3149, 3237, 3237, 3302, 3053, 3477, 3446, 3256, 3358, 3054, 3405, 3376, 3116)
z_dir: 
[[-0.26926666]
 [ 0.09612735]
 [ 0.95825623]]
[rosout][INFO] 2019-10-16 18:15:28,770: 
pdc: 
2415
electrode: 
(3020, 3452, 3418, 3227, 3354, 3077, 3150, 3238, 3239, 3303, 3036, 3474, 3442, 3245, 3352, 3044, 3406, 3371, 3109)
z_dir: 
[[-0.23756937]
 [ 0.08939224]
 [ 0.96724858]]
[rosout][INFO] 2019-10-16 18:15:29,014: 
pdc: 
2398
electrode: 
(2995, 3448, 3413, 3216, 3348, 3068, 3148, 3236, 3240, 3304, 3027, 3473, 3440, 3240, 3348, 3036, 3405, 3367, 3104)
z_dir: 
[[-0.10615769]
 [ 0.13187538]
 [ 0.98556554]]
[rosout][INFO] 2019-10-16 18:15:29,174: 
pdc: 
2505
electrode: 
(3048, 3458, 3425, 3253, 3363, 3102, 3156, 3244, 3242, 3303, 3052, 3473, 3441, 3258, 3354, 3057, 3397, 3368, 3110)
z_dir: 
[[-0.08534418]
 [ 0.12702604]
 [ 0.98822101]]
[rosout][INFO] 2019-10-16 18:15:29,412: 
pdc: 
2818
electrode: 
(3118, 3461, 3426, 3295, 3368, 3155, 3173, 3248, 3251, 3290, 3169, 3477, 3439, 3323, 3358, 3137, 3321, 3325, 3072)
z_dir: 
[[-0.07316354]
 [ 0.12482534]
 [ 0.9894775 ]]
[rosout][INFO] 2019-10-16 18:15:29,532: 
pdc: 
2919
electrode: 
(3149, 3461, 3423, 3311, 3363, 3175, 3177, 3248, 3249, 3279, 3190, 3471, 3430, 3335, 3350, 3157, 3261, 3277, 3007)
z_dir: 
[[-0.06670265]
 [ 0.11360274]
 [ 0.99128461]]
[rosout][INFO] 2019-10-16 18:15:29,572: 
pdc: 
2960
electrode: 
(3165, 3461, 3420, 3318, 3360, 3183, 3178, 3248, 3248, 3273, 3196, 3466, 3424, 3337, 3343, 3163, 3226, 3248, 2966)
z_dir: 
[[-0.06174752]
 [ 0.10860237]
 [ 0.9921657 ]]
[rosout][INFO] 2019-10-16 18:15:30,018: 
pdc: 
3009
electrode: 
(3163, 3397, 3392, 3320, 3369, 3192, 3122, 3166, 3192, 3154, 3200, 3460, 3448, 3362, 3397, 3208, 2867, 3322, 3117)
z_dir: 
[[-0.13333036]
 [-0.04208143]
 [ 0.99017785]]
[rosout][INFO] 2019-10-16 18:15:30,073: 
pdc: 
3005
electrode: 
(3160, 3385, 3388, 3318, 3368, 3191, 3117, 3157, 3190, 3146, 3200, 3462, 3452, 3363, 3400, 3208, 2870, 3328, 3125)
z_dir: 
[[-0.13802979]
 [-0.06188376]
 [ 0.98849288]]
[rosout][INFO] 2019-10-16 18:15:30,111: 
pdc: 
2998
electrode: 
(3157, 3380, 3384, 3316, 3366, 3188, 3117, 3156, 3192, 3150, 3198, 3465, 3455, 3364, 3402, 3208, 2903, 3331, 3128)
z_dir: 
[[-0.13741738]
 [-0.07916466]
 [ 0.98734463]]
[rosout][INFO] 2019-10-16 18:15:30,183: 
pdc: 
2997
electrode: 
(3153, 3365, 3379, 3313, 3365, 3187, 3114, 3146, 3190, 3144, 3199, 3467, 3456, 3364, 3403, 3210, 2908, 3334, 3132)
z_dir: 
[[-0.1433251 ]
 [-0.0975775 ]
 [ 0.98485357]]
[rosout][INFO] 2019-10-16 18:15:30,222: 
pdc: 
2993
electrode: 
(3150, 3358, 3376, 3312, 3364, 3184, 3112, 3142, 3189, 3140, 3200, 3469, 3457, 3365, 3405, 3210, 2912, 3337, 3135)
z_dir: 
[[-0.14118167]
 [-0.10891364]
 [ 0.98397437]]
[rosout][INFO] 2019-10-16 18:15:30,512: 
pdc: 
2392
electrode: 
(2996, 3449, 3412, 3215, 3349, 3069, 3147, 3234, 3239, 3300, 3021, 3466, 3439, 3236, 3349, 3037, 3402, 3368, 3105)
z_dir: 
[[-0.24594512]
 [-0.09524598]
 [ 0.96459276]]
[rosout][INFO] 2019-10-16 18:15:30,556: 
pdc: 
2394
electrode: 
(2997, 3448, 3412, 3216, 3348, 3068, 3146, 3235, 3239, 3299, 3020, 3465, 3439, 3236, 3349, 3036, 3403, 3368, 3104)
z_dir: 
[[-0.286372  ]
 [-0.08476663]
 [ 0.95436141]]
[rosout][INFO] 2019-10-16 18:15:30,742: 
pdc: 
2397
electrode: 
(2995, 3447, 3412, 3215, 3348, 3066, 3146, 3234, 3238, 3300, 3020, 3465, 3439, 3235, 3348, 3034, 3402, 3367, 3104)
z_dir: 
[[-0.39917746]
 [-0.1615491 ]
 [ 0.90252936]]
[rosout][INFO] 2019-10-16 18:15:30,783: 
pdc: 
2396
electrode: 
(2995, 3447, 3412, 3215, 3348, 3066, 3147, 3234, 3238, 3300, 3020, 3466, 3439, 3235, 3349, 3034, 3402, 3368, 3104)
z_dir: 
[[-0.4439116 ]
 [-0.14541566]
 [ 0.88419272]]
[rosout][INFO] 2019-10-16 18:15:31,037: 
pdc: 
2485
electrode: 
(3020, 3452, 3420, 3230, 3360, 3085, 3143, 3230, 3242, 3303, 3075, 3477, 3452, 3263, 3366, 3066, 3408, 3381, 3125)
z_dir: 
[[-0.51463738]
 [-0.11450836]
 [ 0.84972713]]
[rosout][INFO] 2019-10-16 18:15:31,074: 
pdc: 
2504
electrode: 
(3028, 3454, 3422, 3235, 3364, 3091, 3139, 3226, 3241, 3303, 3086, 3479, 3455, 3269, 3370, 3073, 3410, 3384, 3129)
z_dir: 
[[-0.51668229]
 [-0.10820888]
 [ 0.84931163]]
[rosout][INFO] 2019-10-16 18:15:31,191: 
pdc: 
2524
electrode: 
(3048, 3457, 3427, 3244, 3369, 3100, 3135, 3224, 3238, 3302, 3086, 3478, 3457, 3272, 3374, 3079, 3409, 3386, 3135)
z_dir: 
[[-0.50365264]
 [-0.10954782]
 [ 0.85693249]]
[rosout][INFO] 2019-10-16 18:15:31,221: 
pdc: 
2526
electrode: 
(3045, 3456, 3426, 3244, 3369, 3100, 3134, 3222, 3238, 3301, 3091, 3480, 3457, 3274, 3375, 3079, 3409, 3387, 3135)
z_dir: 
[[-0.50199087]
 [-0.11156547]
 [ 0.85764696]]
[rosout][INFO] 2019-10-16 18:15:31,280: 
pdc: 
2535
electrode: 
(3048, 3456, 3426, 3245, 3370, 3101, 3133, 3221, 3237, 3301, 3096, 3482, 3458, 3276, 3376, 3082, 3410, 3388, 3136)
z_dir: 
[[-0.50358217]
 [-0.10675534]
 [ 0.85732625]]
[rosout][INFO] 2019-10-16 18:15:31,353: 
pdc: 
2515
electrode: 
(3043, 3455, 3424, 3241, 3367, 3096, 3137, 3225, 3239, 3302, 3089, 3479, 3456, 3271, 3372, 3075, 3410, 3385, 3132)
z_dir: 
[[-0.50679983]
 [-0.0975458 ]
 [ 0.85652714]]
[rosout][INFO] 2019-10-16 18:15:31,419: 
pdc: 
2480
electrode: 
(3035, 3455, 3422, 3236, 3362, 3089, 3142, 3230, 3241, 3304, 3071, 3476, 3451, 3261, 3365, 3063, 3409, 3380, 3123)
z_dir: 
[[-0.50997566]
 [-0.09212414]
 [ 0.85524147]]
[rosout][INFO] 2019-10-16 18:15:31,558: 
pdc: 
2444
electrode: 
(3013, 3452, 3418, 3225, 3356, 3078, 3145, 3233, 3241, 3303, 3054, 3473, 3447, 3251, 3359, 3053, 3407, 3375, 3116)
z_dir: 
[[-0.51039526]
 [-0.07782443]
 [ 0.85641114]]
[rosout][INFO] 2019-10-16 18:15:31,686: 
pdc: 
2458
electrode: 
(3012, 3451, 3419, 3227, 3356, 3081, 3144, 3232, 3241, 3304, 3065, 3476, 3449, 3258, 3362, 3058, 3407, 3378, 3119)
z_dir: 
[[-0.51176548]
 [-0.06345763]
 [ 0.8567784 ]]
[rosout][INFO] 2019-10-16 18:15:31,720: 
pdc: 
2461
electrode: 
(3012, 3451, 3419, 3227, 3357, 3081, 3143, 3232, 3242, 3304, 3069, 3476, 3450, 3259, 3364, 3060, 3408, 3378, 3120)
z_dir: 
[[-0.51281645]
 [-0.06175376]
 [ 0.85627435]]
[rosout][INFO] 2019-10-16 18:15:31,851: 
pdc: 
2458
electrode: 
(3020, 3453, 3420, 3229, 3358, 3082, 3144, 3233, 3241, 3304, 3059, 3474, 3448, 3255, 3361, 3057, 3408, 3377, 3118)
z_dir: 
[[-0.51505935]
 [-0.06713288]
 [ 0.85452153]]
[rosout][INFO] 2019-10-16 18:15:31,893: 
pdc: 
2453
electrode: 
(3020, 3452, 3420, 3228, 3358, 3081, 3144, 3234, 3240, 3304, 3053, 3472, 3447, 3253, 3360, 3054, 3407, 3377, 3117)
z_dir: 
[[-0.51378811]
 [-0.06869407]
 [ 0.8551625 ]]
[rosout][INFO] 2019-10-16 18:15:31,971: 
pdc: 
2450
electrode: 
(3022, 3454, 3420, 3229, 3358, 3081, 3144, 3234, 3240, 3304, 3048, 3472, 3446, 3250, 3358, 3052, 3407, 3376, 3116)
z_dir: 
[[-0.51265482]
 [-0.07629745]
 [ 0.85519807]]
[rosout][INFO] 2019-10-16 18:15:31,999: 
pdc: 
2450
electrode: 
(3023, 3454, 3419, 3229, 3358, 3081, 3144, 3234, 3239, 3303, 3046, 3472, 3446, 3250, 3358, 3051, 3407, 3376, 3117)
z_dir: 
[[-0.51228101]
 [-0.07862672]
 [ 0.85521109]]
[rosout][INFO] 2019-10-16 18:15:32,022: 
pdc: 
2451
electrode: 
(3024, 3453, 3420, 3230, 3358, 3081, 3145, 3234, 3240, 3304, 3046, 3472, 3446, 3251, 3358, 3051, 3406, 3376, 3117)
z_dir: 
[[-0.51177659]
 [-0.07983719]
 [ 0.85540093]]
[rosout][INFO] 2019-10-16 18:15:32,032: 
pdc: 
2452
electrode: 
(3024, 3454, 3420, 3230, 3358, 3082, 3144, 3234, 3240, 3304, 3047, 3472, 3446, 3251, 3359, 3052, 3407, 3376, 3118)
z_dir: 
[[-0.51195978]
 [-0.08031944]
 [ 0.85524614]]
[rosout][INFO] 2019-10-16 18:15:32,063: 
pdc: 
2458
electrode: 
(3024, 3454, 3421, 3231, 3358, 3083, 3144, 3234, 3239, 3304, 3051, 3472, 3447, 3253, 3360, 3054, 3408, 3378, 3118)
z_dir: 
[[-0.51187923]
 [-0.0807814 ]
 [ 0.85525085]]
[rosout][INFO] 2019-10-16 18:15:32,098: 
pdc: 
2461
electrode: 
(3025, 3453, 3421, 3232, 3360, 3084, 3143, 3233, 3240, 3304, 3055, 3474, 3448, 3255, 3361, 3056, 3407, 3378, 3120)
z_dir: 
[[-0.51247991]
 [-0.08061668]
 [ 0.8549066 ]]
[rosout][INFO] 2019-10-16 18:15:32,146: 
pdc: 
2465
electrode: 
(3023, 3454, 3421, 3231, 3359, 3084, 3143, 3233, 3240, 3304, 3058, 3474, 3449, 3256, 3362, 3058, 3408, 3378, 3120)
z_dir: 
[[-0.513472  ]
 [-0.07771935]
 [ 0.85457955]]
[rosout][INFO] 2019-10-16 18:15:32,234: 
pdc: 
2508
electrode: 
(3039, 3457, 3425, 3241, 3366, 3096, 3136, 3229, 3238, 3304, 3079, 3479, 3454, 3269, 3371, 3073, 3411, 3385, 3132)
z_dir: 
[[-0.51976252]
 [-0.06588976]
 [ 0.85176608]]
[rosout][INFO] 2019-10-16 18:15:32,293: 
pdc: 
2529
electrode: 
(3044, 3458, 3427, 3246, 3371, 3102, 3131, 3225, 3236, 3304, 3091, 3482, 3458, 3275, 3376, 3083, 3412, 3389, 3138)
z_dir: 
[[-0.52357984]
 [-0.05699548]
 [ 0.85006804]]
[rosout][INFO] 2019-10-16 18:15:32,332: 
pdc: 
2534
electrode: 
(3047, 3458, 3429, 3248, 3372, 3105, 3129, 3223, 3235, 3303, 3093, 3482, 3459, 3278, 3378, 3085, 3412, 3390, 3140)
z_dir: 
[[-0.52473815]
 [-0.05509924]
 [ 0.84947863]]
[rosout][INFO] 2019-10-16 18:15:32,468: 
pdc: 
2572
electrode: 
(3047, 3460, 3432, 3255, 3379, 3115, 3116, 3211, 3230, 3299, 3115, 3487, 3465, 3291, 3388, 3102, 3413, 3397, 3152)
z_dir: 
[[-0.52956978]
 [-0.04836784]
 [ 0.84688629]]
[rosout][INFO] 2019-10-16 18:15:32,489: 
pdc: 
2579
electrode: 
(3044, 3459, 3432, 3255, 3379, 3116, 3112, 3207, 3229, 3297, 3121, 3489, 3467, 3296, 3390, 3107, 3413, 3397, 3154)
z_dir: 
[[-0.53003021]
 [-0.04803119]
 [ 0.84661738]]
[rosout][INFO] 2019-10-16 18:15:32,528: 
pdc: 
2589
electrode: 
(3042, 3459, 3432, 3256, 3381, 3118, 3108, 3203, 3227, 3295, 3129, 3490, 3469, 3299, 3391, 3112, 3413, 3399, 3157)
z_dir: 
[[-0.53489887]
 [-0.04074968]
 [ 0.84393286]]
[rosout][INFO] 2019-10-16 18:15:32,564: 
pdc: 
2605
electrode: 
(3039, 3457, 3432, 3257, 3382, 3121, 3099, 3194, 3224, 3291, 3139, 3493, 3471, 3306, 3397, 3119, 3412, 3401, 3160)
z_dir: 
[[-0.53650506]
 [-0.03793385]
 [ 0.84304409]]
[rosout][INFO] 2019-10-16 18:15:32,585: 
pdc: 
2610
electrode: 
(3036, 3457, 3433, 3258, 3383, 3123, 3094, 3190, 3222, 3288, 3143, 3493, 3473, 3309, 3398, 3122, 3413, 3403, 3164)
z_dir: 
[[-0.53797884]
 [-0.03510302]
 [ 0.84222713]]
[rosout][INFO] 2019-10-16 18:15:32,624: 
pdc: 
2621
electrode: 
(3033, 3456, 3433, 3258, 3385, 3124, 3089, 3184, 3218, 3286, 3149, 3494, 3473, 3312, 3400, 3128, 3412, 3405, 3165)
z_dir: 
[[-0.5393192 ]
 [-0.03291576]
 [ 0.84145788]]
[rosout][INFO] 2019-10-16 18:15:32,660: 
pdc: 
2634
electrode: 
(3034, 3457, 3435, 3261, 3387, 3127, 3081, 3177, 3213, 3281, 3152, 3495, 3476, 3315, 3403, 3132, 3411, 3406, 3169)
z_dir: 
[[-0.54017052]
 [-0.03027504]
 [ 0.84101084]]
[rosout][INFO] 2019-10-16 18:15:32,697: 
pdc: 
2647
electrode: 
(3037, 3457, 3435, 3264, 3388, 3131, 3071, 3169, 3207, 3275, 3154, 3496, 3477, 3318, 3405, 3136, 3411, 3408, 3173)
z_dir: 
[[-0.54040458]
 [-0.02675882]
 [ 0.8409797 ]]
[rosout][INFO] 2019-10-16 18:15:32,887: 
pdc: 
2707
electrode: 
(3045, 3458, 3442, 3278, 3399, 3150, 3011, 3112, 3164, 3235, 3159, 3497, 3481, 3332, 3416, 3156, 3404, 3417, 3189)
z_dir: 
[[-0.53777968]
 [-0.02521403]
 [ 0.84270829]]
[rosout][INFO] 2019-10-16 18:15:32,931: 
pdc: 
2722
electrode: 
(3046, 3459, 3443, 3282, 3401, 3154, 2994, 3093, 3151, 3220, 3159, 3497, 3482, 3334, 3419, 3160, 3401, 3419, 3192)
z_dir: 
[[-0.53658713]
 [-0.02786264]
 [ 0.8433848 ]]
[rosout][INFO] 2019-10-16 18:15:32,975: 
pdc: 
2726
electrode: 
(3043, 3457, 3443, 3283, 3402, 3155, 2984, 3079, 3145, 3213, 3161, 3498, 3483, 3337, 3420, 3163, 3400, 3420, 3195)
z_dir: 
[[-0.53587673]
 [-0.03228771]
 [ 0.84367863]]
[rosout][INFO] 2019-10-16 18:15:33,022: 
pdc: 
2728
electrode: 
(3040, 3457, 3442, 3282, 3403, 3156, 2981, 3074, 3145, 3210, 3162, 3498, 3484, 3338, 3420, 3164, 3400, 3420, 3195)
z_dir: 
[[-0.53419122]
 [-0.03484111]
 [ 0.84464539]]
[rosout][INFO] 2019-10-16 18:15:33,087: 
pdc: 
2709
electrode: 
(3039, 3457, 3441, 3280, 3401, 3153, 2998, 3090, 3158, 3223, 3162, 3498, 3483, 3335, 3418, 3160, 3402, 3418, 3191)
z_dir: 
[[-0.53323973]
 [-0.03553198]
 [ 0.84521765]]
[rosout][INFO] 2019-10-16 18:15:33,122: 
pdc: 
2664
electrode: 
(3040, 3457, 3440, 3273, 3396, 3142, 3040, 3136, 3186, 3254, 3158, 3498, 3479, 3327, 3412, 3147, 3408, 3413, 3181)
z_dir: 
[[-0.53090948]
 [-0.03621449]
 [ 0.84665438]]
[rosout][INFO] 2019-10-16 18:15:33,153: 
pdc: 
2620
electrode: 
(3040, 3458, 3436, 3265, 3389, 3133, 3075, 3173, 3210, 3278, 3150, 3496, 3476, 3316, 3404, 3133, 3412, 3407, 3170)
z_dir: 
[[-0.53071624]
 [-0.03534821]
 [ 0.84681213]]
[rosout][INFO] 2019-10-16 18:15:33,251: 
pdc: 
2456
electrode: 
(3029, 3457, 3424, 3238, 3364, 3093, 3141, 3234, 3239, 3304, 3069, 3478, 3452, 3263, 3367, 3067, 3410, 3381, 3125)
z_dir: 
[[-0.5277138 ]
 [-0.03882147]
 [ 0.84853464]]
[rosout][INFO] 2019-10-16 18:15:33,321: 
pdc: 
2396
electrode: 
(2994, 3450, 3415, 3219, 3350, 3071, 3146, 3236, 3237, 3300, 3025, 3469, 3441, 3239, 3351, 3039, 3404, 3370, 3107)
z_dir: 
[[-0.51687599]
 [-0.03329335]
 [ 0.85541263]]
[rosout][INFO] 2019-10-16 18:15:33,356: 
pdc: 
2397
electrode: 
(2994, 3449, 3415, 3218, 3350, 3070, 3146, 3236, 3237, 3300, 3025, 3468, 3441, 3239, 3351, 3038, 3404, 3370, 3107)
z_dir: 
[[-0.50255661]
 [-0.01620908]
 [ 0.86439234]]
[rosout][INFO] 2019-10-16 18:15:33,381: 
pdc: 
2397
electrode: 
(2994, 3449, 3415, 3218, 3350, 3070, 3146, 3235, 3238, 3300, 3026, 3469, 3441, 3238, 3350, 3037, 3404, 3370, 3107)
z_dir: 
[[-0.49496074]
 [ 0.00292408]
 [ 0.86891042]]
[rosout][INFO] 2019-10-16 18:15:33,422: 
pdc: 
2398
electrode: 
(2993, 3449, 3415, 3217, 3349, 3070, 3147, 3235, 3238, 3300, 3025, 3469, 3440, 3238, 3350, 3037, 3404, 3369, 3106)
z_dir: 
[[-0.49479753]
 [ 0.01388962]
 [ 0.86889728]]
[rosout][INFO] 2019-10-16 18:15:33,464: 
pdc: 
2398
electrode: 
(2994, 3449, 3415, 3217, 3349, 3069, 3146, 3235, 3238, 3300, 3025, 3469, 3440, 3239, 3350, 3038, 3404, 3369, 3106)
z_dir: 
[[-0.49051238]
 [ 0.01740491]
 [ 0.8712604 ]]
[rosout][INFO] 2019-10-16 18:15:33,486: 
pdc: 
2398
electrode: 
(2993, 3449, 3414, 3217, 3349, 3069, 3146, 3235, 3238, 3300, 3024, 3468, 3440, 3238, 3350, 3037, 3404, 3370, 3106)
z_dir: 
[[-0.48949638]
 [ 0.01853764]
 [ 0.87180826]]
[rosout][INFO] 2019-10-16 18:15:33,521: 
pdc: 
2399
electrode: 
(2993, 3449, 3415, 3217, 3349, 3069, 3147, 3235, 3239, 3300, 3024, 3468, 3440, 3238, 3350, 3037, 3403, 3369, 3106)
z_dir: 
[[-0.4883391 ]
 [ 0.01927352]
 [ 0.87244109]]
[rosout][INFO] 2019-10-16 18:15:33,560: 
pdc: 
2399
electrode: 
(2993, 3449, 3414, 3217, 3348, 3068, 3146, 3235, 3238, 3301, 3024, 3468, 3440, 3238, 3349, 3037, 3405, 3369, 3106)
z_dir: 
[[-0.48596534]
 [ 0.02129435]
 [ 0.87371862]]
[rosout][INFO] 2019-10-16 18:15:33,662: 
pdc: 
2400
electrode: 
(2993, 3448, 3414, 3216, 3349, 3068, 3147, 3235, 3238, 3300, 3024, 3467, 3440, 3237, 3350, 3037, 3404, 3369, 3106)
z_dir: 
[[-0.48278623]
 [ 0.03225195]
 [ 0.87514414]]
[rosout][INFO] 2019-10-16 18:15:33,702: 
pdc: 
2400
electrode: 
(2993, 3449, 3414, 3217, 3348, 3068, 3147, 3234, 3238, 3300, 3024, 3468, 3440, 3237, 3350, 3037, 3403, 3369, 3105)
z_dir: 
[[-0.4816727 ]
 [ 0.03532739]
 [ 0.87563885]]
[rosout][INFO] 2019-10-16 18:15:33,736: 
pdc: 
2400
electrode: 
(2993, 3448, 3413, 3217, 3349, 3068, 3146, 3235, 3238, 3300, 3024, 3468, 3439, 3237, 3349, 3036, 3404, 3368, 3105)
z_dir: 
[[-0.47925206]
 [ 0.0385961 ]
 [ 0.87682826]]
[rosout][INFO] 2019-10-16 18:15:33,775: 
pdc: 
2400
electrode: 
(2992, 3448, 3414, 3216, 3348, 3068, 3146, 3235, 3238, 3300, 3024, 3467, 3440, 3237, 3349, 3036, 3404, 3368, 3105)
z_dir: 
[[-0.47133563]
 [ 0.04204544]
 [ 0.88095114]]
[rosout][INFO] 2019-10-16 18:15:33,797: 
pdc: 
2400
electrode: 
(2993, 3449, 3415, 3216, 3349, 3068, 3147, 3235, 3239, 3300, 3023, 3469, 3440, 3238, 3349, 3036, 3403, 3369, 3105)
z_dir: 
[[-0.46322973]
 [ 0.04121629]
 [ 0.8852793 ]]
[rosout][INFO] 2019-10-16 18:15:33,823: 
pdc: 
2400
electrode: 
(2992, 3449, 3414, 3217, 3348, 3068, 3146, 3235, 3238, 3300, 3024, 3468, 3440, 3237, 3349, 3036, 3404, 3368, 3105)
z_dir: 
[[-0.46144769]
 [ 0.0453432 ]
 [ 0.88600791]]
[rosout][INFO] 2019-10-16 18:15:33,853: 
pdc: 
2400
electrode: 
(2993, 3449, 3414, 3217, 3349, 3068, 3146, 3235, 3238, 3299, 3023, 3468, 3440, 3236, 3349, 3036, 3403, 3368, 3105)
z_dir: 
[[-0.45927765]
 [ 0.04663003]
 [ 0.88706803]]
[rosout][INFO] 2019-10-16 18:15:33,863: 
pdc: 
2400
electrode: 
(2992, 3449, 3414, 3217, 3349, 3068, 3147, 3235, 3238, 3300, 3024, 3468, 3439, 3237, 3349, 3036, 3403, 3369, 3105)
z_dir: 
[[-0.45970432]
 [ 0.05091985]
 [ 0.88661102]]
[rosout][INFO] 2019-10-16 18:15:33,945: 
pdc: 
2400
electrode: 
(2992, 3448, 3414, 3216, 3348, 3068, 3146, 3235, 3237, 3300, 3023, 3468, 3440, 3237, 3349, 3036, 3404, 3368, 3104)
z_dir: 
[[-0.46202727]
 [ 0.06830721]
 [ 0.88423126]]
[rosout][INFO] 2019-10-16 18:15:33,983: 
pdc: 
2400
electrode: 
(2992, 3448, 3414, 3216, 3348, 3068, 3146, 3235, 3239, 3300, 3023, 3467, 3440, 3237, 3348, 3036, 3403, 3368, 3105)
z_dir: 
[[-0.46442435]
 [ 0.07625456]
 [ 0.88232379]]
[rosout][INFO] 2019-10-16 18:15:34,057: 
pdc: 
2401
electrode: 
(2992, 3449, 3414, 3216, 3348, 3068, 3146, 3235, 3238, 3300, 3023, 3468, 3439, 3237, 3349, 3035, 3403, 3369, 3104)
z_dir: 
[[-0.45044823]
 [ 0.086134  ]
 [ 0.88863791]]
[rosout][INFO] 2019-10-16 18:15:34,124: 
pdc: 
2401
electrode: 
(2992, 3449, 3414, 3216, 3348, 3068, 3146, 3235, 3238, 3300, 3023, 3468, 3439, 3236, 3348, 3036, 3403, 3369, 3105)
z_dir: 
[[-0.4408426 ]
 [ 0.12894533]
 [ 0.88827412]]
[rosout][INFO] 2019-10-16 18:15:34,186: 
pdc: 
2401
electrode: 
(2992, 3448, 3414, 3216, 3348, 3068, 3146, 3234, 3238, 3300, 3023, 3468, 3439, 3237, 3349, 3036, 3403, 3369, 3105)
z_dir: 
[[-0.42964495]
 [ 0.16152025]
 [ 0.88843482]]
[rosout][INFO] 2019-10-16 18:15:34,219: 
pdc: 
2401
electrode: 
(2992, 3449, 3414, 3216, 3348, 3067, 3146, 3235, 3238, 3300, 3022, 3468, 3439, 3236, 3349, 3036, 3403, 3368, 3104)
z_dir: 
[[-0.4250558 ]
 [ 0.17630142]
 [ 0.88783184]]
[rosout][INFO] 2019-10-16 18:15:34,261: 
pdc: 
2401
electrode: 
(2992, 3448, 3414, 3217, 3348, 3068, 3146, 3235, 3237, 3300, 3023, 3468, 3439, 3236, 3349, 3036, 3403, 3368, 3105)
z_dir: 
[[-0.42747284]
 [ 0.18720629]
 [ 0.88443246]]
[rosout][INFO] 2019-10-16 18:15:34,287: 
pdc: 
2401
electrode: 
(2992, 3449, 3413, 3216, 3348, 3068, 3146, 3235, 3238, 3300, 3023, 3468, 3440, 3237, 3349, 3036, 3403, 3368, 3105)
z_dir: 
[[-0.42829605]
 [ 0.19365287]
 [ 0.88264436]]
[rosout][INFO] 2019-10-16 18:15:34,320: 
pdc: 
2401
electrode: 
(2992, 3448, 3414, 3216, 3347, 3067, 3146, 3235, 3238, 3300, 3023, 3468, 3440, 3237, 3348, 3036, 3403, 3368, 3105)
z_dir: 
[[-0.44195819]
 [ 0.19711891]
 [ 0.87510976]]
[rosout][INFO] 2019-10-16 18:15:34,347: 
pdc: 
2401
electrode: 
(2992, 3448, 3413, 3216, 3347, 3068, 3147, 3235, 3237, 3300, 3023, 3468, 3439, 3237, 3348, 3036, 3403, 3369, 3105)
z_dir: 
[[-0.44263502]
 [ 0.19938594]
 [ 0.87425367]]
[rosout][INFO] 2019-10-16 18:15:34,387: 
pdc: 
2401
electrode: 
(2992, 3448, 3414, 3216, 3348, 3068, 3146, 3234, 3238, 3301, 3023, 3467, 3439, 3237, 3348, 3036, 3403, 3368, 3104)
z_dir: 
[[-0.43935038]
 [ 0.20685979]
 [ 0.87417405]]
[rosout][INFO] 2019-10-16 18:15:34,412: 
pdc: 
2401
electrode: 
(2992, 3448, 3414, 3216, 3348, 3067, 3147, 3235, 3238, 3300, 3022, 3467, 3439, 3237, 3349, 3036, 3402, 3368, 3104)
z_dir: 
[[-0.44631692]
 [ 0.21298708]
 [ 0.86915919]]
[rosout][INFO] 2019-10-16 18:15:34,441: 
pdc: 
2401
electrode: 
(2992, 3448, 3414, 3216, 3347, 3067, 3146, 3235, 3237, 3300, 3022, 3467, 3439, 3236, 3349, 3036, 3404, 3368, 3104)
z_dir: 
[[-0.45672694]
 [ 0.21948392]
 [ 0.86210632]]
[rosout][INFO] 2019-10-16 18:15:34,451: 
pdc: 
2401
electrode: 
(2992, 3448, 3414, 3216, 3348, 3067, 3147, 3234, 3238, 3300, 3023, 3467, 3440, 3237, 3349, 3035, 3403, 3368, 3104)
z_dir: 
[[-0.46428856]
 [ 0.22424833]
 [ 0.85682485]]
[rosout][INFO] 2019-10-16 18:15:34,484: 
pdc: 
2401
electrode: 
(2992, 3448, 3414, 3216, 3348, 3067, 3146, 3234, 3237, 3300, 3023, 3467, 3439, 3237, 3349, 3036, 3403, 3368, 3104)
z_dir: 
[[-0.47478603]
 [ 0.22471785]
 [ 0.85092897]]
[rosout][INFO] 2019-10-16 18:15:34,493: 
pdc: 
2401
electrode: 
(2992, 3448, 3414, 3217, 3349, 3068, 3146, 3235, 3238, 3301, 3022, 3467, 3439, 3237, 3349, 3035, 3403, 3368, 3105)
z_dir: 
[[-0.47849031]
 [ 0.22446888]
 [ 0.8489174 ]]
[rosout][INFO] 2019-10-16 18:15:34,527: 
pdc: 
2401
electrode: 
(2992, 3448, 3414, 3217, 3348, 3068, 3146, 3234, 3238, 3301, 3023, 3468, 3440, 3237, 3349, 3036, 3403, 3368, 3104)
z_dir: 
[[-0.48755204]
 [ 0.2203362 ]
 [ 0.84483428]]
[rosout][INFO] 2019-10-16 18:15:34,566: 
pdc: 
2402
electrode: 
(2992, 3448, 3414, 3216, 3349, 3067, 3146, 3235, 3238, 3300, 3023, 3468, 3439, 3237, 3348, 3036, 3403, 3368, 3104)
z_dir: 
[[-0.49065226]
 [ 0.21713427]
 [ 0.84386792]]
[rosout][INFO] 2019-10-16 18:15:34,584: 
pdc: 
2401
electrode: 
(2993, 3448, 3414, 3217, 3349, 3068, 3146, 3235, 3238, 3301, 3023, 3468, 3439, 3236, 3348, 3035, 3403, 3368, 3104)
z_dir: 
[[-0.49338505]
 [ 0.21817442]
 [ 0.84200422]]
[rosout][INFO] 2019-10-16 18:15:34,622: 
pdc: 
2401
electrode: 
(2992, 3448, 3414, 3216, 3347, 3067, 3146, 3234, 3238, 3301, 3022, 3467, 3439, 3237, 3348, 3036, 3403, 3367, 3104)
z_dir: 
[[-0.50559952]
 [ 0.22128995]
 [ 0.8339064 ]]
[rosout][INFO] 2019-10-16 18:15:34,631: 
pdc: 
2401
electrode: 
(2992, 3448, 3414, 3216, 3348, 3067, 3146, 3235, 3238, 3300, 3023, 3467, 3439, 3237, 3348, 3036, 3403, 3368, 3104)
z_dir: 
[[-0.5092416 ]
 [ 0.22083169]
 [ 0.83180909]]
[rosout][INFO] 2019-10-16 18:15:34,662: 
pdc: 
2402
electrode: 
(2992, 3448, 3414, 3216, 3348, 3067, 3146, 3235, 3238, 3300, 3023, 3467, 3440, 3236, 3348, 3036, 3403, 3368, 3104)
z_dir: 
[[-0.51928239]
 [ 0.21733437]
 [ 0.82650564]]
[rosout][INFO] 2019-10-16 18:15:34,671: 
pdc: 
2401
electrode: 
(2991, 3448, 3413, 3217, 3348, 3067, 3146, 3235, 3238, 3301, 3022, 3468, 3439, 3237, 3348, 3036, 3403, 3368, 3104)
z_dir: 
[[-0.52112262]
 [ 0.21649306]
 [ 0.82556767]]
[rosout][INFO] 2019-10-16 18:15:34,702: 
pdc: 
2402
electrode: 
(2992, 3448, 3413, 3216, 3348, 3067, 3146, 3234, 3237, 3300, 3022, 3468, 3439, 3237, 3349, 3035, 3404, 3368, 3105)
z_dir: 
[[-0.52633453]
 [ 0.21120264]
 [ 0.82362941]]
[rosout][INFO] 2019-10-16 18:15:34,722: 
pdc: 
2401
electrode: 
(2992, 3448, 3414, 3216, 3348, 3067, 3146, 3235, 3237, 3300, 3022, 3468, 3439, 3237, 3348, 3035, 3404, 3367, 3104)
z_dir: 
[[-0.52769512]
 [ 0.20775459]
 [ 0.82363578]]
[rosout][INFO] 2019-10-16 18:15:34,752: 
pdc: 
2401
electrode: 
(2992, 3448, 3414, 3216, 3348, 3067, 3146, 3235, 3237, 3300, 3022, 3467, 3439, 3236, 3349, 3036, 3403, 3368, 3104)
z_dir: 
[[-0.53031365]
 [ 0.20244878]
 [ 0.82327512]]
[rosout][INFO] 2019-10-16 18:15:34,761: 
pdc: 
2401
electrode: 
(2992, 3449, 3414, 3216, 3348, 3067, 3146, 3235, 3238, 3300, 3022, 3468, 3439, 3237, 3349, 3036, 3403, 3368, 3104)
z_dir: 
[[-0.52931082]
 [ 0.1988623 ]
 [ 0.82479321]]
[rosout][INFO] 2019-10-16 18:15:34,791: 
pdc: 
2402
electrode: 
(2992, 3447, 3414, 3216, 3348, 3067, 3146, 3234, 3237, 3301, 3023, 3467, 3440, 3237, 3348, 3035, 3403, 3368, 3104)
z_dir: 
[[-0.53090737]
 [ 0.19728223]
 [ 0.82414628]]
[rosout][INFO] 2019-10-16 18:15:34,825: 
pdc: 
2402
electrode: 
(2991, 3448, 3414, 3216, 3348, 3067, 3146, 3234, 3238, 3300, 3023, 3468, 3439, 3236, 3348, 3036, 3403, 3368, 3104)
z_dir: 
[[-0.53211818]
 [ 0.19896779]
 [ 0.82295933]]
[rosout][INFO] 2019-10-16 18:15:34,859: 
pdc: 
2401
electrode: 
(2991, 3448, 3414, 3216, 3348, 3067, 3145, 3234, 3237, 3300, 3022, 3468, 3439, 3237, 3348, 3036, 3403, 3368, 3104)
z_dir: 
[[-0.54053962]
 [ 0.19824648]
 [ 0.81762782]]
[rosout][INFO] 2019-10-16 18:15:34,871: 
pdc: 
2401
electrode: 
(2991, 3448, 3414, 3216, 3347, 3067, 3146, 3235, 3238, 3300, 3023, 3468, 3439, 3237, 3349, 3036, 3403, 3368, 3104)
z_dir: 
[[-0.54158563]
 [ 0.19877074]
 [ 0.81680793]]
[rosout][INFO] 2019-10-16 18:15:34,894: 
pdc: 
2402
electrode: 
(2991, 3448, 3414, 3216, 3348, 3067, 3146, 3234, 3237, 3300, 3023, 3468, 3439, 3237, 3349, 3036, 3403, 3368, 3104)
z_dir: 
[[-0.54417198]
 [ 0.20137944]
 [ 0.81444655]]
[rosout][INFO] 2019-10-16 18:15:34,901: 
pdc: 
2402
electrode: 
(2991, 3449, 3414, 3216, 3348, 3067, 3146, 3234, 3237, 3300, 3022, 3467, 3439, 3237, 3349, 3036, 3403, 3368, 3104)
z_dir: 
[[-0.54406887]
 [ 0.20223197]
 [ 0.81430418]]
[rosout][INFO] 2019-10-16 18:15:34,931: 
pdc: 
2402
electrode: 
(2991, 3447, 3413, 3216, 3347, 3067, 3146, 3235, 3237, 3300, 3023, 3467, 3440, 3237, 3348, 3036, 3403, 3368, 3104)
z_dir: 
[[-0.54457277]
 [ 0.20393195]
 [ 0.81354302]]
[rosout][INFO] 2019-10-16 18:15:34,941: 
pdc: 
2402
electrode: 
(2991, 3448, 3413, 3217, 3348, 3067, 3146, 3234, 3237, 3300, 3022, 3468, 3439, 3237, 3348, 3036, 3403, 3368, 3104)
z_dir: 
[[-0.54170562]
 [ 0.20368896]
 [ 0.81551568]]
[rosout][INFO] 2019-10-16 18:15:34,971: 
pdc: 
2401
electrode: 
(2992, 3448, 3414, 3217, 3348, 3067, 3146, 3235, 3237, 3300, 3022, 3467, 3439, 3237, 3349, 3036, 3403, 3368, 3104)
z_dir: 
[[-0.54743487]
 [ 0.20140104]
 [ 0.81225161]]
[rosout][INFO] 2019-10-16 18:15:35,004: 
pdc: 
2402
electrode: 
(2992, 3447, 3414, 3216, 3348, 3067, 3146, 3234, 3238, 3300, 3022, 3467, 3438, 3237, 3348, 3036, 3403, 3367, 3104)
z_dir: 
[[-0.54652467]
 [ 0.19898543]
 [ 0.81345903]]
[rosout][INFO] 2019-10-16 18:15:35,014: 
pdc: 
2401
electrode: 
(2991, 3448, 3414, 3217, 3348, 3068, 3146, 3234, 3238, 3300, 3022, 3467, 3439, 3237, 3349, 3036, 3403, 3368, 3104)
z_dir: 
[[-0.5466758 ]
 [ 0.19936183]
 [ 0.81326529]]
[rosout][INFO] 2019-10-16 18:15:35,045: 
pdc: 
2402
electrode: 
(2991, 3448, 3414, 3216, 3348, 3067, 3146, 3234, 3237, 3300, 3022, 3468, 3439, 3237, 3348, 3036, 3403, 3367, 3104)
z_dir: 
[[-0.54728366]
 [ 0.19904311]
 [ 0.81293446]]
[rosout][INFO] 2019-10-16 18:15:35,058: 
pdc: 
2402
electrode: 
(2992, 3447, 3414, 3216, 3348, 3068, 3146, 3234, 3238, 3300, 3022, 3468, 3439, 3237, 3349, 3036, 3402, 3367, 3104)
z_dir: 
[[-0.54845193]
 [ 0.19911162]
 [ 0.81212995]]
[rosout][INFO] 2019-10-16 18:15:35,094: 
pdc: 
2402
electrode: 
(2992, 3448, 3414, 3217, 3348, 3067, 3146, 3234, 3237, 3300, 3022, 3467, 3439, 3237, 3349, 3036, 3403, 3368, 3104)
z_dir: 
[[-0.54845956]
 [ 0.19747013]
 [ 0.81252548]]
[rosout][INFO] 2019-10-16 18:15:35,124: 
pdc: 
2403
electrode: 
(2992, 3447, 3414, 3216, 3347, 3067, 3146, 3234, 3237, 3300, 3022, 3467, 3439, 3237, 3349, 3036, 3403, 3368, 3104)
z_dir: 
[[-0.55290506]
 [ 0.20012188]
 [ 0.8088555 ]]
[rosout][INFO] 2019-10-16 18:15:35,159: 
pdc: 
2402
electrode: 
(2991, 3447, 3413, 3216, 3348, 3067, 3146, 3234, 3237, 3300, 3022, 3467, 3439, 3237, 3349, 3036, 3404, 3368, 3104)
z_dir: 
[[-0.55337336]
 [ 0.20105467]
 [ 0.80830374]]
[rosout][INFO] 2019-10-16 18:15:35,179: 
pdc: 
2402
electrode: 
(2992, 3448, 3414, 3217, 3347, 3068, 3145, 3234, 3238, 3300, 3022, 3467, 3438, 3236, 3348, 3036, 3402, 3368, 3103)
z_dir: 
[[-0.55303722]
 [ 0.20049584]
 [ 0.80867252]]
[rosout][INFO] 2019-10-16 18:15:35,192: 
pdc: 
2403
electrode: 
(2992, 3448, 3414, 3216, 3347, 3067, 3146, 3234, 3237, 3300, 3022, 3468, 3439, 3237, 3348, 3036, 3403, 3368, 3103)
z_dir: 
[[-0.55103402]
 [ 0.20010306]
 [ 0.81013596]]
[rosout][INFO] 2019-10-16 18:15:35,233: 
pdc: 
2402
electrode: 
(2992, 3447, 3414, 3216, 3348, 3068, 3146, 3234, 3237, 3300, 3022, 3467, 3439, 3237, 3349, 3036, 3403, 3367, 3104)
z_dir: 
[[-0.55385162]
 [ 0.19798328]
 [ 0.8087342 ]]
[rosout][INFO] 2019-10-16 18:15:35,276: 
pdc: 
2402
electrode: 
(2991, 3447, 3414, 3216, 3348, 3067, 3146, 3234, 3236, 3301, 3022, 3468, 3438, 3238, 3349, 3036, 3403, 3368, 3104)
z_dir: 
[[-0.55466036]
 [ 0.19728301]
 [ 0.80835098]]
[rosout][INFO] 2019-10-16 18:15:35,303: 
pdc: 
2402
electrode: 
(2991, 3448, 3414, 3216, 3348, 3067, 3146, 3235, 3237, 3300, 3023, 3467, 3439, 3237, 3349, 3036, 3403, 3368, 3104)
z_dir: 
[[-0.55416235]
 [ 0.19779308]
 [ 0.80856786]]
[rosout][INFO] 2019-10-16 18:15:35,331: 
pdc: 
2402
electrode: 
(2991, 3448, 3414, 3217, 3348, 3067, 3146, 3234, 3237, 3300, 3022, 3467, 3438, 3237, 3348, 3036, 3403, 3368, 3104)
z_dir: 
[[-0.55680247]
 [ 0.19809905]
 [ 0.80667699]]
[rosout][INFO] 2019-10-16 18:15:35,371: 
pdc: 
2402
electrode: 
(2991, 3448, 3414, 3216, 3348, 3067, 3146, 3234, 3237, 3300, 3022, 3467, 3439, 3238, 3349, 3037, 3403, 3367, 3104)
z_dir: 
[[-0.56126972]
 [ 0.19243154]
 [ 0.80495118]]
[rosout][INFO] 2019-10-16 18:15:35,382: 
pdc: 
2402
electrode: 
(2991, 3447, 3414, 3216, 3348, 3067, 3146, 3235, 3237, 3301, 3023, 3468, 3439, 3237, 3348, 3036, 3402, 3368, 3104)
z_dir: 
[[-0.56199731]
 [ 0.19187558]
 [ 0.80457615]]
[rosout][INFO] 2019-10-16 18:15:35,413: 
pdc: 
2402
electrode: 
(2991, 3448, 3414, 3216, 3348, 3066, 3145, 3234, 3238, 3299, 3023, 3467, 3439, 3237, 3349, 3036, 3403, 3368, 3104)
z_dir: 
[[-0.56579542]
 [ 0.19278478]
 [ 0.80169169]]
[rosout][INFO] 2019-10-16 18:15:35,446: 
pdc: 
2402
electrode: 
(2991, 3448, 3414, 3216, 3348, 3067, 3146, 3234, 3237, 3301, 3022, 3468, 3439, 3237, 3348, 3036, 3403, 3368, 3104)
z_dir: 
[[-0.56672388]
 [ 0.19127769]
 [ 0.80139684]]
[rosout][INFO] 2019-10-16 18:15:35,473: 
pdc: 
2402
electrode: 
(2991, 3448, 3414, 3216, 3348, 3067, 3145, 3234, 3237, 3300, 3022, 3467, 3439, 3237, 3348, 3037, 3403, 3367, 3104)
z_dir: 
[[-0.56538851]
 [ 0.18619327]
 [ 0.80353463]]
[rosout][INFO] 2019-10-16 18:15:35,483: 
pdc: 
2402
electrode: 
(2992, 3448, 3414, 3216, 3348, 3067, 3145, 3235, 3237, 3300, 3022, 3467, 3439, 3238, 3348, 3036, 3403, 3367, 3104)
z_dir: 
[[-0.56284031]
 [ 0.18525515]
 [ 0.8055379 ]]
[rosout][INFO] 2019-10-16 18:15:35,514: 
pdc: 
2402
electrode: 
(2992, 3448, 3414, 3216, 3348, 3067, 3145, 3234, 3238, 3300, 3022, 3468, 3439, 3237, 3349, 3036, 3402, 3368, 3104)
z_dir: 
[[-0.56313416]
 [ 0.1819816 ]
 [ 0.80607854]]
[rosout][INFO] 2019-10-16 18:15:35,543: 
pdc: 
2402
electrode: 
(2991, 3448, 3414, 3217, 3347, 3067, 3146, 3235, 3237, 3300, 3022, 3468, 3439, 3237, 3348, 3036, 3403, 3368, 3104)
z_dir: 
[[-0.56288039]
 [ 0.17945488]
 [ 0.80682192]]
[rosout][INFO] 2019-10-16 18:15:35,573: 
pdc: 
2401
electrode: 
(2991, 3448, 3414, 3216, 3348, 3067, 3146, 3234, 3237, 3301, 3022, 3468, 3438, 3237, 3348, 3036, 3403, 3367, 3103)
z_dir: 
[[-0.56327749]
 [ 0.1724865 ]
 [ 0.80806366]]
[rosout][INFO] 2019-10-16 18:15:35,606: 
pdc: 
2402
electrode: 
(2991, 3448, 3414, 3216, 3347, 3067, 3146, 3234, 3237, 3301, 3021, 3467, 3438, 3236, 3349, 3036, 3403, 3368, 3104)
z_dir: 
[[-0.56624309]
 [ 0.16435845]
 [ 0.807685  ]]
[rosout][INFO] 2019-10-16 18:15:35,649: 
pdc: 
2402
electrode: 
(2992, 3447, 3414, 3217, 3347, 3067, 3145, 3234, 3237, 3300, 3022, 3467, 3438, 3236, 3349, 3036, 3403, 3367, 3104)
z_dir: 
[[-0.56961876]
 [ 0.15733971]
 [ 0.80670855]]
[rosout][INFO] 2019-10-16 18:15:35,674: 
pdc: 
2402
electrode: 
(2991, 3447, 3415, 3216, 3347, 3067, 3146, 3234, 3237, 3300, 3022, 3467, 3439, 3237, 3348, 3036, 3403, 3368, 3103)
z_dir: 
[[-0.56958866]
 [ 0.15612832]
 [ 0.80696512]]
[rosout][INFO] 2019-10-16 18:15:35,686: 
pdc: 
2402
electrode: 
(2991, 3448, 3414, 3216, 3348, 3068, 3146, 3234, 3237, 3300, 3022, 3468, 3439, 3237, 3348, 3036, 3403, 3368, 3104)
z_dir: 
[[-0.57360957]
 [ 0.15515011]
 [ 0.80430125]]
[rosout][INFO] 2019-10-16 18:15:35,714: 
pdc: 
2402
electrode: 
(2991, 3448, 3414, 3217, 3348, 3067, 3146, 3234, 3238, 3300, 3021, 3468, 3439, 3237, 3349, 3036, 3403, 3368, 3104)
z_dir: 
[[-0.57421454]
 [ 0.14810051]
 [ 0.80519805]]
[rosout][INFO] 2019-10-16 18:15:35,746: 
pdc: 
2402
electrode: 
(2991, 3448, 3414, 3217, 3348, 3067, 3147, 3233, 3237, 3300, 3022, 3468, 3439, 3237, 3349, 3036, 3403, 3368, 3104)
z_dir: 
[[-0.57209278]
 [ 0.14607041]
 [ 0.807077  ]]
[rosout][INFO] 2019-10-16 18:15:35,774: 
pdc: 
2402
electrode: 
(2992, 3448, 3413, 3216, 3347, 3067, 3145, 3235, 3237, 3300, 3022, 3468, 3438, 3237, 3349, 3037, 3403, 3366, 3104)
z_dir: 
[[-0.57544333]
 [ 0.14404635]
 [ 0.80505629]]
[rosout][INFO] 2019-10-16 18:15:35,786: 
pdc: 
2402
electrode: 
(2991, 3448, 3414, 3216, 3347, 3068, 3145, 3234, 3237, 3300, 3022, 3467, 3438, 3237, 3348, 3036, 3403, 3367, 3104)
z_dir: 
[[-0.58013082]
 [ 0.14152702]
 [ 0.80213362]]
[rosout][INFO] 2019-10-16 18:15:35,824: 
pdc: 
2402
electrode: 
(2991, 3447, 3415, 3216, 3348, 3067, 3145, 3234, 3238, 3301, 3021, 3467, 3439, 3237, 3348, 3037, 3403, 3367, 3104)
z_dir: 
[[-0.57940484]
 [ 0.13545357]
 [ 0.8037054 ]]
[rosout][INFO] 2019-10-16 18:15:35,856: 
pdc: 
2401
electrode: 
(2991, 3447, 3414, 3216, 3347, 3067, 3145, 3234, 3237, 3300, 3022, 3467, 3439, 3237, 3349, 3037, 3403, 3368, 3103)
z_dir: 
[[-0.58665009]
 [ 0.12327632]
 [ 0.80040278]]
[rosout][INFO] 2019-10-16 18:15:35,885: 
pdc: 
2402
electrode: 
(2991, 3448, 3414, 3216, 3347, 3068, 3145, 3234, 3237, 3301, 3022, 3468, 3439, 3237, 3348, 3037, 3403, 3368, 3104)
z_dir: 
[[-0.58778466]
 [ 0.12019579]
 [ 0.80003885]]
[rosout][INFO] 2019-10-16 18:15:35,896: 
pdc: 
2402
electrode: 
(2991, 3447, 3414, 3217, 3347, 3067, 3145, 3234, 3237, 3300, 3021, 3467, 3439, 3237, 3348, 3037, 3403, 3368, 3104)
z_dir: 
[[-0.57961747]
 [ 0.12775797]
 [ 0.80481146]]
[rosout][INFO] 2019-10-16 18:15:35,927: 
pdc: 
2402
electrode: 
(2992, 3447, 3414, 3216, 3347, 3067, 3145, 3234, 3238, 3300, 3021, 3468, 3438, 3237, 3349, 3036, 3403, 3367, 3104)
z_dir: 
[[-0.58344645]
 [ 0.12159705]
 [ 0.80299713]]
[rosout][INFO] 2019-10-16 18:15:35,958: 
pdc: 
2402
electrode: 
(2991, 3448, 3414, 3216, 3347, 3067, 3146, 3234, 3237, 3300, 3021, 3467, 3439, 3238, 3348, 3037, 3403, 3367, 3104)
z_dir: 
[[-0.58602304]
 [ 0.11532448]
 [ 0.80204567]]
[rosout][INFO] 2019-10-16 18:15:35,966: 
pdc: 
2402
electrode: 
(2991, 3447, 3414, 3217, 3348, 3067, 3146, 3234, 3237, 3301, 3022, 3467, 3439, 3238, 3348, 3036, 3403, 3367, 3104)
z_dir: 
[[-0.58636357]
 [ 0.11450877]
 [ 0.80191365]]
[rosout][INFO] 2019-10-16 18:15:35,998: 
pdc: 
2402
electrode: 
(2991, 3446, 3414, 3217, 3347, 3067, 3145, 3234, 3237, 3300, 3022, 3468, 3439, 3238, 3348, 3036, 3403, 3368, 3103)
z_dir: 
[[-0.58607695]
 [ 0.11222459]
 [ 0.80244591]]
[rosout][INFO] 2019-10-16 18:15:36,027: 
pdc: 
2402
electrode: 
(2991, 3448, 3414, 3216, 3347, 3066, 3145, 3234, 3238, 3300, 3022, 3467, 3439, 3238, 3348, 3037, 3403, 3368, 3104)
z_dir: 
[[-0.58469157]
 [ 0.11090855]
 [ 0.80363864]]
[rosout][INFO] 2019-10-16 18:15:36,066: 
pdc: 
2401
electrode: 
(2991, 3447, 3414, 3216, 3348, 3067, 3146, 3234, 3237, 3300, 3022, 3467, 3439, 3238, 3348, 3037, 3403, 3368, 3103)
z_dir: 
[[-0.59409788]
 [ 0.09657551]
 [ 0.79857428]]
[rosout][INFO] 2019-10-16 18:15:36,085: 
pdc: 
2402
electrode: 
(2992, 3448, 3414, 3216, 3348, 3067, 3145, 3234, 3237, 3300, 3022, 3467, 3439, 3237, 3349, 3037, 3403, 3368, 3103)
z_dir: 
[[-0.58660326]
 [ 0.10471055]
 [ 0.80307678]]
[rosout][INFO] 2019-10-16 18:15:36,114: 
pdc: 
2401
electrode: 
(2990, 3447, 3414, 3216, 3347, 3067, 3146, 3234, 3237, 3301, 3022, 3467, 3439, 3238, 3349, 3036, 3403, 3367, 3103)
z_dir: 
[[-0.58714322]
 [ 0.10102103]
 [ 0.80315477]]
[rosout][INFO] 2019-10-16 18:15:36,124: 
pdc: 
2402
electrode: 
(2991, 3448, 3413, 3216, 3347, 3067, 3146, 3234, 3237, 3301, 3022, 3468, 3439, 3238, 3348, 3037, 3403, 3368, 3104)
z_dir: 
[[-0.58878892]
 [ 0.10118932]
 [ 0.80192788]]
[rosout][INFO] 2019-10-16 18:15:36,157: 
pdc: 
2402
electrode: 
(2991, 3447, 3413, 3217, 3348, 3067, 3145, 3234, 3238, 3301, 3022, 3468, 3439, 3238, 3348, 3037, 3403, 3367, 3104)
z_dir: 
[[-0.58728471]
 [ 0.09936411]
 [ 0.80325802]]
[rosout][INFO] 2019-10-16 18:15:36,184: 
pdc: 
2402
electrode: 
(2991, 3447, 3414, 3216, 3347, 3067, 3145, 3234, 3237, 3301, 3022, 3467, 3439, 3238, 3348, 3037, 3403, 3367, 3103)
z_dir: 
[[-0.58772998]
 [ 0.09576633]
 [ 0.80336933]]
[rosout][INFO] 2019-10-16 18:15:36,196: 
pdc: 
2401
electrode: 
(2991, 3448, 3415, 3217, 3347, 3067, 3145, 3234, 3237, 3300, 3022, 3467, 3439, 3238, 3349, 3037, 3404, 3367, 3103)
z_dir: 
[[-0.58962304]
 [ 0.09363216]
 [ 0.80223294]]
[rosout][INFO] 2019-10-16 18:15:36,223: 
pdc: 
2402
electrode: 
(2991, 3447, 3414, 3216, 3347, 3067, 3145, 3233, 3237, 3300, 3022, 3467, 3439, 3237, 3349, 3037, 3403, 3368, 3104)
z_dir: 
[[-0.58713181]
 [ 0.09000864]
 [ 0.80447168]]
[rosout][INFO] 2019-10-16 18:15:36,254: 
pdc: 
2402
electrode: 
(2991, 3448, 3414, 3216, 3347, 3067, 3145, 3235, 3237, 3300, 3021, 3467, 3439, 3239, 3348, 3037, 3402, 3368, 3104)
z_dir: 
[[-0.59508373]
 [ 0.076194  ]
 [ 0.80004364]]
[rosout][INFO] 2019-10-16 18:15:36,282: 
pdc: 
2402
electrode: 
(2991, 3447, 3414, 3216, 3347, 3067, 3146, 3234, 3237, 3300, 3021, 3468, 3439, 3238, 3348, 3038, 3403, 3368, 3104)
z_dir: 
[[-0.59501248]
 [ 0.07278807]
 [ 0.80041367]]
[rosout][INFO] 2019-10-16 18:15:36,311: 
pdc: 
2402
electrode: 
(2991, 3448, 3413, 3216, 3347, 3066, 3145, 3234, 3237, 3301, 3022, 3468, 3439, 3237, 3348, 3038, 3403, 3367, 3103)
z_dir: 
[[-0.5944185 ]
 [ 0.06948629]
 [ 0.80114812]]
[rosout][INFO] 2019-10-16 18:15:36,343: 
pdc: 
2432
electrode: 
(3002, 3451, 3417, 3223, 3353, 3075, 3144, 3234, 3238, 3303, 3037, 3471, 3444, 3247, 3356, 3050, 3407, 3372, 3113)
z_dir: 
[[-0.59459079]
 [ 0.06737929]
 [ 0.80120024]]
[rosout][INFO] 2019-10-16 18:15:36,373: 
pdc: 
2436
electrode: 
(3010, 3452, 3419, 3226, 3355, 3078, 3143, 3235, 3238, 3304, 3039, 3472, 3445, 3248, 3357, 3051, 3407, 3374, 3113)
z_dir: 
[[-0.59726999]
 [ 0.06563246]
 [ 0.79935032]]
[rospy.core][INFO] 2019-10-16 18:15:36,376: signal_shutdown [signal-2]
[rospy.internal][INFO] 2019-10-16 18:15:36,381: topic[/rosout] removing connection to /rosout
[rospy.internal][INFO] 2019-10-16 18:15:36,381: topic[/biotac_pub] removing connection to http://student-lasa:33843/
[rospy.internal][WARNING] 2019-10-16 18:15:36,382: Unknown error initiating TCP/IP socket to student-lasa:54309 (http://student-lasa:33843/): Traceback (most recent call last):
  File "/opt/ros/kinetic/lib/python2.7/dist-packages/rospy/impl/tcpros_base.py", line 557, in connect
    self.read_header()
  File "/opt/ros/kinetic/lib/python2.7/dist-packages/rospy/impl/tcpros_base.py", line 650, in read_header
    self._validate_header(read_ros_handshake_header(sock, self.read_buff, self.protocol.buff_size))
AttributeError: 'NoneType' object has no attribute 'buff_size'

[rospy.topics][ERROR] 2019-10-16 18:15:36,382: Traceback (most recent call last):
  File "/opt/ros/kinetic/lib/python2.7/dist-packages/rospy/topics.py", line 326, in close
    c.close()
  File "/opt/ros/kinetic/lib/python2.7/dist-packages/rospy/impl/tcpros_base.py", line 838, in close
    self.socket.close()
AttributeError: 'NoneType' object has no attribute 'close'

[rospy.internal][INFO] 2019-10-16 18:15:36,382: topic[/vrpn_client_node/normalSurface/pose] removing connection to http://student-lasa:45067/
[rospy.internal][INFO] 2019-10-16 18:15:36,382: topic[/vrpn_client_node/baseHand/pose] removing connection to http://student-lasa:45067/
[rospy.impl.masterslave][INFO] 2019-10-16 18:15:36,382: signal-2
[rospy.core][INFO] 2019-10-16 18:15:36,498: signal_shutdown [atexit]
