[rospy.client][INFO] 2019-10-16 18:25:24,373: init_node, name[/biochip_listener_15693_1571243124356], pid[15693]
[xmlrpc][INFO] 2019-10-16 18:25:24,373: XML-RPC server binding to 0.0.0.0:0
[xmlrpc][INFO] 2019-10-16 18:25:24,373: Started XML-RPC server [http://student-lasa:40385/]
[rospy.init][INFO] 2019-10-16 18:25:24,373: ROS Slave URI: [http://student-lasa:40385/]
[rospy.impl.masterslave][INFO] 2019-10-16 18:25:24,373: _ready: http://student-lasa:40385/
[xmlrpc][INFO] 2019-10-16 18:25:24,374: xml rpc node: starting XML-RPC server
[rospy.registration][INFO] 2019-10-16 18:25:24,374: Registering with master node http://localhost:11311
[rospy.init][INFO] 2019-10-16 18:25:24,474: registered with master
[rospy.rosout][INFO] 2019-10-16 18:25:24,474: initializing /rosout core topic
[rospy.rosout][INFO] 2019-10-16 18:25:24,478: connected to core topic /rosout
[rospy.simtime][INFO] 2019-10-16 18:25:24,481: /use_sim_time is not set, will not subscribe to simulated time [/clock] topic
[rospy.internal][INFO] 2019-10-16 18:25:24,540: topic[/vrpn_client_node/baseHand/pose] adding connection to [http://student-lasa:45067/], count 0
[rospy.internal][INFO] 2019-10-16 18:25:24,542: topic[/vrpn_client_node/normalSurface/pose] adding connection to [http://student-lasa:45067/], count 0
[rospy.internal][INFO] 2019-10-16 18:25:24,542: topic[/biotac_pub] adding connection to [http://student-lasa:33843/], count 0
[rosout][INFO] 2019-10-16 18:25:24,558: 
pdc: 
2436
electrode: 
(3027, 3482, 3454, 3269, 3390, 3123, 3173, 3264, 3266, 3334, 3053, 3500, 3474, 3283, 3390, 3093, 3439, 3409, 3154)
z_dir: 
[[ 0.01940298]
 [ 0.0112083 ]
 [ 0.99974892]]
[rosout][INFO] 2019-10-16 18:25:24,568: 
pdc: 
2437
electrode: 
(3027, 3481, 3454, 3268, 3390, 3124, 3172, 3265, 3267, 3334, 3053, 3500, 3474, 3283, 3390, 3092, 3438, 3410, 3153)
z_dir: 
[[ 0.01941609]
 [ 0.01116854]
 [ 0.99974911]]
[rosout][INFO] 2019-10-16 18:25:24,578: 
pdc: 
2437
electrode: 
(3026, 3481, 3453, 3269, 3390, 3124, 3173, 3265, 3266, 3334, 3053, 3499, 3474, 3284, 3389, 3093, 3439, 3409, 3153)
z_dir: 
[[ 0.02018531]
 [ 0.010135  ]
 [ 0.99974488]]
[rosout][INFO] 2019-10-16 18:25:24,588: 
pdc: 
2436
electrode: 
(3027, 3482, 3454, 3269, 3390, 3123, 3173, 3265, 3266, 3334, 3054, 3499, 3474, 3284, 3390, 3093, 3438, 3410, 3153)
z_dir: 
[[ 0.02017145]
 [ 0.01021173]
 [ 0.99974438]]
[rosout][INFO] 2019-10-16 18:25:24,599: 
pdc: 
2437
electrode: 
(3027, 3481, 3454, 3268, 3390, 3123, 3173, 3264, 3267, 3334, 3053, 3499, 3475, 3284, 3390, 3093, 3439, 3409, 3154)
z_dir: 
[[ 0.02033824]
 [ 0.0103243 ]
 [ 0.99973985]]
[rosout][INFO] 2019-10-16 18:25:24,608: 
pdc: 
2437
electrode: 
(3026, 3480, 3454, 3268, 3390, 3123, 3173, 3265, 3266, 3333, 3054, 3499, 3474, 3284, 3389, 3093, 3438, 3411, 3154)
z_dir: 
[[ 0.02012368]
 [ 0.01017889]
 [ 0.99974568]]
[rosout][INFO] 2019-10-16 18:25:24,618: 
pdc: 
2437
electrode: 
(3026, 3480, 3454, 3268, 3390, 3123, 3173, 3264, 3267, 3333, 3053, 3499, 3474, 3284, 3390, 3092, 3438, 3410, 3154)
z_dir: 
[[ 0.02026831]
 [ 0.01020224]
 [ 0.99974252]]
[rosout][INFO] 2019-10-16 18:25:24,628: 
pdc: 
2437
electrode: 
(3027, 3481, 3453, 3269, 3390, 3123, 3173, 3264, 3267, 3333, 3053, 3499, 3474, 3284, 3389, 3093, 3438, 3410, 3154)
z_dir: 
[[ 0.02014417]
 [ 0.01018228]
 [ 0.99974523]]
[rosout][INFO] 2019-10-16 18:25:24,639: 
pdc: 
2437
electrode: 
(3027, 3480, 3454, 3269, 3390, 3124, 3173, 3265, 3267, 3334, 3053, 3499, 3474, 3284, 3390, 3093, 3438, 3410, 3154)
z_dir: 
[[ 0.01943796]
 [ 0.01126135]
 [ 0.99974764]]
[rosout][INFO] 2019-10-16 18:25:24,648: 
pdc: 
2437
electrode: 
(3027, 3481, 3454, 3268, 3390, 3124, 3173, 3265, 3266, 3334, 3053, 3500, 3474, 3284, 3390, 3092, 3439, 3409, 3154)
z_dir: 
[[ 0.0201628 ]
 [ 0.01018018]
 [ 0.99974488]]
[rosout][INFO] 2019-10-16 18:25:24,658: 
pdc: 
2437
electrode: 
(3026, 3481, 3454, 3268, 3390, 3124, 3173, 3264, 3266, 3334, 3053, 3500, 3475, 3284, 3389, 3092, 3439, 3409, 3154)
z_dir: 
[[ 0.02017176]
 [ 0.01017182]
 [ 0.99974478]]
[rosout][INFO] 2019-10-16 18:25:24,667: 
pdc: 
2436
electrode: 
(3026, 3481, 3454, 3269, 3390, 3124, 3172, 3265, 3266, 3333, 3053, 3500, 3474, 3283, 3390, 3092, 3438, 3410, 3154)
z_dir: 
[[ 0.02012664]
 [ 0.01028657]
 [ 0.99974452]]
[rosout][INFO] 2019-10-16 18:25:24,678: 
pdc: 
2437
electrode: 
(3026, 3481, 3454, 3269, 3390, 3124, 3173, 3265, 3266, 3334, 3053, 3500, 3474, 3284, 3390, 3092, 3438, 3410, 3154)
z_dir: 
[[ 0.02011569]
 [ 0.01024676]
 [ 0.99974515]]
[rosout][INFO] 2019-10-16 18:25:24,689: 
pdc: 
2437
electrode: 
(3027, 3481, 3454, 3268, 3390, 3123, 3173, 3264, 3266, 3334, 3053, 3499, 3474, 3284, 3389, 3092, 3437, 3410, 3153)
z_dir: 
[[ 0.02015045]
 [ 0.01022488]
 [ 0.99974467]]
[rosout][INFO] 2019-10-16 18:25:24,698: 
pdc: 
2437
electrode: 
(3026, 3481, 3454, 3269, 3390, 3123, 3173, 3265, 3266, 3334, 3053, 3499, 3474, 3284, 3389, 3093, 3438, 3410, 3154)
z_dir: 
[[ 0.02007752]
 [ 0.01021427]
 [ 0.99974625]]
[rosout][INFO] 2019-10-16 18:25:24,708: 
pdc: 
2437
electrode: 
(3026, 3480, 3454, 3269, 3391, 3124, 3173, 3265, 3266, 3334, 3053, 3500, 3474, 3284, 3390, 3093, 3438, 3410, 3153)
z_dir: 
[[ 0.01942132]
 [ 0.01118475]
 [ 0.99974883]]
[rosout][INFO] 2019-10-16 18:25:24,719: 
pdc: 
2437
electrode: 
(3026, 3481, 3453, 3268, 3390, 3124, 3173, 3264, 3266, 3333, 3053, 3499, 3474, 3283, 3389, 3093, 3438, 3409, 3153)
z_dir: 
[[ 0.02012016]
 [ 0.01017917]
 [ 0.99974575]]
[rospy.internal][INFO] 2019-10-16 18:25:24,720: topic[/rosout] adding connection to [/rosout], count 0
[rosout][INFO] 2019-10-16 18:25:24,728: 
pdc: 
2437
electrode: 
(3026, 3481, 3454, 3269, 3390, 3123, 3173, 3265, 3266, 3334, 3053, 3499, 3474, 3284, 3390, 3092, 3437, 3410, 3154)
z_dir: 
[[ 0.02002988]
 [ 0.01020396]
 [ 0.99974731]]
[rosout][INFO] 2019-10-16 18:25:24,738: 
pdc: 
2437
electrode: 
(3026, 3481, 3454, 3268, 3390, 3124, 3173, 3264, 3267, 3334, 3053, 3500, 3474, 3284, 3390, 3092, 3439, 3409, 3154)
z_dir: 
[[ 0.02014009]
 [ 0.01018248]
 [ 0.99974531]]
[rosout][INFO] 2019-10-16 18:25:24,748: 
pdc: 
2437
electrode: 
(3026, 3481, 3454, 3268, 3390, 3123, 3172, 3264, 3266, 3333, 3053, 3500, 3474, 3284, 3389, 3093, 3439, 3410, 3153)
z_dir: 
[[ 0.01943538]
 [ 0.01123935]
 [ 0.99974794]]
[rosout][INFO] 2019-10-16 18:25:24,758: 
pdc: 
2437
electrode: 
(3026, 3481, 3454, 3268, 3390, 3123, 3173, 3264, 3266, 3333, 3054, 3499, 3475, 3284, 3390, 3092, 3438, 3410, 3154)
z_dir: 
[[ 0.02007309]
 [ 0.01017782]
 [ 0.99974671]]
[rosout][INFO] 2019-10-16 18:25:24,768: 
pdc: 
2437
electrode: 
(3027, 3480, 3453, 3269, 3390, 3124, 3173, 3264, 3266, 3333, 3053, 3499, 3474, 3283, 3390, 3092, 3438, 3409, 3154)
z_dir: 
[[ 0.02032637]
 [ 0.01016244]
 [ 0.99974175]]
[rosout][INFO] 2019-10-16 18:25:24,778: 
pdc: 
2437
electrode: 
(3027, 3481, 3454, 3269, 3390, 3124, 3173, 3265, 3267, 3333, 3053, 3499, 3474, 3284, 3389, 3092, 3438, 3409, 3154)
z_dir: 
[[ 0.01966123]
 [ 0.01119537]
 [ 0.99974402]]
[rosout][INFO] 2019-10-16 18:25:24,788: 
pdc: 
2437
electrode: 
(3027, 3481, 3454, 3268, 3390, 3124, 3173, 3265, 3266, 3333, 3054, 3500, 3474, 3284, 3390, 3092, 3438, 3410, 3154)
z_dir: 
[[ 0.02018276]
 [ 0.01028012]
 [ 0.99974345]]
[rosout][INFO] 2019-10-16 18:25:24,797: 
pdc: 
2436
electrode: 
(3026, 3481, 3454, 3269, 3390, 3124, 3173, 3265, 3267, 3334, 3053, 3499, 3475, 3284, 3389, 3092, 3438, 3410, 3154)
z_dir: 
[[ 0.02013078]
 [ 0.01021177]
 [ 0.9997452 ]]
[rosout][INFO] 2019-10-16 18:25:24,808: 
pdc: 
2437
electrode: 
(3027, 3481, 3454, 3268, 3390, 3123, 3173, 3265, 3267, 3333, 3053, 3499, 3474, 3284, 3389, 3093, 3438, 3409, 3153)
z_dir: 
[[ 0.02014366]
 [ 0.01012711]
 [ 0.99974581]]
[rosout][INFO] 2019-10-16 18:25:24,818: 
pdc: 
2437
electrode: 
(3027, 3481, 3454, 3269, 3389, 3123, 3172, 3265, 3266, 3333, 3053, 3500, 3474, 3283, 3389, 3092, 3438, 3409, 3154)
z_dir: 
[[ 0.02012318]
 [ 0.01021804]
 [ 0.99974529]]
[rosout][INFO] 2019-10-16 18:25:24,827: 
pdc: 
2437
electrode: 
(3026, 3481, 3454, 3269, 3390, 3123, 3173, 3265, 3267, 3333, 3053, 3499, 3474, 3285, 3390, 3092, 3438, 3410, 3154)
z_dir: 
[[ 0.0200778 ]
 [ 0.0102032 ]
 [ 0.99974636]]
[rosout][INFO] 2019-10-16 18:25:24,838: 
pdc: 
2437
electrode: 
(3026, 3481, 3454, 3269, 3390, 3123, 3173, 3265, 3266, 3333, 3054, 3499, 3475, 3284, 3390, 3092, 3438, 3410, 3153)
z_dir: 
[[ 0.02037304]
 [ 0.01025199]
 [ 0.99973988]]
[rosout][INFO] 2019-10-16 18:25:24,848: 
pdc: 
2437
electrode: 
(3026, 3481, 3454, 3268, 3391, 3123, 3173, 3264, 3267, 3334, 3053, 3499, 3474, 3284, 3389, 3092, 3439, 3409, 3154)
z_dir: 
[[ 0.02020902]
 [ 0.01028285]
 [ 0.9997429 ]]
[rosout][INFO] 2019-10-16 18:25:24,858: 
pdc: 
2437
electrode: 
(3027, 3480, 3454, 3269, 3390, 3124, 3173, 3265, 3266, 3333, 3053, 3500, 3473, 3284, 3390, 3092, 3439, 3410, 3154)
z_dir: 
[[ 0.01951793]
 [ 0.01127002]
 [ 0.99974599]]
[rosout][INFO] 2019-10-16 18:25:24,868: 
pdc: 
2437
electrode: 
(3027, 3481, 3454, 3269, 3390, 3124, 3173, 3264, 3266, 3334, 3054, 3499, 3474, 3284, 3389, 3092, 3438, 3409, 3154)
z_dir: 
[[ 0.01944467]
 [ 0.01125915]
 [ 0.99974754]]
[rosout][INFO] 2019-10-16 18:25:24,879: 
pdc: 
2437
electrode: 
(3026, 3482, 3454, 3269, 3390, 3123, 3173, 3265, 3266, 3333, 3053, 3499, 3474, 3284, 3389, 3092, 3438, 3409, 3154)
z_dir: 
[[ 0.0201729 ]
 [ 0.01025594]
 [ 0.9997439 ]]
[rosout][INFO] 2019-10-16 18:25:24,888: 
pdc: 
2437
electrode: 
(3027, 3481, 3454, 3269, 3390, 3123, 3173, 3265, 3267, 3333, 3053, 3500, 3474, 3283, 3389, 3092, 3439, 3410, 3154)
z_dir: 
[[ 0.01948605]
 [ 0.01121485]
 [ 0.99974723]]
[rosout][INFO] 2019-10-16 18:25:24,899: 
pdc: 
2437
electrode: 
(3026, 3481, 3454, 3269, 3390, 3124, 3173, 3265, 3267, 3333, 3054, 3499, 3474, 3284, 3390, 3092, 3438, 3410, 3154)
z_dir: 
[[ 0.02011816]
 [ 0.01014672]
 [ 0.99974612]]
[rosout][INFO] 2019-10-16 18:25:24,909: 
pdc: 
2437
electrode: 
(3026, 3480, 3453, 3268, 3390, 3123, 3173, 3265, 3266, 3334, 3053, 3499, 3475, 3284, 3389, 3092, 3438, 3409, 3154)
z_dir: 
[[ 0.01958226]
 [ 0.01127099]
 [ 0.99974472]]
[rosout][INFO] 2019-10-16 18:25:24,918: 
pdc: 
2436
electrode: 
(3027, 3482, 3453, 3269, 3390, 3123, 3173, 3264, 3267, 3333, 3053, 3499, 3475, 3284, 3389, 3093, 3438, 3410, 3153)
z_dir: 
[[ 0.01946221]
 [ 0.01126248]
 [ 0.99974716]]
[rosout][INFO] 2019-10-16 18:25:24,928: 
pdc: 
2437
electrode: 
(3026, 3481, 3454, 3269, 3390, 3124, 3173, 3265, 3267, 3333, 3053, 3499, 3474, 3284, 3389, 3092, 3439, 3410, 3154)
z_dir: 
[[ 0.02014397]
 [ 0.0102255 ]
 [ 0.9997448 ]]
[rosout][INFO] 2019-10-16 18:25:24,938: 
pdc: 
2437
electrode: 
(3027, 3481, 3453, 3269, 3390, 3123, 3173, 3264, 3266, 3333, 3054, 3500, 3474, 3284, 3389, 3093, 3438, 3409, 3154)
z_dir: 
[[ 0.02012071]
 [ 0.01019464]
 [ 0.99974558]]
[rosout][INFO] 2019-10-16 18:25:24,948: 
pdc: 
2437
electrode: 
(3026, 3481, 3454, 3268, 3390, 3124, 3173, 3265, 3267, 3334, 3053, 3499, 3474, 3285, 3390, 3092, 3438, 3410, 3154)
z_dir: 
[[ 0.020084  ]
 [ 0.01019516]
 [ 0.99974631]]
[rosout][INFO] 2019-10-16 18:25:24,958: 
pdc: 
2437
electrode: 
(3026, 3481, 3453, 3269, 3390, 3123, 3173, 3264, 3266, 3334, 3053, 3499, 3473, 3284, 3390, 3092, 3438, 3410, 3154)
z_dir: 
[[ 0.01959249]
 [ 0.01123539]
 [ 0.99974492]]
[rosout][INFO] 2019-10-16 18:25:24,968: 
pdc: 
2437
electrode: 
(3025, 3481, 3454, 3268, 3390, 3124, 3173, 3264, 3266, 3334, 3053, 3499, 3475, 3284, 3390, 3092, 3439, 3410, 3153)
z_dir: 
[[ 0.0201687 ]
 [ 0.01017081]
 [ 0.99974486]]
[rosout][INFO] 2019-10-16 18:25:24,979: 
pdc: 
2437
electrode: 
(3027, 3482, 3454, 3269, 3389, 3123, 3173, 3264, 3267, 3333, 3053, 3499, 3474, 3284, 3390, 3093, 3438, 3410, 3154)
z_dir: 
[[ 0.02003968]
 [ 0.01017385]
 [ 0.99974742]]
[rosout][INFO] 2019-10-16 18:25:24,988: 
pdc: 
2437
electrode: 
(3026, 3480, 3454, 3268, 3390, 3124, 3172, 3265, 3266, 3333, 3054, 3500, 3474, 3284, 3390, 3092, 3439, 3410, 3153)
z_dir: 
[[ 0.02014783]
 [ 0.01020879]
 [ 0.99974489]]
[rosout][INFO] 2019-10-16 18:25:24,999: 
pdc: 
2437
electrode: 
(3026, 3481, 3454, 3269, 3390, 3123, 3173, 3265, 3266, 3334, 3053, 3500, 3474, 3284, 3389, 3093, 3438, 3410, 3153)
z_dir: 
[[ 0.02009753]
 [ 0.01023867]
 [ 0.9997456 ]]
[rosout][INFO] 2019-10-16 18:25:25,008: 
pdc: 
2437
electrode: 
(3027, 3481, 3454, 3268, 3390, 3124, 3173, 3265, 3267, 3334, 3054, 3499, 3475, 3284, 3389, 3093, 3438, 3410, 3153)
z_dir: 
[[ 0.02008605]
 [ 0.0102328 ]
 [ 0.99974589]]
[rosout][INFO] 2019-10-16 18:25:25,018: 
pdc: 
2437
electrode: 
(3027, 3481, 3454, 3269, 3390, 3124, 3173, 3265, 3265, 3334, 3053, 3500, 3475, 3284, 3389, 3093, 3438, 3408, 3154)
z_dir: 
[[ 0.01968057]
 [ 0.01130767]
 [ 0.99974237]]
[rosout][INFO] 2019-10-16 18:25:25,028: 
pdc: 
2437
electrode: 
(3027, 3480, 3454, 3268, 3390, 3124, 3173, 3265, 3266, 3334, 3053, 3499, 3474, 3284, 3390, 3092, 3438, 3409, 3154)
z_dir: 
[[ 0.02012886]
 [ 0.01022749]
 [ 0.99974508]]
[rosout][INFO] 2019-10-16 18:25:25,038: 
pdc: 
2437
electrode: 
(3026, 3482, 3453, 3268, 3390, 3124, 3173, 3265, 3266, 3333, 3053, 3500, 3474, 3284, 3390, 3092, 3439, 3409, 3153)
z_dir: 
[[ 0.02007055]
 [ 0.0101876 ]
 [ 0.99974666]]
[rosout][INFO] 2019-10-16 18:25:25,048: 
pdc: 
2437
electrode: 
(3027, 3481, 3454, 3268, 3390, 3124, 3172, 3265, 3267, 3334, 3053, 3499, 3474, 3284, 3390, 3092, 3438, 3410, 3154)
z_dir: 
[[ 0.02027948]
 [ 0.01018842]
 [ 0.99974244]]
[rosout][INFO] 2019-10-16 18:25:25,059: 
pdc: 
2437
electrode: 
(3027, 3481, 3454, 3269, 3390, 3124, 3173, 3264, 3266, 3334, 3054, 3500, 3473, 3284, 3389, 3093, 3438, 3409, 3154)
z_dir: 
[[ 0.01942225]
 [ 0.01123627]
 [ 0.99974823]]
[rosout][INFO] 2019-10-16 18:25:25,068: 
pdc: 
2437
electrode: 
(3026, 3481, 3453, 3268, 3390, 3124, 3173, 3265, 3266, 3333, 3053, 3499, 3474, 3284, 3390, 3093, 3438, 3410, 3154)
z_dir: 
[[ 0.02028152]
 [ 0.01022187]
 [ 0.99974205]]
[rosout][INFO] 2019-10-16 18:25:25,078: 
pdc: 
2437
electrode: 
(3026, 3481, 3453, 3269, 3390, 3124, 3172, 3264, 3266, 3334, 3053, 3500, 3474, 3283, 3390, 3092, 3438, 3410, 3154)
z_dir: 
[[ 0.02019898]
 [ 0.01024284]
 [ 0.99974351]]
[rosout][INFO] 2019-10-16 18:25:25,088: 
pdc: 
2437
electrode: 
(3027, 3481, 3453, 3269, 3390, 3124, 3173, 3265, 3266, 3334, 3053, 3499, 3475, 3284, 3390, 3092, 3438, 3410, 3154)
z_dir: 
[[ 0.01935423]
 [ 0.01132078]
 [ 0.9997486 ]]
[rosout][INFO] 2019-10-16 18:25:25,098: 
pdc: 
2437
electrode: 
(3027, 3482, 3454, 3268, 3390, 3123, 3173, 3265, 3266, 3333, 3053, 3500, 3474, 3284, 3389, 3093, 3438, 3410, 3154)
z_dir: 
[[ 0.02008155]
 [ 0.01020477]
 [ 0.99974626]]
[rosout][INFO] 2019-10-16 18:25:25,108: 
pdc: 
2437
electrode: 
(3026, 3481, 3454, 3269, 3390, 3124, 3173, 3265, 3266, 3334, 3053, 3500, 3474, 3284, 3390, 3093, 3439, 3410, 3153)
z_dir: 
[[ 0.01951629]
 [ 0.01118828]
 [ 0.99974694]]
[rosout][INFO] 2019-10-16 18:25:25,119: 
pdc: 
2437
electrode: 
(3027, 3480, 3454, 3268, 3390, 3124, 3173, 3264, 3266, 3334, 3053, 3500, 3474, 3283, 3390, 3092, 3438, 3409, 3153)
z_dir: 
[[ 0.02031752]
 [ 0.01023801]
 [ 0.99974116]]
[rosout][INFO] 2019-10-16 18:25:25,128: 
pdc: 
2437
electrode: 
(3027, 3481, 3454, 3268, 3390, 3124, 3173, 3264, 3266, 3333, 3053, 3499, 3474, 3284, 3389, 3093, 3439, 3409, 3153)
z_dir: 
[[ 0.02009483]
 [ 0.01022529]
 [ 0.99974579]]
[rosout][INFO] 2019-10-16 18:25:25,139: 
pdc: 
2437
electrode: 
(3026, 3481, 3453, 3269, 3391, 3123, 3172, 3265, 3266, 3333, 3053, 3499, 3474, 3284, 3390, 3092, 3438, 3410, 3153)
z_dir: 
[[ 0.01942699]
 [ 0.01117198]
 [ 0.99974886]]
[rosout][INFO] 2019-10-16 18:25:25,148: 
pdc: 
2436
electrode: 
(3026, 3481, 3454, 3269, 3389, 3124, 3173, 3264, 3266, 3333, 3053, 3499, 3473, 3284, 3389, 3092, 3438, 3409, 3153)
z_dir: 
[[ 0.02045103]
 [ 0.01020703]
 [ 0.99973875]]
[rosout][INFO] 2019-10-16 18:25:25,159: 
pdc: 
2437
electrode: 
(3026, 3481, 3454, 3269, 3390, 3124, 3174, 3264, 3266, 3333, 3054, 3500, 3473, 3285, 3390, 3092, 3439, 3409, 3153)
z_dir: 
[[ 0.02044797]
 [ 0.01028404]
 [ 0.99973803]]
[rosout][INFO] 2019-10-16 18:25:25,168: 
pdc: 
2437
electrode: 
(3026, 3481, 3454, 3269, 3389, 3124, 3173, 3264, 3266, 3334, 3053, 3499, 3474, 3283, 3390, 3092, 3438, 3409, 3154)
z_dir: 
[[ 0.02002519]
 [ 0.01028148]
 [ 0.99974661]]
[rosout][INFO] 2019-10-16 18:25:25,178: 
pdc: 
2437
electrode: 
(3027, 3481, 3454, 3269, 3390, 3124, 3173, 3265, 3266, 3334, 3054, 3500, 3474, 3284, 3389, 3092, 3439, 3409, 3154)
z_dir: 
[[ 0.02010901]
 [ 0.01021825]
 [ 0.99974558]]
[rosout][INFO] 2019-10-16 18:25:25,188: 
pdc: 
2437
electrode: 
(3027, 3481, 3454, 3269, 3390, 3124, 3173, 3264, 3266, 3334, 3054, 3499, 3475, 3284, 3390, 3092, 3438, 3409, 3154)
z_dir: 
[[ 0.01957296]
 [ 0.01125283]
 [ 0.9997451 ]]
[rosout][INFO] 2019-10-16 18:25:25,198: 
pdc: 
2437
electrode: 
(3026, 3481, 3454, 3269, 3390, 3124, 3172, 3264, 3266, 3333, 3053, 3498, 3474, 3284, 3390, 3093, 3438, 3409, 3153)
z_dir: 
[[ 0.01943632]
 [ 0.01112135]
 [ 0.99974924]]
[rosout][INFO] 2019-10-16 18:25:25,209: 
pdc: 
2437
electrode: 
(3027, 3481, 3453, 3269, 3390, 3124, 3174, 3265, 3266, 3334, 3054, 3500, 3474, 3285, 3389, 3092, 3439, 3409, 3154)
z_dir: 
[[ 0.02013296]
 [ 0.01024919]
 [ 0.99974478]]
[rosout][INFO] 2019-10-16 18:25:25,219: 
pdc: 
2437
electrode: 
(3026, 3481, 3454, 3268, 3390, 3124, 3173, 3265, 3266, 3334, 3053, 3500, 3475, 3284, 3389, 3092, 3439, 3410, 3153)
z_dir: 
[[ 0.01966115]
 [ 0.01118864]
 [ 0.99974409]]
[rosout][INFO] 2019-10-16 18:25:25,228: 
pdc: 
2437
electrode: 
(3027, 3481, 3454, 3269, 3390, 3123, 3173, 3265, 3267, 3334, 3053, 3499, 3475, 3284, 3390, 3092, 3438, 3409, 3153)
z_dir: 
[[ 0.02013541]
 [ 0.01019763]
 [ 0.99974525]]
[rosout][INFO] 2019-10-16 18:25:25,239: 
pdc: 
2437
electrode: 
(3027, 3480, 3453, 3269, 3389, 3124, 3173, 3264, 3267, 3334, 3053, 3499, 3474, 3284, 3389, 3092, 3438, 3409, 3153)
z_dir: 
[[ 0.02004802]
 [ 0.01017193]
 [ 0.99974727]]
[rosout][INFO] 2019-10-16 18:25:25,248: 
pdc: 
2437
electrode: 
(3026, 3481, 3453, 3269, 3389, 3124, 3173, 3265, 3266, 3333, 3053, 3500, 3473, 3284, 3390, 3093, 3438, 3410, 3153)
z_dir: 
[[ 0.02007858]
 [ 0.01029875]
 [ 0.99974536]]
[rosout][INFO] 2019-10-16 18:25:25,259: 
pdc: 
2437
electrode: 
(3027, 3481, 3454, 3269, 3389, 3124, 3173, 3265, 3266, 3334, 3053, 3500, 3474, 3284, 3390, 3092, 3438, 3409, 3154)
z_dir: 
[[ 0.0199993 ]
 [ 0.01022018]
 [ 0.99974776]]
[rosout][INFO] 2019-10-16 18:25:25,268: 
pdc: 
2437
electrode: 
(3027, 3481, 3454, 3269, 3390, 3124, 3173, 3265, 3266, 3334, 3053, 3499, 3474, 3284, 3390, 3092, 3438, 3410, 3154)
z_dir: 
[[ 0.02007401]
 [ 0.01019836]
 [ 0.99974648]]
[rosout][INFO] 2019-10-16 18:25:25,278: 
pdc: 
2436
electrode: 
(3027, 3481, 3455, 3269, 3390, 3123, 3173, 3265, 3266, 3334, 3053, 3500, 3475, 3284, 3390, 3092, 3438, 3410, 3154)
z_dir: 
[[ 0.01946685]
 [ 0.01129984]
 [ 0.99974665]]
[rosout][INFO] 2019-10-16 18:25:25,289: 
pdc: 
2437
electrode: 
(3026, 3481, 3454, 3268, 3390, 3124, 3173, 3264, 3266, 3334, 3054, 3500, 3474, 3284, 3389, 3093, 3438, 3409, 3154)
z_dir: 
[[ 0.02008218]
 [ 0.01016295]
 [ 0.99974668]]
[rosout][INFO] 2019-10-16 18:25:25,298: 
pdc: 
2437
electrode: 
(3026, 3482, 3454, 3269, 3390, 3124, 3173, 3265, 3267, 3333, 3053, 3499, 3474, 3283, 3390, 3092, 3438, 3410, 3154)
z_dir: 
[[ 0.01970388]
 [ 0.01121503]
 [ 0.99974296]]
[rosout][INFO] 2019-10-16 18:25:25,309: 
pdc: 
2436
electrode: 
(3026, 3481, 3453, 3268, 3390, 3124, 3172, 3265, 3267, 3334, 3054, 3500, 3474, 3284, 3390, 3093, 3439, 3410, 3154)
z_dir: 
[[ 0.02008902]
 [ 0.01020726]
 [ 0.99974609]]
[rosout][INFO] 2019-10-16 18:25:25,318: 
pdc: 
2436
electrode: 
(3027, 3482, 3454, 3268, 3390, 3124, 3173, 3265, 3267, 3334, 3053, 3500, 3475, 3283, 3390, 3092, 3438, 3410, 3153)
z_dir: 
[[ 0.02011546]
 [ 0.01024116]
 [ 0.99974521]]
[rosout][INFO] 2019-10-16 18:25:25,328: 
pdc: 
2437
electrode: 
(3027, 3482, 3454, 3268, 3390, 3124, 3173, 3264, 3266, 3333, 3053, 3500, 3474, 3283, 3390, 3093, 3438, 3409, 3153)
z_dir: 
[[ 0.02008663]
 [ 0.01026696]
 [ 0.99974553]]
[rosout][INFO] 2019-10-16 18:25:25,339: 
pdc: 
2437
electrode: 
(3027, 3481, 3454, 3268, 3389, 3123, 3173, 3264, 3266, 3333, 3053, 3499, 3473, 3284, 3390, 3093, 3439, 3410, 3154)
z_dir: 
[[ 0.02014127]
 [ 0.01021579]
 [ 0.99974495]]
[rosout][INFO] 2019-10-16 18:25:25,348: 
pdc: 
2437
electrode: 
(3026, 3482, 3454, 3268, 3390, 3123, 3173, 3265, 3266, 3334, 3053, 3499, 3474, 3283, 3390, 3092, 3439, 3410, 3154)
z_dir: 
[[ 0.01942734]
 [ 0.01116535]
 [ 0.99974893]]
[rosout][INFO] 2019-10-16 18:25:25,359: 
pdc: 
2436
electrode: 
(3026, 3482, 3453, 3269, 3390, 3123, 3173, 3265, 3266, 3333, 3054, 3499, 3474, 3284, 3390, 3092, 3439, 3410, 3153)
z_dir: 
[[ 0.02010441]
 [ 0.01021921]
 [ 0.99974566]]
[rosout][INFO] 2019-10-16 18:25:25,368: 
pdc: 
2437
electrode: 
(3026, 3481, 3454, 3269, 3390, 3123, 3172, 3265, 3266, 3334, 3053, 3499, 3474, 3284, 3389, 3092, 3439, 3409, 3154)
z_dir: 
[[ 0.02005194]
 [ 0.01023328]
 [ 0.99974657]]
[rosout][INFO] 2019-10-16 18:25:25,378: 
pdc: 
2437
electrode: 
(3027, 3481, 3454, 3268, 3390, 3124, 3173, 3264, 3266, 3333, 3054, 3499, 3474, 3284, 3389, 3092, 3438, 3409, 3154)
z_dir: 
[[ 0.01941466]
 [ 0.01119203]
 [ 0.99974887]]
[rosout][INFO] 2019-10-16 18:25:25,389: 
pdc: 
2437
electrode: 
(3026, 3482, 3454, 3268, 3390, 3123, 3172, 3264, 3266, 3333, 3053, 3499, 3474, 3284, 3390, 3092, 3438, 3410, 3154)
z_dir: 
[[ 0.02032998]
 [ 0.01021262]
 [ 0.99974116]]
[rosout][INFO] 2019-10-16 18:25:25,398: 
pdc: 
2437
electrode: 
(3027, 3481, 3453, 3268, 3391, 3124, 3173, 3264, 3267, 3333, 3054, 3500, 3474, 3284, 3389, 3092, 3439, 3410, 3154)
z_dir: 
[[ 0.02027136]
 [ 0.01018825]
 [ 0.9997426 ]]
[rosout][INFO] 2019-10-16 18:25:25,408: 
pdc: 
2437
electrode: 
(3027, 3481, 3454, 3268, 3390, 3123, 3173, 3265, 3266, 3333, 3054, 3499, 3474, 3284, 3389, 3092, 3439, 3409, 3154)
z_dir: 
[[ 0.02019369]
 [ 0.01026259]
 [ 0.99974341]]
[rosout][INFO] 2019-10-16 18:25:25,419: 
pdc: 
2437
electrode: 
(3026, 3480, 3453, 3268, 3390, 3124, 3173, 3264, 3266, 3333, 3054, 3500, 3474, 3283, 3390, 3092, 3438, 3410, 3153)
z_dir: 
[[ 0.02003803]
 [ 0.01032441]
 [ 0.99974591]]
[rosout][INFO] 2019-10-16 18:25:25,428: 
pdc: 
2437
electrode: 
(3026, 3481, 3453, 3269, 3390, 3124, 3173, 3265, 3267, 3333, 3054, 3500, 3474, 3283, 3390, 3092, 3438, 3409, 3154)
z_dir: 
[[ 0.02010871]
 [ 0.01020506]
 [ 0.99974572]]
[rosout][INFO] 2019-10-16 18:25:25,439: 
pdc: 
2437
electrode: 
(3026, 3481, 3454, 3268, 3389, 3124, 3173, 3265, 3266, 3333, 3054, 3500, 3474, 3285, 3389, 3092, 3438, 3410, 3154)
z_dir: 
[[ 0.02003111]
 [ 0.01016903]
 [ 0.99974764]]
[rosout][INFO] 2019-10-16 18:25:25,448: 
pdc: 
2437
electrode: 
(3027, 3481, 3454, 3269, 3390, 3124, 3173, 3264, 3266, 3334, 3054, 3499, 3474, 3284, 3389, 3092, 3438, 3409, 3154)
z_dir: 
[[ 0.02003909]
 [ 0.01020501]
 [ 0.99974711]]
[rosout][INFO] 2019-10-16 18:25:25,459: 
pdc: 
2437
electrode: 
(3026, 3481, 3453, 3268, 3390, 3124, 3173, 3264, 3266, 3334, 3054, 3499, 3475, 3284, 3390, 3092, 3438, 3409, 3154)
z_dir: 
[[ 0.01948344]
 [ 0.01121887]
 [ 0.99974723]]
[rosout][INFO] 2019-10-16 18:25:25,469: 
pdc: 
2437
electrode: 
(3026, 3480, 3454, 3269, 3390, 3123, 3173, 3265, 3266, 3333, 3053, 3499, 3475, 3284, 3389, 3092, 3438, 3410, 3154)
z_dir: 
[[ 0.02008586]
 [ 0.01019444]
 [ 0.99974628]]
[rosout][INFO] 2019-10-16 18:25:25,478: 
pdc: 
2437
electrode: 
(3027, 3481, 3454, 3268, 3390, 3124, 3173, 3265, 3267, 3334, 3053, 3499, 3475, 3284, 3389, 3092, 3438, 3410, 3153)
z_dir: 
[[ 0.02009251]
 [ 0.01032481]
 [ 0.99974481]]
[rosout][INFO] 2019-10-16 18:25:25,489: 
pdc: 
2437
electrode: 
(3027, 3482, 3454, 3268, 3390, 3124, 3173, 3264, 3267, 3333, 3053, 3499, 3474, 3284, 3390, 3092, 3438, 3409, 3154)
z_dir: 
[[ 0.02003   ]
 [ 0.01019158]
 [ 0.99974743]]
[rosout][INFO] 2019-10-16 18:25:25,498: 
pdc: 
2437
electrode: 
(3026, 3481, 3454, 3269, 3390, 3123, 3173, 3265, 3266, 3334, 3053, 3499, 3474, 3284, 3389, 3093, 3439, 3409, 3154)
z_dir: 
[[ 0.01943922]
 [ 0.011232  ]
 [ 0.99974795]]
[rosout][INFO] 2019-10-16 18:25:25,509: 
pdc: 
2437
electrode: 
(3027, 3481, 3454, 3269, 3389, 3124, 3173, 3264, 3266, 3333, 3054, 3499, 3475, 3284, 3389, 3093, 3438, 3410, 3153)
z_dir: 
[[ 0.02013147]
 [ 0.01014754]
 [ 0.99974584]]
[rosout][INFO] 2019-10-16 18:25:25,519: 
pdc: 
2437
electrode: 
(3027, 3482, 3454, 3268, 3390, 3124, 3172, 3265, 3266, 3334, 3054, 3499, 3474, 3284, 3390, 3092, 3438, 3410, 3154)
z_dir: 
[[ 0.01935486]
 [ 0.01125595]
 [ 0.99974932]]
[rosout][INFO] 2019-10-16 18:25:25,528: 
pdc: 
2437
electrode: 
(3026, 3481, 3453, 3268, 3390, 3124, 3173, 3264, 3267, 3334, 3054, 3499, 3474, 3285, 3390, 3092, 3438, 3409, 3154)
z_dir: 
[[ 0.02006654]
 [ 0.01020456]
 [ 0.99974657]]
[rosout][INFO] 2019-10-16 18:25:25,539: 
pdc: 
2437
electrode: 
(3026, 3481, 3454, 3268, 3390, 3124, 3173, 3265, 3266, 3333, 3053, 3499, 3474, 3284, 3390, 3092, 3438, 3410, 3154)
z_dir: 
[[ 0.02014899]
 [ 0.01019202]
 [ 0.99974504]]
[rosout][INFO] 2019-10-16 18:25:25,548: 
pdc: 
2437
electrode: 
(3027, 3481, 3454, 3269, 3391, 3124, 3173, 3265, 3267, 3334, 3054, 3499, 3474, 3284, 3389, 3092, 3438, 3409, 3154)
z_dir: 
[[ 0.02010658]
 [ 0.0102123 ]
 [ 0.99974568]]
[rosout][INFO] 2019-10-16 18:25:25,559: 
pdc: 
2437
electrode: 
(3026, 3482, 3454, 3269, 3391, 3124, 3173, 3265, 3267, 3333, 3054, 3499, 3474, 3284, 3389, 3093, 3439, 3409, 3154)
z_dir: 
[[ 0.02006461]
 [ 0.01024326]
 [ 0.99974621]]
[rosout][INFO] 2019-10-16 18:25:25,569: 
pdc: 
2436
electrode: 
(3026, 3481, 3454, 3268, 3390, 3123, 3173, 3265, 3267, 3333, 3053, 3499, 3475, 3284, 3389, 3092, 3438, 3409, 3154)
z_dir: 
[[ 0.0207212 ]
 [ 0.00995367]
 [ 0.99973574]]
[rosout][INFO] 2019-10-16 18:25:25,578: 
pdc: 
2437
electrode: 
(3027, 3481, 3454, 3269, 3390, 3123, 3173, 3264, 3267, 3334, 3054, 3500, 3474, 3284, 3389, 3092, 3438, 3409, 3153)
z_dir: 
[[ 0.01943103]
 [ 0.01124936]
 [ 0.99974791]]
[rosout][INFO] 2019-10-16 18:25:25,589: 
pdc: 
2437
electrode: 
(3026, 3481, 3454, 3269, 3391, 3124, 3173, 3265, 3267, 3334, 3053, 3499, 3475, 3284, 3390, 3093, 3439, 3410, 3154)
z_dir: 
[[ 0.020189  ]
 [ 0.0102891 ]
 [ 0.99974324]]
[rosout][INFO] 2019-10-16 18:25:25,598: 
pdc: 
2437
electrode: 
(3027, 3481, 3454, 3268, 3389, 3124, 3173, 3265, 3267, 3334, 3053, 3499, 3474, 3284, 3390, 3092, 3438, 3410, 3154)
z_dir: 
[[ 0.02009073]
 [ 0.01028316]
 [ 0.99974528]]
[rosout][INFO] 2019-10-16 18:25:25,609: 
pdc: 
2437
electrode: 
(3027, 3481, 3454, 3268, 3390, 3124, 3173, 3265, 3267, 3334, 3053, 3500, 3475, 3284, 3389, 3092, 3438, 3410, 3153)
z_dir: 
[[ 0.02018683]
 [ 0.0102282 ]
 [ 0.99974391]]
[rosout][INFO] 2019-10-16 18:25:25,618: 
pdc: 
2437
electrode: 
(3026, 3481, 3454, 3269, 3390, 3123, 3172, 3264, 3266, 3334, 3054, 3500, 3474, 3284, 3389, 3093, 3438, 3409, 3153)
z_dir: 
[[ 0.02036689]
 [ 0.01014054]
 [ 0.99974115]]
[rosout][INFO] 2019-10-16 18:25:25,629: 
pdc: 
2437
electrode: 
(3026, 3481, 3454, 3268, 3390, 3123, 3174, 3264, 3266, 3334, 3054, 3500, 3474, 3283, 3389, 3092, 3438, 3410, 3154)
z_dir: 
[[ 0.02012713]
 [ 0.01021792]
 [ 0.99974521]]
[rosout][INFO] 2019-10-16 18:25:25,639: 
pdc: 
2437
electrode: 
(3026, 3481, 3454, 3268, 3390, 3123, 3173, 3265, 3266, 3334, 3053, 3500, 3473, 3284, 3390, 3093, 3438, 3409, 3154)
z_dir: 
[[ 0.02013626]
 [ 0.01022676]
 [ 0.99974494]]
[rosout][INFO] 2019-10-16 18:25:25,648: 
pdc: 
2437
electrode: 
(3027, 3480, 3454, 3269, 3389, 3124, 3173, 3264, 3267, 3334, 3054, 3498, 3474, 3283, 3390, 3092, 3439, 3409, 3154)
z_dir: 
[[ 0.02027331]
 [ 0.01021628]
 [ 0.99974228]]
[rosout][INFO] 2019-10-16 18:25:25,659: 
pdc: 
2437
electrode: 
(3027, 3481, 3454, 3269, 3390, 3124, 3173, 3265, 3267, 3334, 3053, 3499, 3474, 3284, 3390, 3092, 3438, 3410, 3154)
z_dir: 
[[ 0.02013772]
 [ 0.01021254]
 [ 0.99974506]]
[rosout][INFO] 2019-10-16 18:25:25,668: 
pdc: 
2437
electrode: 
(3026, 3482, 3454, 3269, 3390, 3124, 3173, 3265, 3266, 3333, 3053, 3500, 3475, 3284, 3389, 3092, 3439, 3409, 3154)
z_dir: 
[[ 0.0200959 ]
 [ 0.01018676]
 [ 0.99974616]]
[rosout][INFO] 2019-10-16 18:25:25,679: 
pdc: 
2437
electrode: 
(3026, 3481, 3454, 3268, 3391, 3124, 3173, 3265, 3266, 3334, 3053, 3499, 3474, 3284, 3389, 3092, 3438, 3409, 3154)
z_dir: 
[[ 0.02031555]
 [ 0.01024381]
 [ 0.99974114]]
[rosout][INFO] 2019-10-16 18:25:25,689: 
pdc: 
2437
electrode: 
(3027, 3481, 3454, 3268, 3390, 3124, 3174, 3265, 3266, 3333, 3054, 3499, 3474, 3284, 3389, 3092, 3438, 3409, 3153)
z_dir: 
[[ 0.02010905]
 [ 0.01027608]
 [ 0.99974498]]
[rosout][INFO] 2019-10-16 18:25:25,699: 
pdc: 
2437
electrode: 
(3026, 3481, 3454, 3269, 3390, 3124, 3173, 3265, 3266, 3334, 3053, 3499, 3475, 3284, 3390, 3092, 3439, 3409, 3153)
z_dir: 
[[ 0.02036376]
 [ 0.01027185]
 [ 0.99973987]]
[rosout][INFO] 2019-10-16 18:25:25,708: 
pdc: 
2437
electrode: 
(3027, 3481, 3454, 3268, 3390, 3124, 3173, 3265, 3266, 3334, 3053, 3499, 3474, 3284, 3389, 3092, 3438, 3410, 3153)
z_dir: 
[[ 0.01946505]
 [ 0.01126838]
 [ 0.99974704]]
[rosout][INFO] 2019-10-16 18:25:25,719: 
pdc: 
2437
electrode: 
(3026, 3481, 3454, 3269, 3390, 3123, 3173, 3265, 3266, 3333, 3053, 3500, 3474, 3284, 3390, 3092, 3439, 3410, 3153)
z_dir: 
[[ 0.02007575]
 [ 0.01015047]
 [ 0.99974693]]
[rosout][INFO] 2019-10-16 18:25:25,729: 
pdc: 
2436
electrode: 
(3027, 3481, 3454, 3268, 3389, 3123, 3173, 3265, 3266, 3333, 3053, 3500, 3474, 3283, 3389, 3093, 3438, 3410, 3154)
z_dir: 
[[ 0.01936484]
 [ 0.01125762]
 [ 0.9997491 ]]
[rosout][INFO] 2019-10-16 18:25:25,738: 
pdc: 
2437
electrode: 
(3027, 3481, 3454, 3269, 3390, 3124, 3173, 3265, 3266, 3334, 3054, 3499, 3474, 3284, 3389, 3092, 3439, 3409, 3153)
z_dir: 
[[ 0.02011455]
 [ 0.01021662]
 [ 0.99974548]]
[rosout][INFO] 2019-10-16 18:25:25,749: 
pdc: 
2437
electrode: 
(3027, 3481, 3454, 3268, 3390, 3123, 3172, 3265, 3267, 3334, 3054, 3499, 3474, 3284, 3389, 3092, 3438, 3409, 3154)
z_dir: 
[[ 0.02027694]
 [ 0.01026529]
 [ 0.9997417 ]]
[rosout][INFO] 2019-10-16 18:25:25,759: 
pdc: 
2437
electrode: 
(3026, 3480, 3453, 3269, 3390, 3124, 3173, 3265, 3267, 3333, 3054, 3499, 3474, 3283, 3389, 3092, 3438, 3410, 3153)
z_dir: 
[[ 0.01950074]
 [ 0.01121238]
 [ 0.99974697]]
[rosout][INFO] 2019-10-16 18:25:25,769: 
pdc: 
2437
electrode: 
(3026, 3480, 3453, 3269, 3390, 3124, 3173, 3265, 3266, 3333, 3054, 3500, 3474, 3284, 3389, 3092, 3439, 3409, 3153)
z_dir: 
[[ 0.0202566 ]
 [ 0.01017048]
 [ 0.99974308]]
[rosout][INFO] 2019-10-16 18:25:25,778: 
pdc: 
2437
electrode: 
(3026, 3480, 3454, 3269, 3391, 3124, 3173, 3265, 3266, 3333, 3053, 3500, 3474, 3284, 3389, 3092, 3438, 3410, 3154)
z_dir: 
[[ 0.02013006]
 [ 0.01018896]
 [ 0.99974545]]
[rosout][INFO] 2019-10-16 18:25:25,789: 
pdc: 
2437
electrode: 
(3027, 3481, 3453, 3268, 3390, 3124, 3173, 3264, 3266, 3334, 3053, 3500, 3474, 3284, 3390, 3093, 3439, 3410, 3154)
z_dir: 
[[ 0.02013279]
 [ 0.01023962]
 [ 0.99974488]]
[rosout][INFO] 2019-10-16 18:25:25,798: 
pdc: 
2437
electrode: 
(3026, 3481, 3454, 3269, 3390, 3123, 3172, 3265, 3266, 3333, 3053, 3500, 3474, 3284, 3389, 3092, 3438, 3410, 3154)
z_dir: 
[[ 0.02004269]
 [ 0.01017616]
 [ 0.99974734]]
[rosout][INFO] 2019-10-16 18:25:25,809: 
pdc: 
2437
electrode: 
(3026, 3481, 3454, 3269, 3390, 3123, 3173, 3265, 3266, 3334, 3053, 3500, 3474, 3284, 3390, 3093, 3438, 3409, 3154)
z_dir: 
[[ 0.02029195]
 [ 0.01014428]
 [ 0.99974263]]
[rosout][INFO] 2019-10-16 18:25:25,819: 
pdc: 
2437
electrode: 
(3027, 3481, 3454, 3268, 3390, 3124, 3173, 3265, 3266, 3333, 3053, 3499, 3474, 3283, 3389, 3092, 3438, 3410, 3154)
z_dir: 
[[ 0.02029435]
 [ 0.01020606]
 [ 0.99974195]]
[rosout][INFO] 2019-10-16 18:25:25,828: 
pdc: 
2436
electrode: 
(3026, 3481, 3454, 3268, 3390, 3124, 3173, 3265, 3266, 3333, 3053, 3500, 3474, 3284, 3389, 3092, 3438, 3410, 3153)
z_dir: 
[[ 0.02004976]
 [ 0.01023908]
 [ 0.99974655]]
[rosout][INFO] 2019-10-16 18:25:25,839: 
pdc: 
2437
electrode: 
(3026, 3481, 3453, 3269, 3390, 3123, 3173, 3265, 3266, 3334, 3053, 3500, 3475, 3284, 3389, 3093, 3438, 3410, 3154)
z_dir: 
[[ 0.0203871 ]
 [ 0.01023899]
 [ 0.99973973]]
[rosout][INFO] 2019-10-16 18:25:25,848: 
pdc: 
2437
electrode: 
(3026, 3481, 3454, 3269, 3390, 3123, 3172, 3265, 3267, 3332, 3053, 3500, 3474, 3284, 3389, 3092, 3438, 3410, 3154)
z_dir: 
[[ 0.02016665]
 [ 0.01013702]
 [ 0.99974524]]
[rosout][INFO] 2019-10-16 18:25:25,858: 
pdc: 
2437
electrode: 
(3026, 3481, 3454, 3269, 3390, 3124, 3173, 3264, 3266, 3334, 3053, 3499, 3474, 3284, 3390, 3093, 3438, 3410, 3154)
z_dir: 
[[ 0.0200665 ]
 [ 0.01016453]
 [ 0.99974698]]
[rosout][INFO] 2019-10-16 18:25:25,869: 
pdc: 
2437
electrode: 
(3026, 3480, 3454, 3268, 3390, 3124, 3173, 3265, 3267, 3333, 3053, 3500, 3474, 3284, 3390, 3092, 3438, 3409, 3154)
z_dir: 
[[ 0.02018021]
 [ 0.01025908]
 [ 0.99974372]]
[rosout][INFO] 2019-10-16 18:25:25,878: 
pdc: 
2437
electrode: 
(3026, 3481, 3454, 3268, 3390, 3124, 3173, 3265, 3265, 3333, 3054, 3499, 3474, 3284, 3389, 3092, 3438, 3410, 3154)
z_dir: 
[[ 0.02004793]
 [ 0.01017651]
 [ 0.99974723]]
[rosout][INFO] 2019-10-16 18:25:25,888: 
pdc: 
2437
electrode: 
(3027, 3481, 3454, 3269, 3390, 3124, 3173, 3265, 3266, 3334, 3054, 3499, 3474, 3284, 3390, 3093, 3439, 3410, 3153)
z_dir: 
[[ 0.01944402]
 [ 0.01116923]
 [ 0.99974856]]
[rosout][INFO] 2019-10-16 18:25:25,899: 
pdc: 
2437
electrode: 
(3027, 3481, 3454, 3269, 3390, 3124, 3173, 3265, 3266, 3333, 3054, 3500, 3475, 3284, 3389, 3093, 3438, 3409, 3154)
z_dir: 
[[ 0.02006727]
 [ 0.01022771]
 [ 0.99974632]]
[rosout][INFO] 2019-10-16 18:25:25,908: 
pdc: 
2437
electrode: 
(3026, 3481, 3453, 3268, 3390, 3123, 3173, 3264, 3267, 3333, 3054, 3499, 3474, 3283, 3390, 3092, 3438, 3409, 3154)
z_dir: 
[[ 0.01934651]
 [ 0.01124198]
 [ 0.99974963]]
[rosout][INFO] 2019-10-16 18:25:25,919: 
pdc: 
2437
electrode: 
(3027, 3482, 3454, 3268, 3391, 3123, 3172, 3265, 3266, 3333, 3053, 3500, 3475, 3284, 3390, 3093, 3439, 3410, 3154)
z_dir: 
[[ 0.02004823]
 [ 0.01023897]
 [ 0.99974658]]
[rosout][INFO] 2019-10-16 18:25:25,928: 
pdc: 
2437
electrode: 
(3027, 3481, 3454, 3269, 3390, 3124, 3172, 3265, 3266, 3333, 3053, 3499, 3474, 3284, 3390, 3092, 3439, 3410, 3154)
z_dir: 
[[ 0.02019003]
 [ 0.01018499]
 [ 0.99974428]]
[rosout][INFO] 2019-10-16 18:25:25,938: 
pdc: 
2437
electrode: 
(3027, 3481, 3454, 3269, 3390, 3124, 3173, 3264, 3267, 3333, 3054, 3500, 3475, 3284, 3390, 3092, 3439, 3409, 3154)
z_dir: 
[[ 0.02012621]
 [ 0.01020425]
 [ 0.99974537]]
[rosout][INFO] 2019-10-16 18:25:25,949: 
pdc: 
2437
electrode: 
(3026, 3482, 3454, 3268, 3390, 3123, 3173, 3265, 3266, 3334, 3053, 3499, 3474, 3284, 3389, 3092, 3438, 3410, 3154)
z_dir: 
[[ 0.01996883]
 [ 0.01015841]
 [ 0.99974899]]
[rosout][INFO] 2019-10-16 18:25:25,960: 
pdc: 
2437
electrode: 
(3026, 3481, 3454, 3268, 3390, 3124, 3172, 3265, 3267, 3333, 3054, 3499, 3474, 3284, 3389, 3092, 3439, 3409, 3154)
z_dir: 
[[ 0.02007831]
 [ 0.01021149]
 [ 0.99974626]]
[rosout][INFO] 2019-10-16 18:25:25,969: 
pdc: 
2437
electrode: 
(3027, 3481, 3454, 3269, 3390, 3124, 3173, 3264, 3266, 3333, 3053, 3499, 3474, 3284, 3389, 3093, 3439, 3409, 3154)
z_dir: 
[[ 0.02005232]
 [ 0.01038155]
 [ 0.99974503]]
[rosout][INFO] 2019-10-16 18:25:25,979: 
pdc: 
2436
electrode: 
(3027, 3481, 3454, 3268, 3390, 3124, 3173, 3265, 3266, 3333, 3054, 3499, 3474, 3284, 3390, 3092, 3438, 3410, 3153)
z_dir: 
[[ 0.02010256]
 [ 0.01020385]
 [ 0.99974585]]
[rosout][INFO] 2019-10-16 18:25:25,988: 
pdc: 
2437
electrode: 
(3027, 3481, 3454, 3269, 3390, 3123, 3173, 3265, 3266, 3334, 3053, 3499, 3474, 3284, 3390, 3092, 3438, 3410, 3154)
z_dir: 
[[ 0.02012559]
 [ 0.01031256]
 [ 0.99974427]]
[rosout][INFO] 2019-10-16 18:25:25,999: 
pdc: 
2437
electrode: 
(3026, 3481, 3453, 3268, 3390, 3124, 3173, 3265, 3266, 3334, 3054, 3499, 3473, 3284, 3390, 3092, 3438, 3410, 3153)
z_dir: 
[[ 0.02011822]
 [ 0.01020158]
 [ 0.99974556]]
[rosout][INFO] 2019-10-16 18:25:26,008: 
pdc: 
2437
electrode: 
(3027, 3481, 3454, 3268, 3390, 3123, 3173, 3265, 3266, 3334, 3052, 3499, 3474, 3283, 3389, 3093, 3438, 3410, 3154)
z_dir: 
[[ 0.01941445]
 [ 0.01122434]
 [ 0.99974852]]
[rosout][INFO] 2019-10-16 18:25:26,018: 
pdc: 
2437
electrode: 
(3027, 3480, 3454, 3268, 3390, 3124, 3172, 3265, 3267, 3334, 3053, 3500, 3474, 3285, 3389, 3093, 3439, 3410, 3153)
z_dir: 
[[ 0.02011838]
 [ 0.01029557]
 [ 0.99974459]]
[rosout][INFO] 2019-10-16 18:25:26,029: 
pdc: 
2437
electrode: 
(3027, 3481, 3453, 3269, 3390, 3124, 3173, 3264, 3267, 3334, 3053, 3499, 3474, 3284, 3389, 3092, 3439, 3410, 3154)
z_dir: 
[[ 0.02020427]
 [ 0.01020465]
 [ 0.99974379]]
[rosout][INFO] 2019-10-16 18:25:26,038: 
pdc: 
2437
electrode: 
(3026, 3481, 3454, 3269, 3390, 3124, 3173, 3265, 3267, 3334, 3054, 3500, 3474, 3283, 3390, 3092, 3438, 3410, 3153)
z_dir: 
[[ 0.02014522]
 [ 0.01029429]
 [ 0.99974407]]
[rosout][INFO] 2019-10-16 18:25:26,049: 
pdc: 
2437
electrode: 
(3027, 3481, 3454, 3269, 3390, 3124, 3172, 3264, 3266, 3334, 3054, 3499, 3474, 3284, 3389, 3092, 3438, 3409, 3153)
z_dir: 
[[ 0.01938801]
 [ 0.01123487]
 [ 0.99974891]]
[rosout][INFO] 2019-10-16 18:25:26,058: 
pdc: 
2437
electrode: 
(3026, 3481, 3453, 3268, 3390, 3123, 3173, 3265, 3267, 3333, 3053, 3500, 3473, 3284, 3389, 3092, 3438, 3410, 3154)
z_dir: 
[[ 0.02027229]
 [ 0.01034981]
 [ 0.99974092]]
[rosout][INFO] 2019-10-16 18:25:26,068: 
pdc: 
2437
electrode: 
(3027, 3481, 3454, 3269, 3390, 3124, 3173, 3264, 3266, 3333, 3053, 3499, 3474, 3284, 3390, 3093, 3438, 3410, 3154)
z_dir: 
[[ 0.02014299]
 [ 0.01036541]
 [ 0.99974338]]
[rosout][INFO] 2019-10-16 18:25:26,079: 
pdc: 
2437
electrode: 
(3027, 3481, 3453, 3269, 3390, 3124, 3173, 3265, 3266, 3333, 3053, 3499, 3474, 3285, 3389, 3094, 3438, 3410, 3154)
z_dir: 
[[ 0.02015976]
 [ 0.01025312]
 [ 0.9997442 ]]
[rosout][INFO] 2019-10-16 18:25:26,088: 
pdc: 
2437
electrode: 
(3026, 3481, 3454, 3269, 3389, 3124, 3173, 3264, 3266, 3334, 3053, 3499, 3475, 3284, 3389, 3093, 3439, 3410, 3154)
z_dir: 
[[ 0.0203028 ]
 [ 0.0102588 ]
 [ 0.99974124]]
[rosout][INFO] 2019-10-16 18:25:26,099: 
pdc: 
2437
electrode: 
(3026, 3481, 3454, 3268, 3390, 3123, 3173, 3265, 3267, 3333, 3053, 3499, 3475, 3284, 3389, 3092, 3439, 3410, 3154)
z_dir: 
[[ 0.01962319]
 [ 0.01122355]
 [ 0.99974445]]
[rosout][INFO] 2019-10-16 18:25:26,109: 
pdc: 
2437
electrode: 
(3027, 3481, 3453, 3268, 3389, 3124, 3173, 3264, 3266, 3333, 3054, 3499, 3475, 3284, 3390, 3092, 3438, 3409, 3153)
z_dir: 
[[ 0.02012898]
 [ 0.01021468]
 [ 0.99974521]]
[rosout][INFO] 2019-10-16 18:25:26,119: 
pdc: 
2437
electrode: 
(3026, 3481, 3454, 3269, 3390, 3124, 3173, 3265, 3266, 3333, 3053, 3499, 3474, 3284, 3389, 3093, 3439, 3410, 3153)
z_dir: 
[[ 0.02030546]
 [ 0.01018214]
 [ 0.99974197]]
[rosout][INFO] 2019-10-16 18:25:26,129: 
pdc: 
2437
electrode: 
(3027, 3481, 3454, 3269, 3390, 3123, 3173, 3264, 3266, 3333, 3053, 3498, 3474, 3284, 3390, 3093, 3438, 3410, 3154)
z_dir: 
[[ 0.0201082 ]
 [ 0.01028443]
 [ 0.99974491]]
[rosout][INFO] 2019-10-16 18:25:26,138: 
pdc: 
2437
electrode: 
(3026, 3481, 3454, 3269, 3390, 3124, 3173, 3265, 3266, 3334, 3053, 3500, 3474, 3285, 3389, 3092, 3438, 3409, 3154)
z_dir: 
[[ 0.02009428]
 [ 0.0101759 ]
 [ 0.9997463 ]]
[rosout][INFO] 2019-10-16 18:25:26,149: 
pdc: 
2437
electrode: 
(3027, 3482, 3454, 3269, 3390, 3123, 3173, 3264, 3266, 3333, 3053, 3500, 3474, 3284, 3389, 3092, 3438, 3410, 3154)
z_dir: 
[[ 0.02012084]
 [ 0.01029914]
 [ 0.99974451]]
[rosout][INFO] 2019-10-16 18:25:26,158: 
pdc: 
2437
electrode: 
(3026, 3481, 3454, 3269, 3390, 3124, 3173, 3264, 3267, 3334, 3053, 3500, 3474, 3284, 3389, 3092, 3439, 3409, 3154)
z_dir: 
[[ 0.02014049]
 [ 0.01027612]
 [ 0.99974435]]
[rosout][INFO] 2019-10-16 18:25:26,169: 
pdc: 
2437
electrode: 
(3027, 3481, 3453, 3268, 3390, 3123, 3173, 3265, 3266, 3334, 3053, 3499, 3474, 3284, 3390, 3092, 3438, 3409, 3153)
z_dir: 
[[ 0.02030938]
 [ 0.01024201]
 [ 0.99974128]]
[rosout][INFO] 2019-10-16 18:25:26,179: 
pdc: 
2437
electrode: 
(3027, 3481, 3454, 3268, 3390, 3124, 3173, 3265, 3266, 3333, 3054, 3500, 3474, 3284, 3389, 3092, 3439, 3409, 3153)
z_dir: 
[[ 0.01935942]
 [ 0.01122508]
 [ 0.99974957]]
[rosout][INFO] 2019-10-16 18:25:26,189: 
pdc: 
2437
electrode: 
(3027, 3481, 3455, 3268, 3390, 3124, 3173, 3264, 3266, 3333, 3054, 3499, 3474, 3283, 3390, 3093, 3439, 3409, 3153)
z_dir: 
[[ 0.02015579]
 [ 0.01017172]
 [ 0.99974511]]
[rosout][INFO] 2019-10-16 18:25:26,199: 
pdc: 
2437
electrode: 
(3027, 3481, 3454, 3269, 3390, 3124, 3173, 3265, 3267, 3333, 3054, 3500, 3473, 3284, 3390, 3093, 3438, 3410, 3154)
z_dir: 
[[ 0.02014467]
 [ 0.01021158]
 [ 0.99974493]]
[rosout][INFO] 2019-10-16 18:25:26,209: 
pdc: 
2437
electrode: 
(3027, 3481, 3455, 3269, 3390, 3124, 3173, 3264, 3266, 3334, 3053, 3500, 3473, 3284, 3389, 3093, 3439, 3409, 3153)
z_dir: 
[[ 0.020155  ]
 [ 0.01017269]
 [ 0.99974511]]
[rosout][INFO] 2019-10-16 18:25:26,219: 
pdc: 
2437
electrode: 
(3026, 3481, 3454, 3269, 3390, 3124, 3173, 3264, 3267, 3334, 3053, 3500, 3474, 3284, 3390, 3093, 3438, 3409, 3154)
z_dir: 
[[ 0.02010796]
 [ 0.0102461 ]
 [ 0.99974531]]
[rosout][INFO] 2019-10-16 18:25:26,228: 
pdc: 
2437
electrode: 
(3026, 3481, 3453, 3269, 3390, 3124, 3172, 3265, 3267, 3334, 3054, 3500, 3474, 3284, 3390, 3092, 3439, 3409, 3154)
z_dir: 
[[ 0.02035375]
 [ 0.01023164]
 [ 0.99974049]]
[rosout][INFO] 2019-10-16 18:25:26,239: 
pdc: 
2437
electrode: 
(3027, 3481, 3454, 3268, 3390, 3124, 3173, 3265, 3266, 3334, 3054, 3499, 3474, 3284, 3389, 3093, 3439, 3409, 3154)
z_dir: 
[[ 0.02010876]
 [ 0.0101898 ]
 [ 0.99974587]]
[rosout][INFO] 2019-10-16 18:25:26,249: 
pdc: 
2437
electrode: 
(3026, 3481, 3454, 3269, 3390, 3123, 3173, 3264, 3266, 3333, 3053, 3500, 3474, 3284, 3389, 3093, 3440, 3409, 3153)
z_dir: 
[[ 0.02010133]
 [ 0.01023483]
 [ 0.99974556]]
[rosout][INFO] 2019-10-16 18:25:26,258: 
pdc: 
2437
electrode: 
(3027, 3481, 3454, 3268, 3389, 3124, 3173, 3265, 3267, 3334, 3053, 3500, 3474, 3283, 3390, 3093, 3439, 3410, 3154)
z_dir: 
[[ 0.02009577]
 [ 0.01020627]
 [ 0.99974596]]
[rosout][INFO] 2019-10-16 18:25:26,269: 
pdc: 
2437
electrode: 
(3026, 3481, 3454, 3269, 3390, 3124, 3173, 3264, 3266, 3334, 3054, 3500, 3474, 3284, 3390, 3092, 3438, 3409, 3153)
z_dir: 
[[ 0.02000078]
 [ 0.01019892]
 [ 0.99974794]]
[rosout][INFO] 2019-10-16 18:25:26,279: 
pdc: 
2437
electrode: 
(3027, 3481, 3453, 3269, 3389, 3124, 3173, 3264, 3267, 3334, 3053, 3500, 3474, 3283, 3389, 3093, 3438, 3409, 3154)
z_dir: 
[[ 0.01934118]
 [ 0.0112708 ]
 [ 0.99974941]]
[rosout][INFO] 2019-10-16 18:25:26,289: 
pdc: 
2437
electrode: 
(3027, 3481, 3453, 3269, 3389, 3124, 3173, 3264, 3266, 3334, 3053, 3499, 3475, 3284, 3390, 3092, 3439, 3409, 3154)
z_dir: 
[[ 0.0199916 ]
 [ 0.01018601]
 [ 0.99974826]]
[rospy.core][INFO] 2019-10-16 18:25:26,294: signal_shutdown [signal-2]
[rospy.internal][INFO] 2019-10-16 18:25:26,300: topic[/rosout] removing connection to /rosout
[rospy.internal][INFO] 2019-10-16 18:25:26,301: topic[/biotac_pub] removing connection to http://student-lasa:33843/
[rospy.rosout][ERROR] 2019-10-16 18:25:26,302: Unable to report rosout: publish() to a closed topic
Traceback (most recent call last):
  File "/opt/ros/kinetic/lib/python2.7/dist-packages/rospy/impl/rosout.py", line 91, in _rosout
    _rosout_pub.publish(l)
  File "/opt/ros/kinetic/lib/python2.7/dist-packages/rospy/topics.py", line 882, in publish
    self.impl.publish(data)
  File "/opt/ros/kinetic/lib/python2.7/dist-packages/rospy/topics.py", line 1041, in publish
    raise ROSException("publish() to a closed topic")
ROSException: publish() to a closed topic

[rosout][INFO] 2019-10-16 18:25:26,299: 
pdc: 
2437
electrode: 
(3027, 3481, 3453, 3269, 3390, 3124, 3172, 3264, 3266, 3333, 3053, 3500, 3473, 3285, 3389, 3092, 3438, 3409, 3154)
z_dir: 
[[ 0.02010196]
 [ 0.01016903]
 [ 0.99974622]]
[rospy.internal][WARNING] 2019-10-16 18:25:26,303: Unknown error initiating TCP/IP socket to student-lasa:54309 (http://student-lasa:33843/): Traceback (most recent call last):
  File "/opt/ros/kinetic/lib/python2.7/dist-packages/rospy/impl/tcpros_base.py", line 557, in connect
    self.read_header()
  File "/opt/ros/kinetic/lib/python2.7/dist-packages/rospy/impl/tcpros_base.py", line 650, in read_header
    self._validate_header(read_ros_handshake_header(sock, self.read_buff, self.protocol.buff_size))
AttributeError: 'NoneType' object has no attribute 'buff_size'

[rospy.topics][ERROR] 2019-10-16 18:25:26,303: Traceback (most recent call last):
  File "/opt/ros/kinetic/lib/python2.7/dist-packages/rospy/topics.py", line 326, in close
    c.close()
  File "/opt/ros/kinetic/lib/python2.7/dist-packages/rospy/impl/tcpros_base.py", line 838, in close
    self.socket.close()
AttributeError: 'NoneType' object has no attribute 'close'

[rospy.internal][INFO] 2019-10-16 18:25:26,303: topic[/vrpn_client_node/normalSurface/pose] removing connection to http://student-lasa:45067/
[rospy.internal][INFO] 2019-10-16 18:25:26,303: topic[/vrpn_client_node/baseHand/pose] removing connection to http://student-lasa:45067/
[rospy.impl.masterslave][INFO] 2019-10-16 18:25:26,304: signal-2
[rospy.core][INFO] 2019-10-16 18:25:26,407: signal_shutdown [atexit]
