[rospy.client][INFO] 2019-10-16 18:12:13,452: init_node, name[/biochip_listener_15002_1571242333435], pid[15002]
[xmlrpc][INFO] 2019-10-16 18:12:13,453: XML-RPC server binding to 0.0.0.0:0
[xmlrpc][INFO] 2019-10-16 18:12:13,453: Started XML-RPC server [http://student-lasa:34433/]
[rospy.init][INFO] 2019-10-16 18:12:13,453: ROS Slave URI: [http://student-lasa:34433/]
[rospy.impl.masterslave][INFO] 2019-10-16 18:12:13,453: _ready: http://student-lasa:34433/
[rospy.registration][INFO] 2019-10-16 18:12:13,454: Registering with master node http://localhost:11311
[xmlrpc][INFO] 2019-10-16 18:12:13,454: xml rpc node: starting XML-RPC server
[rospy.init][INFO] 2019-10-16 18:12:13,554: registered with master
[rospy.rosout][INFO] 2019-10-16 18:12:13,554: initializing /rosout core topic
[rospy.rosout][INFO] 2019-10-16 18:12:13,559: connected to core topic /rosout
[rospy.simtime][INFO] 2019-10-16 18:12:13,561: /use_sim_time is not set, will not subscribe to simulated time [/clock] topic
[rospy.internal][INFO] 2019-10-16 18:12:13,620: topic[/vrpn_client_node/baseHand/pose] adding connection to [http://student-lasa:45067/], count 0
[rospy.internal][INFO] 2019-10-16 18:12:13,621: topic[/vrpn_client_node/normalSurface/pose] adding connection to [http://student-lasa:45067/], count 0
[rospy.internal][INFO] 2019-10-16 18:12:13,622: topic[/biotac_pub] adding connection to [http://student-lasa:33843/], count 0
[rosout][INFO] 2019-10-16 18:12:13,658: 
pdc: 
2449
electrode: 
(3107, 3533, 3506, 3329, 3445, 3191, 3258, 3338, 3345, 3402, 3149, 3556, 3530, 3353, 3447, 3169, 3497, 3464, 3216)
z_dir: 
[[-0.00539944]
 [ 0.02466684]
 [ 0.99968115]]
[rospy.internal][INFO] 2019-10-16 18:12:13,775: topic[/rosout] adding connection to [/rosout], count 0
[rosout][INFO] 2019-10-16 18:12:13,778: 
pdc: 
2449
electrode: 
(3107, 3533, 3506, 3329, 3445, 3191, 3258, 3338, 3345, 3402, 3149, 3556, 3530, 3353, 3447, 3169, 3497, 3464, 3216)
z_dir: 
[[-0.00540725]
 [ 0.02457709]
 [ 0.99968331]]
[rosout][INFO] 2019-10-16 18:12:13,989: 
pdc: 
2449
electrode: 
(3107, 3533, 3506, 3329, 3445, 3191, 3258, 3338, 3345, 3402, 3149, 3556, 3530, 3353, 3447, 3169, 3497, 3464, 3216)
z_dir: 
[[-0.00474119]
 [ 0.03168546]
 [ 0.99948664]]
[rosout][INFO] 2019-10-16 18:12:14,069: 
pdc: 
2449
electrode: 
(3107, 3533, 3506, 3329, 3445, 3191, 3258, 3338, 3345, 3402, 3149, 3556, 3530, 3353, 3447, 3169, 3497, 3464, 3216)
z_dir: 
[[-0.00899485]
 [ 0.03676628]
 [ 0.99928341]]
[rosout][INFO] 2019-10-16 18:12:14,120: 
pdc: 
2449
electrode: 
(3107, 3533, 3506, 3329, 3445, 3191, 3258, 3338, 3345, 3402, 3149, 3556, 3530, 3353, 3447, 3169, 3497, 3464, 3216)
z_dir: 
[[-0.00914941]
 [ 0.03675792]
 [ 0.99928231]]
[rosout][INFO] 2019-10-16 18:12:14,170: 
pdc: 
2449
electrode: 
(3107, 3533, 3506, 3329, 3445, 3191, 3258, 3338, 3345, 3402, 3149, 3556, 3530, 3353, 3447, 3169, 3497, 3464, 3216)
z_dir: 
[[-0.00898277]
 [ 0.03674998]
 [ 0.99928412]]
[rosout][INFO] 2019-10-16 18:12:14,240: 
pdc: 
2449
electrode: 
(3107, 3533, 3506, 3329, 3445, 3191, 3258, 3338, 3345, 3402, 3149, 3556, 3530, 3353, 3447, 3169, 3497, 3464, 3216)
z_dir: 
[[-0.00457838]
 [ 0.03162689]
 [ 0.99948926]]
[rosout][INFO] 2019-10-16 18:12:14,351: 
pdc: 
2449
electrode: 
(3107, 3533, 3506, 3329, 3445, 3191, 3258, 3338, 3345, 3402, 3149, 3556, 3530, 3353, 3447, 3169, 3497, 3464, 3216)
z_dir: 
[[-0.00885013]
 [ 0.0368123 ]
 [ 0.99928301]]
[rosout][INFO] 2019-10-16 18:12:14,380: 
pdc: 
2449
electrode: 
(3107, 3533, 3506, 3329, 3445, 3191, 3258, 3338, 3345, 3402, 3149, 3556, 3530, 3353, 3447, 3169, 3497, 3464, 3216)
z_dir: 
[[ -4.44552678e-04]
 [  3.58346831e-02]
 [  9.99357633e-01]]
[rosout][INFO] 2019-10-16 18:12:14,411: 
pdc: 
2449
electrode: 
(3107, 3533, 3506, 3329, 3445, 3191, 3258, 3338, 3345, 3402, 3149, 3556, 3530, 3353, 3447, 3169, 3497, 3464, 3216)
z_dir: 
[[-0.00453386]
 [ 0.03162261]
 [ 0.9994896 ]]
[rosout][INFO] 2019-10-16 18:12:14,471: 
pdc: 
2449
electrode: 
(3107, 3533, 3506, 3329, 3445, 3191, 3258, 3338, 3345, 3402, 3149, 3556, 3530, 3353, 3447, 3169, 3497, 3464, 3216)
z_dir: 
[[-0.00957739]
 [ 0.02996194]
 [ 0.99950516]]
[rosout][INFO] 2019-10-16 18:12:14,571: 
pdc: 
2449
electrode: 
(3107, 3533, 3506, 3329, 3445, 3191, 3258, 3338, 3345, 3402, 3149, 3556, 3530, 3353, 3447, 3169, 3497, 3464, 3216)
z_dir: 
[[-0.00949559]
 [ 0.02995198]
 [ 0.99950623]]
[rosout][INFO] 2019-10-16 18:12:14,601: 
pdc: 
2449
electrode: 
(3107, 3533, 3506, 3329, 3445, 3191, 3258, 3338, 3345, 3402, 3149, 3556, 3530, 3353, 3447, 3169, 3497, 3464, 3216)
z_dir: 
[[-0.00947268]
 [ 0.02990444]
 [ 0.99950788]]
[rosout][INFO] 2019-10-16 18:12:14,652: 
pdc: 
2449
electrode: 
(3107, 3533, 3506, 3329, 3445, 3191, 3258, 3338, 3345, 3402, 3149, 3556, 3530, 3353, 3447, 3169, 3497, 3464, 3216)
z_dir: 
[[-0.00962161]
 [ 0.02992864]
 [ 0.99950573]]
[rosout][INFO] 2019-10-16 18:12:14,682: 
pdc: 
2449
electrode: 
(3107, 3533, 3506, 3329, 3445, 3191, 3258, 3338, 3345, 3402, 3149, 3556, 3530, 3353, 3447, 3169, 3497, 3464, 3216)
z_dir: 
[[-0.0051557 ]
 [ 0.0248349 ]
 [ 0.99967827]]
[rosout][INFO] 2019-10-16 18:12:14,833: 
pdc: 
2449
electrode: 
(3107, 3533, 3506, 3329, 3445, 3191, 3258, 3338, 3345, 3402, 3149, 3556, 3530, 3353, 3447, 3169, 3497, 3464, 3216)
z_dir: 
[[-0.00522796]
 [ 0.02489626]
 [ 0.99967637]]
[rosout][INFO] 2019-10-16 18:12:14,866: 
pdc: 
2449
electrode: 
(3107, 3533, 3506, 3329, 3445, 3191, 3258, 3338, 3345, 3402, 3149, 3556, 3530, 3353, 3447, 3169, 3497, 3464, 3216)
z_dir: 
[[-0.00508931]
 [ 0.02470974]
 [ 0.99968171]]
[rosout][INFO] 2019-10-16 18:12:14,894: 
pdc: 
2449
electrode: 
(3107, 3533, 3506, 3329, 3445, 3191, 3258, 3338, 3345, 3402, 3149, 3556, 3530, 3353, 3447, 3169, 3497, 3464, 3216)
z_dir: 
[[-0.00512686]
 [ 0.02482948]
 [ 0.99967855]]
[rosout][INFO] 2019-10-16 18:12:14,922: 
pdc: 
2449
electrode: 
(3107, 3533, 3506, 3329, 3445, 3191, 3258, 3338, 3345, 3402, 3149, 3556, 3530, 3353, 3447, 3169, 3497, 3464, 3216)
z_dir: 
[[-0.00948291]
 [ 0.02994837]
 [ 0.99950646]]
[rosout][INFO] 2019-10-16 18:12:14,951: 
pdc: 
2449
electrode: 
(3107, 3533, 3506, 3329, 3445, 3191, 3258, 3338, 3345, 3402, 3149, 3556, 3530, 3353, 3447, 3169, 3497, 3464, 3216)
z_dir: 
[[-0.00952818]
 [ 0.03000423]
 [ 0.99950436]]
[rosout][INFO] 2019-10-16 18:12:14,983: 
pdc: 
2449
electrode: 
(3107, 3533, 3506, 3329, 3445, 3191, 3258, 3338, 3345, 3402, 3149, 3556, 3530, 3353, 3447, 3169, 3497, 3464, 3216)
z_dir: 
[[-0.00523489]
 [ 0.02483453]
 [ 0.99967787]]
[rosout][INFO] 2019-10-16 18:12:15,163: 
pdc: 
2449
electrode: 
(3107, 3533, 3506, 3329, 3445, 3191, 3258, 3338, 3345, 3402, 3149, 3556, 3530, 3353, 3447, 3169, 3497, 3464, 3216)
z_dir: 
[[-0.00463117]
 [ 0.03163439]
 [ 0.99948878]]
[rosout][INFO] 2019-10-16 18:12:15,346: 
pdc: 
2449
electrode: 
(3107, 3533, 3506, 3329, 3445, 3191, 3258, 3338, 3345, 3402, 3149, 3556, 3530, 3353, 3447, 3169, 3497, 3464, 3216)
z_dir: 
[[-0.00446855]
 [ 0.03155686]
 [ 0.99949197]]
[rosout][INFO] 2019-10-16 18:12:15,405: 
pdc: 
2449
electrode: 
(3107, 3533, 3506, 3329, 3445, 3191, 3258, 3338, 3345, 3402, 3149, 3556, 3530, 3353, 3447, 3169, 3497, 3464, 3216)
z_dir: 
[[-0.0097598 ]
 [ 0.03553598]
 [ 0.99932074]]
[rosout][INFO] 2019-10-16 18:12:15,537: 
pdc: 
2449
electrode: 
(3107, 3533, 3506, 3329, 3445, 3191, 3258, 3338, 3345, 3402, 3149, 3556, 3530, 3353, 3447, 3169, 3497, 3464, 3216)
z_dir: 
[[-0.00452041]
 [ 0.03158749]
 [ 0.99949077]]
[rosout][INFO] 2019-10-16 18:12:15,625: 
pdc: 
2449
electrode: 
(3107, 3533, 3506, 3329, 3445, 3191, 3258, 3338, 3345, 3402, 3149, 3556, 3530, 3353, 3447, 3169, 3497, 3464, 3216)
z_dir: 
[[-0.00895999]
 [ 0.03677652]
 [ 0.99928335]]
[rosout][INFO] 2019-10-16 18:12:15,634: 
pdc: 
2449
electrode: 
(3107, 3533, 3506, 3329, 3445, 3191, 3258, 3338, 3345, 3402, 3149, 3556, 3530, 3353, 3447, 3169, 3497, 3464, 3216)
z_dir: 
[[-0.00451031]
 [ 0.03169142]
 [ 0.99948752]]
[rosout][INFO] 2019-10-16 18:12:15,664: 
pdc: 
2449
electrode: 
(3107, 3533, 3506, 3329, 3445, 3191, 3258, 3338, 3345, 3402, 3149, 3556, 3530, 3353, 3447, 3169, 3497, 3464, 3216)
z_dir: 
[[-0.00450313]
 [ 0.03156693]
 [ 0.9994915 ]]
[rosout][INFO] 2019-10-16 18:12:15,695: 
pdc: 
2449
electrode: 
(3107, 3533, 3506, 3329, 3445, 3191, 3258, 3338, 3345, 3402, 3149, 3556, 3530, 3353, 3447, 3169, 3497, 3464, 3216)
z_dir: 
[[-0.00455879]
 [ 0.03157658]
 [ 0.99949094]]
[rosout][INFO] 2019-10-16 18:12:15,723: 
pdc: 
2449
electrode: 
(3107, 3533, 3506, 3329, 3445, 3191, 3258, 3338, 3345, 3402, 3149, 3556, 3530, 3353, 3447, 3169, 3497, 3464, 3216)
z_dir: 
[[-0.00896687]
 [ 0.03670713]
 [ 0.99928584]]
[rosout][INFO] 2019-10-16 18:12:15,815: 
pdc: 
2449
electrode: 
(3107, 3533, 3506, 3329, 3445, 3191, 3258, 3338, 3345, 3402, 3149, 3556, 3530, 3353, 3447, 3169, 3497, 3464, 3216)
z_dir: 
[[-0.00443671]
 [ 0.03157086]
 [ 0.99949167]]
[rosout][INFO] 2019-10-16 18:12:15,845: 
pdc: 
2449
electrode: 
(3107, 3533, 3506, 3329, 3445, 3191, 3258, 3338, 3345, 3402, 3149, 3556, 3530, 3353, 3447, 3169, 3497, 3464, 3216)
z_dir: 
[[-0.00452113]
 [ 0.03163492]
 [ 0.99948927]]
[rosout][INFO] 2019-10-16 18:12:15,854: 
pdc: 
2449
electrode: 
(3107, 3533, 3506, 3329, 3445, 3191, 3258, 3338, 3345, 3402, 3149, 3556, 3530, 3353, 3447, 3169, 3497, 3464, 3216)
z_dir: 
[[-0.00892612]
 [ 0.03678877]
 [ 0.9992832 ]]
[rosout][INFO] 2019-10-16 18:12:15,885: 
pdc: 
2449
electrode: 
(3107, 3533, 3506, 3329, 3445, 3191, 3258, 3338, 3345, 3402, 3149, 3556, 3530, 3353, 3447, 3169, 3497, 3464, 3216)
z_dir: 
[[-0.00450777]
 [ 0.03168262]
 [ 0.99948781]]
[rosout][INFO] 2019-10-16 18:12:15,924: 
pdc: 
2449
electrode: 
(3107, 3533, 3506, 3329, 3445, 3191, 3258, 3338, 3345, 3402, 3149, 3556, 3530, 3353, 3447, 3169, 3497, 3464, 3216)
z_dir: 
[[-0.00897759]
 [ 0.03676385]
 [ 0.99928365]]
[rosout][INFO] 2019-10-16 18:12:15,961: 
pdc: 
2449
electrode: 
(3107, 3533, 3506, 3329, 3445, 3191, 3258, 3338, 3345, 3402, 3149, 3556, 3530, 3353, 3447, 3169, 3497, 3464, 3216)
z_dir: 
[[-0.0089637 ]
 [ 0.03678185]
 [ 0.99928312]]
[rosout][INFO] 2019-10-16 18:12:16,021: 
pdc: 
2449
electrode: 
(3107, 3533, 3506, 3329, 3445, 3191, 3258, 3338, 3345, 3402, 3149, 3556, 3530, 3353, 3447, 3169, 3497, 3464, 3216)
z_dir: 
[[-0.00890569]
 [ 0.03673731]
 [ 0.99928527]]
[rosout][INFO] 2019-10-16 18:12:16,074: 
pdc: 
2449
electrode: 
(3107, 3533, 3506, 3329, 3445, 3191, 3258, 3338, 3345, 3402, 3149, 3556, 3530, 3353, 3447, 3169, 3497, 3464, 3216)
z_dir: 
[[-0.00890641]
 [ 0.03672159]
 [ 0.99928585]]
[rosout][INFO] 2019-10-16 18:12:16,136: 
pdc: 
2449
electrode: 
(3107, 3533, 3506, 3329, 3445, 3191, 3258, 3338, 3345, 3402, 3149, 3556, 3530, 3353, 3447, 3169, 3497, 3464, 3216)
z_dir: 
[[-0.0045259 ]
 [ 0.0316698 ]
 [ 0.99948814]]
[rosout][INFO] 2019-10-16 18:12:16,201: 
pdc: 
2449
electrode: 
(3107, 3533, 3506, 3329, 3445, 3191, 3258, 3338, 3345, 3402, 3149, 3556, 3530, 3353, 3447, 3169, 3497, 3464, 3216)
z_dir: 
[[-0.00460018]
 [ 0.0316405 ]
 [ 0.99948873]]
[rosout][INFO] 2019-10-16 18:12:16,239: 
pdc: 
2449
electrode: 
(3107, 3533, 3506, 3329, 3445, 3191, 3258, 3338, 3345, 3402, 3149, 3556, 3530, 3353, 3447, 3169, 3497, 3464, 3216)
z_dir: 
[[-0.00453041]
 [ 0.03156778]
 [ 0.99949135]]
[rosout][INFO] 2019-10-16 18:12:16,276: 
pdc: 
2449
electrode: 
(3107, 3533, 3506, 3329, 3445, 3191, 3258, 3338, 3345, 3402, 3149, 3556, 3530, 3353, 3447, 3169, 3497, 3464, 3216)
z_dir: 
[[-0.0045641 ]
 [ 0.03158122]
 [ 0.99949077]]
[rosout][INFO] 2019-10-16 18:12:16,310: 
pdc: 
2449
electrode: 
(3107, 3533, 3506, 3329, 3445, 3191, 3258, 3338, 3345, 3402, 3149, 3556, 3530, 3353, 3447, 3169, 3497, 3464, 3216)
z_dir: 
[[-0.00447464]
 [ 0.03156695]
 [ 0.99949162]]
[rosout][INFO] 2019-10-16 18:12:16,319: 
pdc: 
2449
electrode: 
(3107, 3533, 3506, 3329, 3445, 3191, 3258, 3338, 3345, 3402, 3149, 3556, 3530, 3353, 3447, 3169, 3497, 3464, 3216)
z_dir: 
[[-0.00881592]
 [ 0.03672591]
 [ 0.99928649]]
[rosout][INFO] 2019-10-16 18:12:16,337: 
pdc: 
2449
electrode: 
(3107, 3533, 3506, 3329, 3445, 3191, 3258, 3338, 3345, 3402, 3149, 3556, 3530, 3353, 3447, 3169, 3497, 3464, 3216)
z_dir: 
[[-0.00449392]
 [ 0.03160477]
 [ 0.99949034]]
[rosout][INFO] 2019-10-16 18:12:16,375: 
pdc: 
2449
electrode: 
(3107, 3533, 3506, 3329, 3445, 3191, 3258, 3338, 3345, 3402, 3149, 3556, 3530, 3353, 3447, 3169, 3497, 3464, 3216)
z_dir: 
[[-0.00888473]
 [ 0.03676481]
 [ 0.99928445]]
[rosout][INFO] 2019-10-16 18:12:16,434: 
pdc: 
2449
electrode: 
(3107, 3533, 3506, 3329, 3445, 3191, 3258, 3338, 3345, 3402, 3149, 3556, 3530, 3353, 3447, 3169, 3497, 3464, 3216)
z_dir: 
[[-0.00454042]
 [ 0.03157486]
 [ 0.99949108]]
[rosout][INFO] 2019-10-16 18:12:16,464: 
pdc: 
2449
electrode: 
(3107, 3533, 3506, 3329, 3445, 3191, 3258, 3338, 3345, 3402, 3149, 3556, 3530, 3353, 3447, 3169, 3497, 3464, 3216)
z_dir: 
[[-0.00473875]
 [ 0.03223692]
 [ 0.99946902]]
[rosout][INFO] 2019-10-16 18:12:16,505: 
pdc: 
2449
electrode: 
(3107, 3533, 3506, 3329, 3445, 3191, 3258, 3338, 3345, 3402, 3149, 3556, 3530, 3353, 3447, 3169, 3497, 3464, 3216)
z_dir: 
[[-0.00882075]
 [ 0.03678135]
 [ 0.99928441]]
[rosout][INFO] 2019-10-16 18:12:16,536: 
pdc: 
2449
electrode: 
(3107, 3533, 3506, 3329, 3445, 3191, 3258, 3338, 3345, 3402, 3149, 3556, 3530, 3353, 3447, 3169, 3497, 3464, 3216)
z_dir: 
[[-0.00453748]
 [ 0.03166678]
 [ 0.99948818]]
[rosout][INFO] 2019-10-16 18:12:16,552: 
pdc: 
2449
electrode: 
(3107, 3533, 3506, 3329, 3445, 3191, 3258, 3338, 3345, 3402, 3149, 3556, 3530, 3353, 3447, 3169, 3497, 3464, 3216)
z_dir: 
[[-0.00455919]
 [ 0.03162496]
 [ 0.99948941]]
[rosout][INFO] 2019-10-16 18:12:16,586: 
pdc: 
2449
electrode: 
(3107, 3533, 3506, 3329, 3445, 3191, 3258, 3338, 3345, 3402, 3149, 3556, 3530, 3353, 3447, 3169, 3497, 3464, 3216)
z_dir: 
[[-0.00479464]
 [ 0.03222814]
 [ 0.99946904]]
[rosout][INFO] 2019-10-16 18:12:16,625: 
pdc: 
2449
electrode: 
(3107, 3533, 3506, 3329, 3445, 3191, 3258, 3338, 3345, 3402, 3149, 3556, 3530, 3353, 3447, 3169, 3497, 3464, 3216)
z_dir: 
[[-0.0088544 ]
 [ 0.03673523]
 [ 0.99928581]]
[rosout][INFO] 2019-10-16 18:12:16,654: 
pdc: 
2449
electrode: 
(3107, 3533, 3506, 3329, 3445, 3191, 3258, 3338, 3345, 3402, 3149, 3556, 3530, 3353, 3447, 3169, 3497, 3464, 3216)
z_dir: 
[[-0.00903769]
 [ 0.03675405]
 [ 0.99928347]]
[rosout][INFO] 2019-10-16 18:12:16,697: 
pdc: 
2449
electrode: 
(3107, 3533, 3506, 3329, 3445, 3191, 3258, 3338, 3345, 3402, 3149, 3556, 3530, 3353, 3447, 3169, 3497, 3464, 3216)
z_dir: 
[[-0.00466816]
 [ 0.03145245]
 [ 0.99949435]]
[rosout][INFO] 2019-10-16 18:12:16,724: 
pdc: 
2449
electrode: 
(3107, 3533, 3506, 3329, 3445, 3191, 3258, 3338, 3345, 3402, 3149, 3556, 3530, 3353, 3447, 3169, 3497, 3464, 3216)
z_dir: 
[[-0.00908635]
 [ 0.03660634]
 [ 0.99928845]]
[rosout][INFO] 2019-10-16 18:12:16,755: 
pdc: 
2449
electrode: 
(3107, 3533, 3506, 3329, 3445, 3191, 3258, 3338, 3345, 3402, 3149, 3556, 3530, 3353, 3447, 3169, 3497, 3464, 3216)
z_dir: 
[[-0.00892976]
 [ 0.03674192]
 [ 0.99928489]]
[rosout][INFO] 2019-10-16 18:12:16,783: 
pdc: 
2449
electrode: 
(3107, 3533, 3506, 3329, 3445, 3191, 3258, 3338, 3345, 3402, 3149, 3556, 3530, 3353, 3447, 3169, 3497, 3464, 3216)
z_dir: 
[[-0.00450642]
 [ 0.0315879 ]
 [ 0.99949082]]
[rosout][INFO] 2019-10-16 18:12:16,798: 
pdc: 
2449
electrode: 
(3107, 3533, 3506, 3329, 3445, 3191, 3258, 3338, 3345, 3402, 3149, 3556, 3530, 3353, 3447, 3169, 3497, 3464, 3216)
z_dir: 
[[-0.00455992]
 [ 0.03166563]
 [ 0.99948812]]
[rosout][INFO] 2019-10-16 18:12:16,826: 
pdc: 
2449
electrode: 
(3107, 3533, 3506, 3329, 3445, 3191, 3258, 3338, 3345, 3402, 3149, 3556, 3530, 3353, 3447, 3169, 3497, 3464, 3216)
z_dir: 
[[-0.00888407]
 [ 0.03679498]
 [ 0.99928334]]
[rosout][INFO] 2019-10-16 18:12:16,862: 
pdc: 
2449
electrode: 
(3107, 3533, 3506, 3329, 3445, 3191, 3258, 3338, 3345, 3402, 3149, 3556, 3530, 3353, 3447, 3169, 3497, 3464, 3216)
z_dir: 
[[-0.00449192]
 [ 0.03155656]
 [ 0.99949187]]
[rosout][INFO] 2019-10-16 18:12:16,892: 
pdc: 
2449
electrode: 
(3107, 3533, 3506, 3329, 3445, 3191, 3258, 3338, 3345, 3402, 3149, 3556, 3530, 3353, 3447, 3169, 3497, 3464, 3216)
z_dir: 
[[-0.0046034 ]
 [ 0.03165437]
 [ 0.99948827]]
[rosout][INFO] 2019-10-16 18:12:16,901: 
pdc: 
2449
electrode: 
(3107, 3533, 3506, 3329, 3445, 3191, 3258, 3338, 3345, 3402, 3149, 3556, 3530, 3353, 3447, 3169, 3497, 3464, 3216)
z_dir: 
[[-0.00898806]
 [ 0.03681765]
 [ 0.99928158]]
[rosout][INFO] 2019-10-16 18:12:16,933: 
pdc: 
2449
electrode: 
(3107, 3533, 3506, 3329, 3445, 3191, 3258, 3338, 3345, 3402, 3149, 3556, 3530, 3353, 3447, 3169, 3497, 3464, 3216)
z_dir: 
[[-0.00451657]
 [ 0.03164432]
 [ 0.99948899]]
[rosout][INFO] 2019-10-16 18:12:16,944: 
pdc: 
2449
electrode: 
(3107, 3533, 3506, 3329, 3445, 3191, 3258, 3338, 3345, 3402, 3149, 3556, 3530, 3353, 3447, 3169, 3497, 3464, 3216)
z_dir: 
[[-0.00456155]
 [ 0.03155684]
 [ 0.99949155]]
[rosout][INFO] 2019-10-16 18:12:16,973: 
pdc: 
2449
electrode: 
(3107, 3533, 3506, 3329, 3445, 3191, 3258, 3338, 3345, 3402, 3149, 3556, 3530, 3353, 3447, 3169, 3497, 3464, 3216)
z_dir: 
[[-0.00890446]
 [ 0.03674429]
 [ 0.99928503]]
[rosout][INFO] 2019-10-16 18:12:17,013: 
pdc: 
2449
electrode: 
(3107, 3533, 3506, 3329, 3445, 3191, 3258, 3338, 3345, 3402, 3149, 3556, 3530, 3353, 3447, 3169, 3497, 3464, 3216)
z_dir: 
[[-0.00448113]
 [ 0.03167114]
 [ 0.9994883 ]]
[rosout][INFO] 2019-10-16 18:12:17,044: 
pdc: 
2449
electrode: 
(3107, 3533, 3506, 3329, 3445, 3191, 3258, 3338, 3345, 3402, 3149, 3556, 3530, 3353, 3447, 3169, 3497, 3464, 3216)
z_dir: 
[[-0.00452741]
 [ 0.03163322]
 [ 0.99948929]]
[rosout][INFO] 2019-10-16 18:12:17,074: 
pdc: 
2449
electrode: 
(3107, 3533, 3506, 3329, 3445, 3191, 3258, 3338, 3345, 3402, 3149, 3556, 3530, 3353, 3447, 3169, 3497, 3464, 3216)
z_dir: 
[[-0.00893456]
 [ 0.03671329]
 [ 0.9992859 ]]
[rosout][INFO] 2019-10-16 18:12:17,135: 
pdc: 
2449
electrode: 
(3107, 3533, 3506, 3329, 3445, 3191, 3258, 3338, 3345, 3402, 3149, 3556, 3530, 3353, 3447, 3169, 3497, 3464, 3216)
z_dir: 
[[-0.00448821]
 [ 0.0316412 ]
 [ 0.99948921]]
[rosout][INFO] 2019-10-16 18:12:17,174: 
pdc: 
2449
electrode: 
(3107, 3533, 3506, 3329, 3445, 3191, 3258, 3338, 3345, 3402, 3149, 3556, 3530, 3353, 3447, 3169, 3497, 3464, 3216)
z_dir: 
[[-0.00888517]
 [ 0.03673881]
 [ 0.9992854 ]]
[rosout][INFO] 2019-10-16 18:12:17,213: 
pdc: 
2449
electrode: 
(3107, 3533, 3506, 3329, 3445, 3191, 3258, 3338, 3345, 3402, 3149, 3556, 3530, 3353, 3447, 3169, 3497, 3464, 3216)
z_dir: 
[[-0.00461291]
 [ 0.03166314]
 [ 0.99948795]]
[rosout][INFO] 2019-10-16 18:12:17,244: 
pdc: 
2449
electrode: 
(3107, 3533, 3506, 3329, 3445, 3191, 3258, 3338, 3345, 3402, 3149, 3556, 3530, 3353, 3447, 3169, 3497, 3464, 3216)
z_dir: 
[[-0.00470302]
 [ 0.0315045 ]
 [ 0.99949255]]
[rosout][INFO] 2019-10-16 18:12:17,283: 
pdc: 
2449
electrode: 
(3107, 3533, 3506, 3329, 3445, 3191, 3258, 3338, 3345, 3402, 3149, 3556, 3530, 3353, 3447, 3169, 3497, 3464, 3216)
z_dir: 
[[-0.00450649]
 [ 0.03150104]
 [ 0.99949356]]
[rosout][INFO] 2019-10-16 18:12:17,353: 
pdc: 
2449
electrode: 
(3107, 3533, 3506, 3329, 3445, 3191, 3258, 3338, 3345, 3402, 3149, 3556, 3530, 3353, 3447, 3169, 3497, 3464, 3216)
z_dir: 
[[-0.00444037]
 [ 0.03161737]
 [ 0.99949018]]
[rosout][INFO] 2019-10-16 18:12:17,388: 
pdc: 
2449
electrode: 
(3107, 3533, 3506, 3329, 3445, 3191, 3258, 3338, 3345, 3402, 3149, 3556, 3530, 3353, 3447, 3169, 3497, 3464, 3216)
z_dir: 
[[-0.00460489]
 [ 0.03152797]
 [ 0.99949226]]
[rosout][INFO] 2019-10-16 18:12:17,424: 
pdc: 
2449
electrode: 
(3107, 3533, 3506, 3329, 3445, 3191, 3258, 3338, 3345, 3402, 3149, 3556, 3530, 3353, 3447, 3169, 3497, 3464, 3216)
z_dir: 
[[-0.00453074]
 [ 0.0316564 ]
 [ 0.99948854]]
[rosout][INFO] 2019-10-16 18:12:17,448: 
pdc: 
2449
electrode: 
(3107, 3533, 3506, 3329, 3445, 3191, 3258, 3338, 3345, 3402, 3149, 3556, 3530, 3353, 3447, 3169, 3497, 3464, 3216)
z_dir: 
[[-0.00455791]
 [ 0.0316238 ]
 [ 0.99948945]]
[rosout][INFO] 2019-10-16 18:12:17,482: 
pdc: 
2449
electrode: 
(3107, 3533, 3506, 3329, 3445, 3191, 3258, 3338, 3345, 3402, 3149, 3556, 3530, 3353, 3447, 3169, 3497, 3464, 3216)
z_dir: 
[[-0.00452586]
 [ 0.03161489]
 [ 0.99948988]]
[rosout][INFO] 2019-10-16 18:12:17,491: 
pdc: 
2449
electrode: 
(3107, 3533, 3506, 3329, 3445, 3191, 3258, 3338, 3345, 3402, 3149, 3556, 3530, 3353, 3447, 3169, 3497, 3464, 3216)
z_dir: 
[[-0.00451394]
 [ 0.03164054]
 [ 0.99948912]]
[rosout][INFO] 2019-10-16 18:12:17,521: 
pdc: 
2449
electrode: 
(3107, 3533, 3506, 3329, 3445, 3191, 3258, 3338, 3345, 3402, 3149, 3556, 3530, 3353, 3447, 3169, 3497, 3464, 3216)
z_dir: 
[[-0.00896667]
 [ 0.03685103]
 [ 0.99928054]]
[rosout][INFO] 2019-10-16 18:12:17,552: 
pdc: 
2449
electrode: 
(3107, 3533, 3506, 3329, 3445, 3191, 3258, 3338, 3345, 3402, 3149, 3556, 3530, 3353, 3447, 3169, 3497, 3464, 3216)
z_dir: 
[[-0.0089074 ]
 [ 0.03683306]
 [ 0.99928173]]
[rosout][INFO] 2019-10-16 18:12:17,593: 
pdc: 
2449
electrode: 
(3107, 3533, 3506, 3329, 3445, 3191, 3258, 3338, 3345, 3402, 3149, 3556, 3530, 3353, 3447, 3169, 3497, 3464, 3216)
z_dir: 
[[-0.00451596]
 [ 0.03163528]
 [ 0.99948928]]
[rosout][INFO] 2019-10-16 18:12:17,622: 
pdc: 
2449
electrode: 
(3107, 3533, 3506, 3329, 3445, 3191, 3258, 3338, 3345, 3402, 3149, 3556, 3530, 3353, 3447, 3169, 3497, 3464, 3216)
z_dir: 
[[-0.00896838]
 [ 0.03681034]
 [ 0.99928203]]
[rosout][INFO] 2019-10-16 18:12:17,653: 
pdc: 
2449
electrode: 
(3107, 3533, 3506, 3329, 3445, 3191, 3258, 3338, 3345, 3402, 3149, 3556, 3530, 3353, 3447, 3169, 3497, 3464, 3216)
z_dir: 
[[-0.00891477]
 [ 0.03665632]
 [ 0.99928817]]
[rosout][INFO] 2019-10-16 18:12:17,663: 
pdc: 
2449
electrode: 
(3107, 3533, 3506, 3329, 3445, 3191, 3258, 3338, 3345, 3402, 3149, 3556, 3530, 3353, 3447, 3169, 3497, 3464, 3216)
z_dir: 
[[-0.00439834]
 [ 0.0316438 ]
 [ 0.99948953]]
[rosout][INFO] 2019-10-16 18:12:17,722: 
pdc: 
2449
electrode: 
(3107, 3533, 3506, 3329, 3445, 3191, 3258, 3338, 3345, 3402, 3149, 3556, 3530, 3353, 3447, 3169, 3497, 3464, 3216)
z_dir: 
[[-0.00897086]
 [ 0.03664809]
 [ 0.99928797]]
[rosout][INFO] 2019-10-16 18:12:17,753: 
pdc: 
2449
electrode: 
(3107, 3533, 3506, 3329, 3445, 3191, 3258, 3338, 3345, 3402, 3149, 3556, 3530, 3353, 3447, 3169, 3497, 3464, 3216)
z_dir: 
[[-0.00887199]
 [ 0.03676957]
 [ 0.99928439]]
[rosout][INFO] 2019-10-16 18:12:17,788: 
pdc: 
2449
electrode: 
(3107, 3533, 3506, 3329, 3445, 3191, 3258, 3338, 3345, 3402, 3149, 3556, 3530, 3353, 3447, 3169, 3497, 3464, 3216)
z_dir: 
[[-0.00452642]
 [ 0.03155497]
 [ 0.99949177]]
[rosout][INFO] 2019-10-16 18:12:17,807: 
pdc: 
2449
electrode: 
(3107, 3533, 3506, 3329, 3445, 3191, 3258, 3338, 3345, 3402, 3149, 3556, 3530, 3353, 3447, 3169, 3497, 3464, 3216)
z_dir: 
[[-0.00462159]
 [ 0.0316196 ]
 [ 0.99948929]]
[rosout][INFO] 2019-10-16 18:12:17,838: 
pdc: 
2449
electrode: 
(3107, 3533, 3506, 3329, 3445, 3191, 3258, 3338, 3345, 3402, 3149, 3556, 3530, 3353, 3447, 3169, 3497, 3464, 3216)
z_dir: 
[[-0.00447487]
 [ 0.03166812]
 [ 0.99948842]]
[rosout][INFO] 2019-10-16 18:12:17,874: 
pdc: 
2449
electrode: 
(3107, 3533, 3506, 3329, 3445, 3191, 3258, 3338, 3345, 3402, 3149, 3556, 3530, 3353, 3447, 3169, 3497, 3464, 3216)
z_dir: 
[[-0.00451951]
 [ 0.03167278]
 [ 0.99948807]]
[rosout][INFO] 2019-10-16 18:12:17,909: 
pdc: 
2449
electrode: 
(3107, 3533, 3506, 3329, 3445, 3191, 3258, 3338, 3345, 3402, 3149, 3556, 3530, 3353, 3447, 3169, 3497, 3464, 3216)
z_dir: 
[[-0.00892354]
 [ 0.03673848]
 [ 0.99928507]]
[rosout][INFO] 2019-10-16 18:12:17,936: 
pdc: 
2449
electrode: 
(3107, 3533, 3506, 3329, 3445, 3191, 3258, 3338, 3345, 3402, 3149, 3556, 3530, 3353, 3447, 3169, 3497, 3464, 3216)
z_dir: 
[[-0.004501  ]
 [ 0.03155655]
 [ 0.99949183]]
[rosout][INFO] 2019-10-16 18:12:17,966: 
pdc: 
2449
electrode: 
(3107, 3533, 3506, 3329, 3445, 3191, 3258, 3338, 3345, 3402, 3149, 3556, 3530, 3353, 3447, 3169, 3497, 3464, 3216)
z_dir: 
[[-0.00455709]
 [ 0.03164871]
 [ 0.99948867]]
[rosout][INFO] 2019-10-16 18:12:18,004: 
pdc: 
2449
electrode: 
(3107, 3533, 3506, 3329, 3445, 3191, 3258, 3338, 3345, 3402, 3149, 3556, 3530, 3353, 3447, 3169, 3497, 3464, 3216)
z_dir: 
[[-0.00891966]
 [ 0.03666742]
 [ 0.99928772]]
[rosout][INFO] 2019-10-16 18:12:18,033: 
pdc: 
2449
electrode: 
(3107, 3533, 3506, 3329, 3445, 3191, 3258, 3338, 3345, 3402, 3149, 3556, 3530, 3353, 3447, 3169, 3497, 3464, 3216)
z_dir: 
[[-0.00454939]
 [ 0.03165129]
 [ 0.99948862]]
[rosout][INFO] 2019-10-16 18:12:18,046: 
pdc: 
2449
electrode: 
(3107, 3533, 3506, 3329, 3445, 3191, 3258, 3338, 3345, 3402, 3149, 3556, 3530, 3353, 3447, 3169, 3497, 3464, 3216)
z_dir: 
[[-0.00455366]
 [ 0.03162442]
 [ 0.99948945]]
[rosout][INFO] 2019-10-16 18:12:18,074: 
pdc: 
2449
electrode: 
(3107, 3533, 3506, 3329, 3445, 3191, 3258, 3338, 3345, 3402, 3149, 3556, 3530, 3353, 3447, 3169, 3497, 3464, 3216)
z_dir: 
[[-0.0089478 ]
 [ 0.03678214]
 [ 0.99928325]]
[rosout][INFO] 2019-10-16 18:12:18,105: 
pdc: 
2449
electrode: 
(3107, 3533, 3506, 3329, 3445, 3191, 3258, 3338, 3345, 3402, 3149, 3556, 3530, 3353, 3447, 3169, 3497, 3464, 3216)
z_dir: 
[[-0.00895281]
 [ 0.03683977]
 [ 0.99928108]]
[rosout][INFO] 2019-10-16 18:12:18,114: 
pdc: 
2449
electrode: 
(3107, 3533, 3506, 3329, 3445, 3191, 3258, 3338, 3345, 3402, 3149, 3556, 3530, 3353, 3447, 3169, 3497, 3464, 3216)
z_dir: 
[[-0.00452003]
 [ 0.03157375]
 [ 0.9994912 ]]
[rosout][INFO] 2019-10-16 18:12:18,146: 
pdc: 
2449
electrode: 
(3107, 3533, 3506, 3329, 3445, 3191, 3258, 3338, 3345, 3402, 3149, 3556, 3530, 3353, 3447, 3169, 3497, 3464, 3216)
z_dir: 
[[-0.00449796]
 [ 0.03160496]
 [ 0.99949032]]
[rosout][INFO] 2019-10-16 18:12:18,155: 
pdc: 
2449
electrode: 
(3107, 3533, 3506, 3329, 3445, 3191, 3258, 3338, 3345, 3402, 3149, 3556, 3530, 3353, 3447, 3169, 3497, 3464, 3216)
z_dir: 
[[-0.00889835]
 [ 0.03673879]
 [ 0.99928528]]
[rosout][INFO] 2019-10-16 18:12:18,185: 
pdc: 
2449
electrode: 
(3107, 3533, 3506, 3329, 3445, 3191, 3258, 3338, 3345, 3402, 3149, 3556, 3530, 3353, 3447, 3169, 3497, 3464, 3216)
z_dir: 
[[-0.00459528]
 [ 0.03160448]
 [ 0.99948989]]
[rosout][INFO] 2019-10-16 18:12:18,223: 
pdc: 
2449
electrode: 
(3107, 3533, 3506, 3329, 3445, 3191, 3258, 3338, 3345, 3402, 3149, 3556, 3530, 3353, 3447, 3169, 3497, 3464, 3216)
z_dir: 
[[-0.00893761]
 [ 0.03676886]
 [ 0.99928383]]
[rosout][INFO] 2019-10-16 18:12:18,254: 
pdc: 
2449
electrode: 
(3107, 3533, 3506, 3329, 3445, 3191, 3258, 3338, 3345, 3402, 3149, 3556, 3530, 3353, 3447, 3169, 3497, 3464, 3216)
z_dir: 
[[-0.00886424]
 [ 0.03677231]
 [ 0.99928436]]
[rosout][INFO] 2019-10-16 18:12:18,285: 
pdc: 
2449
electrode: 
(3107, 3533, 3506, 3329, 3445, 3191, 3258, 3338, 3345, 3402, 3149, 3556, 3530, 3353, 3447, 3169, 3497, 3464, 3216)
z_dir: 
[[-0.00443639]
 [ 0.03159168]
 [ 0.99949101]]
[rosout][INFO] 2019-10-16 18:12:18,314: 
pdc: 
2449
electrode: 
(3107, 3533, 3506, 3329, 3445, 3191, 3258, 3338, 3345, 3402, 3149, 3556, 3530, 3353, 3447, 3169, 3497, 3464, 3216)
z_dir: 
[[-0.0045692 ]
 [ 0.0316783 ]
 [ 0.99948767]]
[rosout][INFO] 2019-10-16 18:12:18,323: 
pdc: 
2449
electrode: 
(3107, 3533, 3506, 3329, 3445, 3191, 3258, 3338, 3345, 3402, 3149, 3556, 3530, 3353, 3447, 3169, 3497, 3464, 3216)
z_dir: 
[[-0.00894208]
 [ 0.03670208]
 [ 0.99928624]]
[rosout][INFO] 2019-10-16 18:12:18,353: 
pdc: 
2449
electrode: 
(3107, 3533, 3506, 3329, 3445, 3191, 3258, 3338, 3345, 3402, 3149, 3556, 3530, 3353, 3447, 3169, 3497, 3464, 3216)
z_dir: 
[[-0.00891375]
 [ 0.03674892]
 [ 0.99928478]]
[rosout][INFO] 2019-10-16 18:12:18,383: 
pdc: 
2449
electrode: 
(3107, 3533, 3506, 3329, 3445, 3191, 3258, 3338, 3345, 3402, 3149, 3556, 3530, 3353, 3447, 3169, 3497, 3464, 3216)
z_dir: 
[[-0.00463179]
 [ 0.03165401]
 [ 0.99948815]]
[rosout][INFO] 2019-10-16 18:12:18,398: 
pdc: 
2449
electrode: 
(3107, 3533, 3506, 3329, 3445, 3191, 3258, 3338, 3345, 3402, 3149, 3556, 3530, 3353, 3447, 3169, 3497, 3464, 3216)
z_dir: 
[[-0.00444316]
 [ 0.03169929]
 [ 0.99948758]]
[rosout][INFO] 2019-10-16 18:12:18,439: 
pdc: 
2449
electrode: 
(3107, 3533, 3506, 3329, 3445, 3191, 3258, 3338, 3345, 3402, 3149, 3556, 3530, 3353, 3447, 3169, 3497, 3464, 3216)
z_dir: 
[[-0.0045292 ]
 [ 0.03163135]
 [ 0.99948934]]
[rosout][INFO] 2019-10-16 18:12:18,468: 
pdc: 
2449
electrode: 
(3107, 3533, 3506, 3329, 3445, 3191, 3258, 3338, 3345, 3402, 3149, 3556, 3530, 3353, 3447, 3169, 3497, 3464, 3216)
z_dir: 
[[-0.00900993]
 [ 0.03658044]
 [ 0.99929009]]
[rosout][INFO] 2019-10-16 18:12:18,497: 
pdc: 
2449
electrode: 
(3107, 3533, 3506, 3329, 3445, 3191, 3258, 3338, 3345, 3402, 3149, 3556, 3530, 3353, 3447, 3169, 3497, 3464, 3216)
z_dir: 
[[-0.00449021]
 [ 0.03167835]
 [ 0.99948803]]
[rosout][INFO] 2019-10-16 18:12:18,539: 
pdc: 
2449
electrode: 
(3107, 3533, 3506, 3329, 3445, 3191, 3258, 3338, 3345, 3402, 3149, 3556, 3530, 3353, 3447, 3169, 3497, 3464, 3216)
z_dir: 
[[-0.00455996]
 [ 0.03152384]
 [ 0.9994926 ]]
[rosout][INFO] 2019-10-16 18:12:18,570: 
pdc: 
2449
electrode: 
(3107, 3533, 3506, 3329, 3445, 3191, 3258, 3338, 3345, 3402, 3149, 3556, 3530, 3353, 3447, 3169, 3497, 3464, 3216)
z_dir: 
[[-0.00454458]
 [ 0.03165656]
 [ 0.99948847]]
[rosout][INFO] 2019-10-16 18:12:18,584: 
pdc: 
2449
electrode: 
(3107, 3533, 3506, 3329, 3445, 3191, 3258, 3338, 3345, 3402, 3149, 3556, 3530, 3353, 3447, 3169, 3497, 3464, 3216)
z_dir: 
[[-0.0088957 ]
 [ 0.03674319]
 [ 0.99928515]]
[rosout][INFO] 2019-10-16 18:12:18,621: 
pdc: 
2449
electrode: 
(3107, 3533, 3506, 3329, 3445, 3191, 3258, 3338, 3345, 3402, 3149, 3556, 3530, 3353, 3447, 3169, 3497, 3464, 3216)
z_dir: 
[[-0.00447871]
 [ 0.03169751]
 [ 0.99948747]]
[rosout][INFO] 2019-10-16 18:12:18,652: 
pdc: 
2449
electrode: 
(3107, 3533, 3506, 3329, 3445, 3191, 3258, 3338, 3345, 3402, 3149, 3556, 3530, 3353, 3447, 3169, 3497, 3464, 3216)
z_dir: 
[[-0.00452385]
 [ 0.03168356]
 [ 0.99948771]]
[rosout][INFO] 2019-10-16 18:12:18,682: 
pdc: 
2449
electrode: 
(3107, 3533, 3506, 3329, 3445, 3191, 3258, 3338, 3345, 3402, 3149, 3556, 3530, 3353, 3447, 3169, 3497, 3464, 3216)
z_dir: 
[[-0.00453416]
 [ 0.03166334]
 [ 0.99948831]]
[rosout][INFO] 2019-10-16 18:12:18,695: 
pdc: 
2449
electrode: 
(3107, 3533, 3506, 3329, 3445, 3191, 3258, 3338, 3345, 3402, 3149, 3556, 3530, 3353, 3447, 3169, 3497, 3464, 3216)
z_dir: 
[[-0.00904679]
 [ 0.03673787]
 [ 0.99928399]]
[rosout][INFO] 2019-10-16 18:12:18,726: 
pdc: 
2449
electrode: 
(3107, 3533, 3506, 3329, 3445, 3191, 3258, 3338, 3345, 3402, 3149, 3556, 3530, 3353, 3447, 3169, 3497, 3464, 3216)
z_dir: 
[[-0.00448672]
 [ 0.03166054]
 [ 0.99948861]]
[rosout][INFO] 2019-10-16 18:12:18,769: 
pdc: 
2449
electrode: 
(3107, 3533, 3506, 3329, 3445, 3191, 3258, 3338, 3345, 3402, 3149, 3556, 3530, 3353, 3447, 3169, 3497, 3464, 3216)
z_dir: 
[[-0.00447871]
 [ 0.03168169]
 [ 0.99948797]]
[rosout][INFO] 2019-10-16 18:12:18,796: 
pdc: 
2449
electrode: 
(3107, 3533, 3506, 3329, 3445, 3191, 3258, 3338, 3345, 3402, 3149, 3556, 3530, 3353, 3447, 3169, 3497, 3464, 3216)
z_dir: 
[[-0.00447684]
 [ 0.03165964]
 [ 0.99948868]]
[rosout][INFO] 2019-10-16 18:12:18,818: 
pdc: 
2449
electrode: 
(3107, 3533, 3506, 3329, 3445, 3191, 3258, 3338, 3345, 3402, 3149, 3556, 3530, 3353, 3447, 3169, 3497, 3464, 3216)
z_dir: 
[[-0.00885295]
 [ 0.03672689]
 [ 0.99928613]]
[rosout][INFO] 2019-10-16 18:12:18,854: 
pdc: 
2449
electrode: 
(3107, 3533, 3506, 3329, 3445, 3191, 3258, 3338, 3345, 3402, 3149, 3556, 3530, 3353, 3447, 3169, 3497, 3464, 3216)
z_dir: 
[[-0.00890427]
 [ 0.0367119 ]
 [ 0.99928622]]
[rosout][INFO] 2019-10-16 18:12:18,882: 
pdc: 
2449
electrode: 
(3107, 3533, 3506, 3329, 3445, 3191, 3258, 3338, 3345, 3402, 3149, 3556, 3530, 3353, 3447, 3169, 3497, 3464, 3216)
z_dir: 
[[-0.00453968]
 [ 0.03161839]
 [ 0.9994897 ]]
[rosout][INFO] 2019-10-16 18:12:18,890: 
pdc: 
2449
electrode: 
(3107, 3533, 3506, 3329, 3445, 3191, 3258, 3338, 3345, 3402, 3149, 3556, 3530, 3353, 3447, 3169, 3497, 3464, 3216)
z_dir: 
[[-0.00447988]
 [ 0.03163308]
 [ 0.99948951]]
[rosout][INFO] 2019-10-16 18:12:18,898: 
pdc: 
2449
electrode: 
(3107, 3533, 3506, 3329, 3445, 3191, 3258, 3338, 3345, 3402, 3149, 3556, 3530, 3353, 3447, 3169, 3497, 3464, 3216)
z_dir: 
[[-0.00890239]
 [ 0.03679966]
 [ 0.99928301]]
[rosout][INFO] 2019-10-16 18:12:18,923: 
pdc: 
2449
electrode: 
(3107, 3533, 3506, 3329, 3445, 3191, 3258, 3338, 3345, 3402, 3149, 3556, 3530, 3353, 3447, 3169, 3497, 3464, 3216)
z_dir: 
[[-0.00453778]
 [ 0.03160569]
 [ 0.99949011]]
[rosout][INFO] 2019-10-16 18:12:18,944: 
pdc: 
2449
electrode: 
(3107, 3533, 3506, 3329, 3445, 3191, 3258, 3338, 3345, 3402, 3149, 3556, 3530, 3353, 3447, 3169, 3497, 3464, 3216)
z_dir: 
[[-0.00459028]
 [ 0.0316545 ]
 [ 0.99948833]]
[rosout][INFO] 2019-10-16 18:12:18,953: 
pdc: 
2449
electrode: 
(3107, 3533, 3506, 3329, 3445, 3191, 3258, 3338, 3345, 3402, 3149, 3556, 3530, 3353, 3447, 3169, 3497, 3464, 3216)
z_dir: 
[[-0.00889279]
 [ 0.03674914]
 [ 0.99928495]]
[rosout][INFO] 2019-10-16 18:12:18,984: 
pdc: 
2449
electrode: 
(3107, 3533, 3506, 3329, 3445, 3191, 3258, 3338, 3345, 3402, 3149, 3556, 3530, 3353, 3447, 3169, 3497, 3464, 3216)
z_dir: 
[[-0.00446313]
 [ 0.03154902]
 [ 0.99949224]]
[rosout][INFO] 2019-10-16 18:12:19,024: 
pdc: 
2449
electrode: 
(3107, 3533, 3506, 3329, 3445, 3191, 3258, 3338, 3345, 3402, 3149, 3556, 3530, 3353, 3447, 3169, 3497, 3464, 3216)
z_dir: 
[[-0.00894466]
 [ 0.03677496]
 [ 0.99928354]]
[rosout][INFO] 2019-10-16 18:12:19,044: 
pdc: 
2449
electrode: 
(3107, 3533, 3506, 3329, 3445, 3191, 3258, 3338, 3345, 3402, 3149, 3556, 3530, 3353, 3447, 3169, 3497, 3464, 3216)
z_dir: 
[[-0.00462599]
 [ 0.03156301]
 [ 0.99949106]]
[rosout][INFO] 2019-10-16 18:12:19,053: 
pdc: 
2449
electrode: 
(3107, 3533, 3506, 3329, 3445, 3191, 3258, 3338, 3345, 3402, 3149, 3556, 3530, 3353, 3447, 3169, 3497, 3464, 3216)
z_dir: 
[[-0.0088733 ]
 [ 0.036735  ]
 [ 0.99928565]]
[rosout][INFO] 2019-10-16 18:12:19,085: 
pdc: 
2449
electrode: 
(3107, 3533, 3506, 3329, 3445, 3191, 3258, 3338, 3345, 3402, 3149, 3556, 3530, 3353, 3447, 3169, 3497, 3464, 3216)
z_dir: 
[[-0.00453395]
 [ 0.0316035 ]
 [ 0.9994902 ]]
[rosout][INFO] 2019-10-16 18:12:19,113: 
pdc: 
2449
electrode: 
(3107, 3533, 3506, 3329, 3445, 3191, 3258, 3338, 3345, 3402, 3149, 3556, 3530, 3353, 3447, 3169, 3497, 3464, 3216)
z_dir: 
[[-0.00450066]
 [ 0.03162705]
 [ 0.99948961]]
[rosout][INFO] 2019-10-16 18:12:19,123: 
pdc: 
2449
electrode: 
(3107, 3533, 3506, 3329, 3445, 3191, 3258, 3338, 3345, 3402, 3149, 3556, 3530, 3353, 3447, 3169, 3497, 3464, 3216)
z_dir: 
[[-0.00893131]
 [ 0.03673104]
 [ 0.99928528]]
[rosout][INFO] 2019-10-16 18:12:19,144: 
pdc: 
2449
electrode: 
(3107, 3533, 3506, 3329, 3445, 3191, 3258, 3338, 3345, 3402, 3149, 3556, 3530, 3353, 3447, 3169, 3497, 3464, 3216)
z_dir: 
[[-0.00463901]
 [ 0.03149604]
 [ 0.99949311]]
[rosout][INFO] 2019-10-16 18:12:19,153: 
pdc: 
2449
electrode: 
(3107, 3533, 3506, 3329, 3445, 3191, 3258, 3338, 3345, 3402, 3149, 3556, 3530, 3353, 3447, 3169, 3497, 3464, 3216)
z_dir: 
[[-0.00883384]
 [ 0.03675858]
 [ 0.99928513]]
[rosout][INFO] 2019-10-16 18:12:19,184: 
pdc: 
2449
electrode: 
(3107, 3533, 3506, 3329, 3445, 3191, 3258, 3338, 3345, 3402, 3149, 3556, 3530, 3353, 3447, 3169, 3497, 3464, 3216)
z_dir: 
[[-0.00463117]
 [ 0.03150749]
 [ 0.99949279]]
[rosout][INFO] 2019-10-16 18:12:19,214: 
pdc: 
2449
electrode: 
(3107, 3533, 3506, 3329, 3445, 3191, 3258, 3338, 3345, 3402, 3149, 3556, 3530, 3353, 3447, 3169, 3497, 3464, 3216)
z_dir: 
[[-0.00454474]
 [ 0.03169562]
 [ 0.99948723]]
[rosout][INFO] 2019-10-16 18:12:19,222: 
pdc: 
2449
electrode: 
(3107, 3533, 3506, 3329, 3445, 3191, 3258, 3338, 3345, 3402, 3149, 3556, 3530, 3353, 3447, 3169, 3497, 3464, 3216)
z_dir: 
[[-0.0088928 ]
 [ 0.03677849]
 [ 0.99928387]]
[rosout][INFO] 2019-10-16 18:12:19,255: 
pdc: 
2449
electrode: 
(3107, 3533, 3506, 3329, 3445, 3191, 3258, 3338, 3345, 3402, 3149, 3556, 3530, 3353, 3447, 3169, 3497, 3464, 3216)
z_dir: 
[[-0.00882537]
 [ 0.03679415]
 [ 0.9992839 ]]
[rosout][INFO] 2019-10-16 18:12:19,264: 
pdc: 
2449
electrode: 
(3107, 3533, 3506, 3329, 3445, 3191, 3258, 3338, 3345, 3402, 3149, 3556, 3530, 3353, 3447, 3169, 3497, 3464, 3216)
z_dir: 
[[-0.00461286]
 [ 0.03143081]
 [ 0.99949529]]
[rosout][INFO] 2019-10-16 18:12:19,295: 
pdc: 
2449
electrode: 
(3107, 3533, 3506, 3329, 3445, 3191, 3258, 3338, 3345, 3402, 3149, 3556, 3530, 3353, 3447, 3169, 3497, 3464, 3216)
z_dir: 
[[-0.00447853]
 [ 0.03163209]
 [ 0.99948955]]
[rosout][INFO] 2019-10-16 18:12:19,304: 
pdc: 
2449
electrode: 
(3107, 3533, 3506, 3329, 3445, 3191, 3258, 3338, 3345, 3402, 3149, 3556, 3530, 3353, 3447, 3169, 3497, 3464, 3216)
z_dir: 
[[-0.00895933]
 [ 0.03673596]
 [ 0.99928484]]
[rosout][INFO] 2019-10-16 18:12:19,334: 
pdc: 
2449
electrode: 
(3107, 3533, 3506, 3329, 3445, 3191, 3258, 3338, 3345, 3402, 3149, 3556, 3530, 3353, 3447, 3169, 3497, 3464, 3216)
z_dir: 
[[-0.00448918]
 [ 0.03151404]
 [ 0.99949323]]
[rosout][INFO] 2019-10-16 18:12:19,365: 
pdc: 
2449
electrode: 
(3107, 3533, 3506, 3329, 3445, 3191, 3258, 3338, 3345, 3402, 3149, 3556, 3530, 3353, 3447, 3169, 3497, 3464, 3216)
z_dir: 
[[-0.00451014]
 [ 0.03164016]
 [ 0.99948915]]
[rosout][INFO] 2019-10-16 18:12:19,408: 
pdc: 
2449
electrode: 
(3107, 3533, 3506, 3329, 3445, 3191, 3258, 3338, 3345, 3402, 3149, 3556, 3530, 3353, 3447, 3169, 3497, 3464, 3216)
z_dir: 
[[-0.0090422 ]
 [ 0.03667118]
 [ 0.99928648]]
[rosout][INFO] 2019-10-16 18:12:19,435: 
pdc: 
2449
electrode: 
(3107, 3533, 3506, 3329, 3445, 3191, 3258, 3338, 3345, 3402, 3149, 3556, 3530, 3353, 3447, 3169, 3497, 3464, 3216)
z_dir: 
[[-0.00450916]
 [ 0.03170385]
 [ 0.99948714]]
[rosout][INFO] 2019-10-16 18:12:19,464: 
pdc: 
2449
electrode: 
(3107, 3533, 3506, 3329, 3445, 3191, 3258, 3338, 3345, 3402, 3149, 3556, 3530, 3353, 3447, 3169, 3497, 3464, 3216)
z_dir: 
[[-0.00455187]
 [ 0.03166914]
 [ 0.99948804]]
[rosout][INFO] 2019-10-16 18:12:19,475: 
pdc: 
2449
electrode: 
(3107, 3533, 3506, 3329, 3445, 3191, 3258, 3338, 3345, 3402, 3149, 3556, 3530, 3353, 3447, 3169, 3497, 3464, 3216)
z_dir: 
[[-0.00890311]
 [ 0.03676914]
 [ 0.99928413]]
[rosout][INFO] 2019-10-16 18:12:19,494: 
pdc: 
2449
electrode: 
(3107, 3533, 3506, 3329, 3445, 3191, 3258, 3338, 3345, 3402, 3149, 3556, 3530, 3353, 3447, 3169, 3497, 3464, 3216)
z_dir: 
[[-0.00449618]
 [ 0.03164918]
 [ 0.99948893]]
[rosout][INFO] 2019-10-16 18:12:19,503: 
pdc: 
2449
electrode: 
(3107, 3533, 3506, 3329, 3445, 3191, 3258, 3338, 3345, 3402, 3149, 3556, 3530, 3353, 3447, 3169, 3497, 3464, 3216)
z_dir: 
[[-0.00884311]
 [ 0.03676209]
 [ 0.99928492]]
[rosout][INFO] 2019-10-16 18:12:19,524: 
pdc: 
2449
electrode: 
(3107, 3533, 3506, 3329, 3445, 3191, 3258, 3338, 3345, 3402, 3149, 3556, 3530, 3353, 3447, 3169, 3497, 3464, 3216)
z_dir: 
[[-0.00898349]
 [ 0.03678089]
 [ 0.99928297]]
[rosout][INFO] 2019-10-16 18:12:19,535: 
pdc: 
2449
electrode: 
(3107, 3533, 3506, 3329, 3445, 3191, 3258, 3338, 3345, 3402, 3149, 3556, 3530, 3353, 3447, 3169, 3497, 3464, 3216)
z_dir: 
[[-0.00455023]
 [ 0.03158554]
 [ 0.99949069]]
[rosout][INFO] 2019-10-16 18:12:19,563: 
pdc: 
2449
electrode: 
(3107, 3533, 3506, 3329, 3445, 3191, 3258, 3338, 3345, 3402, 3149, 3556, 3530, 3353, 3447, 3169, 3497, 3464, 3216)
z_dir: 
[[-0.00447735]
 [ 0.03155245]
 [ 0.99949207]]
[rosout][INFO] 2019-10-16 18:12:19,602: 
pdc: 
2449
electrode: 
(3107, 3533, 3506, 3329, 3445, 3191, 3258, 3338, 3345, 3402, 3149, 3556, 3530, 3353, 3447, 3169, 3497, 3464, 3216)
z_dir: 
[[-0.00891725]
 [ 0.03674561]
 [ 0.99928487]]
[rosout][INFO] 2019-10-16 18:12:19,636: 
pdc: 
2449
electrode: 
(3107, 3533, 3506, 3329, 3445, 3191, 3258, 3338, 3345, 3402, 3149, 3556, 3530, 3353, 3447, 3169, 3497, 3464, 3216)
z_dir: 
[[-0.00450679]
 [ 0.03163043]
 [ 0.99948947]]
[rospy.core][INFO] 2019-10-16 18:12:19,639: signal_shutdown [signal-2]
[rospy.internal][INFO] 2019-10-16 18:12:19,660: topic[/rosout] removing connection to /rosout
[rospy.internal][INFO] 2019-10-16 18:12:19,672: topic[/biotac_pub] removing connection to http://student-lasa:33843/
[rospy.internal][INFO] 2019-10-16 18:12:19,673: topic[/vrpn_client_node/normalSurface/pose] removing connection to http://student-lasa:45067/
[rospy.internal][INFO] 2019-10-16 18:12:19,674: topic[/vrpn_client_node/baseHand/pose] removing connection to http://student-lasa:45067/
[rospy.impl.masterslave][INFO] 2019-10-16 18:12:19,674: signal-2
[rospy.rosout][ERROR] 2019-10-16 18:12:19,674: Unable to report rosout: publish() to a closed topic
Traceback (most recent call last):
  File "/opt/ros/kinetic/lib/python2.7/dist-packages/rospy/impl/rosout.py", line 91, in _rosout
    _rosout_pub.publish(l)
  File "/opt/ros/kinetic/lib/python2.7/dist-packages/rospy/topics.py", line 882, in publish
    self.impl.publish(data)
  File "/opt/ros/kinetic/lib/python2.7/dist-packages/rospy/topics.py", line 1041, in publish
    raise ROSException("publish() to a closed topic")
ROSException: publish() to a closed topic

[rosout][INFO] 2019-10-16 18:12:19,673: 
pdc: 
2449
electrode: 
(3107, 3533, 3506, 3329, 3445, 3191, 3258, 3338, 3345, 3402, 3149, 3556, 3530, 3353, 3447, 3169, 3497, 3464, 3216)
z_dir: 
[[-0.00457201]
 [ 0.03148478]
 [ 0.99949377]]
[rospy.core][INFO] 2019-10-16 18:12:20,292: signal_shutdown [atexit]
