[rospy.client][INFO] 2019-10-16 18:23:58,944: init_node, name[/biochip_listener_15543_1571243038927], pid[15543]
[xmlrpc][INFO] 2019-10-16 18:23:58,944: XML-RPC server binding to 0.0.0.0:0
[xmlrpc][INFO] 2019-10-16 18:23:58,945: Started XML-RPC server [http://student-lasa:42099/]
[rospy.init][INFO] 2019-10-16 18:23:58,945: ROS Slave URI: [http://student-lasa:42099/]
[rospy.impl.masterslave][INFO] 2019-10-16 18:23:58,945: _ready: http://student-lasa:42099/
[rospy.registration][INFO] 2019-10-16 18:23:58,945: Registering with master node http://localhost:11311
[xmlrpc][INFO] 2019-10-16 18:23:58,945: xml rpc node: starting XML-RPC server
[rospy.init][INFO] 2019-10-16 18:23:59,045: registered with master
[rospy.rosout][INFO] 2019-10-16 18:23:59,046: initializing /rosout core topic
[rospy.rosout][INFO] 2019-10-16 18:23:59,050: connected to core topic /rosout
[rospy.simtime][INFO] 2019-10-16 18:23:59,053: /use_sim_time is not set, will not subscribe to simulated time [/clock] topic
[rospy.internal][INFO] 2019-10-16 18:23:59,114: topic[/vrpn_client_node/baseHand/pose] adding connection to [http://student-lasa:45067/], count 0
[rospy.internal][INFO] 2019-10-16 18:23:59,116: topic[/vrpn_client_node/normalSurface/pose] adding connection to [http://student-lasa:45067/], count 0
[rospy.internal][INFO] 2019-10-16 18:23:59,116: topic[/biotac_pub] adding connection to [http://student-lasa:33843/], count 0
[rosout][INFO] 2019-10-16 18:23:59,141: 
pdc: 
2437
electrode: 
(3028, 3480, 3453, 3268, 3390, 3124, 3175, 3267, 3267, 3334, 3050, 3497, 3471, 3279, 3387, 3088, 3437, 3409, 3153)
z_dir: 
[[ 0.01090971]
 [ 0.1266621 ]
 [ 0.99188593]]
[rosout][INFO] 2019-10-16 18:23:59,181: 
pdc: 
2436
electrode: 
(3028, 3480, 3452, 3268, 3390, 3124, 3175, 3266, 3267, 3334, 3050, 3497, 3472, 3280, 3387, 3088, 3437, 3408, 3153)
z_dir: 
[[ 0.0085884 ]
 [ 0.12899637]
 [ 0.99160787]]
[rosout][INFO] 2019-10-16 18:23:59,220: 
pdc: 
2436
electrode: 
(3029, 3480, 3452, 3268, 3390, 3124, 3175, 3267, 3267, 3334, 3050, 3497, 3471, 3278, 3387, 3088, 3437, 3408, 3154)
z_dir: 
[[ 0.01000617]
 [ 0.13018885]
 [ 0.99143872]]
[rosout][INFO] 2019-10-16 18:23:59,241: 
pdc: 
2436
electrode: 
(3029, 3480, 3453, 3268, 3390, 3125, 3175, 3266, 3267, 3334, 3050, 3498, 3470, 3279, 3387, 3087, 3437, 3408, 3153)
z_dir: 
[[ 0.01004015]
 [ 0.13042197]
 [ 0.99140774]]
[rosout][INFO] 2019-10-16 18:23:59,270: 
pdc: 
2436
electrode: 
(3028, 3480, 3453, 3268, 3391, 3124, 3175, 3266, 3266, 3334, 3050, 3496, 3471, 3280, 3387, 3088, 3437, 3409, 3154)
z_dir: 
[[-0.00603565]
 [ 0.12710939]
 [ 0.99187034]]
[rospy.internal][INFO] 2019-10-16 18:23:59,283: topic[/rosout] adding connection to [/rosout], count 0
[rosout][INFO] 2019-10-16 18:23:59,290: 
pdc: 
2436
electrode: 
(3028, 3480, 3452, 3267, 3390, 3124, 3175, 3266, 3267, 3334, 3050, 3497, 3471, 3279, 3387, 3087, 3437, 3409, 3153)
z_dir: 
[[-0.01364731]
 [ 0.13630925]
 [ 0.99057233]]
[rosout][INFO] 2019-10-16 18:23:59,351: 
pdc: 
2437
electrode: 
(3028, 3480, 3452, 3269, 3390, 3125, 3175, 3266, 3267, 3334, 3050, 3497, 3472, 3279, 3386, 3087, 3437, 3409, 3154)
z_dir: 
[[-0.01623383]
 [ 0.14378608]
 [ 0.98947563]]
[rosout][INFO] 2019-10-16 18:23:59,381: 
pdc: 
2436
electrode: 
(3028, 3480, 3452, 3269, 3391, 3124, 3175, 3266, 3267, 3334, 3050, 3497, 3471, 3279, 3387, 3088, 3436, 3409, 3153)
z_dir: 
[[-0.01554214]
 [ 0.13530572]
 [ 0.99068199]]
[rosout][INFO] 2019-10-16 18:23:59,431: 
pdc: 
2436
electrode: 
(3028, 3480, 3452, 3268, 3391, 3125, 3175, 3266, 3267, 3335, 3050, 3497, 3471, 3279, 3387, 3087, 3436, 3408, 3153)
z_dir: 
[[-0.0216946 ]
 [ 0.14173712]
 [ 0.98966658]]
[rosout][INFO] 2019-10-16 18:23:59,521: 
pdc: 
2436
electrode: 
(3029, 3481, 3453, 3269, 3390, 3125, 3175, 3266, 3266, 3334, 3050, 3497, 3472, 3280, 3387, 3088, 3437, 3409, 3153)
z_dir: 
[[-0.02954472]
 [ 0.13360122]
 [ 0.99059468]]
[rosout][INFO] 2019-10-16 18:23:59,581: 
pdc: 
2437
electrode: 
(3028, 3480, 3452, 3268, 3391, 3125, 3175, 3266, 3266, 3335, 3050, 3497, 3470, 3279, 3387, 3088, 3437, 3409, 3154)
z_dir: 
[[-0.03001836]
 [ 0.13427253]
 [ 0.99048967]]
[rosout][INFO] 2019-10-16 18:23:59,702: 
pdc: 
2436
electrode: 
(3028, 3480, 3452, 3269, 3390, 3125, 3174, 3266, 3267, 3334, 3049, 3498, 3471, 3279, 3387, 3087, 3437, 3409, 3153)
z_dir: 
[[-0.03879279]
 [ 0.13615384]
 [ 0.9899279 ]]
[rosout][INFO] 2019-10-16 18:23:59,732: 
pdc: 
2436
electrode: 
(3028, 3480, 3452, 3268, 3390, 3125, 3175, 3267, 3267, 3335, 3050, 3497, 3472, 3279, 3387, 3087, 3437, 3409, 3153)
z_dir: 
[[-0.04144367]
 [ 0.13544292]
 [ 0.989918  ]]
[rosout][INFO] 2019-10-16 18:23:59,761: 
pdc: 
2437
electrode: 
(3028, 3481, 3452, 3269, 3391, 3125, 3175, 3266, 3267, 3334, 3050, 3497, 3471, 3279, 3387, 3088, 3436, 3409, 3153)
z_dir: 
[[-0.03224947]
 [ 0.13807973]
 [ 0.98989593]]
[rosout][INFO] 2019-10-16 18:23:59,783: 
pdc: 
2436
electrode: 
(3028, 3480, 3452, 3269, 3390, 3125, 3175, 3265, 3267, 3334, 3050, 3497, 3472, 3278, 3387, 3088, 3437, 3408, 3153)
z_dir: 
[[-0.0338279 ]
 [ 0.13719701]
 [ 0.98996599]]
[rosout][INFO] 2019-10-16 18:23:59,801: 
pdc: 
2436
electrode: 
(3028, 3480, 3453, 3269, 3390, 3125, 3175, 3266, 3266, 3335, 3050, 3497, 3471, 3280, 3386, 3088, 3436, 3408, 3153)
z_dir: 
[[-0.03670002]
 [ 0.13718678]
 [ 0.98986509]]
[rosout][INFO] 2019-10-16 18:23:59,840: 
pdc: 
2436
electrode: 
(3028, 3480, 3452, 3268, 3390, 3124, 3175, 3266, 3266, 3334, 3051, 3497, 3471, 3279, 3387, 3088, 3437, 3409, 3153)
z_dir: 
[[-0.04485506]
 [ 0.13631545]
 [ 0.98964949]]
[rosout][INFO] 2019-10-16 18:23:59,881: 
pdc: 
2437
electrode: 
(3029, 3480, 3453, 3269, 3390, 3125, 3175, 3266, 3266, 3334, 3050, 3497, 3471, 3279, 3386, 3086, 3437, 3408, 3154)
z_dir: 
[[-0.05100907]
 [ 0.13598586]
 [ 0.98939675]]
[rosout][INFO] 2019-10-16 18:23:59,903: 
pdc: 
2436
electrode: 
(3029, 3481, 3453, 3269, 3391, 3125, 3174, 3266, 3267, 3335, 3050, 3497, 3471, 3279, 3386, 3088, 3436, 3408, 3153)
z_dir: 
[[-0.05198848]
 [ 0.13411478]
 [ 0.98960114]]
[rosout][INFO] 2019-10-16 18:23:59,931: 
pdc: 
2436
electrode: 
(3029, 3480, 3453, 3268, 3390, 3124, 3175, 3267, 3267, 3334, 3050, 3498, 3472, 3280, 3386, 3088, 3436, 3408, 3154)
z_dir: 
[[-0.05415233]
 [ 0.13005128]
 [ 0.99002737]]
[rosout][INFO] 2019-10-16 18:23:59,982: 
pdc: 
2436
electrode: 
(3029, 3480, 3452, 3269, 3390, 3125, 3175, 3266, 3267, 3334, 3050, 3497, 3472, 3280, 3387, 3088, 3437, 3408, 3153)
z_dir: 
[[-0.05277412]
 [ 0.12454629]
 [ 0.99080932]]
[rosout][INFO] 2019-10-16 18:24:00,042: 
pdc: 
2437
electrode: 
(3028, 3481, 3453, 3268, 3390, 3125, 3175, 3266, 3267, 3334, 3050, 3497, 3471, 3280, 3387, 3088, 3436, 3409, 3154)
z_dir: 
[[-0.05862038]
 [ 0.11386414]
 [ 0.9917654 ]]
[rosout][INFO] 2019-10-16 18:24:00,072: 
pdc: 
2437
electrode: 
(3028, 3480, 3452, 3268, 3390, 3125, 3175, 3267, 3267, 3334, 3050, 3497, 3472, 3279, 3387, 3088, 3437, 3409, 3154)
z_dir: 
[[-0.06855801]
 [ 0.10831974]
 [ 0.99174928]]
[rosout][INFO] 2019-10-16 18:24:00,122: 
pdc: 
2437
electrode: 
(3029, 3480, 3452, 3269, 3390, 3125, 3175, 3266, 3267, 3334, 3050, 3498, 3472, 3279, 3387, 3088, 3437, 3409, 3153)
z_dir: 
[[-0.07901212]
 [ 0.10269288]
 [ 0.9915701 ]]
[rosout][INFO] 2019-10-16 18:24:00,172: 
pdc: 
2437
electrode: 
(3029, 3480, 3453, 3268, 3391, 3124, 3175, 3266, 3267, 3334, 3051, 3497, 3472, 3280, 3387, 3088, 3437, 3408, 3153)
z_dir: 
[[-0.06784515]
 [ 0.10122713]
 [ 0.99254728]]
[rosout][INFO] 2019-10-16 18:24:00,262: 
pdc: 
2437
electrode: 
(3028, 3480, 3452, 3267, 3390, 3124, 3174, 3267, 3267, 3334, 3049, 3497, 3471, 3280, 3386, 3088, 3437, 3408, 3153)
z_dir: 
[[-0.08516551]
 [ 0.08812063]
 [ 0.99246239]]
[rosout][INFO] 2019-10-16 18:24:00,293: 
pdc: 
2437
electrode: 
(3029, 3480, 3453, 3268, 3391, 3125, 3175, 3267, 3267, 3334, 3050, 3497, 3471, 3280, 3387, 3087, 3437, 3408, 3153)
z_dir: 
[[-0.08482188]
 [ 0.08886766]
 [ 0.99242521]]
[rosout][INFO] 2019-10-16 18:24:00,323: 
pdc: 
2437
electrode: 
(3028, 3480, 3452, 3268, 3390, 3125, 3174, 3266, 3267, 3334, 3050, 3497, 3472, 3280, 3387, 3088, 3437, 3409, 3154)
z_dir: 
[[-0.08480764]
 [ 0.08822243]
 [ 0.99248399]]
[rosout][INFO] 2019-10-16 18:24:00,356: 
pdc: 
2437
electrode: 
(3028, 3480, 3453, 3268, 3390, 3125, 3175, 3266, 3267, 3334, 3050, 3498, 3472, 3279, 3387, 3088, 3437, 3409, 3153)
z_dir: 
[[-0.076201  ]
 [ 0.09209002]
 [ 0.99283072]]
[rosout][INFO] 2019-10-16 18:24:00,373: 
pdc: 
2437
electrode: 
(3029, 3481, 3453, 3269, 3391, 3125, 3175, 3265, 3267, 3334, 3050, 3497, 3472, 3279, 3387, 3088, 3438, 3408, 3154)
z_dir: 
[[-0.07735863]
 [ 0.09546307]
 [ 0.99242251]]
[rosout][INFO] 2019-10-16 18:24:00,434: 
pdc: 
2437
electrode: 
(3027, 3481, 3453, 3268, 3391, 3125, 3175, 3265, 3267, 3334, 3050, 3497, 3471, 3279, 3387, 3088, 3437, 3409, 3154)
z_dir: 
[[-0.08014155]
 [ 0.09041033]
 [ 0.99267482]]
[rosout][INFO] 2019-10-16 18:24:00,463: 
pdc: 
2437
electrode: 
(3028, 3481, 3452, 3268, 3391, 3125, 3174, 3266, 3267, 3334, 3050, 3497, 3471, 3279, 3387, 3088, 3437, 3408, 3154)
z_dir: 
[[-0.07891397]
 [ 0.09179273]
 [ 0.9926463 ]]
[rosout][INFO] 2019-10-16 18:24:00,493: 
pdc: 
2437
electrode: 
(3028, 3480, 3453, 3268, 3390, 3125, 3174, 3266, 3267, 3334, 3050, 3497, 3471, 3280, 3387, 3088, 3437, 3408, 3154)
z_dir: 
[[-0.08593269]
 [ 0.09097021]
 [ 0.9921391 ]]
[rosout][INFO] 2019-10-16 18:24:00,575: 
pdc: 
2437
electrode: 
(3028, 3480, 3452, 3269, 3390, 3124, 3175, 3266, 3267, 3333, 3049, 3497, 3471, 3280, 3387, 3088, 3437, 3408, 3154)
z_dir: 
[[-0.08488103]
 [ 0.09118835]
 [ 0.9922096 ]]
[rosout][INFO] 2019-10-16 18:24:00,644: 
pdc: 
2437
electrode: 
(3028, 3480, 3453, 3268, 3390, 3125, 3175, 3266, 3267, 3334, 3049, 3497, 3471, 3280, 3387, 3088, 3437, 3408, 3153)
z_dir: 
[[-0.08227436]
 [ 0.09046583]
 [ 0.99249527]]
[rosout][INFO] 2019-10-16 18:24:00,674: 
pdc: 
2437
electrode: 
(3028, 3481, 3452, 3268, 3391, 3125, 3175, 3266, 3267, 3334, 3049, 3496, 3471, 3280, 3387, 3088, 3437, 3408, 3154)
z_dir: 
[[-0.07932377]
 [ 0.09257391]
 [ 0.99254109]]
[rosout][INFO] 2019-10-16 18:24:00,744: 
pdc: 
2488
electrode: 
(3045, 3484, 3456, 3281, 3395, 3138, 3177, 3269, 3268, 3334, 3065, 3499, 3474, 3291, 3392, 3102, 3434, 3410, 3159)
z_dir: 
[[-0.07437587]
 [ 0.08843934]
 [ 0.99330092]]
[rosout][INFO] 2019-10-16 18:24:00,815: 
pdc: 
2519
electrode: 
(3061, 3485, 3458, 3288, 3398, 3144, 3180, 3270, 3269, 3335, 3076, 3501, 3476, 3301, 3395, 3112, 3431, 3411, 3162)
z_dir: 
[[-0.07161163]
 [ 0.09295718]
 [ 0.9930915 ]]
[rosout][INFO] 2019-10-16 18:24:00,844: 
pdc: 
2549
electrode: 
(3069, 3486, 3460, 3294, 3401, 3152, 3182, 3271, 3271, 3334, 3090, 3502, 3478, 3308, 3398, 3120, 3429, 3411, 3164)
z_dir: 
[[-0.07032524]
 [ 0.09442671]
 [ 0.99304479]]
[rosout][INFO] 2019-10-16 18:24:00,964: 
pdc: 
2665
electrode: 
(3112, 3492, 3465, 3322, 3409, 3183, 3188, 3275, 3274, 3331, 3123, 3504, 3480, 3331, 3403, 3152, 3413, 3403, 3159)
z_dir: 
[[-0.06558651]
 [ 0.10186431]
 [ 0.99263391]]
[rosout][INFO] 2019-10-16 18:24:01,057: 
pdc: 
2716
electrode: 
(3131, 3495, 3467, 3332, 3411, 3196, 3191, 3277, 3275, 3330, 3136, 3504, 3479, 3340, 3403, 3164, 3403, 3394, 3151)
z_dir: 
[[-0.06083492]
 [ 0.1013724 ]
 [ 0.99298678]]
[rosout][INFO] 2019-10-16 18:24:01,086: 
pdc: 
2731
electrode: 
(3134, 3495, 3467, 3335, 3411, 3200, 3192, 3278, 3275, 3329, 3141, 3503, 3479, 3344, 3402, 3167, 3400, 3393, 3148)
z_dir: 
[[-0.06111915]
 [ 0.10311869]
 [ 0.9927895 ]]
[rosout][INFO] 2019-10-16 18:24:01,116: 
pdc: 
2747
electrode: 
(3139, 3495, 3467, 3338, 3413, 3203, 3193, 3277, 3275, 3328, 3146, 3503, 3478, 3346, 3403, 3172, 3394, 3392, 3146)
z_dir: 
[[-0.06156523]
 [ 0.10482881]
 [ 0.99258281]]
[rosout][INFO] 2019-10-16 18:24:01,145: 
pdc: 
2750
electrode: 
(3140, 3496, 3467, 3339, 3412, 3204, 3193, 3277, 3275, 3327, 3150, 3503, 3479, 3347, 3403, 3173, 3392, 3391, 3147)
z_dir: 
[[-0.06306435]
 [ 0.10744243]
 [ 0.99220916]]
[rosout][INFO] 2019-10-16 18:24:01,175: 
pdc: 
2752
electrode: 
(3138, 3495, 3467, 3339, 3413, 3205, 3192, 3277, 3275, 3327, 3153, 3503, 3479, 3348, 3405, 3174, 3391, 3391, 3148)
z_dir: 
[[-0.06399819]
 [ 0.10811505]
 [ 0.99207629]]
[rosout][INFO] 2019-10-16 18:24:01,195: 
pdc: 
2757
electrode: 
(3139, 3495, 3467, 3339, 3413, 3205, 3193, 3276, 3274, 3326, 3156, 3503, 3478, 3350, 3404, 3176, 3390, 3390, 3148)
z_dir: 
[[-0.06446833]
 [ 0.10897238]
 [ 0.99195204]]
[rosout][INFO] 2019-10-16 18:24:01,226: 
pdc: 
2760
electrode: 
(3140, 3494, 3467, 3340, 3414, 3206, 3193, 3275, 3274, 3326, 3157, 3502, 3478, 3350, 3404, 3177, 3388, 3391, 3148)
z_dir: 
[[-0.06670557]
 [ 0.11158442]
 [ 0.99151363]]
[rosout][INFO] 2019-10-16 18:24:01,258: 
pdc: 
2750
electrode: 
(3139, 3494, 3468, 3339, 3414, 3205, 3192, 3276, 3273, 3325, 3155, 3503, 3479, 3350, 3405, 3175, 3390, 3392, 3152)
z_dir: 
[[-0.06770258]
 [ 0.11220652]
 [ 0.99137584]]
[rosout][INFO] 2019-10-16 18:24:01,285: 
pdc: 
2730
electrode: 
(3133, 3494, 3466, 3335, 3413, 3201, 3191, 3275, 3274, 3326, 3150, 3504, 3480, 3347, 3405, 3171, 3395, 3396, 3154)
z_dir: 
[[-0.06790505]
 [ 0.11074422]
 [ 0.99152641]]
[rosout][INFO] 2019-10-16 18:24:01,321: 
pdc: 
2714
electrode: 
(3131, 3493, 3467, 3334, 3414, 3199, 3190, 3275, 3274, 3327, 3146, 3504, 3480, 3344, 3405, 3168, 3399, 3398, 3157)
z_dir: 
[[-0.06896058]
 [ 0.10946027]
 [ 0.99159613]]
[rosout][INFO] 2019-10-16 18:24:01,343: 
pdc: 
2669
electrode: 
(3120, 3493, 3465, 3328, 3412, 3191, 3189, 3274, 3273, 3329, 3135, 3504, 3480, 3338, 3405, 3158, 3408, 3402, 3161)
z_dir: 
[[-0.06887825]
 [ 0.1064383 ]
 [ 0.99193078]]
[rosout][INFO] 2019-10-16 18:24:01,411: 
pdc: 
2513
electrode: 
(3072, 3488, 3460, 3298, 3402, 3156, 3182, 3271, 3270, 3333, 3091, 3502, 3478, 3307, 3399, 3119, 3431, 3412, 3163)
z_dir: 
[[-0.07176114]
 [ 0.10153068]
 [ 0.99224083]]
[rosout][INFO] 2019-10-16 18:24:01,437: 
pdc: 
2441
electrode: 
(3038, 3482, 3453, 3275, 3394, 3133, 3177, 3267, 3269, 3334, 3064, 3500, 3475, 3289, 3391, 3098, 3437, 3410, 3155)
z_dir: 
[[-0.07196054]
 [ 0.09950837]
 [ 0.99243124]]
[rosout][INFO] 2019-10-16 18:24:01,558: 
pdc: 
2435
electrode: 
(3030, 3480, 3454, 3270, 3392, 3126, 3175, 3266, 3266, 3334, 3051, 3497, 3472, 3281, 3388, 3090, 3437, 3409, 3154)
z_dir: 
[[-0.06996441]
 [ 0.11151031]
 [ 0.99129735]]
[rosout][INFO] 2019-10-16 18:24:01,585: 
pdc: 
2435
electrode: 
(3029, 3481, 3454, 3270, 3392, 3126, 3174, 3266, 3267, 3334, 3051, 3498, 3472, 3281, 3387, 3090, 3437, 3409, 3154)
z_dir: 
[[-0.06671696]
 [ 0.11947786]
 [ 0.9905927 ]]
[rosout][INFO] 2019-10-16 18:24:01,615: 
pdc: 
2436
electrode: 
(3029, 3481, 3453, 3269, 3391, 3126, 3175, 3267, 3266, 3335, 3052, 3498, 3472, 3281, 3388, 3090, 3437, 3409, 3154)
z_dir: 
[[-0.06350812]
 [ 0.12708909]
 [ 0.98985609]]
[rosout][INFO] 2019-10-16 18:24:01,787: 
pdc: 
2436
electrode: 
(3029, 3481, 3452, 3269, 3391, 3126, 3175, 3266, 3266, 3334, 3051, 3498, 3472, 3281, 3388, 3089, 3437, 3409, 3154)
z_dir: 
[[-0.05402755]
 [ 0.14325281]
 [ 0.98821033]]
[rosout][INFO] 2019-10-16 18:24:01,818: 
pdc: 
2436
electrode: 
(3029, 3480, 3454, 3269, 3390, 3125, 3175, 3266, 3267, 3334, 3051, 3498, 3472, 3281, 3388, 3089, 3436, 3409, 3154)
z_dir: 
[[-0.05251742]
 [ 0.14194836]
 [ 0.98847994]]
[rosout][INFO] 2019-10-16 18:24:01,924: 
pdc: 
2437
electrode: 
(3029, 3480, 3453, 3268, 3391, 3126, 3175, 3266, 3267, 3334, 3051, 3498, 3472, 3281, 3388, 3089, 3437, 3409, 3153)
z_dir: 
[[-0.07546128]
 [ 0.13181871]
 [ 0.9883974 ]]
[rosout][INFO] 2019-10-16 18:24:02,164: 
pdc: 
2437
electrode: 
(3029, 3480, 3453, 3269, 3390, 3125, 3175, 3266, 3266, 3334, 3050, 3498, 3471, 3281, 3388, 3089, 3437, 3409, 3154)
z_dir: 
[[-0.15824797]
 [ 0.11511438]
 [ 0.98066623]]
[rosout][INFO] 2019-10-16 18:24:02,206: 
pdc: 
2437
electrode: 
(3028, 3481, 3453, 3269, 3391, 3125, 3174, 3266, 3266, 3334, 3051, 3497, 3472, 3281, 3388, 3089, 3437, 3409, 3154)
z_dir: 
[[-0.17740935]
 [ 0.11849808]
 [ 0.97697704]]
[rosout][INFO] 2019-10-16 18:24:02,589: 
pdc: 
2437
electrode: 
(3028, 3481, 3453, 3269, 3391, 3126, 3174, 3266, 3267, 3334, 3051, 3498, 3472, 3281, 3387, 3088, 3436, 3409, 3154)
z_dir: 
[[-0.31325236]
 [ 0.10647899]
 [ 0.94368172]]
[rosout][INFO] 2019-10-16 18:24:02,635: 
pdc: 
2444
electrode: 
(3029, 3481, 3453, 3269, 3391, 3125, 3175, 3266, 3266, 3334, 3050, 3497, 3472, 3281, 3387, 3089, 3437, 3409, 3155)
z_dir: 
[[-0.32138904]
 [ 0.11184732]
 [ 0.9403187 ]]
[rosout][INFO] 2019-10-16 18:24:02,785: 
pdc: 
2517
electrode: 
(3053, 3484, 3459, 3284, 3402, 3144, 3172, 3263, 3265, 3333, 3096, 3505, 3482, 3306, 3402, 3117, 3438, 3419, 3171)
z_dir: 
[[-0.33857839]
 [ 0.12339952]
 [ 0.93281147]]
[rosout][INFO] 2019-10-16 18:24:03,158: 
pdc: 
2810
electrode: 
(3142, 3485, 3478, 3349, 3442, 3223, 3091, 3182, 3153, 3200, 3153, 3491, 3499, 3371, 3446, 3205, 3359, 3447, 3231)
z_dir: 
[[-0.33587947]
 [ 0.12285535]
 [ 0.93385842]]
[rospy.core][INFO] 2019-10-16 18:24:22,596: signal_shutdown [signal-2]
[rospy.internal][INFO] 2019-10-16 18:24:22,633: topic[/rosout] removing connection to /rosout
[rospy.internal][INFO] 2019-10-16 18:24:22,656: topic[/biotac_pub] removing connection to http://student-lasa:33843/
[rospy.internal][INFO] 2019-10-16 18:24:22,660: topic[/vrpn_client_node/normalSurface/pose] removing connection to http://student-lasa:45067/
[rospy.internal][INFO] 2019-10-16 18:24:22,672: topic[/vrpn_client_node/baseHand/pose] removing connection to http://student-lasa:45067/
[rospy.impl.masterslave][INFO] 2019-10-16 18:24:22,672: signal-2
[rospy.core][INFO] 2019-10-16 18:24:23,238: signal_shutdown [atexit]
