[rospy.client][INFO] 2019-10-16 18:14:29,538: init_node, name[/biochip_listener_15147_1571242469521], pid[15147]
[xmlrpc][INFO] 2019-10-16 18:14:29,538: XML-RPC server binding to 0.0.0.0:0
[xmlrpc][INFO] 2019-10-16 18:14:29,538: Started XML-RPC server [http://student-lasa:35475/]
[rospy.init][INFO] 2019-10-16 18:14:29,538: ROS Slave URI: [http://student-lasa:35475/]
[rospy.impl.masterslave][INFO] 2019-10-16 18:14:29,538: _ready: http://student-lasa:35475/
[xmlrpc][INFO] 2019-10-16 18:14:29,538: xml rpc node: starting XML-RPC server
[rospy.registration][INFO] 2019-10-16 18:14:29,539: Registering with master node http://localhost:11311
[rospy.init][INFO] 2019-10-16 18:14:29,639: registered with master
[rospy.rosout][INFO] 2019-10-16 18:14:29,639: initializing /rosout core topic
[rospy.rosout][INFO] 2019-10-16 18:14:29,644: connected to core topic /rosout
[rospy.simtime][INFO] 2019-10-16 18:14:29,646: /use_sim_time is not set, will not subscribe to simulated time [/clock] topic
[rospy.internal][INFO] 2019-10-16 18:14:29,706: topic[/vrpn_client_node/baseHand/pose] adding connection to [http://student-lasa:45067/], count 0
[rospy.internal][INFO] 2019-10-16 18:14:29,707: topic[/vrpn_client_node/normalSurface/pose] adding connection to [http://student-lasa:45067/], count 0
[rospy.internal][INFO] 2019-10-16 18:14:29,709: topic[/biotac_pub] adding connection to [http://student-lasa:33843/], count 0
[rospy.internal][INFO] 2019-10-16 18:14:29,875: topic[/rosout] adding connection to [/rosout], count 0
[rospy.core][INFO] 2019-10-16 18:14:40,732: signal_shutdown [signal-2]
[rospy.internal][INFO] 2019-10-16 18:14:40,757: topic[/rosout] removing connection to /rosout
[rospy.internal][INFO] 2019-10-16 18:14:40,770: topic[/biotac_pub] removing connection to http://student-lasa:33843/
[rospy.internal][INFO] 2019-10-16 18:14:40,783: topic[/vrpn_client_node/normalSurface/pose] removing connection to http://student-lasa:45067/
[rospy.internal][INFO] 2019-10-16 18:14:40,788: topic[/vrpn_client_node/baseHand/pose] removing connection to http://student-lasa:45067/
[rospy.impl.masterslave][INFO] 2019-10-16 18:14:40,791: signal-2
[rospy.core][INFO] 2019-10-16 18:14:41,305: signal_shutdown [signal-2]
[rospy.core][INFO] 2019-10-16 18:14:41,306: signal_shutdown [atexit]
