[rospy.client][INFO] 2019-10-16 18:25:54,146: init_node, name[/biochip_listener_15798_1571243154130], pid[15798]
[xmlrpc][INFO] 2019-10-16 18:25:54,147: XML-RPC server binding to 0.0.0.0:0
[xmlrpc][INFO] 2019-10-16 18:25:54,147: Started XML-RPC server [http://student-lasa:46559/]
[rospy.init][INFO] 2019-10-16 18:25:54,147: ROS Slave URI: [http://student-lasa:46559/]
[rospy.impl.masterslave][INFO] 2019-10-16 18:25:54,147: _ready: http://student-lasa:46559/
[rospy.registration][INFO] 2019-10-16 18:25:54,148: Registering with master node http://localhost:11311
[xmlrpc][INFO] 2019-10-16 18:25:54,148: xml rpc node: starting XML-RPC server
[rospy.init][INFO] 2019-10-16 18:25:54,247: registered with master
[rospy.rosout][INFO] 2019-10-16 18:25:54,248: initializing /rosout core topic
[rospy.rosout][INFO] 2019-10-16 18:25:54,252: connected to core topic /rosout
[rospy.simtime][INFO] 2019-10-16 18:25:54,255: /use_sim_time is not set, will not subscribe to simulated time [/clock] topic
[rospy.internal][INFO] 2019-10-16 18:25:54,316: topic[/vrpn_client_node/normalSurface/pose] adding connection to [http://student-lasa:45067/], count 0
[rospy.internal][INFO] 2019-10-16 18:25:54,318: topic[/biotac_pub] adding connection to [http://student-lasa:33843/], count 0
[rospy.internal][INFO] 2019-10-16 18:25:54,318: topic[/vrpn_client_node/baseHand/pose] adding connection to [http://student-lasa:45067/], count 0
[rosout][INFO] 2019-10-16 18:25:54,328: 
pdc: 
2437
electrode: 
(3029, 3483, 3455, 3270, 3391, 3126, 3175, 3266, 3269, 3335, 3056, 3500, 3475, 3285, 3391, 3094, 3440, 3411, 3156)
z_dir: 
[[ 0.0203928 ]
 [ 0.01018315]
 [ 0.99974018]]
[rosout][INFO] 2019-10-16 18:25:54,348: 
pdc: 
2437
electrode: 
(3029, 3482, 3455, 3270, 3392, 3125, 3175, 3267, 3268, 3335, 3055, 3501, 3475, 3285, 3391, 3094, 3440, 3411, 3155)
z_dir: 
[[ 0.01953365]
 [ 0.01109251]
 [ 0.99974766]]
[rosout][INFO] 2019-10-16 18:25:54,378: 
pdc: 
2437
electrode: 
(3029, 3482, 3455, 3270, 3392, 3125, 3175, 3267, 3268, 3335, 3055, 3501, 3476, 3285, 3391, 3094, 3440, 3411, 3156)
z_dir: 
[[ 0.02037208]
 [ 0.01024368]
 [ 0.99973999]]
[rosout][INFO] 2019-10-16 18:25:54,398: 
pdc: 
2437
electrode: 
(3029, 3483, 3455, 3271, 3391, 3125, 3175, 3266, 3269, 3334, 3055, 3500, 3475, 3285, 3391, 3094, 3440, 3411, 3155)
z_dir: 
[[ 0.02016515]
 [ 0.01018715]
 [ 0.99974476]]
[rosout][INFO] 2019-10-16 18:25:54,408: 
pdc: 
2437
electrode: 
(3030, 3482, 3455, 3271, 3391, 3126, 3175, 3266, 3269, 3335, 3055, 3500, 3475, 3285, 3391, 3094, 3440, 3411, 3155)
z_dir: 
[[ 0.02017676]
 [ 0.01021918]
 [ 0.9997442 ]]
[rosout][INFO] 2019-10-16 18:25:54,428: 
pdc: 
2438
electrode: 
(3029, 3483, 3455, 3271, 3392, 3126, 3174, 3266, 3269, 3335, 3055, 3501, 3475, 3285, 3391, 3094, 3440, 3411, 3156)
z_dir: 
[[ 0.0201389 ]
 [ 0.01022128]
 [ 0.99974494]]
[rosout][INFO] 2019-10-16 18:25:54,438: 
pdc: 
2437
electrode: 
(3030, 3482, 3455, 3270, 3391, 3126, 3175, 3267, 3268, 3335, 3056, 3501, 3476, 3285, 3391, 3094, 3441, 3411, 3156)
z_dir: 
[[ 0.01947312]
 [ 0.01120865]
 [ 0.99974755]]
[rosout][INFO] 2019-10-16 18:25:54,458: 
pdc: 
2437
electrode: 
(3029, 3483, 3456, 3270, 3392, 3125, 3174, 3266, 3268, 3335, 3055, 3501, 3475, 3285, 3391, 3094, 3440, 3411, 3155)
z_dir: 
[[ 0.01940981]
 [ 0.01122978]
 [ 0.99974854]]
[rosout][INFO] 2019-10-16 18:25:54,468: 
pdc: 
2437
electrode: 
(3029, 3482, 3455, 3271, 3392, 3126, 3175, 3266, 3269, 3336, 3055, 3500, 3475, 3285, 3391, 3093, 3441, 3412, 3156)
z_dir: 
[[ 0.02006278]
 [ 0.01030253]
 [ 0.99974564]]
[rosout][INFO] 2019-10-16 18:25:54,478: 
pdc: 
2437
electrode: 
(3029, 3483, 3455, 3270, 3392, 3126, 3174, 3267, 3269, 3335, 3055, 3501, 3476, 3285, 3391, 3094, 3440, 3411, 3156)
z_dir: 
[[ 0.01938676]
 [ 0.01120244]
 [ 0.9997493 ]]
[rospy.internal][INFO] 2019-10-16 18:25:54,481: topic[/rosout] adding connection to [/rosout], count 0
[rosout][INFO] 2019-10-16 18:25:54,498: 
pdc: 
2437
electrode: 
(3029, 3483, 3455, 3271, 3391, 3126, 3175, 3266, 3269, 3335, 3055, 3501, 3475, 3285, 3390, 3093, 3440, 3411, 3156)
z_dir: 
[[ 0.02014463]
 [ 0.01025001]
 [ 0.99974453]]
[rosout][INFO] 2019-10-16 18:25:54,508: 
pdc: 
2438
electrode: 
(3029, 3483, 3455, 3269, 3392, 3126, 3175, 3266, 3268, 3335, 3056, 3500, 3475, 3285, 3390, 3094, 3440, 3411, 3155)
z_dir: 
[[ 0.01931871]
 [ 0.01114438]
 [ 0.99975126]]
[rosout][INFO] 2019-10-16 18:25:54,528: 
pdc: 
2437
electrode: 
(3029, 3483, 3455, 3270, 3392, 3125, 3175, 3267, 3268, 3335, 3056, 3500, 3475, 3285, 3391, 3094, 3440, 3411, 3155)
z_dir: 
[[ 0.02012767]
 [ 0.010298  ]
 [ 0.99974438]]
[rosout][INFO] 2019-10-16 18:25:54,538: 
pdc: 
2437
electrode: 
(3029, 3483, 3456, 3270, 3391, 3125, 3175, 3267, 3269, 3335, 3055, 3501, 3475, 3285, 3391, 3094, 3440, 3412, 3156)
z_dir: 
[[ 0.01949418]
 [ 0.01120513]
 [ 0.99974718]]
[rosout][INFO] 2019-10-16 18:25:54,558: 
pdc: 
2437
electrode: 
(3029, 3482, 3455, 3271, 3392, 3125, 3174, 3267, 3268, 3335, 3055, 3500, 3476, 3285, 3391, 3094, 3440, 3411, 3156)
z_dir: 
[[ 0.02011142]
 [ 0.01030191]
 [ 0.99974467]]
[rosout][INFO] 2019-10-16 18:25:54,568: 
pdc: 
2437
electrode: 
(3029, 3483, 3456, 3271, 3391, 3126, 3175, 3267, 3268, 3335, 3056, 3500, 3475, 3285, 3391, 3094, 3441, 3411, 3156)
z_dir: 
[[ 0.01952188]
 [ 0.01120608]
 [ 0.99974663]]
[rosout][INFO] 2019-10-16 18:25:54,588: 
pdc: 
2437
electrode: 
(3029, 3482, 3455, 3270, 3392, 3125, 3175, 3267, 3269, 3335, 3055, 3501, 3475, 3285, 3390, 3094, 3440, 3412, 3156)
z_dir: 
[[ 0.01939485]
 [ 0.0112077 ]
 [ 0.99974908]]
[rosout][INFO] 2019-10-16 18:25:54,598: 
pdc: 
2437
electrode: 
(3029, 3482, 3455, 3270, 3391, 3125, 3175, 3267, 3268, 3335, 3055, 3501, 3475, 3285, 3391, 3093, 3440, 3412, 3156)
z_dir: 
[[ 0.01945895]
 [ 0.01118955]
 [ 0.99974804]]
[rosout][INFO] 2019-10-16 18:25:54,618: 
pdc: 
2437
electrode: 
(3030, 3482, 3456, 3270, 3392, 3125, 3175, 3267, 3269, 3335, 3055, 3501, 3476, 3285, 3391, 3093, 3440, 3411, 3156)
z_dir: 
[[ 0.01941816]
 [ 0.01119153]
 [ 0.99974881]]
[rosout][INFO] 2019-10-16 18:25:54,668: 
pdc: 
2437
electrode: 
(3029, 3483, 3455, 3270, 3392, 3126, 3175, 3266, 3269, 3334, 3056, 3500, 3476, 3285, 3391, 3094, 3440, 3412, 3155)
z_dir: 
[[ 0.02011849]
 [ 0.0102363 ]
 [ 0.9997452 ]]
[rosout][INFO] 2019-10-16 18:25:54,688: 
pdc: 
2437
electrode: 
(3029, 3482, 3455, 3270, 3390, 3125, 3175, 3267, 3269, 3335, 3056, 3500, 3475, 3285, 3391, 3094, 3440, 3411, 3156)
z_dir: 
[[ 0.01956645]
 [ 0.01121568]
 [ 0.99974565]]
[rosout][INFO] 2019-10-16 18:25:54,699: 
pdc: 
2437
electrode: 
(3029, 3483, 3455, 3271, 3391, 3125, 3175, 3267, 3269, 3335, 3056, 3501, 3475, 3285, 3391, 3094, 3440, 3411, 3155)
z_dir: 
[[ 0.01949989]
 [ 0.01119199]
 [ 0.99974721]]
[rosout][INFO] 2019-10-16 18:25:54,718: 
pdc: 
2437
electrode: 
(3029, 3483, 3455, 3270, 3391, 3126, 3175, 3267, 3268, 3335, 3055, 3501, 3476, 3284, 3390, 3094, 3441, 3411, 3156)
z_dir: 
[[ 0.0202051 ]
 [ 0.01025615]
 [ 0.99974325]]
[rosout][INFO] 2019-10-16 18:25:54,729: 
pdc: 
2437
electrode: 
(3029, 3482, 3455, 3271, 3391, 3126, 3175, 3266, 3269, 3335, 3056, 3501, 3476, 3284, 3391, 3094, 3441, 3412, 3155)
z_dir: 
[[ 0.02035247]
 [ 0.0102152 ]
 [ 0.99974068]]
[rosout][INFO] 2019-10-16 18:25:54,748: 
pdc: 
2437
electrode: 
(3029, 3482, 3455, 3270, 3391, 3126, 3175, 3267, 3269, 3335, 3056, 3501, 3475, 3285, 3391, 3093, 3440, 3411, 3156)
z_dir: 
[[ 0.01942642]
 [ 0.0112524 ]
 [ 0.99974797]]
[rosout][INFO] 2019-10-16 18:25:54,759: 
pdc: 
2437
electrode: 
(3029, 3482, 3455, 3270, 3392, 3125, 3175, 3266, 3269, 3335, 3056, 3501, 3476, 3285, 3391, 3094, 3440, 3411, 3156)
z_dir: 
[[ 0.02037747]
 [ 0.01017201]
 [ 0.99974061]]
[rosout][INFO] 2019-10-16 18:25:54,778: 
pdc: 
2437
electrode: 
(3029, 3482, 3455, 3269, 3391, 3125, 3176, 3266, 3269, 3335, 3055, 3501, 3475, 3285, 3391, 3093, 3440, 3411, 3156)
z_dir: 
[[ 0.01949465]
 [ 0.01123831]
 [ 0.9997468 ]]
[rosout][INFO] 2019-10-16 18:25:54,789: 
pdc: 
2437
electrode: 
(3029, 3482, 3455, 3270, 3392, 3125, 3174, 3266, 3268, 3335, 3055, 3501, 3475, 3286, 3391, 3094, 3440, 3411, 3155)
z_dir: 
[[ 0.02000522]
 [ 0.01025861]
 [ 0.99974724]]
[rosout][INFO] 2019-10-16 18:25:54,810: 
pdc: 
2437
electrode: 
(3030, 3482, 3455, 3270, 3392, 3126, 3175, 3267, 3269, 3335, 3055, 3501, 3475, 3285, 3391, 3094, 3440, 3412, 3156)
z_dir: 
[[ 0.02035272]
 [ 0.0102511 ]
 [ 0.99974031]]
[rosout][INFO] 2019-10-16 18:25:54,819: 
pdc: 
2438
electrode: 
(3030, 3482, 3456, 3270, 3392, 3126, 3175, 3267, 3269, 3335, 3055, 3501, 3476, 3285, 3391, 3094, 3441, 3411, 3156)
z_dir: 
[[ 0.01945734]
 [ 0.01132632]
 [ 0.99974653]]
[rosout][INFO] 2019-10-16 18:25:54,839: 
pdc: 
2437
electrode: 
(3029, 3482, 3455, 3270, 3392, 3126, 3175, 3267, 3269, 3335, 3056, 3501, 3475, 3285, 3390, 3094, 3440, 3411, 3155)
z_dir: 
[[ 0.02006999]
 [ 0.01021104]
 [ 0.99974643]]
[rosout][INFO] 2019-10-16 18:25:54,849: 
pdc: 
2437
electrode: 
(3029, 3483, 3456, 3271, 3392, 3125, 3176, 3266, 3269, 3335, 3055, 3501, 3476, 3285, 3391, 3094, 3440, 3411, 3155)
z_dir: 
[[ 0.02014731]
 [ 0.01028443]
 [ 0.99974413]]
[rosout][INFO] 2019-10-16 18:25:54,859: 
pdc: 
2438
electrode: 
(3029, 3482, 3455, 3271, 3392, 3126, 3175, 3266, 3269, 3336, 3056, 3501, 3476, 3285, 3391, 3094, 3440, 3412, 3155)
z_dir: 
[[ 0.01943774]
 [ 0.01114477]
 [ 0.99974895]]
[rosout][INFO] 2019-10-16 18:25:54,879: 
pdc: 
2437
electrode: 
(3029, 3483, 3456, 3270, 3391, 3126, 3175, 3266, 3269, 3335, 3055, 3501, 3475, 3285, 3391, 3093, 3440, 3412, 3156)
z_dir: 
[[ 0.01937292]
 [ 0.01119763]
 [ 0.99974962]]
[rosout][INFO] 2019-10-16 18:25:54,889: 
pdc: 
2437
electrode: 
(3029, 3482, 3455, 3270, 3392, 3126, 3175, 3267, 3269, 3335, 3055, 3501, 3476, 3285, 3391, 3094, 3440, 3411, 3155)
z_dir: 
[[ 0.01943229]
 [ 0.01117759]
 [ 0.99974869]]
[rosout][INFO] 2019-10-16 18:25:54,909: 
pdc: 
2437
electrode: 
(3029, 3482, 3455, 3270, 3391, 3125, 3175, 3267, 3269, 3336, 3055, 3501, 3476, 3284, 3391, 3094, 3440, 3411, 3155)
z_dir: 
[[ 0.02012192]
 [ 0.01019554]
 [ 0.99974555]]
[rosout][INFO] 2019-10-16 18:25:54,919: 
pdc: 
2437
electrode: 
(3030, 3482, 3455, 3271, 3392, 3125, 3175, 3267, 3269, 3334, 3056, 3501, 3477, 3285, 3391, 3093, 3440, 3411, 3155)
z_dir: 
[[ 0.01945381]
 [ 0.01133916]
 [ 0.99974645]]
[rosout][INFO] 2019-10-16 18:25:54,939: 
pdc: 
2437
electrode: 
(3029, 3482, 3456, 3270, 3391, 3125, 3175, 3266, 3269, 3335, 3055, 3500, 3475, 3285, 3391, 3093, 3440, 3411, 3155)
z_dir: 
[[ 0.02003338]
 [ 0.01019155]
 [ 0.99974737]]
[rosout][INFO] 2019-10-16 18:25:54,959: 
pdc: 
2437
electrode: 
(3029, 3483, 3456, 3271, 3391, 3125, 3175, 3267, 3269, 3335, 3055, 3501, 3476, 3285, 3391, 3093, 3440, 3411, 3155)
z_dir: 
[[ 0.02033064]
 [ 0.01014895]
 [ 0.9997418 ]]
[rosout][INFO] 2019-10-16 18:25:54,969: 
pdc: 
2437
electrode: 
(3029, 3482, 3455, 3271, 3392, 3125, 3175, 3267, 3269, 3334, 3056, 3501, 3476, 3285, 3391, 3094, 3440, 3411, 3155)
z_dir: 
[[ 0.02015357]
 [ 0.01017634]
 [ 0.99974511]]
[rosout][INFO] 2019-10-16 18:25:54,989: 
pdc: 
2437
electrode: 
(3029, 3482, 3456, 3271, 3391, 3125, 3175, 3267, 3269, 3335, 3056, 3501, 3475, 3285, 3392, 3094, 3441, 3411, 3156)
z_dir: 
[[ 0.02036371]
 [ 0.01021744]
 [ 0.99974043]]
[rosout][INFO] 2019-10-16 18:25:55,009: 
pdc: 
2438
electrode: 
(3029, 3482, 3456, 3270, 3392, 3127, 3175, 3266, 3269, 3335, 3055, 3500, 3476, 3285, 3391, 3093, 3441, 3411, 3156)
z_dir: 
[[ 0.02021343]
 [ 0.01027258]
 [ 0.99974291]]
[rosout][INFO] 2019-10-16 18:25:55,019: 
pdc: 
2437
electrode: 
(3030, 3483, 3455, 3271, 3391, 3125, 3175, 3266, 3269, 3335, 3055, 3500, 3475, 3285, 3391, 3093, 3440, 3410, 3155)
z_dir: 
[[ 0.02045961]
 [ 0.01030535]
 [ 0.99973757]]
[rosout][INFO] 2019-10-16 18:25:55,031: 
pdc: 
2437
electrode: 
(3030, 3483, 3455, 3271, 3391, 3126, 3175, 3267, 3269, 3335, 3056, 3500, 3476, 3285, 3391, 3094, 3440, 3411, 3156)
z_dir: 
[[ 0.0202161 ]
 [ 0.01016429]
 [ 0.99974397]]
[rosout][INFO] 2019-10-16 18:25:55,050: 
pdc: 
2438
electrode: 
(3029, 3482, 3455, 3270, 3391, 3125, 3175, 3267, 3269, 3335, 3056, 3500, 3476, 3285, 3391, 3094, 3440, 3411, 3156)
z_dir: 
[[ 0.01943645]
 [ 0.01114975]
 [ 0.99974892]]
[rosout][INFO] 2019-10-16 18:25:55,070: 
pdc: 
2437
electrode: 
(3029, 3482, 3455, 3271, 3391, 3126, 3175, 3266, 3269, 3335, 3054, 3500, 3476, 3285, 3391, 3094, 3440, 3411, 3155)
z_dir: 
[[ 0.02013057]
 [ 0.01017478]
 [ 0.99974558]]
[rosout][INFO] 2019-10-16 18:25:55,089: 
pdc: 
2437
electrode: 
(3029, 3482, 3455, 3271, 3392, 3126, 3175, 3267, 3269, 3336, 3055, 3501, 3475, 3285, 3391, 3094, 3440, 3411, 3156)
z_dir: 
[[ 0.02010954]
 [ 0.01028352]
 [ 0.9997449 ]]
[rosout][INFO] 2019-10-16 18:25:55,100: 
pdc: 
2438
electrode: 
(3029, 3483, 3455, 3271, 3391, 3125, 3175, 3266, 3269, 3334, 3055, 3500, 3476, 3286, 3391, 3094, 3440, 3411, 3156)
z_dir: 
[[ 0.0202713 ]
 [ 0.01029668]
 [ 0.99974149]]
[rosout][INFO] 2019-10-16 18:25:55,119: 
pdc: 
2437
electrode: 
(3029, 3482, 3455, 3270, 3392, 3126, 3175, 3267, 3269, 3335, 3056, 3501, 3476, 3285, 3391, 3094, 3440, 3411, 3156)
z_dir: 
[[ 0.02009035]
 [ 0.01020231]
 [ 0.99974611]]
[rosout][INFO] 2019-10-16 18:25:55,129: 
pdc: 
2437
electrode: 
(3029, 3482, 3455, 3271, 3391, 3125, 3174, 3267, 3269, 3335, 3056, 3501, 3476, 3285, 3390, 3094, 3440, 3412, 3156)
z_dir: 
[[ 0.01951641]
 [ 0.01122701]
 [ 0.9997465 ]]
[rosout][INFO] 2019-10-16 18:25:55,149: 
pdc: 
2438
electrode: 
(3029, 3482, 3455, 3270, 3391, 3126, 3174, 3266, 3269, 3335, 3055, 3500, 3475, 3285, 3391, 3093, 3440, 3411, 3156)
z_dir: 
[[ 0.01947848]
 [ 0.01117015]
 [ 0.99974788]]
[rosout][INFO] 2019-10-16 18:25:55,160: 
pdc: 
2438
electrode: 
(3030, 3482, 3455, 3271, 3391, 3125, 3175, 3267, 3268, 3335, 3055, 3501, 3476, 3286, 3391, 3094, 3440, 3411, 3156)
z_dir: 
[[ 0.02028907]
 [ 0.01021166]
 [ 0.999742  ]]
[rosout][INFO] 2019-10-16 18:25:55,179: 
pdc: 
2437
electrode: 
(3029, 3482, 3455, 3271, 3392, 3125, 3175, 3267, 3269, 3335, 3055, 3501, 3475, 3285, 3391, 3094, 3440, 3411, 3155)
z_dir: 
[[ 0.01941103]
 [ 0.01123191]
 [ 0.9997485 ]]
[rosout][INFO] 2019-10-16 18:25:55,190: 
pdc: 
2437
electrode: 
(3030, 3482, 3455, 3270, 3391, 3126, 3175, 3267, 3268, 3334, 3055, 3501, 3475, 3285, 3390, 3094, 3440, 3411, 3156)
z_dir: 
[[ 0.02004581]
 [ 0.01022091]
 [ 0.99974682]]
[rosout][INFO] 2019-10-16 18:25:55,210: 
pdc: 
2437
electrode: 
(3029, 3482, 3456, 3270, 3391, 3125, 3174, 3267, 3269, 3335, 3056, 3500, 3475, 3285, 3390, 3093, 3440, 3411, 3156)
z_dir: 
[[ 0.01937869]
 [ 0.01121078]
 [ 0.99974936]]
[rosout][INFO] 2019-10-16 18:25:55,230: 
pdc: 
2438
electrode: 
(3029, 3482, 3455, 3270, 3392, 3126, 3175, 3266, 3269, 3335, 3056, 3501, 3475, 3285, 3391, 3094, 3440, 3411, 3155)
z_dir: 
[[ 0.01940037]
 [ 0.01125197]
 [ 0.99974848]]
[rosout][INFO] 2019-10-16 18:25:55,260: 
pdc: 
2437
electrode: 
(3030, 3482, 3455, 3270, 3391, 3126, 3175, 3267, 3269, 3335, 3055, 3501, 3476, 3285, 3391, 3094, 3440, 3411, 3156)
z_dir: 
[[ 0.02016074]
 [ 0.01021762]
 [ 0.99974454]]
[rosout][INFO] 2019-10-16 18:25:55,281: 
pdc: 
2437
electrode: 
(3029, 3482, 3455, 3271, 3391, 3125, 3175, 3266, 3269, 3335, 3055, 3501, 3475, 3285, 3391, 3094, 3440, 3412, 3156)
z_dir: 
[[ 0.01937943]
 [ 0.01113562]
 [ 0.99975019]]
[rosout][INFO] 2019-10-16 18:25:55,290: 
pdc: 
2437
electrode: 
(3029, 3482, 3455, 3270, 3391, 3125, 3175, 3267, 3269, 3335, 3055, 3502, 3475, 3285, 3391, 3094, 3440, 3411, 3156)
z_dir: 
[[ 0.02012972]
 [ 0.01021618]
 [ 0.99974518]]
[rosout][INFO] 2019-10-16 18:25:55,311: 
pdc: 
2437
electrode: 
(3029, 3483, 3456, 3271, 3392, 3126, 3175, 3267, 3269, 3335, 3055, 3500, 3475, 3285, 3391, 3094, 3440, 3411, 3156)
z_dir: 
[[ 0.01938998]
 [ 0.01118251]
 [ 0.99974946]]
[rosout][INFO] 2019-10-16 18:25:55,340: 
pdc: 
2437
electrode: 
(3029, 3482, 3455, 3270, 3391, 3126, 3175, 3266, 3269, 3335, 3056, 3501, 3475, 3285, 3391, 3094, 3440, 3411, 3155)
z_dir: 
[[ 0.02007905]
 [ 0.01026055]
 [ 0.99974574]]
[rosout][INFO] 2019-10-16 18:25:55,360: 
pdc: 
2437
electrode: 
(3029, 3483, 3455, 3270, 3391, 3125, 3175, 3267, 3269, 3335, 3055, 3501, 3475, 3285, 3390, 3093, 3440, 3412, 3156)
z_dir: 
[[ 0.02015104]
 [ 0.01022415]
 [ 0.99974467]]
[rosout][INFO] 2019-10-16 18:25:55,370: 
pdc: 
2438
electrode: 
(3029, 3483, 3455, 3270, 3391, 3125, 3175, 3267, 3269, 3335, 3055, 3501, 3475, 3285, 3390, 3094, 3440, 3411, 3156)
z_dir: 
[[ 0.02040181]
 [ 0.01022413]
 [ 0.99973958]]
[rosout][INFO] 2019-10-16 18:25:55,390: 
pdc: 
2437
electrode: 
(3029, 3483, 3456, 3271, 3391, 3126, 3175, 3267, 3269, 3336, 3056, 3501, 3475, 3285, 3391, 3093, 3440, 3411, 3155)
z_dir: 
[[ 0.01939171]
 [ 0.0112487 ]
 [ 0.99974868]]
[rosout][INFO] 2019-10-16 18:25:55,400: 
pdc: 
2438
electrode: 
(3029, 3483, 3455, 3270, 3392, 3125, 3175, 3266, 3269, 3334, 3056, 3500, 3476, 3285, 3391, 3094, 3440, 3411, 3156)
z_dir: 
[[ 0.02009306]
 [ 0.01019549]
 [ 0.99974613]]
[rosout][INFO] 2019-10-16 18:25:55,420: 
pdc: 
2437
electrode: 
(3029, 3483, 3456, 3270, 3391, 3126, 3175, 3266, 3269, 3336, 3055, 3500, 3476, 3285, 3391, 3094, 3440, 3411, 3156)
z_dir: 
[[ 0.02008588]
 [ 0.01029958]
 [ 0.99974521]]
[rosout][INFO] 2019-10-16 18:25:55,430: 
pdc: 
2438
electrode: 
(3029, 3483, 3455, 3270, 3391, 3125, 3175, 3266, 3269, 3335, 3056, 3500, 3475, 3285, 3391, 3094, 3440, 3411, 3156)
z_dir: 
[[ 0.01940801]
 [ 0.01126411]
 [ 0.99974819]]
[rosout][INFO] 2019-10-16 18:25:55,450: 
pdc: 
2437
electrode: 
(3029, 3483, 3456, 3271, 3391, 3125, 3175, 3267, 3269, 3335, 3056, 3501, 3475, 3286, 3391, 3094, 3440, 3411, 3156)
z_dir: 
[[ 0.01945273]
 [ 0.01118223]
 [ 0.99974824]]
[rosout][INFO] 2019-10-16 18:25:55,480: 
pdc: 
2437
electrode: 
(3029, 3482, 3455, 3271, 3392, 3125, 3174, 3267, 3269, 3334, 3055, 3501, 3476, 3286, 3391, 3094, 3440, 3411, 3156)
z_dir: 
[[ 0.02023542]
 [ 0.01018757]
 [ 0.99974334]]
[rosout][INFO] 2019-10-16 18:25:55,501: 
pdc: 
2438
electrode: 
(3030, 3483, 3455, 3270, 3391, 3126, 3175, 3267, 3269, 3335, 3056, 3501, 3476, 3285, 3391, 3094, 3441, 3412, 3156)
z_dir: 
[[ 0.01788031]
 [ 0.01192395]
 [ 0.99976903]]
[rosout][INFO] 2019-10-16 18:25:55,520: 
pdc: 
2438
electrode: 
(3029, 3483, 3456, 3271, 3391, 3125, 3175, 3267, 3268, 3335, 3055, 3500, 3475, 3285, 3391, 3094, 3440, 3411, 3155)
z_dir: 
[[ 0.01821371]
 [ 0.01218559]
 [ 0.99975986]]
[rosout][INFO] 2019-10-16 18:25:55,530: 
pdc: 
2437
electrode: 
(3029, 3483, 3455, 3271, 3391, 3126, 3175, 3266, 3269, 3336, 3056, 3501, 3476, 3286, 3390, 3093, 3440, 3412, 3156)
z_dir: 
[[ 0.01907899]
 [ 0.01129378]
 [ 0.99975419]]
[rosout][INFO] 2019-10-16 18:25:55,550: 
pdc: 
2437
electrode: 
(3029, 3482, 3455, 3271, 3391, 3126, 3175, 3267, 3269, 3335, 3055, 3501, 3476, 3285, 3391, 3093, 3440, 3411, 3156)
z_dir: 
[[ 0.01617953]
 [ 0.01376699]
 [ 0.99977432]]
[rosout][INFO] 2019-10-16 18:25:55,561: 
pdc: 
2437
electrode: 
(3029, 3482, 3455, 3271, 3392, 3125, 3175, 3267, 3269, 3335, 3055, 3501, 3475, 3285, 3390, 3093, 3440, 3411, 3155)
z_dir: 
[[ 0.01723571]
 [ 0.01322032]
 [ 0.99976405]]
[rosout][INFO] 2019-10-16 18:25:55,570: 
pdc: 
2437
electrode: 
(3029, 3483, 3455, 3271, 3391, 3125, 3175, 3267, 3268, 3335, 3055, 3500, 3475, 3285, 3391, 3094, 3441, 3411, 3156)
z_dir: 
[[ 0.01559872]
 [ 0.01459748]
 [ 0.99977177]]
[rosout][INFO] 2019-10-16 18:25:55,580: 
pdc: 
2437
electrode: 
(3029, 3483, 3455, 3271, 3391, 3126, 3175, 3267, 3269, 3336, 3056, 3501, 3475, 3285, 3391, 3094, 3440, 3411, 3156)
z_dir: 
[[ 0.02015571]
 [ 0.0103034 ]
 [ 0.99974376]]
[rosout][INFO] 2019-10-16 18:25:55,600: 
pdc: 
2437
electrode: 
(3030, 3483, 3456, 3270, 3391, 3125, 3175, 3267, 3269, 3335, 3055, 3500, 3476, 3285, 3391, 3094, 3440, 3411, 3156)
z_dir: 
[[ 0.02019748]
 [ 0.01026641]
 [ 0.9997433 ]]
[rosout][INFO] 2019-10-16 18:25:55,611: 
pdc: 
2437
electrode: 
(3029, 3482, 3455, 3271, 3392, 3126, 3175, 3266, 3269, 3335, 3055, 3501, 3476, 3285, 3390, 3094, 3440, 3411, 3156)
z_dir: 
[[ 0.0201656 ]
 [ 0.0102491 ]
 [ 0.99974412]]
[rosout][INFO] 2019-10-16 18:25:55,630: 
pdc: 
2437
electrode: 
(3029, 3483, 3455, 3270, 3392, 3125, 3175, 3267, 3269, 3336, 3055, 3501, 3475, 3285, 3391, 3094, 3441, 3411, 3155)
z_dir: 
[[ 0.02031146]
 [ 0.01032381]
 [ 0.9997404 ]]
[rosout][INFO] 2019-10-16 18:25:55,661: 
pdc: 
2437
electrode: 
(3029, 3482, 3455, 3270, 3391, 3125, 3175, 3267, 3268, 3336, 3056, 3501, 3475, 3285, 3391, 3094, 3440, 3411, 3155)
z_dir: 
[[ 0.02001918]
 [ 0.01026178]
 [ 0.99974693]]
[rosout][INFO] 2019-10-16 18:25:55,690: 
pdc: 
2437
electrode: 
(3029, 3482, 3455, 3270, 3391, 3125, 3175, 3266, 3269, 3335, 3055, 3501, 3476, 3285, 3392, 3094, 3440, 3411, 3156)
z_dir: 
[[ 0.02020618]
 [ 0.01024058]
 [ 0.99974339]]
[rosout][INFO] 2019-10-16 18:25:55,700: 
pdc: 
2437
electrode: 
(3029, 3483, 3456, 3270, 3392, 3126, 3175, 3267, 3268, 3335, 3055, 3501, 3475, 3286, 3390, 3094, 3440, 3411, 3156)
z_dir: 
[[ 0.02039931]
 [ 0.01025653]
 [ 0.9997393 ]]
[rosout][INFO] 2019-10-16 18:25:55,721: 
pdc: 
2438
electrode: 
(3029, 3483, 3455, 3270, 3391, 3126, 3175, 3267, 3269, 3335, 3056, 3500, 3476, 3285, 3390, 3095, 3440, 3411, 3155)
z_dir: 
[[ 0.02015286]
 [ 0.01025824]
 [ 0.99974428]]
[rosout][INFO] 2019-10-16 18:25:55,730: 
pdc: 
2437
electrode: 
(3029, 3482, 3456, 3270, 3392, 3125, 3174, 3267, 3269, 3335, 3055, 3500, 3475, 3285, 3390, 3094, 3440, 3412, 3156)
z_dir: 
[[ 0.02008694]
 [ 0.0103314 ]
 [ 0.99974486]]
[rosout][INFO] 2019-10-16 18:25:55,741: 
pdc: 
2437
electrode: 
(3030, 3482, 3455, 3271, 3391, 3125, 3175, 3267, 3269, 3335, 3055, 3500, 3476, 3285, 3391, 3093, 3440, 3411, 3155)
z_dir: 
[[ 0.02011907]
 [ 0.01022816]
 [ 0.99974527]]
[rosout][INFO] 2019-10-16 18:25:55,760: 
pdc: 
2437
electrode: 
(3029, 3482, 3455, 3270, 3392, 3126, 3175, 3266, 3269, 3335, 3056, 3500, 3476, 3285, 3390, 3093, 3440, 3411, 3155)
z_dir: 
[[ 0.02011368]
 [ 0.01031582]
 [ 0.99974448]]
[rosout][INFO] 2019-10-16 18:25:55,771: 
pdc: 
2437
electrode: 
(3030, 3482, 3455, 3271, 3391, 3125, 3174, 3266, 3269, 3336, 3055, 3501, 3476, 3285, 3390, 3093, 3440, 3411, 3155)
z_dir: 
[[ 0.02014759]
 [ 0.01028949]
 [ 0.99974407]]
[rosout][INFO] 2019-10-16 18:25:55,801: 
pdc: 
2438
electrode: 
(3029, 3482, 3455, 3271, 3392, 3126, 3175, 3267, 3269, 3335, 3055, 3501, 3475, 3286, 3391, 3094, 3440, 3411, 3156)
z_dir: 
[[ 0.01940278]
 [ 0.01127785]
 [ 0.99974814]]
[rosout][INFO] 2019-10-16 18:25:55,811: 
pdc: 
2437
electrode: 
(3029, 3482, 3456, 3270, 3391, 3126, 3175, 3266, 3269, 3336, 3055, 3500, 3475, 3285, 3391, 3094, 3440, 3411, 3155)
z_dir: 
[[ 0.02014004]
 [ 0.01016815]
 [ 0.99974546]]
[rosout][INFO] 2019-10-16 18:25:55,830: 
pdc: 
2438
electrode: 
(3029, 3482, 3455, 3270, 3391, 3125, 3175, 3266, 3269, 3335, 3055, 3501, 3476, 3285, 3391, 3094, 3440, 3411, 3155)
z_dir: 
[[ 0.0201201 ]
 [ 0.01035623]
 [ 0.99974393]]
[rosout][INFO] 2019-10-16 18:25:55,851: 
pdc: 
2437
electrode: 
(3029, 3482, 3455, 3270, 3392, 3125, 3175, 3267, 3269, 3335, 3055, 3501, 3476, 3285, 3390, 3093, 3440, 3411, 3156)
z_dir: 
[[ 0.02013314]
 [ 0.01027863]
 [ 0.99974447]]
[rosout][INFO] 2019-10-16 18:25:55,862: 
pdc: 
2437
electrode: 
(3029, 3482, 3456, 3271, 3392, 3126, 3175, 3267, 3268, 3335, 3056, 3501, 3475, 3285, 3390, 3094, 3440, 3411, 3156)
z_dir: 
[[ 0.02010748]
 [ 0.01031251]
 [ 0.99974464]]
[rosout][INFO] 2019-10-16 18:25:55,871: 
pdc: 
2437
electrode: 
(3030, 3482, 3456, 3271, 3392, 3126, 3175, 3266, 3269, 3335, 3055, 3501, 3476, 3285, 3391, 3094, 3440, 3411, 3155)
z_dir: 
[[ 0.01940573]
 [ 0.01124593]
 [ 0.99974844]]
[rosout][INFO] 2019-10-16 18:25:55,891: 
pdc: 
2438
electrode: 
(3029, 3482, 3455, 3270, 3392, 3126, 3175, 3266, 3269, 3335, 3054, 3500, 3475, 3285, 3391, 3094, 3440, 3411, 3156)
z_dir: 
[[ 0.02006537]
 [ 0.01021731]
 [ 0.99974646]]
[rosout][INFO] 2019-10-16 18:25:55,901: 
pdc: 
2438
electrode: 
(3030, 3483, 3455, 3270, 3391, 3126, 3176, 3266, 3269, 3335, 3056, 3501, 3476, 3285, 3391, 3094, 3440, 3411, 3156)
z_dir: 
[[ 0.02009739]
 [ 0.01024707]
 [ 0.99974551]]
[rosout][INFO] 2019-10-16 18:25:55,921: 
pdc: 
2437
electrode: 
(3029, 3482, 3455, 3270, 3391, 3126, 3176, 3267, 3269, 3335, 3055, 3501, 3475, 3285, 3391, 3093, 3440, 3412, 3156)
z_dir: 
[[ 0.02013104]
 [ 0.01028684]
 [ 0.99974443]]
[rosout][INFO] 2019-10-16 18:25:55,941: 
pdc: 
2437
electrode: 
(3029, 3482, 3455, 3271, 3392, 3125, 3175, 3267, 3269, 3335, 3056, 3501, 3476, 3285, 3390, 3094, 3441, 3411, 3156)
z_dir: 
[[ 0.01999135]
 [ 0.01036553]
 [ 0.99974642]]
[rosout][INFO] 2019-10-16 18:25:55,951: 
pdc: 
2437
electrode: 
(3029, 3482, 3455, 3271, 3391, 3125, 3175, 3266, 3268, 3335, 3055, 3501, 3475, 3285, 3391, 3094, 3440, 3412, 3155)
z_dir: 
[[ 0.01935619]
 [ 0.01124437]
 [ 0.99974942]]
[rosout][INFO] 2019-10-16 18:25:55,981: 
pdc: 
2437
electrode: 
(3029, 3482, 3456, 3271, 3391, 3125, 3175, 3266, 3269, 3335, 3056, 3500, 3476, 3285, 3391, 3093, 3441, 3411, 3156)
z_dir: 
[[ 0.02011432]
 [ 0.01023931]
 [ 0.99974525]]
[rosout][INFO] 2019-10-16 18:25:56,012: 
pdc: 
2437
electrode: 
(3029, 3483, 3456, 3271, 3392, 3126, 3175, 3267, 3269, 3336, 3055, 3501, 3476, 3285, 3390, 3094, 3440, 3411, 3155)
z_dir: 
[[ 0.01927249]
 [ 0.01132185]
 [ 0.99975016]]
[rosout][INFO] 2019-10-16 18:25:56,021: 
pdc: 
2438
electrode: 
(3030, 3482, 3455, 3270, 3391, 3126, 3175, 3267, 3269, 3336, 3055, 3501, 3475, 3285, 3391, 3093, 3440, 3411, 3155)
z_dir: 
[[ 0.02027959]
 [ 0.01030724]
 [ 0.99974122]]
[rosout][INFO] 2019-10-16 18:25:56,041: 
pdc: 
2437
electrode: 
(3029, 3482, 3455, 3271, 3392, 3126, 3175, 3267, 3269, 3335, 3055, 3500, 3475, 3286, 3390, 3094, 3441, 3411, 3156)
z_dir: 
[[ 0.02031949]
 [ 0.01029888]
 [ 0.99974049]]
[rosout][INFO] 2019-10-16 18:25:56,062: 
pdc: 
2438
electrode: 
(3030, 3482, 3455, 3270, 3392, 3126, 3175, 3267, 3269, 3336, 3055, 3501, 3476, 3285, 3390, 3094, 3440, 3412, 3156)
z_dir: 
[[ 0.02023835]
 [ 0.01034576]
 [ 0.99974165]]
[rosout][INFO] 2019-10-16 18:25:56,071: 
pdc: 
2437
electrode: 
(3030, 3483, 3456, 3270, 3392, 3125, 3175, 3267, 3269, 3335, 3055, 3501, 3476, 3285, 3390, 3094, 3441, 3412, 3155)
z_dir: 
[[ 0.0200163 ]
 [ 0.01024242]
 [ 0.99974719]]
[rosout][INFO] 2019-10-16 18:25:56,082: 
pdc: 
2437
electrode: 
(3029, 3483, 3455, 3271, 3392, 3125, 3175, 3266, 3269, 3335, 3056, 3500, 3476, 3285, 3391, 3094, 3441, 3412, 3156)
z_dir: 
[[ 0.02044079]
 [ 0.01025265]
 [ 0.99973849]]
[rosout][INFO] 2019-10-16 18:25:56,101: 
pdc: 
2438
electrode: 
(3029, 3482, 3455, 3270, 3392, 3126, 3175, 3267, 3269, 3335, 3055, 3500, 3475, 3285, 3391, 3094, 3440, 3411, 3156)
z_dir: 
[[ 0.02009341]
 [ 0.01020531]
 [ 0.99974602]]
[rosout][INFO] 2019-10-16 18:25:56,121: 
pdc: 
2437
electrode: 
(3030, 3483, 3456, 3271, 3391, 3125, 3175, 3266, 3268, 3335, 3055, 3501, 3476, 3285, 3391, 3094, 3441, 3411, 3155)
z_dir: 
[[ 0.01997759]
 [ 0.01016715]
 [ 0.99974873]]
[rosout][INFO] 2019-10-16 18:25:56,131: 
pdc: 
2437
electrode: 
(3029, 3483, 3455, 3270, 3391, 3125, 3176, 3266, 3268, 3336, 3055, 3501, 3476, 3285, 3391, 3093, 3440, 3411, 3157)
z_dir: 
[[ 0.01935158]
 [ 0.01127144]
 [ 0.9997492 ]]
[rosout][INFO] 2019-10-16 18:25:56,162: 
pdc: 
2437
electrode: 
(3029, 3482, 3455, 3271, 3391, 3125, 3175, 3267, 3269, 3335, 3055, 3500, 3476, 3285, 3391, 3094, 3440, 3412, 3156)
z_dir: 
[[ 0.02010274]
 [ 0.01020324]
 [ 0.99974585]]
[rosout][INFO] 2019-10-16 18:25:56,193: 
pdc: 
2438
electrode: 
(3029, 3483, 3456, 3270, 3391, 3126, 3175, 3267, 3269, 3335, 3055, 3501, 3476, 3285, 3391, 3094, 3440, 3412, 3156)
z_dir: 
[[ 0.02008811]
 [ 0.01019978]
 [ 0.99974618]]
[rosout][INFO] 2019-10-16 18:25:56,211: 
pdc: 
2437
electrode: 
(3029, 3483, 3455, 3270, 3391, 3125, 3174, 3266, 3269, 3335, 3055, 3501, 3474, 3285, 3391, 3094, 3440, 3411, 3156)
z_dir: 
[[ 0.02001302]
 [ 0.01013402]
 [ 0.99974836]]
[rosout][INFO] 2019-10-16 18:25:56,222: 
pdc: 
2437
electrode: 
(3029, 3482, 3455, 3270, 3391, 3126, 3175, 3267, 3269, 3335, 3055, 3500, 3475, 3285, 3390, 3094, 3441, 3412, 3156)
z_dir: 
[[ 0.02014707]
 [ 0.01022253]
 [ 0.99974477]]
[rosout][INFO] 2019-10-16 18:25:56,232: 
pdc: 
2437
electrode: 
(3030, 3483, 3455, 3271, 3392, 3125, 3175, 3267, 3268, 3335, 3055, 3501, 3475, 3285, 3391, 3093, 3440, 3411, 3155)
z_dir: 
[[ 0.02013383]
 [ 0.01027866]
 [ 0.99974446]]
[rosout][INFO] 2019-10-16 18:25:56,252: 
pdc: 
2437
electrode: 
(3029, 3482, 3455, 3270, 3391, 3125, 3175, 3267, 3269, 3335, 3055, 3501, 3476, 3285, 3391, 3093, 3440, 3411, 3155)
z_dir: 
[[ 0.02009386]
 [ 0.0103067 ]
 [ 0.99974497]]
[rosout][INFO] 2019-10-16 18:25:56,272: 
pdc: 
2438
electrode: 
(3030, 3482, 3455, 3271, 3392, 3125, 3175, 3266, 3268, 3335, 3054, 3501, 3476, 3285, 3391, 3093, 3440, 3412, 3156)
z_dir: 
[[ 0.02030262]
 [ 0.01029905]
 [ 0.99974083]]
[rosout][INFO] 2019-10-16 18:25:56,281: 
pdc: 
2437
electrode: 
(3029, 3482, 3455, 3271, 3391, 3126, 3175, 3267, 3269, 3335, 3055, 3501, 3475, 3285, 3391, 3094, 3440, 3411, 3156)
z_dir: 
[[ 0.02009826]
 [ 0.01027101]
 [ 0.99974525]]
[rosout][INFO] 2019-10-16 18:25:56,292: 
pdc: 
2438
electrode: 
(3029, 3483, 3456, 3271, 3391, 3126, 3176, 3267, 3268, 3335, 3055, 3501, 3475, 3285, 3391, 3094, 3441, 3411, 3156)
z_dir: 
[[ 0.02010208]
 [ 0.01022337]
 [ 0.99974566]]
[rosout][INFO] 2019-10-16 18:25:56,313: 
pdc: 
2437
electrode: 
(3029, 3482, 3456, 3270, 3391, 3126, 3175, 3267, 3269, 3335, 3055, 3500, 3476, 3285, 3390, 3094, 3441, 3411, 3156)
z_dir: 
[[ 0.02007681]
 [ 0.01021778]
 [ 0.99974623]]
[rosout][INFO] 2019-10-16 18:25:56,342: 
pdc: 
2437
electrode: 
(3029, 3482, 3455, 3271, 3391, 3126, 3174, 3267, 3269, 3335, 3055, 3501, 3475, 3285, 3390, 3094, 3441, 3411, 3156)
z_dir: 
[[ 0.02032954]
 [ 0.01019113]
 [ 0.99974139]]
[rosout][INFO] 2019-10-16 18:25:56,362: 
pdc: 
2437
electrode: 
(3029, 3483, 3455, 3271, 3391, 3126, 3175, 3266, 3269, 3335, 3056, 3501, 3475, 3285, 3391, 3093, 3440, 3411, 3156)
z_dir: 
[[ 0.02006503]
 [ 0.01023369]
 [ 0.9997463 ]]
[rosout][INFO] 2019-10-16 18:25:56,372: 
pdc: 
2437
electrode: 
(3030, 3483, 3456, 3271, 3392, 3125, 3175, 3267, 3269, 3335, 3055, 3501, 3476, 3285, 3391, 3093, 3441, 3411, 3156)
z_dir: 
[[ 0.02015496]
 [ 0.0102299 ]
 [ 0.99974453]]
[rosout][INFO] 2019-10-16 18:25:56,392: 
pdc: 
2438
electrode: 
(3029, 3483, 3455, 3270, 3392, 3126, 3175, 3267, 3269, 3335, 3056, 3501, 3476, 3285, 3391, 3094, 3440, 3411, 3155)
z_dir: 
[[ 0.02017897]
 [ 0.0102504 ]
 [ 0.99974384]]
[rosout][INFO] 2019-10-16 18:25:56,412: 
pdc: 
2437
electrode: 
(3029, 3482, 3456, 3271, 3391, 3126, 3175, 3267, 3269, 3335, 3055, 3501, 3476, 3285, 3391, 3093, 3441, 3412, 3156)
z_dir: 
[[ 0.02012501]
 [ 0.01023617]
 [ 0.99974507]]
[rosout][INFO] 2019-10-16 18:25:56,421: 
pdc: 
2437
electrode: 
(3029, 3482, 3455, 3270, 3391, 3126, 3175, 3267, 3269, 3335, 3055, 3501, 3476, 3285, 3391, 3093, 3440, 3411, 3155)
z_dir: 
[[ 0.02008919]
 [ 0.01028377]
 [ 0.9997453 ]]
[rosout][INFO] 2019-10-16 18:25:56,443: 
pdc: 
2437
electrode: 
(3030, 3482, 3455, 3271, 3392, 3126, 3175, 3267, 3269, 3335, 3056, 3501, 3476, 3285, 3391, 3093, 3439, 3411, 3156)
z_dir: 
[[ 0.02019449]
 [ 0.01024508]
 [ 0.99974358]]
[rosout][INFO] 2019-10-16 18:25:56,452: 
pdc: 
2437
electrode: 
(3029, 3483, 3455, 3271, 3391, 3126, 3175, 3267, 3269, 3335, 3055, 3501, 3475, 3285, 3392, 3094, 3440, 3411, 3156)
z_dir: 
[[ 0.02010722]
 [ 0.01024364]
 [ 0.99974535]]
[rosout][INFO] 2019-10-16 18:25:56,473: 
pdc: 
2438
electrode: 
(3029, 3482, 3455, 3271, 3391, 3125, 3174, 3266, 3269, 3335, 3055, 3500, 3475, 3285, 3391, 3094, 3441, 3411, 3156)
z_dir: 
[[ 0.02008004]
 [ 0.01025181]
 [ 0.99974581]]
[rosout][INFO] 2019-10-16 18:25:56,492: 
pdc: 
2437
electrode: 
(3029, 3483, 3455, 3271, 3391, 3126, 3176, 3267, 3269, 3335, 3055, 3500, 3475, 3285, 3391, 3094, 3440, 3411, 3155)
z_dir: 
[[ 0.02008635]
 [ 0.01028667]
 [ 0.99974533]]
[rosout][INFO] 2019-10-16 18:25:56,502: 
pdc: 
2437
electrode: 
(3029, 3483, 3455, 3270, 3392, 3125, 3175, 3266, 3268, 3335, 3056, 3500, 3475, 3285, 3391, 3094, 3441, 3412, 3155)
z_dir: 
[[ 0.02027729]
 [ 0.01021661]
 [ 0.99974219]]
[rosout][INFO] 2019-10-16 18:25:56,513: 
pdc: 
2437
electrode: 
(3029, 3482, 3455, 3270, 3392, 3125, 3176, 3267, 3269, 3335, 3055, 3502, 3476, 3285, 3390, 3094, 3440, 3411, 3156)
z_dir: 
[[ 0.02008669]
 [ 0.01015456]
 [ 0.99974667]]
[rosout][INFO] 2019-10-16 18:25:56,532: 
pdc: 
2437
electrode: 
(3029, 3483, 3455, 3271, 3391, 3125, 3175, 3267, 3269, 3335, 3056, 3501, 3475, 3285, 3391, 3094, 3441, 3411, 3156)
z_dir: 
[[ 0.01998659]
 [ 0.0101617 ]
 [ 0.99974861]]
[rosout][INFO] 2019-10-16 18:25:56,542: 
pdc: 
2437
electrode: 
(3030, 3483, 3455, 3271, 3391, 3126, 3176, 3266, 3269, 3335, 3055, 3501, 3475, 3285, 3391, 3094, 3440, 3411, 3156)
z_dir: 
[[ 0.02006296]
 [ 0.0101518 ]
 [ 0.99974718]]
[rosout][INFO] 2019-10-16 18:25:56,563: 
pdc: 
2437
electrode: 
(3030, 3482, 3456, 3270, 3392, 3126, 3175, 3266, 3269, 3335, 3055, 3501, 3475, 3285, 3391, 3094, 3440, 3411, 3156)
z_dir: 
[[ 0.02002036]
 [ 0.01026498]
 [ 0.99974688]]
[rosout][INFO] 2019-10-16 18:25:56,574: 
pdc: 
2437
electrode: 
(3029, 3483, 3455, 3270, 3391, 3125, 3175, 3267, 3269, 3335, 3055, 3501, 3475, 3286, 3391, 3094, 3440, 3411, 3156)
z_dir: 
[[ 0.01999549]
 [ 0.0101567 ]
 [ 0.99974848]]
[rosout][INFO] 2019-10-16 18:25:56,583: 
pdc: 
2437
electrode: 
(3029, 3483, 3456, 3270, 3392, 3125, 3175, 3266, 3269, 3335, 3056, 3501, 3475, 3285, 3391, 3093, 3440, 3411, 3155)
z_dir: 
[[ 0.02009014]
 [ 0.01022427]
 [ 0.99974589]]
[rosout][INFO] 2019-10-16 18:25:56,595: 
pdc: 
2437
electrode: 
(3029, 3483, 3456, 3271, 3392, 3126, 3176, 3267, 3269, 3336, 3055, 3500, 3476, 3285, 3391, 3093, 3441, 3411, 3155)
z_dir: 
[[ 0.02016234]
 [ 0.01028842]
 [ 0.99974378]]
[rosout][INFO] 2019-10-16 18:25:56,602: 
pdc: 
2437
electrode: 
(3029, 3482, 3455, 3271, 3392, 3126, 3175, 3266, 3269, 3335, 3055, 3501, 3475, 3285, 3390, 3094, 3441, 3411, 3156)
z_dir: 
[[ 0.02000535]
 [ 0.01033225]
 [ 0.99974648]]
[rosout][INFO] 2019-10-16 18:25:56,612: 
pdc: 
2437
electrode: 
(3029, 3483, 3456, 3270, 3391, 3126, 3175, 3267, 3269, 3335, 3055, 3500, 3475, 3285, 3391, 3093, 3440, 3412, 3155)
z_dir: 
[[ 0.02012741]
 [ 0.01026855]
 [ 0.99974469]]
[rosout][INFO] 2019-10-16 18:25:56,632: 
pdc: 
2437
electrode: 
(3030, 3482, 3456, 3270, 3392, 3126, 3175, 3266, 3269, 3336, 3055, 3501, 3475, 3285, 3391, 3094, 3440, 3411, 3156)
z_dir: 
[[ 0.02003378]
 [ 0.01019949]
 [ 0.99974728]]
[rosout][INFO] 2019-10-16 18:25:56,642: 
pdc: 
2437
electrode: 
(3030, 3483, 3455, 3271, 3392, 3126, 3175, 3266, 3268, 3336, 3055, 3500, 3475, 3285, 3391, 3094, 3440, 3412, 3156)
z_dir: 
[[ 0.02006409]
 [ 0.01025867]
 [ 0.99974606]]
[rosout][INFO] 2019-10-16 18:25:56,662: 
pdc: 
2438
electrode: 
(3029, 3483, 3455, 3271, 3392, 3126, 3175, 3267, 3269, 3335, 3055, 3501, 3475, 3285, 3390, 3094, 3440, 3411, 3156)
z_dir: 
[[ 0.02017669]
 [ 0.01027924]
 [ 0.99974359]]
[rosout][INFO] 2019-10-16 18:25:56,672: 
pdc: 
2437
electrode: 
(3029, 3483, 3455, 3270, 3391, 3126, 3176, 3267, 3269, 3335, 3056, 3501, 3476, 3285, 3391, 3094, 3441, 3411, 3156)
z_dir: 
[[ 0.02001984]
 [ 0.0103372 ]
 [ 0.99974614]]
[rosout][INFO] 2019-10-16 18:25:56,692: 
pdc: 
2437
electrode: 
(3029, 3482, 3455, 3271, 3391, 3126, 3174, 3267, 3269, 3335, 3056, 3500, 3475, 3285, 3390, 3094, 3441, 3411, 3156)
z_dir: 
[[ 0.02009176]
 [ 0.010266  ]
 [ 0.99974543]]
[rosout][INFO] 2019-10-16 18:25:56,702: 
pdc: 
2437
electrode: 
(3029, 3483, 3455, 3270, 3391, 3126, 3175, 3266, 3269, 3335, 3055, 3501, 3475, 3285, 3391, 3094, 3440, 3412, 3156)
z_dir: 
[[ 0.02005227]
 [ 0.01035057]
 [ 0.99974535]]
[rosout][INFO] 2019-10-16 18:25:56,712: 
pdc: 
2437
electrode: 
(3029, 3483, 3455, 3270, 3391, 3125, 3176, 3267, 3269, 3335, 3056, 3501, 3476, 3285, 3390, 3094, 3440, 3411, 3156)
z_dir: 
[[ 0.0203352 ]
 [ 0.01024708]
 [ 0.9997407 ]]
[rosout][INFO] 2019-10-16 18:25:56,722: 
pdc: 
2437
electrode: 
(3029, 3482, 3456, 3270, 3392, 3126, 3176, 3267, 3268, 3335, 3056, 3501, 3475, 3286, 3390, 3094, 3440, 3411, 3156)
z_dir: 
[[ 0.02012159]
 [ 0.01041979]
 [ 0.99974324]]
[rosout][INFO] 2019-10-16 18:25:56,733: 
pdc: 
2437
electrode: 
(3029, 3482, 3455, 3270, 3392, 3125, 3176, 3267, 3269, 3335, 3056, 3501, 3476, 3285, 3391, 3094, 3440, 3411, 3156)
z_dir: 
[[ 0.02003559]
 [ 0.01022393]
 [ 0.99974699]]
[rosout][INFO] 2019-10-16 18:25:56,753: 
pdc: 
2437
electrode: 
(3029, 3482, 3455, 3270, 3392, 3125, 3175, 3266, 3269, 3335, 3055, 3501, 3476, 3285, 3391, 3094, 3440, 3411, 3156)
z_dir: 
[[ 0.02015523]
 [ 0.01031202]
 [ 0.99974368]]
[rosout][INFO] 2019-10-16 18:25:56,763: 
pdc: 
2437
electrode: 
(3029, 3482, 3456, 3270, 3391, 3126, 3175, 3266, 3269, 3335, 3055, 3500, 3475, 3285, 3390, 3094, 3440, 3411, 3156)
z_dir: 
[[ 0.02006931]
 [ 0.01022463]
 [ 0.99974631]]
[rosout][INFO] 2019-10-16 18:25:56,782: 
pdc: 
2437
electrode: 
(3030, 3482, 3456, 3271, 3392, 3125, 3175, 3267, 3269, 3335, 3056, 3501, 3475, 3285, 3390, 3094, 3440, 3411, 3155)
z_dir: 
[[ 0.02016608]
 [ 0.01029657]
 [ 0.99974362]]
[rosout][INFO] 2019-10-16 18:25:56,792: 
pdc: 
2437
electrode: 
(3029, 3482, 3454, 3271, 3391, 3125, 3175, 3267, 3269, 3334, 3055, 3501, 3475, 3285, 3391, 3094, 3440, 3411, 3156)
z_dir: 
[[ 0.02012496]
 [ 0.0103867 ]
 [ 0.99974352]]
[rosout][INFO] 2019-10-16 18:25:56,813: 
pdc: 
2437
electrode: 
(3029, 3483, 3455, 3271, 3391, 3125, 3175, 3267, 3268, 3335, 3055, 3501, 3475, 3285, 3391, 3094, 3441, 3411, 3156)
z_dir: 
[[ 0.02009035]
 [ 0.01037215]
 [ 0.99974437]]
[rosout][INFO] 2019-10-16 18:25:56,824: 
pdc: 
2437
electrode: 
(3030, 3483, 3455, 3270, 3392, 3126, 3175, 3266, 3269, 3335, 3055, 3501, 3475, 3285, 3391, 3094, 3440, 3412, 3155)
z_dir: 
[[ 0.02008563]
 [ 0.01028724]
 [ 0.99974534]]
[rosout][INFO] 2019-10-16 18:25:56,833: 
pdc: 
2437
electrode: 
(3030, 3483, 3455, 3271, 3391, 3126, 3175, 3266, 3269, 3336, 3055, 3501, 3476, 3285, 3391, 3094, 3440, 3411, 3156)
z_dir: 
[[ 0.02003759]
 [ 0.01043709]
 [ 0.99974475]]
[rosout][INFO] 2019-10-16 18:25:56,853: 
pdc: 
2438
electrode: 
(3029, 3483, 3455, 3271, 3392, 3125, 3175, 3267, 3269, 3335, 3055, 3501, 3474, 3285, 3391, 3094, 3441, 3412, 3155)
z_dir: 
[[ 0.02019125]
 [ 0.01022224]
 [ 0.99974388]]
[rosout][INFO] 2019-10-16 18:25:56,864: 
pdc: 
2437
electrode: 
(3029, 3483, 3455, 3270, 3391, 3126, 3176, 3266, 3269, 3335, 3055, 3500, 3476, 3286, 3390, 3094, 3440, 3411, 3156)
z_dir: 
[[ 0.02001092]
 [ 0.0103777 ]
 [ 0.9997459 ]]
[rosout][INFO] 2019-10-16 18:25:56,882: 
pdc: 
2437
electrode: 
(3029, 3483, 3455, 3270, 3391, 3126, 3175, 3267, 3269, 3336, 3055, 3501, 3476, 3285, 3392, 3094, 3440, 3411, 3156)
z_dir: 
[[ 0.02010779]
 [ 0.01040767]
 [ 0.99974365]]
[rosout][INFO] 2019-10-16 18:25:56,895: 
pdc: 
2437
electrode: 
(3029, 3482, 3455, 3270, 3392, 3125, 3175, 3266, 3269, 3336, 3055, 3500, 3476, 3285, 3391, 3093, 3440, 3411, 3156)
z_dir: 
[[ 0.02009438]
 [ 0.01020426]
 [ 0.99974601]]
[rosout][INFO] 2019-10-16 18:25:56,904: 
pdc: 
2438
electrode: 
(3030, 3483, 3456, 3271, 3391, 3126, 3176, 3267, 3269, 3335, 3056, 3501, 3475, 3285, 3391, 3093, 3440, 3411, 3155)
z_dir: 
[[ 0.02013836]
 [ 0.01030194]
 [ 0.99974413]]
[rosout][INFO] 2019-10-16 18:25:56,923: 
pdc: 
2437
electrode: 
(3029, 3482, 3455, 3270, 3391, 3125, 3175, 3267, 3269, 3335, 3056, 3501, 3476, 3285, 3392, 3094, 3440, 3411, 3155)
z_dir: 
[[ 0.02012771]
 [ 0.0104238 ]
 [ 0.99974308]]
[rosout][INFO] 2019-10-16 18:25:56,933: 
pdc: 
2438
electrode: 
(3029, 3483, 3456, 3270, 3391, 3126, 3174, 3267, 3269, 3335, 3055, 3500, 3475, 3285, 3391, 3094, 3440, 3411, 3156)
z_dir: 
[[ 0.02028822]
 [ 0.01025319]
 [ 0.9997416 ]]
[rosout][INFO] 2019-10-16 18:25:56,943: 
pdc: 
2437
electrode: 
(3030, 3483, 3455, 3270, 3392, 3125, 3175, 3267, 3269, 3335, 3055, 3501, 3476, 3285, 3390, 3094, 3440, 3411, 3156)
z_dir: 
[[ 0.02000851]
 [ 0.01038306]
 [ 0.99974589]]
[rosout][INFO] 2019-10-16 18:25:56,964: 
pdc: 
2437
electrode: 
(3029, 3483, 3455, 3270, 3392, 3126, 3176, 3266, 3269, 3335, 3056, 3500, 3475, 3286, 3391, 3094, 3440, 3411, 3156)
z_dir: 
[[ 0.02008593]
 [ 0.01021033]
 [ 0.99974612]]
[rosout][INFO] 2019-10-16 18:25:56,978: 
pdc: 
2437
electrode: 
(3029, 3482, 3455, 3271, 3391, 3125, 3175, 3267, 3268, 3336, 3055, 3501, 3476, 3285, 3391, 3094, 3440, 3412, 3155)
z_dir: 
[[ 0.01942216]
 [ 0.01135092]
 [ 0.99974694]]
[rosout][INFO] 2019-10-16 18:25:56,992: 
pdc: 
2437
electrode: 
(3029, 3483, 3455, 3270, 3392, 3126, 3176, 3266, 3269, 3335, 3055, 3501, 3476, 3285, 3392, 3094, 3441, 3411, 3155)
z_dir: 
[[ 0.02007019]
 [ 0.0103066 ]
 [ 0.99974545]]
[rosout][INFO] 2019-10-16 18:25:57,003: 
pdc: 
2437
electrode: 
(3030, 3482, 3455, 3270, 3392, 3125, 3175, 3266, 3269, 3335, 3056, 3501, 3475, 3285, 3391, 3094, 3440, 3411, 3155)
z_dir: 
[[ 0.02004787]
 [ 0.01028092]
 [ 0.99974616]]
[rosout][INFO] 2019-10-16 18:25:57,023: 
pdc: 
2438
electrode: 
(3029, 3483, 3456, 3271, 3391, 3126, 3175, 3267, 3269, 3335, 3055, 3501, 3476, 3285, 3391, 3093, 3440, 3411, 3156)
z_dir: 
[[ 0.02006674]
 [ 0.0103707 ]
 [ 0.99974485]]
[rosout][INFO] 2019-10-16 18:25:57,036: 
pdc: 
2437
electrode: 
(3029, 3483, 3455, 3271, 3391, 3126, 3175, 3267, 3269, 3335, 3056, 3500, 3476, 3285, 3391, 3094, 3440, 3411, 3156)
z_dir: 
[[ 0.01945578]
 [ 0.01126932]
 [ 0.99974721]]
[rosout][INFO] 2019-10-16 18:25:57,047: 
pdc: 
2437
electrode: 
(3029, 3482, 3456, 3271, 3391, 3126, 3176, 3267, 3269, 3335, 3056, 3501, 3476, 3285, 3391, 3094, 3440, 3411, 3156)
z_dir: 
[[ 0.02013206]
 [ 0.01030864]
 [ 0.99974418]]
[rosout][INFO] 2019-10-16 18:25:57,054: 
pdc: 
2437
electrode: 
(3029, 3482, 3455, 3271, 3392, 3125, 3175, 3268, 3269, 3335, 3055, 3501, 3475, 3285, 3392, 3094, 3440, 3411, 3156)
z_dir: 
[[ 0.01936991]
 [ 0.01125231]
 [ 0.99974906]]
[rosout][INFO] 2019-10-16 18:25:57,064: 
pdc: 
2437
electrode: 
(3029, 3483, 3455, 3271, 3391, 3126, 3175, 3266, 3269, 3335, 3055, 3501, 3475, 3285, 3391, 3094, 3440, 3412, 3156)
z_dir: 
[[ 0.02007844]
 [ 0.01024246]
 [ 0.99974594]]
[rosout][INFO] 2019-10-16 18:25:57,084: 
pdc: 
2438
electrode: 
(3030, 3483, 3455, 3271, 3392, 3126, 3175, 3267, 3268, 3335, 3055, 3500, 3475, 3284, 3391, 3094, 3440, 3411, 3157)
z_dir: 
[[ 0.01935372]
 [ 0.01123379]
 [ 0.99974959]]
[rosout][INFO] 2019-10-16 18:25:57,093: 
pdc: 
2437
electrode: 
(3029, 3482, 3455, 3270, 3391, 3126, 3175, 3267, 3269, 3336, 3055, 3501, 3475, 3285, 3391, 3094, 3440, 3412, 3156)
z_dir: 
[[ 0.02009965]
 [ 0.01027493]
 [ 0.99974518]]
[rosout][INFO] 2019-10-16 18:25:57,103: 
pdc: 
2438
electrode: 
(3029, 3483, 3455, 3271, 3391, 3126, 3176, 3267, 3269, 3335, 3055, 3500, 3475, 3285, 3391, 3094, 3441, 3411, 3156)
z_dir: 
[[ 0.01947845]
 [ 0.01125374]
 [ 0.99974694]]
[rosout][INFO] 2019-10-16 18:25:57,115: 
pdc: 
2437
electrode: 
(3029, 3483, 3455, 3271, 3391, 3125, 3175, 3267, 3269, 3336, 3056, 3501, 3476, 3285, 3390, 3093, 3441, 3412, 3156)
z_dir: 
[[ 0.02010101]
 [ 0.01025959]
 [ 0.99974531]]
[rosout][INFO] 2019-10-16 18:25:57,127: 
pdc: 
2437
electrode: 
(3029, 3482, 3455, 3271, 3392, 3126, 3175, 3267, 3270, 3336, 3056, 3501, 3476, 3285, 3391, 3094, 3441, 3412, 3156)
z_dir: 
[[ 0.02002792]
 [ 0.01029819]
 [ 0.99974638]]
[rosout][INFO] 2019-10-16 18:25:57,136: 
pdc: 
2437
electrode: 
(3029, 3483, 3455, 3270, 3392, 3126, 3175, 3266, 3269, 3335, 3056, 3501, 3476, 3285, 3391, 3093, 3440, 3411, 3156)
z_dir: 
[[ 0.02009845]
 [ 0.01019765]
 [ 0.999746  ]]
[rosout][INFO] 2019-10-16 18:25:57,155: 
pdc: 
2437
electrode: 
(3029, 3482, 3456, 3271, 3391, 3126, 3175, 3266, 3269, 3336, 3055, 3500, 3475, 3286, 3391, 3094, 3440, 3412, 3155)
z_dir: 
[[ 0.0193946 ]
 [ 0.01131835]
 [ 0.99974784]]
[rosout][INFO] 2019-10-16 18:25:57,165: 
pdc: 
2437
electrode: 
(3029, 3483, 3455, 3270, 3391, 3125, 3175, 3267, 3269, 3336, 3056, 3501, 3476, 3285, 3391, 3094, 3440, 3411, 3155)
z_dir: 
[[ 0.02009428]
 [ 0.01040524]
 [ 0.99974394]]
[rosout][INFO] 2019-10-16 18:25:57,176: 
pdc: 
2437
electrode: 
(3030, 3483, 3455, 3271, 3392, 3126, 3176, 3267, 3269, 3336, 3055, 3501, 3475, 3284, 3390, 3094, 3440, 3412, 3156)
z_dir: 
[[ 0.02007641]
 [ 0.0103046 ]
 [ 0.99974534]]
[rosout][INFO] 2019-10-16 18:25:57,184: 
pdc: 
2437
electrode: 
(3029, 3482, 3456, 3270, 3392, 3125, 3175, 3267, 3269, 3335, 3056, 3501, 3475, 3285, 3391, 3093, 3441, 3412, 3156)
z_dir: 
[[ 0.02004006]
 [ 0.01046235]
 [ 0.99974443]]
[rosout][INFO] 2019-10-16 18:25:57,192: 
pdc: 
2437
electrode: 
(3029, 3482, 3455, 3270, 3391, 3126, 3176, 3266, 3268, 3335, 3056, 3501, 3476, 3285, 3391, 3094, 3440, 3412, 3155)
z_dir: 
[[ 0.01939758]
 [ 0.0113113 ]
 [ 0.99974786]]
[rosout][INFO] 2019-10-16 18:25:57,212: 
pdc: 
2437
electrode: 
(3029, 3482, 3455, 3271, 3392, 3126, 3175, 3267, 3269, 3335, 3056, 3501, 3476, 3285, 3390, 3094, 3440, 3411, 3156)
z_dir: 
[[ 0.02008939]
 [ 0.01034015]
 [ 0.99974472]]
[rosout][INFO] 2019-10-16 18:25:57,222: 
pdc: 
2437
electrode: 
(3029, 3483, 3455, 3271, 3392, 3126, 3175, 3267, 3269, 3335, 3055, 3500, 3476, 3285, 3391, 3094, 3441, 3411, 3156)
z_dir: 
[[ 0.02010472]
 [ 0.01024776]
 [ 0.99974536]]
[rosout][INFO] 2019-10-16 18:25:57,240: 
pdc: 
2437
electrode: 
(3029, 3482, 3455, 3270, 3392, 3126, 3175, 3267, 3269, 3336, 3055, 3500, 3476, 3285, 3391, 3094, 3440, 3411, 3156)
z_dir: 
[[ 0.02020309]
 [ 0.01019233]
 [ 0.99974394]]
[rosout][INFO] 2019-10-16 18:25:57,252: 
pdc: 
2437
electrode: 
(3030, 3483, 3456, 3271, 3391, 3125, 3175, 3267, 3269, 3335, 3055, 3501, 3475, 3286, 3391, 3094, 3440, 3412, 3156)
z_dir: 
[[ 0.01940556]
 [ 0.01123889]
 [ 0.99974852]]
[rosout][INFO] 2019-10-16 18:25:57,263: 
pdc: 
2437
electrode: 
(3029, 3483, 3456, 3270, 3392, 3126, 3175, 3267, 3269, 3335, 3056, 3501, 3475, 3286, 3391, 3094, 3440, 3411, 3156)
z_dir: 
[[ 0.01937094]
 [ 0.01130566]
 [ 0.99974844]]
[rosout][INFO] 2019-10-16 18:25:57,281: 
pdc: 
2437
electrode: 
(3029, 3483, 3455, 3270, 3391, 3126, 3175, 3267, 3269, 3336, 3056, 3501, 3476, 3285, 3391, 3094, 3440, 3411, 3156)
z_dir: 
[[ 0.02010635]
 [ 0.01032103]
 [ 0.99974457]]
[rosout][INFO] 2019-10-16 18:25:57,291: 
pdc: 
2437
electrode: 
(3029, 3482, 3455, 3271, 3391, 3126, 3175, 3267, 3269, 3335, 3055, 3501, 3476, 3285, 3391, 3094, 3440, 3411, 3156)
z_dir: 
[[ 0.02007452]
 [ 0.01026471]
 [ 0.99974579]]
[rosout][INFO] 2019-10-16 18:25:57,302: 
pdc: 
2438
electrode: 
(3030, 3482, 3455, 3271, 3392, 3126, 3175, 3267, 3269, 3336, 3056, 3501, 3476, 3285, 3391, 3093, 3440, 3412, 3156)
z_dir: 
[[ 0.02013552]
 [ 0.01027554]
 [ 0.99974445]]
[rosout][INFO] 2019-10-16 18:25:57,321: 
pdc: 
2437
electrode: 
(3029, 3482, 3455, 3270, 3392, 3125, 3175, 3267, 3269, 3335, 3055, 3501, 3475, 3285, 3391, 3094, 3440, 3412, 3156)
z_dir: 
[[ 0.01957068]
 [ 0.011199  ]
 [ 0.99974575]]
[rosout][INFO] 2019-10-16 18:25:57,330: 
pdc: 
2437
electrode: 
(3029, 3483, 3455, 3271, 3391, 3126, 3175, 3267, 3269, 3335, 3055, 3501, 3475, 3285, 3390, 3094, 3440, 3411, 3156)
z_dir: 
[[ 0.02013195]
 [ 0.0103688 ]
 [ 0.99974356]]
[rosout][INFO] 2019-10-16 18:25:57,351: 
pdc: 
2437
electrode: 
(3029, 3482, 3455, 3270, 3391, 3126, 3176, 3266, 3268, 3335, 3056, 3501, 3475, 3285, 3391, 3094, 3440, 3411, 3156)
z_dir: 
[[ 0.02010107]
 [ 0.01029341]
 [ 0.99974496]]
[rosout][INFO] 2019-10-16 18:25:57,364: 
pdc: 
2437
electrode: 
(3029, 3483, 3455, 3271, 3392, 3126, 3175, 3267, 3269, 3335, 3056, 3501, 3476, 3285, 3391, 3094, 3440, 3411, 3156)
z_dir: 
[[ 0.0201231 ]
 [ 0.01023402]
 [ 0.99974513]]
[rosout][INFO] 2019-10-16 18:25:57,384: 
pdc: 
2437
electrode: 
(3030, 3483, 3456, 3271, 3391, 3125, 3175, 3267, 3269, 3335, 3056, 3501, 3476, 3285, 3391, 3094, 3441, 3411, 3155)
z_dir: 
[[ 0.01947542]
 [ 0.01128504]
 [ 0.99974665]]
[rosout][INFO] 2019-10-16 18:25:57,395: 
pdc: 
2438
electrode: 
(3029, 3482, 3455, 3270, 3392, 3125, 3175, 3266, 3269, 3335, 3055, 3501, 3476, 3286, 3391, 3094, 3440, 3411, 3156)
z_dir: 
[[ 0.02031672]
 [ 0.01022539]
 [ 0.9997413 ]]
[rosout][INFO] 2019-10-16 18:25:57,405: 
pdc: 
2437
electrode: 
(3029, 3482, 3456, 3271, 3391, 3126, 3175, 3267, 3269, 3335, 3055, 3501, 3476, 3285, 3391, 3094, 3440, 3411, 3155)
z_dir: 
[[ 0.01939808]
 [ 0.0112815 ]
 [ 0.99974819]]
[rosout][INFO] 2019-10-16 18:25:57,424: 
pdc: 
2437
electrode: 
(3029, 3483, 3455, 3271, 3392, 3126, 3175, 3266, 3269, 3336, 3056, 3500, 3476, 3285, 3391, 3094, 3440, 3411, 3155)
z_dir: 
[[ 0.02014307]
 [ 0.01020479]
 [ 0.99974503]]
[rosout][INFO] 2019-10-16 18:25:57,433: 
pdc: 
2437
electrode: 
(3029, 3482, 3455, 3270, 3392, 3126, 3175, 3267, 3269, 3335, 3056, 3500, 3475, 3285, 3391, 3094, 3441, 3411, 3155)
z_dir: 
[[ 0.01947211]
 [ 0.01123353]
 [ 0.99974729]]
[rosout][INFO] 2019-10-16 18:25:57,454: 
pdc: 
2437
electrode: 
(3029, 3483, 3455, 3270, 3392, 3126, 3175, 3267, 3269, 3335, 3055, 3501, 3476, 3285, 3391, 3093, 3440, 3411, 3156)
z_dir: 
[[ 0.01942627]
 [ 0.01123552]
 [ 0.99974816]]
[rosout][INFO] 2019-10-16 18:25:57,464: 
pdc: 
2437
electrode: 
(3029, 3483, 3455, 3270, 3392, 3126, 3175, 3266, 3268, 3335, 3055, 3501, 3475, 3285, 3392, 3094, 3441, 3411, 3156)
z_dir: 
[[ 0.01941688]
 [ 0.01126862]
 [ 0.99974797]]
[rosout][INFO] 2019-10-16 18:25:57,484: 
pdc: 
2437
electrode: 
(3029, 3483, 3456, 3270, 3391, 3126, 3175, 3266, 3269, 3335, 3055, 3501, 3475, 3285, 3392, 3093, 3441, 3411, 3156)
z_dir: 
[[ 0.02006189]
 [ 0.01030682]
 [ 0.99974561]]
[rosout][INFO] 2019-10-16 18:25:57,494: 
pdc: 
2437
electrode: 
(3029, 3482, 3455, 3270, 3391, 3126, 3175, 3267, 3268, 3336, 3056, 3501, 3476, 3286, 3391, 3094, 3440, 3411, 3156)
z_dir: 
[[ 0.01965972]
 [ 0.01132502]
 [ 0.99974259]]
[rosout][INFO] 2019-10-16 18:25:57,559: 
pdc: 
2437
electrode: 
(3029, 3483, 3455, 3271, 3392, 3126, 3175, 3267, 3269, 3335, 3056, 3501, 3477, 3285, 3391, 3094, 3440, 3411, 3156)
z_dir: 
[[ 0.02015306]
 [ 0.01034059]
 [ 0.99974343]]
[rosout][INFO] 2019-10-16 18:25:57,576: 
pdc: 
2437
electrode: 
(3030, 3482, 3456, 3270, 3391, 3126, 3175, 3266, 3269, 3335, 3056, 3501, 3475, 3286, 3391, 3093, 3440, 3412, 3157)
z_dir: 
[[ 0.02016856]
 [ 0.01030835]
 [ 0.99974345]]
[rosout][INFO] 2019-10-16 18:25:57,595: 
pdc: 
2437
electrode: 
(3029, 3482, 3455, 3271, 3392, 3126, 3175, 3266, 3269, 3335, 3055, 3501, 3476, 3285, 3391, 3094, 3441, 3411, 3156)
z_dir: 
[[ 0.01948311]
 [ 0.01132575]
 [ 0.99974604]]
[rosout][INFO] 2019-10-16 18:25:57,616: 
pdc: 
2437
electrode: 
(3030, 3482, 3456, 3271, 3392, 3126, 3175, 3267, 3269, 3335, 3055, 3501, 3475, 3285, 3391, 3094, 3440, 3411, 3156)
z_dir: 
[[ 0.02024216]
 [ 0.01017921]
 [ 0.99974329]]
[rosout][INFO] 2019-10-16 18:25:57,623: 
pdc: 
2437
electrode: 
(3029, 3483, 3455, 3271, 3392, 3125, 3174, 3267, 3269, 3335, 3056, 3502, 3475, 3285, 3391, 3094, 3441, 3412, 3156)
z_dir: 
[[ 0.01942213]
 [ 0.01120289]
 [ 0.99974861]]
[rosout][INFO] 2019-10-16 18:25:57,640: 
pdc: 
2437
electrode: 
(3029, 3482, 3456, 3271, 3392, 3126, 3175, 3266, 3268, 3335, 3055, 3501, 3475, 3285, 3390, 3094, 3441, 3412, 3156)
z_dir: 
[[ 0.01943568]
 [ 0.01135393]
 [ 0.99974664]]
[rosout][INFO] 2019-10-16 18:25:57,650: 
pdc: 
2437
electrode: 
(3029, 3483, 3456, 3271, 3392, 3125, 3175, 3267, 3269, 3335, 3055, 3501, 3476, 3285, 3391, 3094, 3440, 3411, 3156)
z_dir: 
[[ 0.02012964]
 [ 0.01021829]
 [ 0.99974516]]
[rosout][INFO] 2019-10-16 18:25:57,662: 
pdc: 
2437
electrode: 
(3029, 3482, 3455, 3271, 3392, 3127, 3175, 3267, 3269, 3335, 3055, 3501, 3475, 3285, 3391, 3093, 3439, 3411, 3155)
z_dir: 
[[ 0.02011929]
 [ 0.01039421]
 [ 0.99974355]]
[rosout][INFO] 2019-10-16 18:25:57,670: 
pdc: 
2437
electrode: 
(3029, 3482, 3455, 3271, 3392, 3125, 3175, 3266, 3269, 3335, 3056, 3501, 3476, 3285, 3391, 3094, 3440, 3412, 3155)
z_dir: 
[[ 0.0201998 ]
 [ 0.01022188]
 [ 0.99974371]]
[rosout][INFO] 2019-10-16 18:25:57,675: 
pdc: 
2437
electrode: 
(3028, 3483, 3455, 3270, 3392, 3125, 3175, 3267, 3269, 3335, 3055, 3500, 3475, 3286, 3390, 3094, 3440, 3411, 3155)
z_dir: 
[[ 0.02014284]
 [ 0.01020228]
 [ 0.99974506]]
[rosout][INFO] 2019-10-16 18:25:57,683: 
pdc: 
2437
electrode: 
(3029, 3483, 3455, 3270, 3392, 3126, 3175, 3267, 3269, 3336, 3055, 3501, 3475, 3285, 3391, 3093, 3441, 3411, 3156)
z_dir: 
[[ 0.02010514]
 [ 0.0101748 ]
 [ 0.9997461 ]]
[rosout][INFO] 2019-10-16 18:25:57,691: 
pdc: 
2437
electrode: 
(3030, 3483, 3455, 3270, 3392, 3125, 3175, 3267, 3269, 3335, 3056, 3500, 3476, 3286, 3392, 3094, 3440, 3411, 3156)
z_dir: 
[[ 0.0194718 ]
 [ 0.01131727]
 [ 0.99974635]]
[rosout][INFO] 2019-10-16 18:25:57,701: 
pdc: 
2437
electrode: 
(3029, 3483, 3455, 3271, 3392, 3126, 3175, 3267, 3269, 3335, 3055, 3501, 3475, 3285, 3391, 3093, 3441, 3411, 3156)
z_dir: 
[[ 0.02005931]
 [ 0.01032092]
 [ 0.99974552]]
[rosout][INFO] 2019-10-16 18:25:57,706: 
pdc: 
2437
electrode: 
(3030, 3483, 3455, 3271, 3391, 3126, 3175, 3267, 3269, 3336, 3055, 3501, 3476, 3285, 3390, 3094, 3440, 3411, 3156)
z_dir: 
[[ 0.02021427]
 [ 0.0103412 ]
 [ 0.99974219]]
[rosout][INFO] 2019-10-16 18:25:57,715: 
pdc: 
2437
electrode: 
(3029, 3482, 3455, 3270, 3391, 3126, 3176, 3267, 3269, 3335, 3055, 3501, 3475, 3285, 3391, 3094, 3441, 3412, 3156)
z_dir: 
[[ 0.02007997]
 [ 0.01017007]
 [ 0.99974665]]
[rosout][INFO] 2019-10-16 18:25:57,723: 
pdc: 
2437
electrode: 
(3029, 3483, 3454, 3270, 3391, 3125, 3175, 3266, 3269, 3335, 3055, 3501, 3476, 3285, 3391, 3093, 3440, 3411, 3156)
z_dir: 
[[ 0.02008994]
 [ 0.01028836]
 [ 0.99974524]]
[rosout][INFO] 2019-10-16 18:25:57,731: 
pdc: 
2437
electrode: 
(3030, 3482, 3455, 3271, 3391, 3125, 3176, 3267, 3269, 3335, 3055, 3501, 3475, 3286, 3391, 3094, 3440, 3411, 3155)
z_dir: 
[[ 0.01933117]
 [ 0.01128004]
 [ 0.9997495 ]]
[rosout][INFO] 2019-10-16 18:25:57,740: 
pdc: 
2437
electrode: 
(3030, 3482, 3455, 3271, 3392, 3126, 3175, 3266, 3269, 3335, 3055, 3501, 3476, 3286, 3391, 3094, 3440, 3411, 3156)
z_dir: 
[[ 0.01936526]
 [ 0.01127196]
 [ 0.99974893]]
[rosout][INFO] 2019-10-16 18:25:57,761: 
pdc: 
2437
electrode: 
(3030, 3482, 3455, 3270, 3391, 3126, 3175, 3266, 3269, 3335, 3055, 3501, 3476, 3285, 3391, 3095, 3440, 3412, 3156)
z_dir: 
[[ 0.02029962]
 [ 0.01036087]
 [ 0.99974026]]
[rosout][INFO] 2019-10-16 18:25:57,770: 
pdc: 
2437
electrode: 
(3029, 3483, 3456, 3271, 3391, 3126, 3175, 3266, 3269, 3335, 3056, 3500, 3476, 3285, 3391, 3094, 3440, 3412, 3155)
z_dir: 
[[ 0.02005953]
 [ 0.0103144 ]
 [ 0.99974558]]
[rosout][INFO] 2019-10-16 18:25:57,781: 
pdc: 
2437
electrode: 
(3029, 3483, 3455, 3271, 3391, 3126, 3175, 3267, 3269, 3336, 3056, 3500, 3475, 3285, 3390, 3094, 3441, 3411, 3155)
z_dir: 
[[ 0.01934948]
 [ 0.01120746]
 [ 0.99974996]]
[rosout][INFO] 2019-10-16 18:25:57,792: 
pdc: 
2437
electrode: 
(3030, 3483, 3456, 3270, 3392, 3126, 3175, 3267, 3269, 3335, 3055, 3501, 3476, 3285, 3391, 3094, 3441, 3411, 3156)
z_dir: 
[[ 0.01941088]
 [ 0.01132343]
 [ 0.99974747]]
[rosout][INFO] 2019-10-16 18:25:57,811: 
pdc: 
2437
electrode: 
(3030, 3482, 3455, 3270, 3392, 3126, 3175, 3267, 3269, 3335, 3055, 3501, 3476, 3285, 3391, 3094, 3441, 3411, 3155)
z_dir: 
[[ 0.02007431]
 [ 0.01034602]
 [ 0.99974496]]
[rosout][INFO] 2019-10-16 18:25:57,821: 
pdc: 
2437
electrode: 
(3029, 3483, 3455, 3271, 3392, 3125, 3175, 3267, 3269, 3335, 3056, 3501, 3476, 3285, 3391, 3094, 3440, 3412, 3156)
z_dir: 
[[ 0.02002254]
 [ 0.01030194]
 [ 0.99974645]]
[rosout][INFO] 2019-10-16 18:25:57,832: 
pdc: 
2437
electrode: 
(3029, 3482, 3455, 3271, 3391, 3126, 3175, 3266, 3269, 3336, 3056, 3500, 3475, 3285, 3391, 3094, 3440, 3411, 3156)
z_dir: 
[[ 0.02004207]
 [ 0.01034644]
 [ 0.9997456 ]]
[rosout][INFO] 2019-10-16 18:25:57,853: 
pdc: 
2437
electrode: 
(3030, 3482, 3456, 3270, 3391, 3125, 3175, 3267, 3269, 3335, 3055, 3500, 3476, 3286, 3392, 3093, 3441, 3411, 3156)
z_dir: 
[[ 0.01937729]
 [ 0.01131067]
 [ 0.99974826]]
[rosout][INFO] 2019-10-16 18:25:57,865: 
pdc: 
2437
electrode: 
(3030, 3483, 3455, 3271, 3391, 3126, 3175, 3267, 3269, 3336, 3055, 3501, 3475, 3285, 3390, 3093, 3440, 3411, 3156)
z_dir: 
[[ 0.01945144]
 [ 0.01131548]
 [ 0.99974677]]
[rosout][INFO] 2019-10-16 18:25:57,887: 
pdc: 
2437
electrode: 
(3029, 3482, 3456, 3271, 3391, 3126, 3176, 3267, 3269, 3335, 3055, 3501, 3475, 3285, 3391, 3094, 3440, 3411, 3156)
z_dir: 
[[ 0.01945989]
 [ 0.01139069]
 [ 0.99974575]]
[rosout][INFO] 2019-10-16 18:25:57,898: 
pdc: 
2438
electrode: 
(3030, 3482, 3456, 3271, 3391, 3126, 3175, 3268, 3269, 3336, 3056, 3500, 3475, 3285, 3392, 3094, 3440, 3412, 3156)
z_dir: 
[[ 0.02004406]
 [ 0.01035418]
 [ 0.99974548]]
[rosout][INFO] 2019-10-16 18:25:57,916: 
pdc: 
2437
electrode: 
(3029, 3482, 3455, 3271, 3391, 3126, 3175, 3267, 3269, 3335, 3055, 3501, 3475, 3285, 3391, 3094, 3441, 3412, 3156)
z_dir: 
[[ 0.02030876]
 [ 0.01028197]
 [ 0.99974088]]
[rosout][INFO] 2019-10-16 18:25:57,934: 
pdc: 
2438
electrode: 
(3029, 3483, 3455, 3270, 3392, 3125, 3175, 3267, 3269, 3335, 3055, 3501, 3475, 3285, 3390, 3093, 3441, 3410, 3156)
z_dir: 
[[ 0.02028573]
 [ 0.01028296]
 [ 0.99974134]]
[rosout][INFO] 2019-10-16 18:25:57,948: 
pdc: 
2437
electrode: 
(3029, 3482, 3455, 3271, 3391, 3125, 3175, 3267, 3269, 3335, 3056, 3501, 3475, 3285, 3390, 3093, 3441, 3411, 3156)
z_dir: 
[[ 0.01935606]
 [ 0.01122751]
 [ 0.99974961]]
[rosout][INFO] 2019-10-16 18:25:57,957: 
pdc: 
2437
electrode: 
(3029, 3483, 3455, 3271, 3392, 3126, 3175, 3266, 3270, 3335, 3056, 3500, 3476, 3285, 3391, 3094, 3441, 3412, 3156)
z_dir: 
[[ 0.02007563]
 [ 0.01028095]
 [ 0.9997456 ]]
[rosout][INFO] 2019-10-16 18:25:57,966: 
pdc: 
2437
electrode: 
(3029, 3482, 3455, 3270, 3391, 3126, 3175, 3266, 3270, 3335, 3055, 3501, 3476, 3285, 3391, 3095, 3440, 3411, 3157)
z_dir: 
[[ 0.02001821]
 [ 0.01026883]
 [ 0.99974688]]
[rosout][INFO] 2019-10-16 18:25:57,981: 
pdc: 
2437
electrode: 
(3029, 3483, 3455, 3271, 3391, 3126, 3175, 3267, 3269, 3335, 3056, 3501, 3477, 3285, 3392, 3094, 3440, 3411, 3156)
z_dir: 
[[ 0.02009167]
 [ 0.01029459]
 [ 0.99974514]]
[rosout][INFO] 2019-10-16 18:25:57,992: 
pdc: 
2437
electrode: 
(3030, 3483, 3455, 3270, 3392, 3125, 3175, 3267, 3269, 3335, 3056, 3501, 3476, 3285, 3391, 3094, 3441, 3411, 3156)
z_dir: 
[[ 0.02011997]
 [ 0.01022321]
 [ 0.9997453 ]]
[rosout][INFO] 2019-10-16 18:25:58,015: 
pdc: 
2437
electrode: 
(3029, 3483, 3456, 3271, 3391, 3126, 3175, 3266, 3269, 3335, 3056, 3501, 3477, 3285, 3391, 3094, 3440, 3411, 3156)
z_dir: 
[[ 0.02015382]
 [ 0.01026934]
 [ 0.99974415]]
[rosout][INFO] 2019-10-16 18:25:58,029: 
pdc: 
2438
electrode: 
(3030, 3483, 3456, 3270, 3391, 3126, 3175, 3266, 3269, 3335, 3055, 3501, 3475, 3286, 3391, 3094, 3440, 3412, 3156)
z_dir: 
[[ 0.02011335]
 [ 0.01030065]
 [ 0.99974464]]
[rosout][INFO] 2019-10-16 18:25:58,040: 
pdc: 
2437
electrode: 
(3030, 3483, 3455, 3271, 3392, 3126, 3176, 3267, 3269, 3336, 3056, 3501, 3476, 3285, 3391, 3093, 3440, 3412, 3156)
z_dir: 
[[ 0.02013266]
 [ 0.0102613 ]
 [ 0.99974466]]
[rosout][INFO] 2019-10-16 18:25:58,052: 
pdc: 
2437
electrode: 
(3029, 3483, 3456, 3270, 3392, 3126, 3175, 3266, 3269, 3336, 3055, 3502, 3476, 3285, 3392, 3094, 3441, 3411, 3156)
z_dir: 
[[ 0.02014825]
 [ 0.01013066]
 [ 0.99974568]]
[rosout][INFO] 2019-10-16 18:25:58,066: 
pdc: 
2437
electrode: 
(3029, 3483, 3455, 3271, 3392, 3125, 3175, 3266, 3269, 3335, 3055, 3501, 3476, 3285, 3391, 3094, 3440, 3411, 3156)
z_dir: 
[[ 0.02016675]
 [ 0.01029981]
 [ 0.99974358]]
[rosout][INFO] 2019-10-16 18:25:58,076: 
pdc: 
2437
electrode: 
(3029, 3483, 3456, 3271, 3391, 3126, 3175, 3267, 3269, 3336, 3055, 3501, 3475, 3285, 3391, 3094, 3440, 3412, 3156)
z_dir: 
[[ 0.02008214]
 [ 0.01019658]
 [ 0.99974634]]
[rosout][INFO] 2019-10-16 18:25:58,091: 
pdc: 
2437
electrode: 
(3029, 3483, 3455, 3270, 3392, 3126, 3175, 3266, 3270, 3336, 3055, 3501, 3476, 3285, 3390, 3094, 3440, 3412, 3156)
z_dir: 
[[ 0.0202127 ]
 [ 0.01024887]
 [ 0.99974317]]
[rosout][INFO] 2019-10-16 18:25:58,108: 
pdc: 
2437
electrode: 
(3029, 3482, 3456, 3271, 3393, 3126, 3175, 3267, 3269, 3335, 3055, 3501, 3475, 3286, 3391, 3093, 3441, 3411, 3156)
z_dir: 
[[ 0.01941307]
 [ 0.01113515]
 [ 0.99974954]]
[rosout][INFO] 2019-10-16 18:25:58,118: 
pdc: 
2437
electrode: 
(3029, 3482, 3455, 3271, 3391, 3125, 3175, 3267, 3269, 3335, 3055, 3500, 3476, 3285, 3392, 3094, 3440, 3411, 3156)
z_dir: 
[[ 0.02015643]
 [ 0.01022639]
 [ 0.99974454]]
[rosout][INFO] 2019-10-16 18:25:58,138: 
pdc: 
2437
electrode: 
(3030, 3482, 3455, 3271, 3391, 3125, 3175, 3266, 3269, 3336, 3055, 3500, 3476, 3286, 3391, 3093, 3440, 3412, 3156)
z_dir: 
[[ 0.02032192]
 [ 0.01019216]
 [ 0.99974154]]
[rosout][INFO] 2019-10-16 18:25:58,150: 
pdc: 
2437
electrode: 
(3029, 3482, 3455, 3270, 3392, 3126, 3175, 3267, 3269, 3335, 3055, 3501, 3475, 3286, 3391, 3094, 3440, 3412, 3156)
z_dir: 
[[ 0.01853672]
 [ 0.01032327]
 [ 0.99977488]]
[rosout][INFO] 2019-10-16 18:25:58,162: 
pdc: 
2437
electrode: 
(3029, 3483, 3456, 3271, 3391, 3125, 3175, 3267, 3269, 3336, 3056, 3501, 3475, 3285, 3390, 3094, 3441, 3411, 3156)
z_dir: 
[[ 0.02015425]
 [ 0.00999927]
 [ 0.99974688]]
[rosout][INFO] 2019-10-16 18:25:58,175: 
pdc: 
2437
electrode: 
(3029, 3482, 3455, 3270, 3392, 3126, 3176, 3267, 3268, 3335, 3055, 3500, 3475, 3285, 3391, 3094, 3440, 3411, 3156)
z_dir: 
[[ 0.01639361]
 [ 0.01153758]
 [ 0.99979905]]
[rosout][INFO] 2019-10-16 18:25:58,185: 
pdc: 
2437
electrode: 
(3029, 3482, 3456, 3270, 3392, 3126, 3175, 3267, 3269, 3335, 3056, 3501, 3475, 3286, 3391, 3094, 3440, 3411, 3155)
z_dir: 
[[ 0.01912688]
 [ 0.01070867]
 [ 0.99975971]]
[rosout][INFO] 2019-10-16 18:25:58,202: 
pdc: 
2437
electrode: 
(3029, 3482, 3455, 3270, 3392, 3125, 3175, 3267, 3269, 3336, 3056, 3500, 3476, 3285, 3391, 3094, 3441, 3412, 3155)
z_dir: 
[[ 0.00448704]
 [ 0.01641589]
 [ 0.99985518]]
[rosout][INFO] 2019-10-16 18:25:58,212: 
pdc: 
2437
electrode: 
(3029, 3482, 3455, 3270, 3391, 3126, 3175, 3266, 3269, 3335, 3056, 3501, 3475, 3285, 3391, 3094, 3440, 3411, 3156)
z_dir: 
[[ 0.02164459]
 [ 0.01171442]
 [ 0.9996971 ]]
[rosout][INFO] 2019-10-16 18:25:58,226: 
pdc: 
2437
electrode: 
(3029, 3482, 3456, 3271, 3391, 3126, 3175, 3267, 3269, 3335, 3055, 3501, 3475, 3285, 3391, 3094, 3441, 3411, 3156)
z_dir: 
[[ 0.0242421 ]
 [ 0.00660303]
 [ 0.99968431]]
[rosout][INFO] 2019-10-16 18:25:58,236: 
pdc: 
2437
electrode: 
(3029, 3482, 3456, 3270, 3390, 3126, 3175, 3267, 3269, 3335, 3055, 3501, 3475, 3285, 3391, 3094, 3440, 3412, 3156)
z_dir: 
[[ 0.02160374]
 [-0.00228457]
 [ 0.999764  ]]
[rosout][INFO] 2019-10-16 18:25:58,248: 
pdc: 
2437
electrode: 
(3030, 3483, 3456, 3270, 3392, 3125, 3175, 3267, 3269, 3335, 3055, 3501, 3475, 3285, 3391, 3094, 3441, 3411, 3156)
z_dir: 
[[ 0.01758012]
 [ 0.00599898]
 [ 0.99982746]]
[rosout][INFO] 2019-10-16 18:25:58,257: 
pdc: 
2437
electrode: 
(3029, 3483, 3455, 3271, 3391, 3125, 3175, 3267, 3269, 3336, 3055, 3501, 3476, 3285, 3392, 3094, 3440, 3411, 3156)
z_dir: 
[[ 0.01747966]
 [ 0.00628788]
 [ 0.99982745]]
[rosout][INFO] 2019-10-16 18:25:58,270: 
pdc: 
2437
electrode: 
(3029, 3483, 3455, 3271, 3392, 3126, 3175, 3267, 3269, 3335, 3055, 3502, 3475, 3285, 3390, 3093, 3440, 3411, 3156)
z_dir: 
[[ 0.01773788]
 [ 0.00663939]
 [ 0.99982063]]
[rosout][INFO] 2019-10-16 18:25:58,283: 
pdc: 
2437
electrode: 
(3029, 3483, 3455, 3271, 3392, 3126, 3176, 3267, 3269, 3336, 3055, 3501, 3476, 3285, 3391, 3094, 3440, 3412, 3156)
z_dir: 
[[ 0.01797858]
 [ 0.00711779]
 [ 0.99981304]]
[rosout][INFO] 2019-10-16 18:25:58,301: 
pdc: 
2437
electrode: 
(3029, 3482, 3455, 3271, 3391, 3126, 3175, 3267, 3269, 3335, 3055, 3500, 3475, 3285, 3391, 3094, 3440, 3412, 3156)
z_dir: 
[[ 0.06146094]
 [-0.01824372]
 [ 0.99794274]]
[rosout][INFO] 2019-10-16 18:25:58,308: 
pdc: 
2437
electrode: 
(3029, 3482, 3455, 3271, 3391, 3126, 3175, 3267, 3268, 3335, 3055, 3501, 3476, 3285, 3391, 3093, 3441, 3411, 3155)
z_dir: 
[[ 0.06218793]
 [-0.02087504]
 [ 0.99784613]]
[rosout][INFO] 2019-10-16 18:25:58,315: 
pdc: 
2437
electrode: 
(3030, 3483, 3455, 3270, 3392, 3125, 3175, 3267, 3269, 3336, 3056, 3501, 3476, 3286, 3391, 3094, 3440, 3411, 3156)
z_dir: 
[[ 0.06226053]
 [-0.02087236]
 [ 0.99784166]]
[rosout][INFO] 2019-10-16 18:25:58,321: 
pdc: 
2437
electrode: 
(3029, 3483, 3456, 3270, 3391, 3126, 3175, 3266, 3269, 3335, 3056, 3501, 3476, 3285, 3391, 3094, 3440, 3412, 3156)
z_dir: 
[[ 0.06189613]
 [-0.01850896]
 [ 0.99791096]]
[rosout][INFO] 2019-10-16 18:25:58,335: 
pdc: 
2437
electrode: 
(3029, 3483, 3456, 3271, 3392, 3126, 3175, 3267, 3269, 3334, 3056, 3501, 3476, 3286, 3391, 3094, 3440, 3411, 3156)
z_dir: 
[[ 0.06205733]
 [-0.01858102]
 [ 0.99789961]]
[rosout][INFO] 2019-10-16 18:25:58,338: 
pdc: 
2437
electrode: 
(3030, 3483, 3455, 3271, 3391, 3126, 3175, 3266, 3269, 3335, 3055, 3502, 3475, 3285, 3391, 3094, 3441, 3411, 3157)
z_dir: 
[[ 0.06256952]
 [-0.02099545]
 [ 0.99781975]]
[rosout][INFO] 2019-10-16 18:25:58,352: 
pdc: 
2437
electrode: 
(3029, 3482, 3455, 3271, 3391, 3125, 3175, 3267, 3269, 3335, 3056, 3501, 3476, 3285, 3391, 3094, 3440, 3411, 3155)
z_dir: 
[[ 0.01672642]
 [ 0.00892477]
 [ 0.99982027]]
[rosout][INFO] 2019-10-16 18:25:58,364: 
pdc: 
2437
electrode: 
(3030, 3482, 3455, 3271, 3392, 3126, 3176, 3266, 3269, 3335, 3055, 3501, 3476, 3285, 3391, 3094, 3441, 3412, 3156)
z_dir: 
[[ 0.05921758]
 [-0.01805013]
 [ 0.9980819 ]]
[rosout][INFO] 2019-10-16 18:25:58,373: 
pdc: 
2437
electrode: 
(3029, 3482, 3455, 3271, 3391, 3126, 3175, 3267, 3269, 3336, 3056, 3501, 3475, 3285, 3391, 3094, 3441, 3411, 3155)
z_dir: 
[[ 0.06377711]
 [-0.01831272]
 [ 0.99779613]]
[rosout][INFO] 2019-10-16 18:25:58,393: 
pdc: 
2437
electrode: 
(3030, 3483, 3456, 3270, 3392, 3125, 3175, 3268, 3269, 3335, 3056, 3501, 3476, 3285, 3391, 3094, 3440, 3412, 3156)
z_dir: 
[[ 0.0626047 ]
 [-0.01812533]
 [ 0.9978738 ]]
[rosout][INFO] 2019-10-16 18:25:58,402: 
pdc: 
2437
electrode: 
(3030, 3482, 3455, 3271, 3392, 3125, 3175, 3267, 3269, 3335, 3056, 3501, 3476, 3285, 3391, 3094, 3440, 3411, 3156)
z_dir: 
[[ 0.06223845]
 [-0.01802025]
 [ 0.99789862]]
[rosout][INFO] 2019-10-16 18:25:58,422: 
pdc: 
2437
electrode: 
(3030, 3483, 3455, 3271, 3391, 3125, 3175, 3267, 3268, 3335, 3056, 3500, 3475, 3286, 3390, 3094, 3441, 3411, 3156)
z_dir: 
[[ 0.06197107]
 [-0.01806873]
 [ 0.99791438]]
[rosout][INFO] 2019-10-16 18:25:58,432: 
pdc: 
2437
electrode: 
(3030, 3483, 3455, 3271, 3392, 3126, 3175, 3267, 3269, 3335, 3055, 3501, 3476, 3285, 3391, 3094, 3440, 3411, 3156)
z_dir: 
[[ 0.06192053]
 [-0.01818121]
 [ 0.99791547]]
[rosout][INFO] 2019-10-16 18:25:58,451: 
pdc: 
2437
electrode: 
(3029, 3483, 3455, 3270, 3392, 3126, 3176, 3267, 3269, 3336, 3056, 3501, 3476, 3285, 3392, 3094, 3440, 3412, 3156)
z_dir: 
[[ 0.06198326]
 [-0.01802623]
 [ 0.99791439]]
[rosout][INFO] 2019-10-16 18:25:58,463: 
pdc: 
2437
electrode: 
(3030, 3483, 3455, 3270, 3392, 3125, 3175, 3266, 3269, 3335, 3056, 3501, 3476, 3285, 3391, 3094, 3441, 3411, 3156)
z_dir: 
[[ 0.06180315]
 [-0.01806838]
 [ 0.9979248 ]]
[rosout][INFO] 2019-10-16 18:25:58,473: 
pdc: 
2437
electrode: 
(3029, 3483, 3455, 3271, 3392, 3126, 3175, 3267, 3269, 3335, 3056, 3501, 3475, 3286, 3390, 3093, 3440, 3412, 3156)
z_dir: 
[[ 0.0310748 ]
 [ 0.0013697 ]
 [ 0.99951612]]
[rosout][INFO] 2019-10-16 18:25:58,482: 
pdc: 
2437
electrode: 
(3029, 3483, 3455, 3271, 3392, 3126, 3175, 3267, 3269, 3336, 3056, 3501, 3476, 3286, 3390, 3094, 3440, 3412, 3156)
z_dir: 
[[ 0.06175665]
 [-0.01806069]
 [ 0.99792782]]
[rosout][INFO] 2019-10-16 18:25:58,493: 
pdc: 
2437
electrode: 
(3029, 3482, 3456, 3271, 3391, 3126, 3176, 3266, 3269, 3335, 3055, 3501, 3476, 3285, 3391, 3094, 3440, 3412, 3156)
z_dir: 
[[ 0.06176701]
 [-0.01804258]
 [ 0.9979275 ]]
[rosout][INFO] 2019-10-16 18:25:58,502: 
pdc: 
2437
electrode: 
(3030, 3483, 3455, 3271, 3391, 3126, 3176, 3267, 3268, 3335, 3056, 3501, 3475, 3286, 3391, 3094, 3440, 3411, 3156)
z_dir: 
[[ 0.06179378]
 [-0.01805891]
 [ 0.99792555]]
[rosout][INFO] 2019-10-16 18:25:58,522: 
pdc: 
2437
electrode: 
(3029, 3482, 3455, 3271, 3392, 3126, 3175, 3267, 3268, 3335, 3056, 3501, 3476, 3285, 3391, 3094, 3440, 3412, 3156)
z_dir: 
[[ 0.05690422]
 [-0.02160621]
 [ 0.99814582]]
[rosout][INFO] 2019-10-16 18:25:58,532: 
pdc: 
2437
electrode: 
(3029, 3483, 3455, 3270, 3392, 3126, 3175, 3267, 3269, 3335, 3056, 3501, 3476, 3285, 3391, 3094, 3441, 3411, 3156)
z_dir: 
[[ 0.01504447]
 [ 0.00149475]
 [ 0.99988571]]
[rosout][INFO] 2019-10-16 18:25:58,543: 
pdc: 
2437
electrode: 
(3030, 3483, 3456, 3271, 3392, 3126, 3175, 3267, 3269, 3335, 3055, 3501, 3475, 3285, 3391, 3094, 3441, 3412, 3156)
z_dir: 
[[ 0.01085286]
 [ 0.0025632 ]
 [ 0.99993782]]
[rosout][INFO] 2019-10-16 18:25:58,563: 
pdc: 
2437
electrode: 
(3029, 3483, 3455, 3271, 3391, 3126, 3175, 3267, 3269, 3335, 3055, 3501, 3476, 3285, 3392, 3094, 3440, 3411, 3156)
z_dir: 
[[ 0.01154729]
 [ 0.00347893]
 [ 0.99992728]]
[rosout][INFO] 2019-10-16 18:25:58,573: 
pdc: 
2437
electrode: 
(3029, 3483, 3455, 3270, 3392, 3125, 3176, 3267, 3269, 3336, 3056, 3501, 3476, 3285, 3391, 3094, 3440, 3412, 3156)
z_dir: 
[[ 0.0116544 ]
 [ 0.00264011]
 [ 0.9999286 ]]
[rosout][INFO] 2019-10-16 18:25:58,593: 
pdc: 
2437
electrode: 
(3029, 3483, 3455, 3271, 3391, 3125, 3175, 3268, 3269, 3335, 3055, 3501, 3476, 3285, 3391, 3094, 3440, 3411, 3156)
z_dir: 
[[ 0.02395346]
 [ 0.00224698]
 [ 0.99971055]]
[rosout][INFO] 2019-10-16 18:25:58,602: 
pdc: 
2437
electrode: 
(3029, 3482, 3455, 3271, 3391, 3126, 3175, 3267, 3269, 3335, 3055, 3501, 3475, 3285, 3390, 3094, 3440, 3412, 3157)
z_dir: 
[[ 0.0201658 ]
 [ 0.01100822]
 [ 0.99973604]]
[rosout][INFO] 2019-10-16 18:25:58,613: 
pdc: 
2437
electrode: 
(3030, 3483, 3456, 3271, 3392, 3126, 3176, 3267, 3269, 3334, 3056, 3501, 3476, 3285, 3391, 3094, 3440, 3411, 3156)
z_dir: 
[[ 0.02986479]
 [ 0.00775169]
 [ 0.99952389]]
[rosout][INFO] 2019-10-16 18:25:58,632: 
pdc: 
2437
electrode: 
(3029, 3483, 3456, 3271, 3392, 3126, 3175, 3267, 3269, 3335, 3056, 3500, 3475, 3285, 3391, 3094, 3441, 3411, 3156)
z_dir: 
[[ 0.02221672]
 [ 0.00363722]
 [ 0.99974656]]
[rosout][INFO] 2019-10-16 18:25:58,642: 
pdc: 
2437
electrode: 
(3029, 3483, 3455, 3271, 3391, 3126, 3176, 3267, 3268, 3335, 3056, 3500, 3476, 3285, 3390, 3094, 3441, 3411, 3155)
z_dir: 
[[ 0.0251264 ]
 [ 0.00358503]
 [ 0.99967785]]
[rosout][INFO] 2019-10-16 18:25:58,652: 
pdc: 
2437
electrode: 
(3029, 3483, 3455, 3271, 3392, 3125, 3176, 3267, 3269, 3336, 3056, 3501, 3475, 3285, 3391, 3094, 3440, 3412, 3156)
z_dir: 
[[ 0.02598325]
 [ 0.00251765]
 [ 0.99965921]]
[rosout][INFO] 2019-10-16 18:25:58,668: 
pdc: 
2437
electrode: 
(3030, 3484, 3455, 3271, 3391, 3126, 3175, 3267, 3269, 3336, 3055, 3500, 3475, 3286, 3391, 3094, 3440, 3412, 3156)
z_dir: 
[[ 0.03133983]
 [ 0.00564131]
 [ 0.99949287]]
[rosout][INFO] 2019-10-16 18:25:58,689: 
pdc: 
2437
electrode: 
(3030, 3482, 3455, 3271, 3392, 3126, 3175, 3267, 3269, 3336, 3056, 3501, 3476, 3285, 3391, 3094, 3441, 3411, 3155)
z_dir: 
[[ 0.02764051]
 [ 0.00287426]
 [ 0.9996138 ]]
[rosout][INFO] 2019-10-16 18:25:58,697: 
pdc: 
2437
electrode: 
(3029, 3482, 3455, 3270, 3392, 3126, 3175, 3267, 3269, 3335, 3056, 3501, 3476, 3285, 3391, 3094, 3440, 3412, 3157)
z_dir: 
[[ 0.02700296]
 [ 0.00251237]
 [ 0.9996322 ]]
[rosout][INFO] 2019-10-16 18:25:58,704: 
pdc: 
2437
electrode: 
(3029, 3483, 3455, 3271, 3391, 3126, 3175, 3267, 3269, 3335, 3056, 3501, 3475, 3285, 3391, 3094, 3441, 3411, 3156)
z_dir: 
[[ 0.02741552]
 [ 0.00288496]
 [ 0.99961996]]
[rosout][INFO] 2019-10-16 18:25:58,710: 
pdc: 
2437
electrode: 
(3029, 3482, 3455, 3270, 3392, 3126, 3175, 3266, 3269, 3335, 3055, 3501, 3475, 3285, 3391, 3094, 3441, 3412, 3156)
z_dir: 
[[ 0.02431932]
 [ 0.0041107 ]
 [ 0.99969579]]
[rosout][INFO] 2019-10-16 18:25:58,716: 
pdc: 
2438
electrode: 
(3030, 3483, 3455, 3271, 3392, 3126, 3175, 3267, 3269, 3335, 3056, 3500, 3475, 3286, 3390, 3094, 3440, 3411, 3156)
z_dir: 
[[ 0.02391175]
 [ 0.00400232]
 [ 0.99970606]]
[rosout][INFO] 2019-10-16 18:25:58,724: 
pdc: 
2437
electrode: 
(3030, 3483, 3455, 3270, 3392, 3126, 3176, 3267, 3269, 3335, 3056, 3501, 3476, 3285, 3390, 3094, 3440, 3411, 3156)
z_dir: 
[[ 0.0274384 ]
 [ 0.00271991]
 [ 0.9996198 ]]
[rosout][INFO] 2019-10-16 18:25:58,742: 
pdc: 
2437
electrode: 
(3029, 3483, 3455, 3270, 3392, 3125, 3176, 3267, 3269, 3335, 3056, 3501, 3475, 3285, 3391, 3094, 3440, 3411, 3156)
z_dir: 
[[ 0.02409454]
 [ 0.00413646]
 [ 0.99970113]]
[rosout][INFO] 2019-10-16 18:25:58,752: 
pdc: 
2437
electrode: 
(3029, 3483, 3455, 3271, 3392, 3126, 3176, 3267, 3269, 3335, 3055, 3501, 3476, 3285, 3391, 3094, 3440, 3411, 3156)
z_dir: 
[[ 0.02578401]
 [ 0.00275755]
 [ 0.99966373]]
[rosout][INFO] 2019-10-16 18:25:58,762: 
pdc: 
2437
electrode: 
(3029, 3483, 3455, 3271, 3392, 3126, 3175, 3266, 3269, 3335, 3056, 3500, 3476, 3285, 3391, 3094, 3440, 3411, 3156)
z_dir: 
[[ 0.01972097]
 [-0.00225783]
 [ 0.99980297]]
[rosout][INFO] 2019-10-16 18:25:58,782: 
pdc: 
2437
electrode: 
(3029, 3483, 3455, 3271, 3392, 3126, 3175, 3267, 3269, 3334, 3056, 3501, 3477, 3285, 3391, 3094, 3441, 3411, 3156)
z_dir: 
[[  2.02066896e-02]
 [ -6.45743256e-04]
 [  9.99795615e-01]]
[rosout][INFO] 2019-10-16 18:25:58,793: 
pdc: 
2437
electrode: 
(3029, 3483, 3456, 3271, 3392, 3126, 3175, 3267, 3269, 3335, 3055, 3501, 3475, 3285, 3391, 3094, 3440, 3411, 3157)
z_dir: 
[[  1.95354452e-02]
 [ -5.14720656e-04]
 [  9.99809032e-01]]
[rosout][INFO] 2019-10-16 18:25:58,804: 
pdc: 
2437
electrode: 
(3029, 3483, 3456, 3271, 3391, 3125, 3175, 3266, 3269, 3335, 3055, 3501, 3475, 3285, 3391, 3094, 3440, 3411, 3155)
z_dir: 
[[  1.98512370e-02]
 [ -4.70349558e-04]
 [  9.99802834e-01]]
[rosout][INFO] 2019-10-16 18:25:58,816: 
pdc: 
2437
electrode: 
(3030, 3482, 3455, 3271, 3392, 3126, 3175, 3267, 3270, 3335, 3056, 3501, 3476, 3285, 3391, 3094, 3441, 3411, 3156)
z_dir: 
[[ 0.00951694]
 [ 0.00964791]
 [ 0.99990817]]
[rosout][INFO] 2019-10-16 18:25:58,834: 
pdc: 
2437
electrode: 
(3029, 3483, 3456, 3271, 3392, 3126, 3176, 3267, 3270, 3336, 3056, 3501, 3475, 3285, 3391, 3094, 3440, 3411, 3156)
z_dir: 
[[ 0.01856715]
 [ 0.00311815]
 [ 0.99982275]]
[rosout][INFO] 2019-10-16 18:25:58,847: 
pdc: 
2437
electrode: 
(3029, 3483, 3455, 3271, 3392, 3126, 3175, 3267, 3269, 3336, 3055, 3500, 3476, 3285, 3391, 3093, 3440, 3411, 3155)
z_dir: 
[[ 0.02041238]
 [ 0.00374105]
 [ 0.99978465]]
[rosout][INFO] 2019-10-16 18:25:58,866: 
pdc: 
2437
electrode: 
(3029, 3482, 3455, 3270, 3392, 3126, 3175, 3267, 3269, 3335, 3056, 3501, 3476, 3285, 3390, 3094, 3440, 3411, 3156)
z_dir: 
[[ 0.01750204]
 [ 0.00446904]
 [ 0.99983684]]
[rosout][INFO] 2019-10-16 18:25:58,876: 
pdc: 
2437
electrode: 
(3029, 3482, 3455, 3270, 3391, 3126, 3175, 3267, 3269, 3336, 3056, 3501, 3476, 3285, 3391, 3094, 3440, 3412, 3156)
z_dir: 
[[ 0.01650866]
 [ 0.0038986 ]
 [ 0.99985612]]
[rosout][INFO] 2019-10-16 18:25:58,895: 
pdc: 
2438
electrode: 
(3029, 3482, 3455, 3271, 3392, 3126, 3174, 3266, 3269, 3336, 3056, 3501, 3476, 3286, 3391, 3094, 3441, 3412, 3156)
z_dir: 
[[ 0.01709695]
 [ 0.00457964]
 [ 0.99984335]]
[rosout][INFO] 2019-10-16 18:25:58,921: 
pdc: 
2437
electrode: 
(3030, 3482, 3455, 3271, 3391, 3126, 3175, 3266, 3269, 3336, 3055, 3501, 3475, 3286, 3390, 3094, 3440, 3411, 3156)
z_dir: 
[[ 0.003085  ]
 [ 0.03025945]
 [ 0.99953732]]
[rosout][INFO] 2019-10-16 18:25:58,930: 
pdc: 
2437
electrode: 
(3030, 3483, 3455, 3271, 3392, 3125, 3175, 3267, 3269, 3336, 3055, 3501, 3475, 3285, 3391, 3094, 3441, 3411, 3156)
z_dir: 
[[ 0.02352656]
 [ 0.00808844]
 [ 0.99969049]]
[rosout][INFO] 2019-10-16 18:25:58,961: 
pdc: 
2437
electrode: 
(3030, 3482, 3456, 3271, 3391, 3126, 3175, 3267, 3269, 3336, 3056, 3501, 3475, 3285, 3391, 3094, 3440, 3412, 3156)
z_dir: 
[[ 0.01549823]
 [ 0.02673335]
 [ 0.99952245]]
[rosout][INFO] 2019-10-16 18:25:58,965: 
pdc: 
2437
electrode: 
(3029, 3482, 3455, 3270, 3392, 3126, 3175, 3267, 3269, 3336, 3055, 3501, 3475, 3285, 3391, 3094, 3440, 3412, 3155)
z_dir: 
[[ 0.03376896]
 [ 0.00213283]
 [ 0.99942739]]
[rosout][INFO] 2019-10-16 18:25:58,971: 
pdc: 
2437
electrode: 
(3030, 3482, 3455, 3270, 3392, 3126, 3175, 3267, 3269, 3335, 3055, 3500, 3475, 3285, 3391, 3094, 3440, 3411, 3156)
z_dir: 
[[ 0.01750047]
 [ 0.02169431]
 [ 0.99961147]]
[rosout][INFO] 2019-10-16 18:25:58,981: 
pdc: 
2437
electrode: 
(3030, 3482, 3455, 3271, 3392, 3126, 3176, 3267, 3269, 3335, 3055, 3500, 3476, 3285, 3391, 3094, 3440, 3411, 3156)
z_dir: 
[[ 0.02005576]
 [ 0.01322196]
 [ 0.99971143]]
[rosout][INFO] 2019-10-16 18:25:58,988: 
pdc: 
2437
electrode: 
(3029, 3482, 3455, 3271, 3392, 3125, 3175, 3267, 3270, 3336, 3055, 3501, 3475, 3285, 3392, 3093, 3440, 3412, 3156)
z_dir: 
[[ 0.03288225]
 [-0.01950023]
 [ 0.99926898]]
[rosout][INFO] 2019-10-16 18:25:58,991: 
pdc: 
2437
electrode: 
(3030, 3483, 3455, 3270, 3392, 3126, 3175, 3267, 3268, 3335, 3055, 3500, 3475, 3285, 3391, 3094, 3440, 3411, 3156)
z_dir: 
[[  1.85180304e-02]
 [ -8.95147931e-04]
 [  9.99828126e-01]]
[rosout][INFO] 2019-10-16 18:25:59,000: 
pdc: 
2437
electrode: 
(3030, 3483, 3456, 3270, 3391, 3125, 3175, 3267, 3269, 3336, 3055, 3501, 3475, 3286, 3391, 3094, 3440, 3412, 3156)
z_dir: 
[[ 0.03359854]
 [-0.03025947]
 [ 0.99897723]]
[rosout][INFO] 2019-10-16 18:25:59,010: 
pdc: 
2437
electrode: 
(3030, 3483, 3455, 3270, 3392, 3125, 3176, 3267, 3269, 3336, 3055, 3501, 3475, 3285, 3391, 3093, 3440, 3412, 3156)
z_dir: 
[[ 0.03576378]
 [-0.0370025 ]
 [ 0.99867501]]
[rosout][INFO] 2019-10-16 18:25:59,021: 
pdc: 
2437
electrode: 
(3030, 3482, 3455, 3271, 3392, 3126, 3175, 3267, 3269, 3335, 3055, 3501, 3476, 3285, 3392, 3094, 3440, 3411, 3156)
z_dir: 
[[ 0.04126756]
 [-0.04128033]
 [ 0.99829501]]
[rosout][INFO] 2019-10-16 18:25:59,030: 
pdc: 
2437
electrode: 
(3029, 3483, 3456, 3271, 3392, 3126, 3176, 3266, 3269, 3335, 3056, 3500, 3476, 3285, 3391, 3094, 3441, 3412, 3156)
z_dir: 
[[ 0.03639526]
 [-0.04176338]
 [ 0.99846442]]
[rosout][INFO] 2019-10-16 18:25:59,040: 
pdc: 
2437
electrode: 
(3029, 3483, 3456, 3271, 3392, 3126, 3176, 3267, 3269, 3335, 3056, 3500, 3476, 3285, 3391, 3094, 3441, 3411, 3156)
z_dir: 
[[ 0.03252442]
 [-0.04095981]
 [ 0.99863129]]
[rosout][INFO] 2019-10-16 18:25:59,051: 
pdc: 
2437
electrode: 
(3029, 3482, 3456, 3270, 3392, 3126, 3175, 3266, 3269, 3335, 3056, 3501, 3475, 3285, 3391, 3094, 3440, 3411, 3156)
z_dir: 
[[ 0.03193559]
 [-0.04106322]
 [ 0.99864605]]
[rosout][INFO] 2019-10-16 18:25:59,062: 
pdc: 
2437
electrode: 
(3030, 3483, 3455, 3271, 3392, 3125, 3175, 3266, 3269, 3335, 3055, 3501, 3475, 3285, 3391, 3094, 3440, 3411, 3156)
z_dir: 
[[ 0.02946853]
 [-0.0285697 ]
 [ 0.99915733]]
[rosout][INFO] 2019-10-16 18:25:59,080: 
pdc: 
2437
electrode: 
(3030, 3483, 3455, 3271, 3391, 3126, 3176, 3266, 3269, 3335, 3056, 3501, 3476, 3285, 3392, 3094, 3440, 3412, 3156)
z_dir: 
[[ 0.02186288]
 [-0.01418739]
 [ 0.99966031]]
[rosout][INFO] 2019-10-16 18:25:59,091: 
pdc: 
2437
electrode: 
(3029, 3483, 3455, 3271, 3391, 3125, 3175, 3268, 3269, 3336, 3055, 3501, 3476, 3285, 3390, 3094, 3441, 3412, 3156)
z_dir: 
[[ 0.02218304]
 [-0.00884114]
 [ 0.99971483]]
[rosout][INFO] 2019-10-16 18:25:59,101: 
pdc: 
2437
electrode: 
(3030, 3483, 3456, 3271, 3392, 3125, 3175, 3267, 3269, 3335, 3056, 3501, 3475, 3286, 3391, 3094, 3441, 3411, 3156)
z_dir: 
[[  2.48029760e-02]
 [ -9.47768137e-04]
 [  9.99691910e-01]]
[rosout][INFO] 2019-10-16 18:25:59,121: 
pdc: 
2437
electrode: 
(3030, 3483, 3455, 3271, 3391, 3126, 3175, 3267, 3270, 3336, 3056, 3501, 3476, 3285, 3391, 3094, 3440, 3411, 3156)
z_dir: 
[[ 0.0461011 ]
 [ 0.01491785]
 [ 0.99882538]]
[rosout][INFO] 2019-10-16 18:25:59,131: 
pdc: 
2437
electrode: 
(3030, 3482, 3455, 3271, 3392, 3125, 3175, 3267, 3270, 3335, 3056, 3500, 3476, 3285, 3391, 3093, 3440, 3411, 3156)
z_dir: 
[[ 0.042461  ]
 [ 0.02077042]
 [ 0.9988822 ]]
[rosout][INFO] 2019-10-16 18:25:59,141: 
pdc: 
2437
electrode: 
(3030, 3483, 3456, 3271, 3392, 3126, 3175, 3267, 3269, 3336, 3056, 3501, 3476, 3286, 3391, 3094, 3440, 3412, 3156)
z_dir: 
[[ 0.02453654]
 [ 0.0012165 ]
 [ 0.99969819]]
[rosout][INFO] 2019-10-16 18:25:59,162: 
pdc: 
2437
electrode: 
(3030, 3483, 3456, 3270, 3391, 3126, 3175, 3267, 3269, 3336, 3056, 3501, 3476, 3285, 3391, 3094, 3440, 3412, 3156)
z_dir: 
[[ 0.02449652]
 [-0.01671593]
 [ 0.99956015]]
[rosout][INFO] 2019-10-16 18:25:59,174: 
pdc: 
2437
electrode: 
(3029, 3482, 3455, 3271, 3392, 3125, 3176, 3267, 3269, 3335, 3056, 3501, 3475, 3285, 3391, 3094, 3440, 3411, 3157)
z_dir: 
[[ 0.03064394]
 [-0.03034311]
 [ 0.99906969]]
[rosout][INFO] 2019-10-16 18:25:59,186: 
pdc: 
2437
electrode: 
(3029, 3483, 3455, 3270, 3392, 3126, 3176, 3268, 3269, 3335, 3055, 3501, 3476, 3285, 3391, 3094, 3441, 3412, 3156)
z_dir: 
[[ 0.0205921 ]
 [-0.00782544]
 [ 0.99975733]]
[rospy.core][INFO] 2019-10-16 18:25:59,197: signal_shutdown [signal-2]
[rosout][INFO] 2019-10-16 18:25:59,201: 
pdc: 
2437
electrode: 
(3029, 3483, 3455, 3271, 3392, 3126, 3175, 3266, 3269, 3335, 3056, 3501, 3476, 3285, 3391, 3094, 3441, 3411, 3156)
z_dir: 
[[ 0.03459827]
 [-0.02769446]
 [ 0.99901751]]
[rospy.internal][INFO] 2019-10-16 18:25:59,214: topic[/rosout] removing connection to /rosout
[rospy.internal][INFO] 2019-10-16 18:25:59,222: topic[/biotac_pub] removing connection to http://student-lasa:33843/
[rospy.internal][INFO] 2019-10-16 18:25:59,222: topic[/vrpn_client_node/normalSurface/pose] removing connection to http://student-lasa:45067/
[rospy.internal][INFO] 2019-10-16 18:25:59,223: topic[/vrpn_client_node/baseHand/pose] removing connection to http://student-lasa:45067/
[rospy.impl.masterslave][INFO] 2019-10-16 18:25:59,223: signal-2
[rospy.rosout][ERROR] 2019-10-16 18:25:59,223: Unable to report rosout: publish() to a closed topic
Traceback (most recent call last):
  File "/opt/ros/kinetic/lib/python2.7/dist-packages/rospy/impl/rosout.py", line 91, in _rosout
    _rosout_pub.publish(l)
  File "/opt/ros/kinetic/lib/python2.7/dist-packages/rospy/topics.py", line 882, in publish
    self.impl.publish(data)
  File "/opt/ros/kinetic/lib/python2.7/dist-packages/rospy/topics.py", line 1041, in publish
    raise ROSException("publish() to a closed topic")
ROSException: publish() to a closed topic

[rosout][INFO] 2019-10-16 18:25:59,222: 
pdc: 
2437
electrode: 
(3029, 3483, 3456, 3271, 3392, 3126, 3175, 3267, 3269, 3336, 3056, 3501, 3476, 3285, 3390, 3094, 3440, 3411, 3156)
z_dir: 
[[ 0.03281053]
 [-0.02885645]
 [ 0.99904493]]
[rospy.core][INFO] 2019-10-16 18:25:59,846: signal_shutdown [atexit]
