[rospy.client][INFO] 2019-10-16 18:25:32,671: init_node, name[/biochip_listener_15728_1571243132655], pid[15728]
[xmlrpc][INFO] 2019-10-16 18:25:32,672: XML-RPC server binding to 0.0.0.0:0
[xmlrpc][INFO] 2019-10-16 18:25:32,672: Started XML-RPC server [http://student-lasa:46349/]
[rospy.init][INFO] 2019-10-16 18:25:32,672: ROS Slave URI: [http://student-lasa:46349/]
[rospy.impl.masterslave][INFO] 2019-10-16 18:25:32,672: _ready: http://student-lasa:46349/
[xmlrpc][INFO] 2019-10-16 18:25:32,673: xml rpc node: starting XML-RPC server
[rospy.registration][INFO] 2019-10-16 18:25:32,673: Registering with master node http://localhost:11311
[rospy.init][INFO] 2019-10-16 18:25:32,772: registered with master
[rospy.rosout][INFO] 2019-10-16 18:25:32,773: initializing /rosout core topic
[rospy.rosout][INFO] 2019-10-16 18:25:32,777: connected to core topic /rosout
[rospy.simtime][INFO] 2019-10-16 18:25:32,779: /use_sim_time is not set, will not subscribe to simulated time [/clock] topic
[rospy.internal][INFO] 2019-10-16 18:25:32,792: topic[/biotac_pub] adding connection to [http://student-lasa:33843/], count 0
[rospy.internal][INFO] 2019-10-16 18:25:32,797: topic[/vrpn_client_node/normalSurface/pose] adding connection to [http://student-lasa:45067/], count 0
[rospy.internal][INFO] 2019-10-16 18:25:32,798: topic[/vrpn_client_node/baseHand/pose] adding connection to [http://student-lasa:45067/], count 0
[rosout][INFO] 2019-10-16 18:25:32,808: 
pdc: 
2437
electrode: 
(3027, 3480, 3454, 3269, 3390, 3124, 3173, 3265, 3267, 3334, 3054, 3500, 3475, 3284, 3389, 3093, 3439, 3409, 3154)
z_dir: 
[[ 0.02015308]
 [ 0.01016838]
 [ 0.9997452 ]]
[rosout][INFO] 2019-10-16 18:25:32,828: 
pdc: 
2437
electrode: 
(3027, 3482, 3455, 3269, 3390, 3124, 3174, 3265, 3267, 3334, 3054, 3500, 3474, 3284, 3390, 3093, 3439, 3410, 3155)
z_dir: 
[[ 0.02017399]
 [ 0.01021218]
 [ 0.99974433]]
[rosout][INFO] 2019-10-16 18:25:32,848: 
pdc: 
2437
electrode: 
(3027, 3482, 3454, 3268, 3390, 3124, 3173, 3265, 3268, 3334, 3054, 3500, 3475, 3284, 3390, 3093, 3439, 3410, 3154)
z_dir: 
[[ 0.02014208]
 [ 0.01018972]
 [ 0.9997452 ]]
[rosout][INFO] 2019-10-16 18:25:32,868: 
pdc: 
2437
electrode: 
(3027, 3482, 3454, 3268, 3390, 3123, 3174, 3266, 3267, 3334, 3054, 3500, 3474, 3284, 3390, 3093, 3439, 3409, 3154)
z_dir: 
[[ 0.02011088]
 [ 0.01015003]
 [ 0.99974623]]
[rosout][INFO] 2019-10-16 18:25:32,878: 
pdc: 
2437
electrode: 
(3027, 3482, 3454, 3269, 3390, 3124, 3173, 3264, 3267, 3333, 3054, 3500, 3474, 3284, 3391, 3092, 3439, 3409, 3154)
z_dir: 
[[ 0.02010648]
 [ 0.0102313 ]
 [ 0.99974549]]
[rosout][INFO] 2019-10-16 18:25:32,898: 
pdc: 
2437
electrode: 
(3027, 3481, 3454, 3269, 3390, 3124, 3173, 3265, 3267, 3333, 3054, 3500, 3474, 3285, 3390, 3092, 3439, 3410, 3154)
z_dir: 
[[ 0.02010042]
 [ 0.01013192]
 [ 0.99974663]]
[rosout][INFO] 2019-10-16 18:25:32,928: 
pdc: 
2437
electrode: 
(3028, 3481, 3454, 3269, 3390, 3124, 3173, 3266, 3267, 3334, 3054, 3500, 3474, 3285, 3390, 3093, 3440, 3410, 3154)
z_dir: 
[[ 0.02005856]
 [ 0.01025126]
 [ 0.99974625]]
[rosout][INFO] 2019-10-16 18:25:32,948: 
pdc: 
2437
electrode: 
(3027, 3481, 3455, 3268, 3390, 3124, 3173, 3265, 3267, 3334, 3054, 3500, 3474, 3284, 3390, 3093, 3439, 3409, 3155)
z_dir: 
[[ 0.02010576]
 [ 0.01019063]
 [ 0.99974592]]
[rosout][INFO] 2019-10-16 18:25:32,968: 
pdc: 
2437
electrode: 
(3027, 3481, 3454, 3269, 3390, 3124, 3173, 3265, 3267, 3334, 3054, 3500, 3475, 3284, 3390, 3093, 3439, 3410, 3155)
z_dir: 
[[ 0.02015675]
 [ 0.01020411]
 [ 0.99974476]]
[rosout][INFO] 2019-10-16 18:25:32,999: 
pdc: 
2437
electrode: 
(3027, 3481, 3454, 3269, 3390, 3124, 3174, 3264, 3267, 3335, 3054, 3500, 3475, 3285, 3390, 3092, 3439, 3410, 3154)
z_dir: 
[[ 0.02009076]
 [ 0.01023297]
 [ 0.99974579]]
[rosout][INFO] 2019-10-16 18:25:33,018: 
pdc: 
2437
electrode: 
(3027, 3481, 3454, 3269, 3390, 3124, 3173, 3265, 3267, 3334, 3054, 3500, 3474, 3285, 3390, 3093, 3438, 3410, 3154)
z_dir: 
[[ 0.02011196]
 [ 0.0102766 ]
 [ 0.99974492]]
[rospy.internal][INFO] 2019-10-16 18:25:33,040: topic[/rosout] adding connection to [/rosout], count 0
[rosout][INFO] 2019-10-16 18:25:33,048: 
pdc: 
2437
electrode: 
(3027, 3481, 3455, 3269, 3390, 3124, 3173, 3265, 3267, 3334, 3054, 3500, 3474, 3285, 3391, 3093, 3439, 3410, 3154)
z_dir: 
[[ 0.02011205]
 [ 0.01018891]
 [ 0.99974581]]
[rosout][INFO] 2019-10-16 18:25:33,068: 
pdc: 
2437
electrode: 
(3027, 3481, 3454, 3269, 3390, 3124, 3174, 3265, 3267, 3334, 3054, 3499, 3475, 3285, 3389, 3093, 3439, 3410, 3154)
z_dir: 
[[ 0.02010115]
 [ 0.01015892]
 [ 0.99974634]]
[rosout][INFO] 2019-10-16 18:25:33,078: 
pdc: 
2437
electrode: 
(3027, 3482, 3454, 3269, 3390, 3124, 3173, 3265, 3267, 3334, 3054, 3499, 3474, 3285, 3390, 3093, 3439, 3410, 3154)
z_dir: 
[[ 0.02024123]
 [ 0.01020292]
 [ 0.99974306]]
[rosout][INFO] 2019-10-16 18:25:33,109: 
pdc: 
2437
electrode: 
(3027, 3482, 3454, 3269, 3390, 3124, 3173, 3265, 3267, 3334, 3054, 3501, 3474, 3284, 3390, 3093, 3439, 3410, 3154)
z_dir: 
[[ 0.01968903]
 [ 0.01125724]
 [ 0.99974278]]
[rosout][INFO] 2019-10-16 18:25:33,128: 
pdc: 
2437
electrode: 
(3027, 3481, 3453, 3269, 3390, 3124, 3173, 3265, 3266, 3334, 3054, 3499, 3474, 3284, 3390, 3093, 3439, 3410, 3154)
z_dir: 
[[ 0.02017256]
 [ 0.01023444]
 [ 0.99974413]]
[rosout][INFO] 2019-10-16 18:25:33,139: 
pdc: 
2437
electrode: 
(3027, 3481, 3454, 3269, 3391, 3124, 3173, 3265, 3267, 3334, 3053, 3499, 3474, 3284, 3390, 3093, 3439, 3410, 3154)
z_dir: 
[[ 0.01938571]
 [ 0.01129507]
 [ 0.99974828]]
[rosout][INFO] 2019-10-16 18:25:33,159: 
pdc: 
2437
electrode: 
(3027, 3481, 3454, 3268, 3391, 3124, 3173, 3266, 3266, 3334, 3054, 3500, 3474, 3285, 3390, 3093, 3439, 3410, 3154)
z_dir: 
[[ 0.01937531]
 [ 0.01130779]
 [ 0.99974833]]
[rosout][INFO] 2019-10-16 18:25:33,169: 
pdc: 
2437
electrode: 
(3028, 3482, 3454, 3269, 3389, 3124, 3173, 3265, 3268, 3334, 3054, 3500, 3474, 3285, 3390, 3093, 3439, 3411, 3154)
z_dir: 
[[ 0.020121  ]
 [ 0.01018779]
 [ 0.99974564]]
[rosout][INFO] 2019-10-16 18:25:33,189: 
pdc: 
2437
electrode: 
(3027, 3482, 3454, 3269, 3390, 3124, 3173, 3265, 3267, 3333, 3054, 3499, 3474, 3285, 3390, 3092, 3439, 3410, 3154)
z_dir: 
[[ 0.02009234]
 [ 0.01026499]
 [ 0.99974543]]
[rosout][INFO] 2019-10-16 18:25:33,209: 
pdc: 
2437
electrode: 
(3027, 3481, 3454, 3269, 3390, 3124, 3173, 3265, 3267, 3334, 3054, 3500, 3475, 3284, 3390, 3093, 3439, 3410, 3154)
z_dir: 
[[ 0.02013175]
 [ 0.01032774]
 [ 0.99974399]]
[rosout][INFO] 2019-10-16 18:25:33,219: 
pdc: 
2437
electrode: 
(3026, 3481, 3454, 3269, 3390, 3124, 3173, 3264, 3267, 3334, 3054, 3500, 3474, 3284, 3390, 3092, 3439, 3410, 3154)
z_dir: 
[[ 0.01940711]
 [ 0.01114781]
 [ 0.99974951]]
[rosout][INFO] 2019-10-16 18:25:33,249: 
pdc: 
2437
electrode: 
(3027, 3482, 3454, 3269, 3391, 3124, 3174, 3265, 3267, 3333, 3054, 3500, 3474, 3284, 3390, 3093, 3439, 3410, 3154)
z_dir: 
[[ 0.02011676]
 [ 0.01026237]
 [ 0.99974497]]
[rosout][INFO] 2019-10-16 18:25:33,269: 
pdc: 
2437
electrode: 
(3027, 3482, 3454, 3269, 3391, 3124, 3173, 3265, 3267, 3334, 3054, 3501, 3475, 3284, 3390, 3093, 3439, 3410, 3155)
z_dir: 
[[ 0.02013538]
 [ 0.01019118]
 [ 0.99974532]]
[rosout][INFO] 2019-10-16 18:25:33,300: 
pdc: 
2437
electrode: 
(3026, 3481, 3454, 3269, 3391, 3124, 3173, 3265, 3267, 3334, 3054, 3499, 3474, 3285, 3389, 3093, 3439, 3410, 3154)
z_dir: 
[[ 0.01946391]
 [ 0.01125812]
 [ 0.99974717]]
[rosout][INFO] 2019-10-16 18:25:33,329: 
pdc: 
2436
electrode: 
(3027, 3482, 3454, 3268, 3390, 3124, 3174, 3265, 3267, 3335, 3053, 3500, 3475, 3284, 3390, 3092, 3438, 3410, 3154)
z_dir: 
[[ 0.0200859 ]
 [ 0.01033609]
 [ 0.99974483]]
[rosout][INFO] 2019-10-16 18:25:33,350: 
pdc: 
2437
electrode: 
(3027, 3481, 3454, 3269, 3390, 3124, 3173, 3265, 3266, 3334, 3054, 3500, 3474, 3284, 3390, 3092, 3438, 3410, 3155)
z_dir: 
[[ 0.02011471]
 [ 0.01021274]
 [ 0.99974552]]
[rosout][INFO] 2019-10-16 18:25:33,369: 
pdc: 
2436
electrode: 
(3027, 3481, 3454, 3268, 3390, 3124, 3174, 3265, 3267, 3334, 3054, 3500, 3475, 3285, 3390, 3093, 3439, 3410, 3154)
z_dir: 
[[ 0.02009636]
 [ 0.01016115]
 [ 0.99974641]]
[rosout][INFO] 2019-10-16 18:25:33,390: 
pdc: 
2437
electrode: 
(3027, 3481, 3454, 3269, 3390, 3124, 3173, 3265, 3267, 3334, 3054, 3500, 3475, 3285, 3390, 3093, 3439, 3410, 3154)
z_dir: 
[[ 0.02026008]
 [ 0.01033799]
 [ 0.99974129]]
[rosout][INFO] 2019-10-16 18:25:33,420: 
pdc: 
2437
electrode: 
(3028, 3481, 3454, 3269, 3390, 3123, 3173, 3265, 3267, 3334, 3054, 3500, 3475, 3285, 3390, 3093, 3438, 3409, 3155)
z_dir: 
[[ 0.02026315]
 [ 0.01020649]
 [ 0.99974258]]
[rosout][INFO] 2019-10-16 18:25:33,439: 
pdc: 
2437
electrode: 
(3026, 3481, 3454, 3269, 3390, 3124, 3173, 3266, 3267, 3334, 3054, 3499, 3474, 3284, 3390, 3093, 3439, 3410, 3154)
z_dir: 
[[ 0.0194467 ]
 [ 0.01119156]
 [ 0.99974826]]
[rosout][INFO] 2019-10-16 18:25:33,469: 
pdc: 
2437
electrode: 
(3026, 3482, 3455, 3270, 3390, 3124, 3174, 3265, 3267, 3334, 3054, 3500, 3475, 3284, 3391, 3093, 3439, 3411, 3154)
z_dir: 
[[ 0.02011184]
 [ 0.01022421]
 [ 0.99974546]]
[rosout][INFO] 2019-10-16 18:25:33,489: 
pdc: 
2436
electrode: 
(3027, 3482, 3454, 3269, 3390, 3124, 3174, 3265, 3267, 3334, 3054, 3500, 3475, 3285, 3390, 3093, 3439, 3410, 3154)
z_dir: 
[[ 0.02007279]
 [ 0.01023789]
 [ 0.9997461 ]]
[rosout][INFO] 2019-10-16 18:25:33,500: 
pdc: 
2437
electrode: 
(3027, 3481, 3455, 3270, 3391, 3124, 3173, 3265, 3266, 3334, 3054, 3500, 3475, 3283, 3390, 3093, 3439, 3410, 3153)
z_dir: 
[[ 0.02012044]
 [ 0.01021015]
 [ 0.99974543]]
[rosout][INFO] 2019-10-16 18:25:33,519: 
pdc: 
2437
electrode: 
(3027, 3481, 3454, 3269, 3390, 3124, 3173, 3264, 3266, 3334, 3054, 3500, 3475, 3284, 3390, 3093, 3439, 3410, 3154)
z_dir: 
[[ 0.02014078]
 [ 0.01029285]
 [ 0.99974417]]
[rosout][INFO] 2019-10-16 18:25:33,530: 
pdc: 
2437
electrode: 
(3027, 3482, 3454, 3269, 3390, 3124, 3174, 3265, 3267, 3333, 3054, 3499, 3474, 3284, 3390, 3093, 3440, 3410, 3154)
z_dir: 
[[ 0.02014757]
 [ 0.01026122]
 [ 0.99974436]]
[rosout][INFO] 2019-10-16 18:25:33,549: 
pdc: 
2437
electrode: 
(3027, 3481, 3454, 3269, 3390, 3124, 3173, 3265, 3267, 3334, 3054, 3501, 3474, 3284, 3391, 3093, 3439, 3410, 3154)
z_dir: 
[[ 0.02038002]
 [ 0.01034688]
 [ 0.99973876]]
[rosout][INFO] 2019-10-16 18:25:33,560: 
pdc: 
2437
electrode: 
(3027, 3481, 3454, 3269, 3390, 3124, 3173, 3265, 3268, 3334, 3054, 3500, 3475, 3284, 3389, 3093, 3439, 3410, 3154)
z_dir: 
[[ 0.01964188]
 [ 0.01125702]
 [ 0.99974371]]
[rosout][INFO] 2019-10-16 18:25:33,580: 
pdc: 
2437
electrode: 
(3027, 3482, 3454, 3270, 3390, 3124, 3173, 3265, 3266, 3333, 3054, 3500, 3475, 3284, 3390, 3093, 3439, 3410, 3154)
z_dir: 
[[ 0.02012199]
 [ 0.01024259]
 [ 0.99974507]]
[rosout][INFO] 2019-10-16 18:25:33,590: 
pdc: 
2437
electrode: 
(3027, 3481, 3454, 3270, 3390, 3124, 3173, 3265, 3267, 3334, 3054, 3500, 3474, 3284, 3390, 3093, 3439, 3410, 3153)
z_dir: 
[[ 0.02000705]
 [ 0.01031748]
 [ 0.9997466 ]]
[rosout][INFO] 2019-10-16 18:25:33,620: 
pdc: 
2437
electrode: 
(3027, 3481, 3454, 3269, 3390, 3123, 3173, 3265, 3267, 3334, 3054, 3499, 3475, 3285, 3390, 3093, 3439, 3410, 3154)
z_dir: 
[[ 0.01949159]
 [ 0.01129958]
 [ 0.99974617]]
[rosout][INFO] 2019-10-16 18:25:33,639: 
pdc: 
2437
electrode: 
(3027, 3481, 3454, 3269, 3391, 3124, 3174, 3265, 3267, 3334, 3054, 3500, 3475, 3285, 3390, 3093, 3438, 3410, 3154)
z_dir: 
[[ 0.01937647]
 [ 0.01120716]
 [ 0.99974944]]
[rosout][INFO] 2019-10-16 18:25:33,650: 
pdc: 
2437
electrode: 
(3027, 3481, 3454, 3269, 3390, 3124, 3173, 3265, 3267, 3334, 3054, 3499, 3474, 3284, 3390, 3093, 3439, 3410, 3154)
z_dir: 
[[ 0.02012546]
 [ 0.01024076]
 [ 0.99974501]]
[rosout][INFO] 2019-10-16 18:25:33,670: 
pdc: 
2437
electrode: 
(3028, 3482, 3455, 3268, 3391, 3124, 3173, 3264, 3267, 3334, 3054, 3499, 3474, 3284, 3390, 3093, 3440, 3409, 3154)
z_dir: 
[[ 0.02024639]
 [ 0.01021591]
 [ 0.99974283]]
[rosout][INFO] 2019-10-16 18:25:33,700: 
pdc: 
2437
electrode: 
(3027, 3481, 3454, 3269, 3390, 3124, 3173, 3265, 3267, 3334, 3054, 3500, 3475, 3284, 3390, 3093, 3439, 3410, 3155)
z_dir: 
[[ 0.01956505]
 [ 0.01120383]
 [ 0.99974581]]
[rosout][INFO] 2019-10-16 18:25:33,720: 
pdc: 
2437
electrode: 
(3027, 3481, 3454, 3269, 3390, 3125, 3173, 3266, 3267, 3334, 3054, 3500, 3474, 3284, 3390, 3093, 3439, 3410, 3154)
z_dir: 
[[ 0.020169  ]
 [ 0.01022856]
 [ 0.99974426]]
[rosout][INFO] 2019-10-16 18:25:33,730: 
pdc: 
2436
electrode: 
(3026, 3481, 3454, 3269, 3390, 3125, 3173, 3265, 3267, 3334, 3054, 3500, 3474, 3284, 3390, 3092, 3439, 3410, 3153)
z_dir: 
[[ 0.02014925]
 [ 0.0102494 ]
 [ 0.99974445]]
[rosout][INFO] 2019-10-16 18:25:33,751: 
pdc: 
2437
electrode: 
(3027, 3481, 3454, 3269, 3391, 3124, 3173, 3265, 3268, 3334, 3054, 3500, 3475, 3284, 3390, 3093, 3439, 3410, 3154)
z_dir: 
[[ 0.0200508 ]
 [ 0.01026891]
 [ 0.99974623]]
[rosout][INFO] 2019-10-16 18:25:33,770: 
pdc: 
2437
electrode: 
(3027, 3482, 3454, 3269, 3390, 3124, 3173, 3265, 3267, 3334, 3054, 3500, 3475, 3284, 3390, 3093, 3439, 3409, 3154)
z_dir: 
[[ 0.02029561]
 [ 0.01019266]
 [ 0.99974207]]
[rosout][INFO] 2019-10-16 18:25:33,801: 
pdc: 
2437
electrode: 
(3026, 3481, 3454, 3269, 3391, 3124, 3173, 3265, 3267, 3335, 3054, 3500, 3474, 3284, 3390, 3093, 3439, 3410, 3154)
z_dir: 
[[ 0.02003191]
 [ 0.01020541]
 [ 0.99974725]]
[rosout][INFO] 2019-10-16 18:25:33,820: 
pdc: 
2437
electrode: 
(3027, 3482, 3454, 3269, 3390, 3124, 3173, 3265, 3267, 3334, 3054, 3500, 3475, 3284, 3390, 3093, 3439, 3410, 3154)
z_dir: 
[[ 0.02015931]
 [ 0.01019057]
 [ 0.99974484]]
[rosout][INFO] 2019-10-16 18:25:33,841: 
pdc: 
2437
electrode: 
(3027, 3480, 3455, 3269, 3390, 3124, 3173, 3265, 3267, 3334, 3054, 3500, 3475, 3284, 3389, 3092, 3439, 3410, 3154)
z_dir: 
[[ 0.01930358]
 [ 0.01117761]
 [ 0.99975119]]
[rosout][INFO] 2019-10-16 18:25:33,870: 
pdc: 
2437
electrode: 
(3028, 3481, 3455, 3269, 3390, 3124, 3173, 3265, 3267, 3334, 3055, 3500, 3475, 3285, 3390, 3093, 3439, 3411, 3154)
z_dir: 
[[ 0.02015624]
 [ 0.01021242]
 [ 0.99974468]]
[rosout][INFO] 2019-10-16 18:25:33,890: 
pdc: 
2437
electrode: 
(3027, 3482, 3455, 3269, 3390, 3124, 3173, 3265, 3267, 3333, 3054, 3500, 3475, 3285, 3390, 3093, 3439, 3410, 3154)
z_dir: 
[[ 0.02007638]
 [ 0.0101911 ]
 [ 0.99974651]]
[rosout][INFO] 2019-10-16 18:25:33,911: 
pdc: 
2437
electrode: 
(3027, 3481, 3454, 3269, 3390, 3124, 3173, 3266, 3267, 3334, 3054, 3500, 3475, 3284, 3390, 3092, 3439, 3410, 3154)
z_dir: 
[[ 0.01945317]
 [ 0.01122915]
 [ 0.99974771]]
[rosout][INFO] 2019-10-16 18:25:33,921: 
pdc: 
2436
electrode: 
(3027, 3481, 3454, 3269, 3390, 3124, 3174, 3265, 3267, 3334, 3054, 3500, 3475, 3284, 3390, 3093, 3439, 3410, 3154)
z_dir: 
[[ 0.0203822 ]
 [ 0.01021373]
 [ 0.99974009]]
[rosout][INFO] 2019-10-16 18:25:33,941: 
pdc: 
2437
electrode: 
(3027, 3482, 3455, 3268, 3390, 3124, 3174, 3266, 3267, 3334, 3053, 3499, 3474, 3284, 3389, 3093, 3439, 3411, 3155)
z_dir: 
[[ 0.01931482]
 [ 0.01119373]
 [ 0.99975079]]
[rosout][INFO] 2019-10-16 18:25:33,972: 
pdc: 
2437
electrode: 
(3027, 3481, 3454, 3269, 3390, 3124, 3173, 3265, 3267, 3334, 3054, 3500, 3475, 3284, 3390, 3092, 3438, 3410, 3154)
z_dir: 
[[ 0.02004485]
 [ 0.01020269]
 [ 0.99974702]]
[rosout][INFO] 2019-10-16 18:25:33,991: 
pdc: 
2437
electrode: 
(3028, 3481, 3454, 3269, 3390, 3124, 3173, 3265, 3267, 3334, 3054, 3500, 3474, 3284, 3390, 3093, 3438, 3410, 3154)
z_dir: 
[[ 0.02013946]
 [ 0.01024786]
 [ 0.99974466]]
[rosout][INFO] 2019-10-16 18:25:34,012: 
pdc: 
2437
electrode: 
(3027, 3481, 3454, 3269, 3390, 3124, 3173, 3265, 3267, 3334, 3054, 3500, 3475, 3285, 3390, 3093, 3439, 3410, 3154)
z_dir: 
[[ 0.02012997]
 [ 0.01020223]
 [ 0.99974532]]
[rosout][INFO] 2019-10-16 18:25:34,021: 
pdc: 
2437
electrode: 
(3027, 3481, 3454, 3269, 3390, 3124, 3173, 3265, 3268, 3334, 3054, 3500, 3474, 3284, 3390, 3093, 3438, 3410, 3154)
z_dir: 
[[ 0.02011471]
 [ 0.01017025]
 [ 0.99974595]]
[rosout][INFO] 2019-10-16 18:25:34,041: 
pdc: 
2437
electrode: 
(3027, 3481, 3454, 3269, 3390, 3123, 3173, 3265, 3267, 3334, 3054, 3500, 3475, 3284, 3389, 3093, 3439, 3411, 3154)
z_dir: 
[[ 0.01955368]
 [ 0.01115441]
 [ 0.99974658]]
[rosout][INFO] 2019-10-16 18:25:34,061: 
pdc: 
2437
electrode: 
(3028, 3481, 3454, 3269, 3390, 3124, 3174, 3265, 3267, 3335, 3054, 3500, 3475, 3284, 3390, 3093, 3439, 3410, 3154)
z_dir: 
[[ 0.02015195]
 [ 0.01016788]
 [ 0.99974522]]
[rosout][INFO] 2019-10-16 18:25:34,071: 
pdc: 
2437
electrode: 
(3028, 3482, 3454, 3269, 3390, 3124, 3173, 3265, 3267, 3334, 3054, 3500, 3474, 3285, 3390, 3093, 3439, 3410, 3154)
z_dir: 
[[ 0.02007768]
 [ 0.01032906]
 [ 0.99974507]]
[rosout][INFO] 2019-10-16 18:25:34,101: 
pdc: 
2437
electrode: 
(3027, 3482, 3454, 3269, 3391, 3124, 3173, 3265, 3268, 3334, 3054, 3500, 3474, 3285, 3390, 3093, 3439, 3410, 3155)
z_dir: 
[[ 0.02006926]
 [ 0.01027932]
 [ 0.99974575]]
[rosout][INFO] 2019-10-16 18:25:34,121: 
pdc: 
2437
electrode: 
(3027, 3481, 3454, 3270, 3390, 3124, 3173, 3265, 3267, 3334, 3054, 3500, 3475, 3284, 3389, 3092, 3439, 3410, 3154)
z_dir: 
[[ 0.02007024]
 [ 0.01022671]
 [ 0.99974627]]
[rosout][INFO] 2019-10-16 18:25:34,141: 
pdc: 
2437
electrode: 
(3027, 3481, 3455, 3269, 3390, 3124, 3174, 3265, 3267, 3334, 3054, 3500, 3475, 3284, 3390, 3093, 3438, 3410, 3155)
z_dir: 
[[ 0.02015094]
 [ 0.01019538]
 [ 0.99974496]]
[rosout][INFO] 2019-10-16 18:25:34,151: 
pdc: 
2437
electrode: 
(3027, 3482, 3454, 3269, 3390, 3124, 3173, 3265, 3267, 3334, 3054, 3500, 3474, 3285, 3390, 3093, 3439, 3410, 3154)
z_dir: 
[[ 0.02012229]
 [ 0.01015198]
 [ 0.99974598]]
[rosout][INFO] 2019-10-16 18:25:34,171: 
pdc: 
2437
electrode: 
(3027, 3482, 3453, 3269, 3390, 3124, 3173, 3265, 3267, 3333, 3054, 3500, 3475, 3284, 3390, 3092, 3439, 3409, 3154)
z_dir: 
[[ 0.02006676]
 [ 0.01019051]
 [ 0.99974671]]
[rosout][INFO] 2019-10-16 18:25:34,181: 
pdc: 
2437
electrode: 
(3027, 3481, 3454, 3269, 3390, 3124, 3173, 3265, 3268, 3334, 3054, 3500, 3475, 3285, 3390, 3093, 3439, 3410, 3154)
z_dir: 
[[ 0.02035896]
 [ 0.01022664]
 [ 0.99974043]]
[rosout][INFO] 2019-10-16 18:25:34,201: 
pdc: 
2437
electrode: 
(3027, 3481, 3454, 3269, 3390, 3124, 3174, 3265, 3267, 3334, 3055, 3500, 3475, 3284, 3390, 3093, 3439, 3410, 3155)
z_dir: 
[[ 0.02017391]
 [ 0.0102144 ]
 [ 0.99974431]]
[rosout][INFO] 2019-10-16 18:25:34,212: 
pdc: 
2437
electrode: 
(3027, 3482, 3454, 3269, 3390, 3124, 3173, 3265, 3267, 3335, 3054, 3500, 3475, 3284, 3390, 3093, 3438, 3411, 3154)
z_dir: 
[[ 0.02009312]
 [ 0.01028984]
 [ 0.99974516]]
[rosout][INFO] 2019-10-16 18:25:34,231: 
pdc: 
2437
electrode: 
(3027, 3481, 3454, 3269, 3390, 3124, 3173, 3266, 3267, 3334, 3054, 3499, 3475, 3284, 3390, 3093, 3439, 3410, 3154)
z_dir: 
[[ 0.02012275]
 [ 0.01019993]
 [ 0.99974549]]
[rosout][INFO] 2019-10-16 18:25:34,251: 
pdc: 
2437
electrode: 
(3027, 3482, 3455, 3269, 3390, 3124, 3174, 3265, 3267, 3334, 3054, 3500, 3474, 3284, 3390, 3093, 3439, 3410, 3154)
z_dir: 
[[ 0.02026895]
 [ 0.01020024]
 [ 0.99974253]]
[rosout][INFO] 2019-10-16 18:25:34,261: 
pdc: 
2437
electrode: 
(3027, 3481, 3454, 3269, 3390, 3124, 3173, 3265, 3267, 3335, 3054, 3500, 3475, 3284, 3390, 3093, 3439, 3411, 3155)
z_dir: 
[[ 0.02017528]
 [ 0.010289  ]
 [ 0.99974351]]
[rosout][INFO] 2019-10-16 18:25:34,281: 
pdc: 
2437
electrode: 
(3027, 3481, 3454, 3269, 3390, 3124, 3173, 3265, 3268, 3334, 3054, 3500, 3475, 3284, 3390, 3093, 3440, 3410, 3154)
z_dir: 
[[ 0.02014665]
 [ 0.01019011]
 [ 0.9997451 ]]
[rosout][INFO] 2019-10-16 18:25:34,291: 
pdc: 
2437
electrode: 
(3027, 3482, 3455, 3269, 3391, 3124, 3173, 3265, 3267, 3335, 3054, 3500, 3475, 3284, 3390, 3093, 3440, 3410, 3154)
z_dir: 
[[ 0.02014417]
 [ 0.01026733]
 [ 0.99974436]]
[rosout][INFO] 2019-10-16 18:25:34,312: 
pdc: 
2437
electrode: 
(3027, 3481, 3454, 3269, 3390, 3124, 3174, 3265, 3267, 3334, 3054, 3500, 3475, 3285, 3390, 3093, 3438, 3410, 3154)
z_dir: 
[[ 0.02017056]
 [ 0.01017292]
 [ 0.9997448 ]]
[rosout][INFO] 2019-10-16 18:25:34,331: 
pdc: 
2437
electrode: 
(3028, 3481, 3455, 3269, 3390, 3124, 3174, 3265, 3267, 3335, 3054, 3500, 3475, 3285, 3390, 3093, 3439, 3410, 3154)
z_dir: 
[[ 0.01998615]
 [ 0.01026947]
 [ 0.99974751]]
[rosout][INFO] 2019-10-16 18:25:34,342: 
pdc: 
2437
electrode: 
(3027, 3482, 3454, 3269, 3390, 3124, 3173, 3265, 3267, 3334, 3054, 3500, 3475, 3284, 3390, 3093, 3439, 3410, 3154)
z_dir: 
[[ 0.02024246]
 [ 0.01030345]
 [ 0.99974201]]
[rosout][INFO] 2019-10-16 18:25:34,372: 
pdc: 
2437
electrode: 
(3027, 3481, 3454, 3269, 3391, 3125, 3173, 3265, 3268, 3335, 3055, 3499, 3475, 3284, 3390, 3093, 3439, 3410, 3154)
z_dir: 
[[ 0.0200926 ]
 [ 0.01019515]
 [ 0.99974614]]
[rosout][INFO] 2019-10-16 18:25:34,381: 
pdc: 
2437
electrode: 
(3027, 3481, 3454, 3269, 3390, 3124, 3173, 3265, 3267, 3335, 3054, 3500, 3475, 3285, 3390, 3093, 3439, 3410, 3154)
z_dir: 
[[ 0.02008524]
 [ 0.01027474]
 [ 0.99974547]]
[rosout][INFO] 2019-10-16 18:25:34,402: 
pdc: 
2437
electrode: 
(3028, 3481, 3454, 3269, 3390, 3124, 3174, 3265, 3267, 3333, 3054, 3500, 3474, 3285, 3390, 3092, 3440, 3410, 3154)
z_dir: 
[[ 0.0201561 ]
 [ 0.0102683 ]
 [ 0.99974411]]
[rosout][INFO] 2019-10-16 18:25:34,413: 
pdc: 
2437
electrode: 
(3027, 3481, 3454, 3269, 3390, 3124, 3173, 3265, 3267, 3334, 3054, 3499, 3475, 3285, 3390, 3093, 3439, 3410, 3155)
z_dir: 
[[ 0.02010175]
 [ 0.01019412]
 [ 0.99974597]]
[rosout][INFO] 2019-10-16 18:25:34,431: 
pdc: 
2437
electrode: 
(3027, 3481, 3454, 3269, 3391, 3124, 3173, 3264, 3267, 3334, 3054, 3500, 3474, 3285, 3390, 3093, 3440, 3411, 3154)
z_dir: 
[[ 0.02024247]
 [ 0.01017218]
 [ 0.99974335]]
[rosout][INFO] 2019-10-16 18:25:34,442: 
pdc: 
2437
electrode: 
(3027, 3481, 3454, 3270, 3390, 3124, 3173, 3266, 3267, 3334, 3054, 3499, 3474, 3285, 3390, 3093, 3438, 3410, 3154)
z_dir: 
[[ 0.01936096]
 [ 0.01121294]
 [ 0.99974968]]
[rosout][INFO] 2019-10-16 18:25:34,461: 
pdc: 
2436
electrode: 
(3027, 3481, 3454, 3269, 3390, 3124, 3173, 3265, 3267, 3333, 3054, 3500, 3474, 3285, 3390, 3093, 3439, 3410, 3154)
z_dir: 
[[ 0.02009894]
 [ 0.01021503]
 [ 0.99974581]]
[rosout][INFO] 2019-10-16 18:25:34,472: 
pdc: 
2437
electrode: 
(3027, 3482, 3454, 3269, 3390, 3124, 3173, 3265, 3267, 3334, 3054, 3500, 3475, 3285, 3390, 3093, 3439, 3410, 3154)
z_dir: 
[[ 0.01939573]
 [ 0.01113073]
 [ 0.99974993]]
[rosout][INFO] 2019-10-16 18:25:34,491: 
pdc: 
2437
electrode: 
(3027, 3482, 3454, 3269, 3390, 3124, 3174, 3264, 3267, 3334, 3054, 3500, 3475, 3285, 3390, 3093, 3439, 3410, 3155)
z_dir: 
[[ 0.02017491]
 [ 0.01016616]
 [ 0.99974478]]
[rosout][INFO] 2019-10-16 18:25:34,522: 
pdc: 
2437
electrode: 
(3026, 3481, 3454, 3269, 3390, 3125, 3173, 3265, 3267, 3334, 3054, 3499, 3475, 3284, 3390, 3093, 3439, 3410, 3154)
z_dir: 
[[ 0.02001593]
 [ 0.01023976]
 [ 0.99974722]]
[rosout][INFO] 2019-10-16 18:25:34,541: 
pdc: 
2437
electrode: 
(3027, 3481, 3454, 3269, 3390, 3124, 3174, 3265, 3267, 3334, 3054, 3501, 3475, 3284, 3390, 3093, 3438, 3410, 3154)
z_dir: 
[[ 0.02006607]
 [ 0.01021329]
 [ 0.99974649]]
[rosout][INFO] 2019-10-16 18:25:34,552: 
pdc: 
2437
electrode: 
(3027, 3481, 3454, 3269, 3390, 3124, 3174, 3264, 3267, 3334, 3054, 3499, 3475, 3284, 3390, 3093, 3439, 3411, 3154)
z_dir: 
[[ 0.02019104]
 [ 0.01017955]
 [ 0.99974432]]
[rosout][INFO] 2019-10-16 18:25:34,571: 
pdc: 
2437
electrode: 
(3027, 3482, 3454, 3269, 3391, 3124, 3174, 3265, 3267, 3334, 3054, 3501, 3475, 3284, 3390, 3093, 3438, 3410, 3154)
z_dir: 
[[ 0.01934456]
 [ 0.01129455]
 [ 0.99974908]]
[rosout][INFO] 2019-10-16 18:25:34,583: 
pdc: 
2437
electrode: 
(3028, 3481, 3454, 3269, 3390, 3124, 3173, 3265, 3268, 3334, 3054, 3500, 3475, 3285, 3389, 3092, 3439, 3409, 3154)
z_dir: 
[[ 0.02024104]
 [ 0.0102223 ]
 [ 0.99974287]]
[rosout][INFO] 2019-10-16 18:25:34,602: 
pdc: 
2437
electrode: 
(3027, 3481, 3454, 3269, 3390, 3124, 3173, 3265, 3267, 3334, 3054, 3500, 3475, 3285, 3390, 3093, 3439, 3410, 3154)
z_dir: 
[[ 0.02017302]
 [ 0.01015755]
 [ 0.9997449 ]]
[rosout][INFO] 2019-10-16 18:25:34,622: 
pdc: 
2437
electrode: 
(3026, 3481, 3454, 3269, 3390, 3124, 3173, 3265, 3267, 3334, 3054, 3500, 3474, 3284, 3389, 3093, 3438, 3410, 3155)
z_dir: 
[[ 0.0194884 ]
 [ 0.01122853]
 [ 0.99974703]]
[rosout][INFO] 2019-10-16 18:25:34,642: 
pdc: 
2437
electrode: 
(3027, 3481, 3454, 3270, 3390, 3124, 3173, 3265, 3267, 3334, 3054, 3500, 3475, 3285, 3390, 3093, 3439, 3410, 3154)
z_dir: 
[[ 0.01946453]
 [ 0.01121656]
 [ 0.99974763]]
[rosout][INFO] 2019-10-16 18:25:34,652: 
pdc: 
2437
electrode: 
(3027, 3482, 3455, 3269, 3390, 3124, 3173, 3265, 3267, 3334, 3054, 3501, 3475, 3284, 3390, 3093, 3439, 3410, 3154)
z_dir: 
[[ 0.0200789 ]
 [ 0.0102203 ]
 [ 0.99974616]]
[rosout][INFO] 2019-10-16 18:25:34,672: 
pdc: 
2437
electrode: 
(3027, 3482, 3454, 3269, 3390, 3124, 3174, 3265, 3268, 3334, 3054, 3500, 3474, 3284, 3390, 3093, 3440, 3410, 3155)
z_dir: 
[[ 0.01939017]
 [ 0.01120772]
 [ 0.99974917]]
[rosout][INFO] 2019-10-16 18:25:34,692: 
pdc: 
2437
electrode: 
(3027, 3482, 3454, 3269, 3390, 3124, 3174, 3266, 3266, 3334, 3054, 3500, 3474, 3285, 3389, 3092, 3439, 3410, 3154)
z_dir: 
[[ 0.02006825]
 [ 0.01024689]
 [ 0.9997461 ]]
[rospy.core][INFO] 2019-10-16 18:25:34,693: signal_shutdown [signal-2]
[rospy.internal][INFO] 2019-10-16 18:25:34,705: topic[/rosout] removing connection to /rosout
[rospy.internal][INFO] 2019-10-16 18:25:34,706: topic[/biotac_pub] removing connection to http://student-lasa:33843/
[rospy.internal][INFO] 2019-10-16 18:25:34,706: topic[/vrpn_client_node/normalSurface/pose] removing connection to http://student-lasa:45067/
[rospy.internal][INFO] 2019-10-16 18:25:34,706: topic[/vrpn_client_node/baseHand/pose] removing connection to http://student-lasa:45067/
[rospy.impl.masterslave][INFO] 2019-10-16 18:25:34,707: signal-2
[rospy.rosout][ERROR] 2019-10-16 18:25:34,707: Unable to report rosout: publish() to a closed topic
Traceback (most recent call last):
  File "/opt/ros/kinetic/lib/python2.7/dist-packages/rospy/impl/rosout.py", line 91, in _rosout
    _rosout_pub.publish(l)
  File "/opt/ros/kinetic/lib/python2.7/dist-packages/rospy/topics.py", line 882, in publish
    self.impl.publish(data)
  File "/opt/ros/kinetic/lib/python2.7/dist-packages/rospy/topics.py", line 1041, in publish
    raise ROSException("publish() to a closed topic")
ROSException: publish() to a closed topic

[rosout][INFO] 2019-10-16 18:25:34,705: 
pdc: 
2437
electrode: 
(3027, 3482, 3454, 3270, 3390, 3124, 3173, 3265, 3267, 3334, 3054, 3500, 3475, 3285, 3390, 3092, 3439, 3411, 3155)
z_dir: 
[[ 0.02006726]
 [ 0.01028447]
 [ 0.99974574]]
[rospy.core][INFO] 2019-10-16 18:25:34,823: signal_shutdown [atexit]
