[rospy.client][INFO] 2019-10-16 18:15:42,760: init_node, name[/biochip_listener_15294_1571242542743], pid[15294]
[xmlrpc][INFO] 2019-10-16 18:15:42,760: XML-RPC server binding to 0.0.0.0:0
[xmlrpc][INFO] 2019-10-16 18:15:42,760: Started XML-RPC server [http://student-lasa:35495/]
[rospy.init][INFO] 2019-10-16 18:15:42,760: ROS Slave URI: [http://student-lasa:35495/]
[rospy.impl.masterslave][INFO] 2019-10-16 18:15:42,761: _ready: http://student-lasa:35495/
[xmlrpc][INFO] 2019-10-16 18:15:42,761: xml rpc node: starting XML-RPC server
[rospy.registration][INFO] 2019-10-16 18:15:42,761: Registering with master node http://localhost:11311
[rospy.init][INFO] 2019-10-16 18:15:42,861: registered with master
[rospy.rosout][INFO] 2019-10-16 18:15:42,861: initializing /rosout core topic
[rospy.rosout][INFO] 2019-10-16 18:15:42,865: connected to core topic /rosout
[rospy.simtime][INFO] 2019-10-16 18:15:42,867: /use_sim_time is not set, will not subscribe to simulated time [/clock] topic
[rospy.internal][INFO] 2019-10-16 18:15:42,877: topic[/biotac_pub] adding connection to [http://student-lasa:33843/], count 0
[rospy.internal][INFO] 2019-10-16 18:15:42,885: topic[/vrpn_client_node/normalSurface/pose] adding connection to [http://student-lasa:45067/], count 0
[rospy.internal][INFO] 2019-10-16 18:15:42,886: topic[/vrpn_client_node/baseHand/pose] adding connection to [http://student-lasa:45067/], count 0
[rospy.internal][INFO] 2019-10-16 18:15:43,099: topic[/rosout] adding connection to [/rosout], count 0
[rosout][INFO] 2019-10-16 18:15:48,548: 
pdc: 
2409
electrode: 
(2989, 3449, 3416, 3219, 3348, 3070, 3143, 3232, 3235, 3299, 3022, 3469, 3439, 3239, 3349, 3040, 3403, 3368, 3105)
z_dir: 
[[ 0.01939123]
 [ 0.02830247]
 [ 0.9994113 ]]
[rosout][INFO] 2019-10-16 18:15:48,724: 
pdc: 
2410
electrode: 
(2989, 3449, 3416, 3219, 3349, 3070, 3143, 3232, 3235, 3299, 3022, 3468, 3439, 3239, 3350, 3040, 3402, 3368, 3105)
z_dir: 
[[ 0.01919104]
 [ 0.02827377]
 [ 0.99941598]]
[rosout][INFO] 2019-10-16 18:15:48,882: 
pdc: 
2409
electrode: 
(2989, 3449, 3416, 3219, 3348, 3070, 3143, 3231, 3235, 3299, 3022, 3468, 3439, 3239, 3350, 3040, 3403, 3368, 3106)
z_dir: 
[[ 0.01946078]
 [ 0.02840654]
 [ 0.999407  ]]
[rosout][INFO] 2019-10-16 18:15:49,023: 
pdc: 
2410
electrode: 
(2989, 3448, 3417, 3219, 3348, 3070, 3143, 3232, 3235, 3299, 3022, 3468, 3439, 3239, 3350, 3040, 3402, 3368, 3106)
z_dir: 
[[ 0.01924902]
 [ 0.0283516 ]
 [ 0.99941266]]
[rosout][INFO] 2019-10-16 18:15:49,247: 
pdc: 
2410
electrode: 
(2988, 3450, 3417, 3220, 3348, 3070, 3142, 3231, 3235, 3300, 3022, 3469, 3439, 3239, 3349, 3040, 3403, 3368, 3105)
z_dir: 
[[ 0.0191291 ]
 [ 0.02830586]
 [ 0.99941626]]
[rosout][INFO] 2019-10-16 18:15:49,579: 
pdc: 
2410
electrode: 
(2989, 3449, 3417, 3220, 3349, 3071, 3142, 3232, 3235, 3300, 3022, 3468, 3438, 3238, 3348, 3040, 3402, 3368, 3106)
z_dir: 
[[-0.17116367]
 [-0.02314814]
 [ 0.98497064]]
[rosout][INFO] 2019-10-16 18:15:49,679: 
pdc: 
2410
electrode: 
(2988, 3449, 3416, 3220, 3348, 3071, 3143, 3232, 3235, 3299, 3022, 3468, 3439, 3239, 3349, 3040, 3402, 3368, 3106)
z_dir: 
[[-0.15339823]
 [ 0.07928724]
 [ 0.98497843]]
[rosout][INFO] 2019-10-16 18:15:49,810: 
pdc: 
2410
electrode: 
(2989, 3449, 3416, 3219, 3348, 3070, 3143, 3232, 3235, 3299, 3021, 3468, 3439, 3239, 3350, 3040, 3403, 3368, 3106)
z_dir: 
[[ 0.00548238]
 [ 0.12776575]
 [ 0.99178922]]
[rosout][INFO] 2019-10-16 18:15:49,837: 
pdc: 
2410
electrode: 
(2989, 3449, 3416, 3220, 3349, 3070, 3142, 3232, 3235, 3299, 3022, 3468, 3438, 3239, 3350, 3040, 3402, 3369, 3106)
z_dir: 
[[ 0.03330391]
 [ 0.14020975]
 [ 0.98956156]]
[rosout][INFO] 2019-10-16 18:15:49,949: 
pdc: 
2410
electrode: 
(2989, 3449, 3415, 3219, 3348, 3071, 3143, 3231, 3235, 3299, 3021, 3467, 3438, 3239, 3350, 3040, 3403, 3368, 3106)
z_dir: 
[[ 0.09459671]
 [ 0.14893022]
 [ 0.98431258]]
[rosout][INFO] 2019-10-16 18:15:50,019: 
pdc: 
2410
electrode: 
(2988, 3448, 3416, 3219, 3349, 3071, 3142, 3232, 3235, 3299, 3021, 3468, 3439, 3239, 3350, 3040, 3403, 3369, 3106)
z_dir: 
[[-0.22876729]
 [ 0.07558768]
 [ 0.97054213]]
[rosout][INFO] 2019-10-16 18:15:50,097: 
pdc: 
2410
electrode: 
(2988, 3449, 3416, 3219, 3348, 3071, 3142, 3231, 3235, 3300, 3022, 3468, 3439, 3239, 3350, 3040, 3402, 3368, 3106)
z_dir: 
[[ 0.0685856 ]
 [ 0.05402251]
 [ 0.9961815 ]]
[rosout][INFO] 2019-10-16 18:15:50,232: 
pdc: 
2410
electrode: 
(2988, 3449, 3416, 3219, 3348, 3070, 3142, 3231, 3234, 3299, 3022, 3468, 3440, 3239, 3349, 3040, 3403, 3369, 3105)
z_dir: 
[[ 0.02591544]
 [ 0.07861009]
 [ 0.99656853]]
[rosout][INFO] 2019-10-16 18:15:50,380: 
pdc: 
2410
electrode: 
(2988, 3450, 3416, 3220, 3349, 3070, 3142, 3232, 3234, 3300, 3021, 3468, 3439, 3239, 3350, 3040, 3402, 3368, 3106)
z_dir: 
[[-0.01428261]
 [ 0.08292298]
 [ 0.9964536 ]]
[rosout][INFO] 2019-10-16 18:15:50,510: 
pdc: 
2410
electrode: 
(2988, 3449, 3416, 3220, 3348, 3071, 3142, 3232, 3235, 3298, 3021, 3468, 3439, 3239, 3349, 3040, 3402, 3368, 3105)
z_dir: 
[[-0.02758591]
 [ 0.07302769]
 [ 0.99694833]]
[rosout][INFO] 2019-10-16 18:15:50,553: 
pdc: 
2410
electrode: 
(2988, 3449, 3416, 3220, 3348, 3071, 3143, 3231, 3234, 3300, 3022, 3468, 3439, 3240, 3350, 3040, 3402, 3368, 3105)
z_dir: 
[[-0.03908211]
 [ 0.06279717]
 [ 0.9972608 ]]
[rosout][INFO] 2019-10-16 18:15:50,631: 
pdc: 
2410
electrode: 
(2988, 3449, 3416, 3219, 3348, 3071, 3142, 3231, 3235, 3299, 3022, 3468, 3438, 3239, 3350, 3040, 3402, 3368, 3106)
z_dir: 
[[-0.04629569]
 [ 0.05208173]
 [ 0.99756915]]
[rosout][INFO] 2019-10-16 18:15:50,675: 
pdc: 
2410
electrode: 
(2988, 3449, 3416, 3220, 3348, 3071, 3142, 3231, 3234, 3300, 3022, 3468, 3439, 3240, 3350, 3040, 3402, 3368, 3106)
z_dir: 
[[-0.01364862]
 [ 0.03605478]
 [ 0.99925661]]
[rosout][INFO] 2019-10-16 18:15:50,856: 
pdc: 
2410
electrode: 
(2988, 3449, 3416, 3219, 3349, 3071, 3142, 3231, 3234, 3299, 3022, 3469, 3439, 3240, 3350, 3041, 3402, 3368, 3106)
z_dir: 
[[ 0.00469903]
 [ 0.04496041]
 [ 0.99897772]]
[rosout][INFO] 2019-10-16 18:15:51,024: 
pdc: 
2410
electrode: 
(2988, 3449, 3416, 3219, 3348, 3071, 3141, 3231, 3235, 3299, 3022, 3468, 3438, 3240, 3350, 3040, 3402, 3368, 3106)
z_dir: 
[[-0.01023022]
 [ 0.03170268]
 [ 0.99944499]]
[rosout][INFO] 2019-10-16 18:15:51,056: 
pdc: 
2410
electrode: 
(2988, 3449, 3416, 3219, 3348, 3070, 3142, 3231, 3234, 3299, 3022, 3468, 3439, 3239, 3350, 3040, 3402, 3368, 3106)
z_dir: 
[[-0.00510964]
 [ 0.03006113]
 [ 0.999535  ]]
[rosout][INFO] 2019-10-16 18:15:51,095: 
pdc: 
2410
electrode: 
(2988, 3449, 3416, 3219, 3348, 3071, 3142, 3231, 3235, 3299, 3021, 3467, 3439, 3240, 3350, 3040, 3403, 3369, 3106)
z_dir: 
[[-0.00493311]
 [ 0.03056121]
 [ 0.99952072]]
[rosout][INFO] 2019-10-16 18:15:51,159: 
pdc: 
2410
electrode: 
(2988, 3449, 3416, 3220, 3349, 3070, 3142, 3231, 3234, 3299, 3021, 3468, 3439, 3240, 3351, 3040, 3403, 3369, 3106)
z_dir: 
[[-0.00493903]
 [ 0.03059883]
 [ 0.99951954]]
[rosout][INFO] 2019-10-16 18:15:51,218: 
pdc: 
2410
electrode: 
(2988, 3449, 3416, 3220, 3349, 3070, 3142, 3231, 3235, 3299, 3021, 3467, 3439, 3240, 3349, 3041, 3402, 3368, 3106)
z_dir: 
[[-0.00493025]
 [ 0.03041732]
 [ 0.99952513]]
[rosout][INFO] 2019-10-16 18:15:51,308: 
pdc: 
2410
electrode: 
(2989, 3449, 3416, 3220, 3348, 3071, 3142, 3231, 3235, 3299, 3021, 3469, 3438, 3239, 3350, 3040, 3402, 3368, 3106)
z_dir: 
[[-0.00457142]
 [ 0.03047942]
 [ 0.99952494]]
[rosout][INFO] 2019-10-16 18:15:51,432: 
pdc: 
2410
electrode: 
(2988, 3449, 3416, 3220, 3348, 3071, 3142, 3231, 3234, 3299, 3021, 3469, 3439, 3240, 3350, 3040, 3403, 3368, 3106)
z_dir: 
[[-0.00422823]
 [ 0.03039868]
 [ 0.99952891]]
[rosout][INFO] 2019-10-16 18:15:51,523: 
pdc: 
2410
electrode: 
(2988, 3449, 3416, 3220, 3348, 3070, 3142, 3231, 3234, 3299, 3021, 3468, 3440, 3239, 3350, 3040, 3402, 3368, 3106)
z_dir: 
[[-0.0044547 ]
 [ 0.03040826]
 [ 0.99952764]]
[rosout][INFO] 2019-10-16 18:15:51,557: 
pdc: 
2411
electrode: 
(2988, 3449, 3416, 3220, 3348, 3070, 3143, 3231, 3234, 3298, 3021, 3468, 3440, 3240, 3350, 3040, 3402, 3367, 3105)
z_dir: 
[[-0.00427608]
 [ 0.03056116]
 [ 0.99952375]]
[rosout][INFO] 2019-10-16 18:15:51,590: 
pdc: 
2410
electrode: 
(2987, 3449, 3416, 3220, 3349, 3071, 3142, 3231, 3234, 3299, 3021, 3468, 3439, 3240, 3349, 3040, 3403, 3369, 3106)
z_dir: 
[[-0.00549342]
 [ 0.03121861]
 [ 0.99949748]]
[rosout][INFO] 2019-10-16 18:15:51,633: 
pdc: 
2410
electrode: 
(2988, 3449, 3416, 3220, 3348, 3071, 3142, 3231, 3234, 3299, 3021, 3468, 3439, 3239, 3350, 3040, 3402, 3369, 3106)
z_dir: 
[[-0.00444554]
 [ 0.03034489]
 [ 0.9995296 ]]
[rosout][INFO] 2019-10-16 18:15:51,711: 
pdc: 
2411
electrode: 
(2987, 3449, 3416, 3220, 3348, 3071, 3142, 3232, 3235, 3299, 3021, 3467, 3439, 3240, 3350, 3040, 3402, 3368, 3106)
z_dir: 
[[-0.00464636]
 [ 0.03031652]
 [ 0.99952955]]
[rosout][INFO] 2019-10-16 18:15:51,722: 
pdc: 
2410
electrode: 
(2988, 3448, 3416, 3220, 3348, 3071, 3142, 3231, 3235, 3299, 3021, 3468, 3438, 3240, 3350, 3041, 3402, 3368, 3106)
z_dir: 
[[-0.00543061]
 [ 0.03125555]
 [ 0.99949667]]
[rosout][INFO] 2019-10-16 18:15:51,763: 
pdc: 
2410
electrode: 
(2988, 3449, 3417, 3220, 3348, 3071, 3142, 3232, 3234, 3299, 3021, 3468, 3439, 3239, 3350, 3041, 3402, 3368, 3106)
z_dir: 
[[-0.00417012]
 [ 0.03039566]
 [ 0.99952925]]
[rosout][INFO] 2019-10-16 18:15:51,843: 
pdc: 
2410
electrode: 
(2988, 3449, 3416, 3220, 3349, 3071, 3142, 3231, 3234, 3299, 3021, 3468, 3439, 3240, 3349, 3041, 3402, 3368, 3106)
z_dir: 
[[-0.00435338]
 [ 0.03033661]
 [ 0.99953026]]
[rosout][INFO] 2019-10-16 18:15:51,873: 
pdc: 
2410
electrode: 
(2988, 3449, 3416, 3220, 3349, 3071, 3142, 3231, 3234, 3300, 3021, 3469, 3439, 3239, 3350, 3040, 3402, 3369, 3106)
z_dir: 
[[-0.00454637]
 [ 0.03055301]
 [ 0.99952281]]
[rosout][INFO] 2019-10-16 18:15:51,903: 
pdc: 
2410
electrode: 
(2988, 3449, 3416, 3220, 3348, 3071, 3142, 3231, 3235, 3299, 3022, 3469, 3439, 3240, 3350, 3040, 3402, 3368, 3106)
z_dir: 
[[-0.00553257]
 [ 0.03124   ]
 [ 0.9994966 ]]
[rosout][INFO] 2019-10-16 18:15:51,934: 
pdc: 
2410
electrode: 
(2988, 3449, 3416, 3220, 3348, 3071, 3142, 3232, 3234, 3299, 3021, 3469, 3439, 3240, 3350, 3040, 3402, 3368, 3106)
z_dir: 
[[ -1.17665022e-04]
 [  2.69971077e-02]
 [  9.99635505e-01]]
[rosout][INFO] 2019-10-16 18:15:51,964: 
pdc: 
2410
electrode: 
(2988, 3448, 3416, 3220, 3349, 3071, 3142, 3231, 3234, 3299, 3021, 3468, 3439, 3240, 3350, 3040, 3401, 3369, 3106)
z_dir: 
[[-0.00383563]
 [ 0.02923102]
 [ 0.99956532]]
[rosout][INFO] 2019-10-16 18:15:52,003: 
pdc: 
2410
electrode: 
(2988, 3449, 3417, 3220, 3348, 3071, 3143, 3232, 3234, 3299, 3022, 3467, 3439, 3240, 3350, 3040, 3402, 3369, 3106)
z_dir: 
[[-0.00551885]
 [ 0.03123874]
 [ 0.99949672]]
[rosout][INFO] 2019-10-16 18:15:52,044: 
pdc: 
2410
electrode: 
(2988, 3449, 3416, 3220, 3349, 3071, 3142, 3231, 3234, 3299, 3021, 3469, 3439, 3240, 3350, 3040, 3402, 3369, 3106)
z_dir: 
[[-0.00472329]
 [ 0.03033123]
 [ 0.99952874]]
[rosout][INFO] 2019-10-16 18:15:52,083: 
pdc: 
2410
electrode: 
(2988, 3449, 3416, 3220, 3349, 3071, 3142, 3231, 3235, 3299, 3021, 3468, 3439, 3240, 3350, 3040, 3401, 3369, 3106)
z_dir: 
[[-0.00563047]
 [ 0.03116946]
 [ 0.99949826]]
[rosout][INFO] 2019-10-16 18:15:52,124: 
pdc: 
2410
electrode: 
(2988, 3449, 3416, 3220, 3348, 3071, 3142, 3231, 3235, 3299, 3021, 3467, 3439, 3240, 3350, 3040, 3402, 3369, 3106)
z_dir: 
[[-0.00454601]
 [ 0.03026458]
 [ 0.99953158]]
[rosout][INFO] 2019-10-16 18:15:52,183: 
pdc: 
2410
electrode: 
(2988, 3450, 3416, 3220, 3349, 3071, 3142, 3230, 3234, 3299, 3021, 3468, 3439, 3240, 3350, 3040, 3402, 3369, 3106)
z_dir: 
[[-0.00478965]
 [ 0.02981276]
 [ 0.99954403]]
[rosout][INFO] 2019-10-16 18:15:52,309: 
pdc: 
2410
electrode: 
(2987, 3449, 3416, 3220, 3349, 3071, 3142, 3231, 3235, 3299, 3021, 3468, 3439, 3240, 3350, 3041, 3402, 3369, 3106)
z_dir: 
[[-0.00615481]
 [ 0.03118005]
 [ 0.99949483]]
[rosout][INFO] 2019-10-16 18:15:52,343: 
pdc: 
2410
electrode: 
(2988, 3449, 3416, 3220, 3349, 3071, 3142, 3231, 3234, 3300, 3021, 3468, 3439, 3240, 3350, 3040, 3402, 3368, 3106)
z_dir: 
[[-0.00448415]
 [ 0.03036359]
 [ 0.99952886]]
[rosout][INFO] 2019-10-16 18:15:52,352: 
pdc: 
2410
electrode: 
(2988, 3449, 3416, 3220, 3348, 3071, 3141, 3231, 3234, 3299, 3021, 3468, 3440, 3240, 3350, 3040, 3402, 3369, 3106)
z_dir: 
[[-0.0045475 ]
 [ 0.03039616]
 [ 0.99952759]]
[rosout][INFO] 2019-10-16 18:15:52,382: 
pdc: 
2411
electrode: 
(2988, 3449, 3416, 3220, 3349, 3071, 3142, 3231, 3234, 3299, 3021, 3467, 3438, 3240, 3350, 3040, 3402, 3369, 3106)
z_dir: 
[[-0.00560897]
 [ 0.03113835]
 [ 0.99949935]]
[rosout][INFO] 2019-10-16 18:15:52,412: 
pdc: 
2410
electrode: 
(2988, 3449, 3416, 3221, 3349, 3071, 3142, 3231, 3234, 3299, 3021, 3468, 3439, 3239, 3349, 3040, 3402, 3369, 3106)
z_dir: 
[[-0.00421571]
 [ 0.03035872]
 [ 0.99953018]]
[rosout][INFO] 2019-10-16 18:15:52,443: 
pdc: 
2410
electrode: 
(2988, 3449, 3416, 3220, 3349, 3071, 3142, 3232, 3234, 3299, 3021, 3468, 3439, 3240, 3350, 3041, 3401, 3369, 3106)
z_dir: 
[[-0.0041179 ]
 [ 0.03049796]
 [ 0.99952635]]
[rosout][INFO] 2019-10-16 18:15:52,471: 
pdc: 
2410
electrode: 
(2988, 3449, 3417, 3220, 3348, 3071, 3142, 3231, 3235, 3298, 3021, 3468, 3438, 3239, 3349, 3040, 3402, 3368, 3106)
z_dir: 
[[-0.00429153]
 [ 0.03036095]
 [ 0.99952979]]
[rosout][INFO] 2019-10-16 18:15:52,502: 
pdc: 
2410
electrode: 
(2988, 3448, 3417, 3220, 3348, 3071, 3142, 3231, 3234, 3299, 3021, 3468, 3439, 3240, 3350, 3040, 3402, 3369, 3106)
z_dir: 
[[-0.00445053]
 [ 0.03051964]
 [ 0.99952426]]
[rosout][INFO] 2019-10-16 18:15:52,534: 
pdc: 
2411
electrode: 
(2989, 3449, 3416, 3220, 3348, 3071, 3142, 3231, 3234, 3299, 3021, 3469, 3439, 3240, 3350, 3041, 3402, 3369, 3106)
z_dir: 
[[-0.00458662]
 [ 0.03041014]
 [ 0.99952698]]
[rosout][INFO] 2019-10-16 18:15:52,593: 
pdc: 
2411
electrode: 
(2988, 3449, 3416, 3220, 3348, 3071, 3142, 3232, 3235, 3299, 3021, 3468, 3439, 3240, 3350, 3041, 3402, 3368, 3106)
z_dir: 
[[-0.00443107]
 [ 0.03052225]
 [ 0.99952427]]
[rosout][INFO] 2019-10-16 18:15:52,632: 
pdc: 
2411
electrode: 
(2988, 3449, 3416, 3220, 3349, 3071, 3141, 3231, 3235, 3299, 3021, 3469, 3439, 3240, 3350, 3040, 3402, 3369, 3106)
z_dir: 
[[-0.00531241]
 [ 0.03131059]
 [ 0.99949559]]
[rosout][INFO] 2019-10-16 18:15:52,663: 
pdc: 
2410
electrode: 
(2988, 3448, 3416, 3220, 3349, 3071, 3142, 3231, 3235, 3299, 3021, 3468, 3439, 3240, 3350, 3040, 3403, 3369, 3106)
z_dir: 
[[-0.00511982]
 [ 0.03119024]
 [ 0.99950035]]
[rosout][INFO] 2019-10-16 18:15:52,734: 
pdc: 
2410
electrode: 
(2988, 3449, 3417, 3221, 3348, 3071, 3142, 3230, 3234, 3299, 3021, 3468, 3439, 3240, 3350, 3040, 3402, 3368, 3106)
z_dir: 
[[-0.00457384]
 [ 0.03034776]
 [ 0.99952894]]
[rosout][INFO] 2019-10-16 18:15:52,796: 
pdc: 
2411
electrode: 
(2988, 3449, 3416, 3220, 3349, 3072, 3142, 3231, 3234, 3299, 3021, 3468, 3439, 3240, 3350, 3040, 3402, 3368, 3106)
z_dir: 
[[-0.00444467]
 [ 0.03047404]
 [ 0.99952568]]
[rosout][INFO] 2019-10-16 18:15:52,827: 
pdc: 
2411
electrode: 
(2987, 3448, 3416, 3220, 3349, 3071, 3142, 3231, 3234, 3299, 3021, 3468, 3440, 3239, 3349, 3041, 3403, 3369, 3106)
z_dir: 
[[-0.00557102]
 [ 0.03111265]
 [ 0.99950036]]
[rosout][INFO] 2019-10-16 18:15:52,864: 
pdc: 
2410
electrode: 
(2988, 3449, 3416, 3220, 3349, 3071, 3142, 3230, 3234, 3299, 3021, 3468, 3439, 3240, 3350, 3041, 3403, 3368, 3106)
z_dir: 
[[-0.00547661]
 [ 0.03139468]
 [ 0.99949206]]
[rosout][INFO] 2019-10-16 18:15:52,896: 
pdc: 
2410
electrode: 
(2988, 3449, 3416, 3220, 3349, 3071, 3142, 3231, 3234, 3299, 3021, 3468, 3439, 3240, 3350, 3040, 3402, 3368, 3106)
z_dir: 
[[-0.00418077]
 [ 0.03040007]
 [ 0.99952907]]
[rosout][INFO] 2019-10-16 18:15:52,964: 
pdc: 
2410
electrode: 
(2988, 3449, 3416, 3221, 3349, 3071, 3142, 3231, 3235, 3299, 3021, 3468, 3439, 3240, 3350, 3040, 3402, 3369, 3106)
z_dir: 
[[-0.00437957]
 [ 0.0304185 ]
 [ 0.99952766]]
[rosout][INFO] 2019-10-16 18:15:52,997: 
pdc: 
2411
electrode: 
(2987, 3449, 3416, 3220, 3349, 3071, 3141, 3232, 3234, 3300, 3021, 3468, 3438, 3240, 3350, 3041, 3402, 3369, 3106)
z_dir: 
[[-0.00459767]
 [ 0.03037269]
 [ 0.99952807]]
[rosout][INFO] 2019-10-16 18:15:53,011: 
pdc: 
2411
electrode: 
(2987, 3449, 3417, 3220, 3348, 3071, 3141, 3230, 3234, 3299, 3021, 3468, 3439, 3240, 3350, 3040, 3402, 3369, 3106)
z_dir: 
[[-0.00529737]
 [ 0.03120949]
 [ 0.99949883]]
[rosout][INFO] 2019-10-16 18:15:53,034: 
pdc: 
2410
electrode: 
(2988, 3448, 3416, 3220, 3349, 3071, 3141, 3231, 3234, 3299, 3021, 3467, 3439, 3240, 3351, 3041, 3402, 3369, 3106)
z_dir: 
[[-0.0056454 ]
 [ 0.03117977]
 [ 0.99949785]]
[rosout][INFO] 2019-10-16 18:15:53,066: 
pdc: 
2410
electrode: 
(2988, 3449, 3417, 3221, 3349, 3071, 3143, 3231, 3234, 3299, 3021, 3468, 3439, 3240, 3350, 3041, 3402, 3369, 3106)
z_dir: 
[[-0.00438101]
 [ 0.03044457]
 [ 0.99952686]]
[rosout][INFO] 2019-10-16 18:15:53,106: 
pdc: 
2411
electrode: 
(2988, 3449, 3417, 3220, 3348, 3071, 3142, 3231, 3234, 3298, 3021, 3468, 3439, 3240, 3350, 3040, 3402, 3369, 3106)
z_dir: 
[[-0.00548259]
 [ 0.03129632]
 [ 0.99949511]]
[rosout][INFO] 2019-10-16 18:15:53,135: 
pdc: 
2411
electrode: 
(2988, 3448, 3416, 3220, 3349, 3071, 3142, 3231, 3235, 3299, 3021, 3468, 3439, 3239, 3350, 3041, 3402, 3369, 3106)
z_dir: 
[[-0.00459816]
 [ 0.03035166]
 [ 0.99952871]]
[rosout][INFO] 2019-10-16 18:15:53,176: 
pdc: 
2411
electrode: 
(2987, 3449, 3416, 3220, 3349, 3071, 3142, 3231, 3234, 3299, 3021, 3468, 3438, 3240, 3350, 3041, 3402, 3369, 3106)
z_dir: 
[[-0.00545255]
 [ 0.03126844]
 [ 0.99949615]]
[rosout][INFO] 2019-10-16 18:15:53,244: 
pdc: 
2410
electrode: 
(2987, 3448, 3416, 3220, 3349, 3070, 3142, 3230, 3234, 3299, 3021, 3469, 3439, 3240, 3350, 3040, 3403, 3368, 3106)
z_dir: 
[[-0.00410444]
 [ 0.03040261]
 [ 0.99952931]]
[rosout][INFO] 2019-10-16 18:15:53,277: 
pdc: 
2411
electrode: 
(2988, 3449, 3416, 3220, 3348, 3071, 3141, 3230, 3234, 3298, 3021, 3468, 3440, 3240, 3350, 3041, 3402, 3368, 3106)
z_dir: 
[[-0.00454597]
 [ 0.03036974]
 [ 0.9995284 ]]
[rosout][INFO] 2019-10-16 18:15:53,345: 
pdc: 
2411
electrode: 
(2988, 3449, 3416, 3220, 3349, 3071, 3142, 3231, 3234, 3299, 3022, 3468, 3439, 3240, 3350, 3041, 3402, 3369, 3106)
z_dir: 
[[-0.00430013]
 [ 0.03034807]
 [ 0.99953014]]
[rosout][INFO] 2019-10-16 18:15:53,384: 
pdc: 
2410
electrode: 
(2988, 3449, 3416, 3220, 3349, 3071, 3142, 3231, 3234, 3299, 3021, 3468, 3439, 3241, 3350, 3041, 3402, 3369, 3106)
z_dir: 
[[-0.00453951]
 [ 0.03033454]
 [ 0.99952949]]
[rosout][INFO] 2019-10-16 18:15:53,413: 
pdc: 
2410
electrode: 
(2988, 3448, 3416, 3221, 3348, 3071, 3141, 3231, 3234, 3299, 3021, 3469, 3438, 3240, 3350, 3040, 3402, 3369, 3106)
z_dir: 
[[-0.00458541]
 [ 0.03042741]
 [ 0.99952646]]
[rosout][INFO] 2019-10-16 18:15:53,473: 
pdc: 
2411
electrode: 
(2988, 3449, 3416, 3221, 3349, 3071, 3142, 3231, 3234, 3299, 3021, 3467, 3439, 3240, 3350, 3041, 3402, 3369, 3106)
z_dir: 
[[-0.0046438 ]
 [ 0.03044842]
 [ 0.99952555]]
[rosout][INFO] 2019-10-16 18:15:53,546: 
pdc: 
2411
electrode: 
(2988, 3449, 3416, 3220, 3348, 3071, 3142, 3230, 3234, 3299, 3021, 3468, 3438, 3240, 3350, 3041, 3403, 3369, 3106)
z_dir: 
[[-0.00457978]
 [ 0.03034167]
 [ 0.99952909]]
[rosout][INFO] 2019-10-16 18:15:53,580: 
pdc: 
2411
electrode: 
(2987, 3449, 3417, 3221, 3349, 3071, 3142, 3231, 3234, 3299, 3021, 3468, 3439, 3240, 3350, 3040, 3402, 3369, 3106)
z_dir: 
[[-0.00438439]
 [ 0.03048719]
 [ 0.99952554]]
[rosout][INFO] 2019-10-16 18:15:53,616: 
pdc: 
2411
electrode: 
(2988, 3448, 3417, 3220, 3349, 3072, 3142, 3231, 3234, 3299, 3021, 3469, 3439, 3240, 3351, 3041, 3402, 3368, 3107)
z_dir: 
[[-0.00432681]
 [ 0.03034201]
 [ 0.99953021]]
[rosout][INFO] 2019-10-16 18:15:53,653: 
pdc: 
2411
electrode: 
(2988, 3449, 3416, 3221, 3349, 3071, 3141, 3230, 3234, 3299, 3021, 3468, 3439, 3240, 3350, 3041, 3402, 3369, 3106)
z_dir: 
[[-0.00451817]
 [ 0.03040872]
 [ 0.99952734]]
[rosout][INFO] 2019-10-16 18:15:53,757: 
pdc: 
2411
electrode: 
(2987, 3448, 3417, 3220, 3348, 3072, 3141, 3230, 3234, 3299, 3021, 3468, 3439, 3241, 3350, 3041, 3402, 3368, 3107)
z_dir: 
[[-0.00431681]
 [ 0.0303099 ]
 [ 0.99953123]]
[rosout][INFO] 2019-10-16 18:15:53,780: 
pdc: 
2411
electrode: 
(2988, 3449, 3417, 3221, 3349, 3071, 3142, 3231, 3235, 3299, 3021, 3468, 3438, 3240, 3350, 3041, 3402, 3368, 3106)
z_dir: 
[[-0.00553399]
 [ 0.03109829]
 [ 0.99950101]]
[rosout][INFO] 2019-10-16 18:15:53,840: 
pdc: 
2411
electrode: 
(2987, 3448, 3417, 3221, 3349, 3071, 3142, 3231, 3234, 3299, 3021, 3468, 3439, 3240, 3350, 3041, 3402, 3369, 3106)
z_dir: 
[[-0.00439564]
 [ 0.03034153]
 [ 0.99952992]]
[rosout][INFO] 2019-10-16 18:15:53,850: 
pdc: 
2411
electrode: 
(2988, 3449, 3416, 3221, 3349, 3071, 3142, 3230, 3234, 3299, 3021, 3468, 3439, 3240, 3350, 3041, 3402, 3368, 3106)
z_dir: 
[[-0.00412402]
 [ 0.03044283]
 [ 0.999528  ]]
[rosout][INFO] 2019-10-16 18:15:53,890: 
pdc: 
2411
electrode: 
(2988, 3449, 3417, 3221, 3349, 3071, 3142, 3230, 3234, 3299, 3021, 3467, 3439, 3240, 3350, 3041, 3402, 3369, 3106)
z_dir: 
[[-0.00440055]
 [ 0.03033742]
 [ 0.99953003]]
[rosout][INFO] 2019-10-16 18:15:53,922: 
pdc: 
2411
electrode: 
(2988, 3448, 3416, 3220, 3348, 3071, 3142, 3230, 3234, 3299, 3021, 3468, 3439, 3240, 3351, 3041, 3403, 3369, 3106)
z_dir: 
[[-0.00517567]
 [ 0.03125665]
 [ 0.99949799]]
[rosout][INFO] 2019-10-16 18:15:53,952: 
pdc: 
2411
electrode: 
(2988, 3449, 3417, 3220, 3348, 3072, 3141, 3231, 3234, 3300, 3021, 3468, 3439, 3239, 3349, 3041, 3402, 3368, 3107)
z_dir: 
[[-0.00438189]
 [ 0.03041151]
 [ 0.99952786]]
[rosout][INFO] 2019-10-16 18:15:53,983: 
pdc: 
2410
electrode: 
(2988, 3449, 3416, 3220, 3349, 3071, 3142, 3231, 3234, 3299, 3021, 3469, 3438, 3240, 3350, 3041, 3402, 3369, 3106)
z_dir: 
[[-0.00429363]
 [ 0.03037292]
 [ 0.99952941]]
[rosout][INFO] 2019-10-16 18:15:54,014: 
pdc: 
2411
electrode: 
(2988, 3449, 3416, 3221, 3349, 3071, 3141, 3231, 3234, 3299, 3021, 3469, 3439, 3241, 3350, 3041, 3402, 3368, 3106)
z_dir: 
[[-0.00554766]
 [ 0.03114513]
 [ 0.99949948]]
[rosout][INFO] 2019-10-16 18:15:54,023: 
pdc: 
2411
electrode: 
(2988, 3448, 3417, 3221, 3349, 3071, 3141, 3230, 3235, 3299, 3020, 3467, 3440, 3240, 3350, 3041, 3402, 3369, 3106)
z_dir: 
[[-0.0042176 ]
 [ 0.03041778]
 [ 0.99952837]]
[rosout][INFO] 2019-10-16 18:15:54,057: 
pdc: 
2410
electrode: 
(2988, 3449, 3417, 3221, 3349, 3071, 3141, 3230, 3234, 3299, 3021, 3468, 3440, 3239, 3350, 3041, 3402, 3369, 3106)
z_dir: 
[[-0.00537   ]
 [ 0.03114584]
 [ 0.99950043]]
[rosout][INFO] 2019-10-16 18:15:54,064: 
pdc: 
2411
electrode: 
(2987, 3448, 3417, 3220, 3349, 3071, 3141, 3231, 3234, 3299, 3021, 3468, 3439, 3240, 3350, 3041, 3402, 3369, 3106)
z_dir: 
[[-0.00437539]
 [ 0.03028589]
 [ 0.9995317 ]]
[rosout][INFO] 2019-10-16 18:15:54,096: 
pdc: 
2411
electrode: 
(2987, 3449, 3417, 3220, 3349, 3072, 3142, 3231, 3234, 3299, 3021, 3469, 3439, 3241, 3350, 3041, 3401, 3369, 3107)
z_dir: 
[[-0.00431036]
 [ 0.03031674]
 [ 0.99953105]]
[rosout][INFO] 2019-10-16 18:15:54,123: 
pdc: 
2411
electrode: 
(2988, 3448, 3417, 3221, 3349, 3071, 3142, 3231, 3234, 3299, 3021, 3468, 3439, 3240, 3351, 3041, 3402, 3368, 3106)
z_dir: 
[[-0.00411933]
 [ 0.03043901]
 [ 0.99952814]]
[rosout][INFO] 2019-10-16 18:15:54,153: 
pdc: 
2411
electrode: 
(2988, 3449, 3417, 3220, 3349, 3072, 3141, 3230, 3234, 3299, 3021, 3468, 3439, 3239, 3350, 3041, 3402, 3369, 3107)
z_dir: 
[[-0.00421344]
 [ 0.03042878]
 [ 0.99952806]]
[rosout][INFO] 2019-10-16 18:15:54,163: 
pdc: 
2410
electrode: 
(2988, 3449, 3416, 3220, 3348, 3071, 3142, 3231, 3234, 3299, 3021, 3468, 3439, 3240, 3350, 3041, 3402, 3369, 3106)
z_dir: 
[[-0.00460135]
 [ 0.03032323]
 [ 0.99952955]]
[rosout][INFO] 2019-10-16 18:15:54,193: 
pdc: 
2410
electrode: 
(2988, 3449, 3416, 3221, 3349, 3072, 3142, 3231, 3234, 3299, 3021, 3468, 3439, 3241, 3350, 3041, 3402, 3369, 3106)
z_dir: 
[[-0.00536294]
 [ 0.0312307 ]
 [ 0.99949782]]
[rosout][INFO] 2019-10-16 18:15:54,223: 
pdc: 
2411
electrode: 
(2987, 3449, 3416, 3220, 3349, 3072, 3142, 3231, 3234, 3299, 3021, 3468, 3439, 3240, 3351, 3041, 3402, 3369, 3106)
z_dir: 
[[-0.00569744]
 [ 0.0312653 ]
 [ 0.99949488]]
[rosout][INFO] 2019-10-16 18:15:54,253: 
pdc: 
2410
electrode: 
(2987, 3448, 3417, 3220, 3349, 3071, 3141, 3230, 3234, 3298, 3021, 3468, 3440, 3240, 3350, 3042, 3402, 3368, 3106)
z_dir: 
[[-0.00453147]
 [ 0.03032251]
 [ 0.9995299 ]]
[rosout][INFO] 2019-10-16 18:15:54,297: 
pdc: 
2411
electrode: 
(2987, 3449, 3416, 3220, 3349, 3071, 3142, 3231, 3234, 3299, 3021, 3468, 3439, 3240, 3349, 3041, 3402, 3369, 3107)
z_dir: 
[[-0.00461033]
 [ 0.03030587]
 [ 0.99953004]]
[rosout][INFO] 2019-10-16 18:15:54,323: 
pdc: 
2411
electrode: 
(2988, 3449, 3417, 3221, 3349, 3072, 3142, 3231, 3234, 3299, 3021, 3468, 3439, 3240, 3350, 3041, 3402, 3369, 3106)
z_dir: 
[[-0.00425512]
 [ 0.03037281]
 [ 0.99952958]]
[rosout][INFO] 2019-10-16 18:15:54,336: 
pdc: 
2411
electrode: 
(2987, 3449, 3416, 3221, 3349, 3072, 3141, 3231, 3234, 3299, 3020, 3468, 3439, 3240, 3350, 3041, 3402, 3369, 3106)
z_dir: 
[[-0.00417441]
 [ 0.03054955]
 [ 0.99952454]]
[rosout][INFO] 2019-10-16 18:15:54,363: 
pdc: 
2411
electrode: 
(2988, 3449, 3417, 3220, 3349, 3072, 3142, 3231, 3234, 3300, 3022, 3468, 3439, 3241, 3350, 3041, 3402, 3369, 3106)
z_dir: 
[[-0.00557733]
 [ 0.03118584]
 [ 0.99949804]]
[rosout][INFO] 2019-10-16 18:15:54,436: 
pdc: 
2411
electrode: 
(2987, 3449, 3416, 3221, 3349, 3072, 3142, 3231, 3234, 3299, 3021, 3468, 3440, 3240, 3350, 3041, 3402, 3368, 3106)
z_dir: 
[[-0.00564531]
 [ 0.03121761]
 [ 0.99949667]]
[rosout][INFO] 2019-10-16 18:15:54,469: 
pdc: 
2411
electrode: 
(2988, 3449, 3417, 3222, 3349, 3071, 3142, 3231, 3234, 3299, 3021, 3469, 3439, 3240, 3350, 3041, 3402, 3369, 3107)
z_dir: 
[[-0.00545842]
 [ 0.03130408]
 [ 0.999495  ]]
[rosout][INFO] 2019-10-16 18:15:54,495: 
pdc: 
2410
electrode: 
(2987, 3449, 3416, 3222, 3348, 3072, 3141, 3230, 3234, 3299, 3021, 3468, 3440, 3240, 3350, 3041, 3402, 3369, 3107)
z_dir: 
[[-0.00549705]
 [ 0.03129619]
 [ 0.99949504]]
[rosout][INFO] 2019-10-16 18:15:54,537: 
pdc: 
2410
electrode: 
(2987, 3449, 3417, 3221, 3350, 3071, 3142, 3231, 3234, 3299, 3021, 3468, 3439, 3241, 3350, 3041, 3402, 3369, 3106)
z_dir: 
[[-0.00469289]
 [ 0.03042281]
 [ 0.9995261 ]]
[rosout][INFO] 2019-10-16 18:15:54,569: 
pdc: 
2411
electrode: 
(2987, 3449, 3417, 3221, 3349, 3072, 3142, 3231, 3234, 3299, 3021, 3468, 3440, 3240, 3350, 3041, 3403, 3369, 3106)
z_dir: 
[[-0.00416526]
 [ 0.03044519]
 [ 0.99952776]]
[rosout][INFO] 2019-10-16 18:15:54,594: 
pdc: 
2410
electrode: 
(2987, 3449, 3417, 3220, 3348, 3071, 3142, 3231, 3234, 3300, 3021, 3469, 3439, 3241, 3350, 3042, 3402, 3369, 3106)
z_dir: 
[[-0.0045443 ]
 [ 0.03046802]
 [ 0.99952541]]
[rosout][INFO] 2019-10-16 18:15:54,609: 
pdc: 
2411
electrode: 
(2987, 3448, 3417, 3221, 3349, 3072, 3142, 3231, 3234, 3299, 3021, 3468, 3439, 3241, 3351, 3042, 3402, 3369, 3106)
z_dir: 
[[-0.00536068]
 [ 0.03114169]
 [ 0.9995006 ]]
[rosout][INFO] 2019-10-16 18:15:54,633: 
pdc: 
2411
electrode: 
(2987, 3449, 3417, 3221, 3349, 3071, 3142, 3230, 3234, 3299, 3021, 3468, 3439, 3240, 3350, 3041, 3402, 3369, 3106)
z_dir: 
[[-0.00534212]
 [ 0.03132504]
 [ 0.99949497]]
[rosout][INFO] 2019-10-16 18:15:54,664: 
pdc: 
2411
electrode: 
(2988, 3448, 3416, 3221, 3348, 3071, 3142, 3230, 3235, 3299, 3021, 3468, 3440, 3241, 3350, 3041, 3403, 3369, 3106)
z_dir: 
[[-0.00538583]
 [ 0.03114537]
 [ 0.99950035]]
[rosout][INFO] 2019-10-16 18:15:54,693: 
pdc: 
2411
electrode: 
(2988, 3449, 3416, 3220, 3349, 3072, 3141, 3230, 3234, 3299, 3021, 3468, 3439, 3240, 3350, 3041, 3402, 3368, 3106)
z_dir: 
[[-0.0046659 ]
 [ 0.03037589]
 [ 0.99952766]]
[rosout][INFO] 2019-10-16 18:15:54,725: 
pdc: 
2411
electrode: 
(2988, 3449, 3416, 3221, 3348, 3072, 3142, 3230, 3234, 3299, 3021, 3468, 3440, 3240, 3350, 3042, 3402, 3369, 3106)
z_dir: 
[[-0.00442699]
 [ 0.03041352]
 [ 0.9995276 ]]
[rosout][INFO] 2019-10-16 18:15:54,735: 
pdc: 
2410
electrode: 
(2987, 3448, 3417, 3221, 3349, 3072, 3142, 3231, 3234, 3299, 3020, 3468, 3440, 3241, 3350, 3041, 3402, 3369, 3106)
z_dir: 
[[-0.00561454]
 [ 0.03122501]
 [ 0.99949661]]
[rosout][INFO] 2019-10-16 18:15:54,761: 
pdc: 
2411
electrode: 
(2987, 3449, 3416, 3221, 3349, 3071, 3141, 3231, 3234, 3299, 3021, 3468, 3439, 3240, 3350, 3041, 3402, 3369, 3106)
z_dir: 
[[-0.00422888]
 [ 0.03045343]
 [ 0.99952724]]
[rosout][INFO] 2019-10-16 18:15:54,772: 
pdc: 
2411
electrode: 
(2987, 3448, 3416, 3221, 3349, 3072, 3141, 3231, 3234, 3299, 3021, 3468, 3439, 3241, 3350, 3041, 3402, 3369, 3107)
z_dir: 
[[-0.0044597 ]
 [ 0.03031192]
 [ 0.99953054]]
[rosout][INFO] 2019-10-16 18:15:54,802: 
pdc: 
2411
electrode: 
(2988, 3449, 3417, 3221, 3348, 3071, 3142, 3231, 3234, 3299, 3020, 3469, 3440, 3240, 3350, 3041, 3402, 3368, 3107)
z_dir: 
[[-0.00509557]
 [ 0.03118838]
 [ 0.99950054]]
[rosout][INFO] 2019-10-16 18:15:54,812: 
pdc: 
2411
electrode: 
(2987, 3448, 3416, 3221, 3349, 3071, 3141, 3230, 3234, 3299, 3021, 3468, 3440, 3241, 3350, 3041, 3402, 3369, 3106)
z_dir: 
[[-0.00548466]
 [ 0.03132352]
 [ 0.99949425]]
[rosout][INFO] 2019-10-16 18:15:54,843: 
pdc: 
2411
electrode: 
(2987, 3448, 3417, 3221, 3349, 3071, 3142, 3230, 3234, 3299, 3021, 3468, 3439, 3240, 3350, 3041, 3403, 3368, 3107)
z_dir: 
[[-0.00461048]
 [ 0.0303592 ]
 [ 0.99952842]]
[rosout][INFO] 2019-10-16 18:15:54,852: 
pdc: 
2411
electrode: 
(2988, 3449, 3417, 3220, 3349, 3072, 3142, 3231, 3234, 3299, 3021, 3467, 3439, 3240, 3350, 3041, 3402, 3369, 3106)
z_dir: 
[[-0.0043998 ]
 [ 0.03031291]
 [ 0.99953077]]
[rosout][INFO] 2019-10-16 18:15:54,881: 
pdc: 
2411
electrode: 
(2987, 3449, 3417, 3220, 3349, 3071, 3142, 3231, 3234, 3300, 3021, 3468, 3439, 3240, 3350, 3041, 3402, 3369, 3106)
z_dir: 
[[-0.00421927]
 [ 0.03041797]
 [ 0.99952836]]
[rosout][INFO] 2019-10-16 18:15:54,892: 
pdc: 
2410
electrode: 
(2988, 3449, 3417, 3221, 3349, 3071, 3141, 3230, 3234, 3299, 3021, 3468, 3439, 3240, 3351, 3041, 3402, 3368, 3106)
z_dir: 
[[-0.00463224]
 [ 0.03030789]
 [ 0.99952988]]
[rosout][INFO] 2019-10-16 18:15:54,936: 
pdc: 
2411
electrode: 
(2987, 3449, 3416, 3220, 3349, 3072, 3141, 3230, 3234, 3299, 3021, 3468, 3439, 3240, 3350, 3041, 3402, 3369, 3107)
z_dir: 
[[-0.00432807]
 [ 0.03027456]
 [ 0.99953225]]
[rosout][INFO] 2019-10-16 18:15:54,964: 
pdc: 
2411
electrode: 
(2987, 3448, 3417, 3221, 3349, 3072, 3141, 3230, 3234, 3299, 3021, 3468, 3439, 3241, 3350, 3041, 3403, 3368, 3106)
z_dir: 
[[-0.00464418]
 [ 0.03042492]
 [ 0.99952627]]
[rosout][INFO] 2019-10-16 18:15:54,996: 
pdc: 
2411
electrode: 
(2987, 3449, 3417, 3221, 3349, 3072, 3141, 3230, 3234, 3299, 3021, 3468, 3439, 3241, 3350, 3042, 3402, 3369, 3106)
z_dir: 
[[-0.00437748]
 [ 0.03038954]
 [ 0.99952855]]
[rosout][INFO] 2019-10-16 18:15:55,016: 
pdc: 
2411
electrode: 
(2988, 3449, 3417, 3220, 3349, 3071, 3141, 3231, 3234, 3299, 3021, 3468, 3439, 3241, 3350, 3041, 3401, 3369, 3107)
z_dir: 
[[-0.00468471]
 [ 0.03034703]
 [ 0.99952844]]
[rosout][INFO] 2019-10-16 18:15:55,032: 
pdc: 
2411
electrode: 
(2988, 3449, 3416, 3221, 3349, 3073, 3141, 3231, 3234, 3299, 3021, 3468, 3439, 3240, 3350, 3041, 3402, 3369, 3106)
z_dir: 
[[-0.00473303]
 [ 0.03044417]
 [ 0.99952526]]
[rosout][INFO] 2019-10-16 18:15:55,071: 
pdc: 
2411
electrode: 
(2987, 3449, 3417, 3221, 3350, 3071, 3142, 3231, 3234, 3299, 3021, 3468, 3440, 3240, 3350, 3041, 3402, 3369, 3106)
z_dir: 
[[-0.00436693]
 [ 0.03026324]
 [ 0.99953242]]
[rosout][INFO] 2019-10-16 18:15:55,111: 
pdc: 
2411
electrode: 
(2988, 3449, 3417, 3221, 3349, 3072, 3142, 3230, 3234, 3299, 3021, 3468, 3439, 3240, 3350, 3041, 3402, 3369, 3106)
z_dir: 
[[-0.00550417]
 [ 0.03115782]
 [ 0.99949932]]
[rosout][INFO] 2019-10-16 18:15:55,121: 
pdc: 
2411
electrode: 
(2987, 3448, 3417, 3221, 3349, 3072, 3141, 3230, 3234, 3299, 3021, 3468, 3439, 3241, 3350, 3041, 3401, 3369, 3106)
z_dir: 
[[-0.00449021]
 [ 0.03039494]
 [ 0.99952788]]
[rosout][INFO] 2019-10-16 18:15:55,151: 
pdc: 
2411
electrode: 
(2987, 3449, 3417, 3221, 3349, 3072, 3141, 3230, 3234, 3299, 3021, 3468, 3440, 3241, 3350, 3041, 3402, 3369, 3106)
z_dir: 
[[-0.00439405]
 [ 0.03037124]
 [ 0.99952903]]
[rosout][INFO] 2019-10-16 18:15:55,161: 
pdc: 
2411
electrode: 
(2988, 3449, 3416, 3221, 3349, 3072, 3141, 3231, 3234, 3299, 3021, 3468, 3439, 3240, 3350, 3041, 3402, 3369, 3106)
z_dir: 
[[-0.00447492]
 [ 0.030391  ]
 [ 0.99952807]]
[rosout][INFO] 2019-10-16 18:15:55,191: 
pdc: 
2411
electrode: 
(2988, 3448, 3417, 3221, 3348, 3071, 3141, 3230, 3233, 3299, 3021, 3468, 3440, 3240, 3350, 3041, 3402, 3369, 3106)
z_dir: 
[[-0.00414828]
 [ 0.03039414]
 [ 0.99952938]]
[rosout][INFO] 2019-10-16 18:15:55,222: 
pdc: 
2410
electrode: 
(2987, 3448, 3416, 3221, 3350, 3072, 3141, 3231, 3234, 3299, 3021, 3467, 3440, 3240, 3350, 3041, 3402, 3369, 3106)
z_dir: 
[[-0.0045462 ]
 [ 0.03034933]
 [ 0.99952901]]
[rosout][INFO] 2019-10-16 18:15:55,231: 
pdc: 
2410
electrode: 
(2988, 3449, 3417, 3221, 3349, 3072, 3141, 3231, 3234, 3300, 3021, 3468, 3439, 3240, 3350, 3041, 3402, 3369, 3106)
z_dir: 
[[-0.00543193]
 [ 0.03124241]
 [ 0.99949708]]
[rosout][INFO] 2019-10-16 18:15:55,271: 
pdc: 
2410
electrode: 
(2987, 3449, 3417, 3221, 3350, 3071, 3142, 3231, 3234, 3299, 3021, 3468, 3439, 3240, 3351, 3041, 3402, 3369, 3107)
z_dir: 
[[-0.00564031]
 [ 0.03117834]
 [ 0.99949792]]
[rosout][INFO] 2019-10-16 18:15:55,281: 
pdc: 
2410
electrode: 
(2988, 3449, 3417, 3221, 3349, 3072, 3142, 3230, 3234, 3299, 3020, 3467, 3440, 3241, 3350, 3041, 3402, 3369, 3106)
z_dir: 
[[-0.00529261]
 [ 0.03111762]
 [ 0.99950172]]
[rosout][INFO] 2019-10-16 18:15:55,311: 
pdc: 
2411
electrode: 
(2987, 3449, 3417, 3221, 3348, 3072, 3142, 3230, 3234, 3299, 3021, 3468, 3439, 3241, 3350, 3042, 3402, 3369, 3106)
z_dir: 
[[-0.00420417]
 [ 0.03042314]
 [ 0.99952827]]
[rosout][INFO] 2019-10-16 18:15:55,341: 
pdc: 
2411
electrode: 
(2988, 3448, 3417, 3221, 3350, 3072, 3142, 3230, 3234, 3299, 3020, 3468, 3439, 3240, 3350, 3041, 3403, 3369, 3106)
z_dir: 
[[-0.00444355]
 [ 0.03041615]
 [ 0.99952744]]
[rosout][INFO] 2019-10-16 18:15:55,351: 
pdc: 
2410
electrode: 
(2987, 3448, 3417, 3221, 3349, 3072, 3141, 3230, 3234, 3299, 3021, 3469, 3439, 3240, 3351, 3042, 3402, 3369, 3107)
z_dir: 
[[-0.00461696]
 [ 0.03033512]
 [ 0.99952912]]
[rosout][INFO] 2019-10-16 18:15:55,382: 
pdc: 
2411
electrode: 
(2987, 3449, 3417, 3221, 3349, 3071, 3141, 3230, 3234, 3299, 3020, 3468, 3439, 3241, 3350, 3041, 3401, 3369, 3107)
z_dir: 
[[-0.00450925]
 [ 0.03051152]
 [ 0.99952424]]
[rosout][INFO] 2019-10-16 18:15:55,412: 
pdc: 
2411
electrode: 
(2987, 3449, 3416, 3221, 3349, 3072, 3142, 3230, 3234, 3299, 3021, 3468, 3439, 3240, 3350, 3041, 3402, 3369, 3106)
z_dir: 
[[-0.00430523]
 [ 0.03029629]
 [ 0.99953169]]
[rosout][INFO] 2019-10-16 18:15:55,422: 
pdc: 
2411
electrode: 
(2987, 3449, 3417, 3221, 3349, 3072, 3142, 3231, 3233, 3299, 3021, 3468, 3439, 3241, 3350, 3041, 3403, 3368, 3106)
z_dir: 
[[-0.00460946]
 [ 0.0302971 ]
 [ 0.99953031]]
[rosout][INFO] 2019-10-16 18:15:55,451: 
pdc: 
2411
electrode: 
(2987, 3449, 3417, 3221, 3349, 3071, 3141, 3231, 3234, 3298, 3021, 3469, 3440, 3241, 3350, 3041, 3402, 3369, 3107)
z_dir: 
[[-0.00443188]
 [ 0.03049454]
 [ 0.99952511]]
[rosout][INFO] 2019-10-16 18:15:55,483: 
pdc: 
2411
electrode: 
(2988, 3448, 3417, 3221, 3350, 3072, 3141, 3230, 3234, 3299, 3021, 3468, 3440, 3241, 3350, 3041, 3402, 3369, 3106)
z_dir: 
[[-0.00429909]
 [ 0.03030225]
 [ 0.99953154]]
[rosout][INFO] 2019-10-16 18:15:55,492: 
pdc: 
2411
electrode: 
(2988, 3449, 3417, 3221, 3349, 3072, 3142, 3230, 3233, 3299, 3021, 3468, 3439, 3241, 3350, 3041, 3403, 3369, 3106)
z_dir: 
[[-0.00514185]
 [ 0.03131481]
 [ 0.99949635]]
[rosout][INFO] 2019-10-16 18:15:55,522: 
pdc: 
2410
electrode: 
(2988, 3449, 3417, 3220, 3349, 3071, 3142, 3230, 3234, 3299, 3020, 3468, 3438, 3240, 3350, 3041, 3402, 3369, 3107)
z_dir: 
[[-0.00463483]
 [ 0.03029128]
 [ 0.99953037]]
[rosout][INFO] 2019-10-16 18:15:55,531: 
pdc: 
2411
electrode: 
(2988, 3449, 3416, 3221, 3349, 3072, 3141, 3230, 3234, 3300, 3021, 3468, 3439, 3240, 3350, 3042, 3402, 3369, 3106)
z_dir: 
[[-0.00560754]
 [ 0.03125097]
 [ 0.99949584]]
[rosout][INFO] 2019-10-16 18:15:55,543: 
pdc: 
2411
electrode: 
(2987, 3449, 3417, 3221, 3350, 3071, 3141, 3230, 3234, 3299, 3021, 3468, 3439, 3240, 3350, 3041, 3403, 3368, 3107)
z_dir: 
[[-0.00437943]
 [ 0.03025948]
 [ 0.99953248]]
[rosout][INFO] 2019-10-16 18:15:55,572: 
pdc: 
2411
electrode: 
(2987, 3449, 3417, 3221, 3349, 3072, 3141, 3230, 3235, 3299, 3020, 3468, 3440, 3241, 3350, 3042, 3402, 3369, 3106)
z_dir: 
[[-0.00447875]
 [ 0.03046595]
 [ 0.99952577]]
[rosout][INFO] 2019-10-16 18:15:55,582: 
pdc: 
2411
electrode: 
(2987, 3449, 3417, 3221, 3349, 3071, 3141, 3231, 3234, 3299, 3021, 3468, 3440, 3241, 3350, 3042, 3402, 3369, 3106)
z_dir: 
[[-0.00435592]
 [ 0.03031951]
 [ 0.99953077]]
[rosout][INFO] 2019-10-16 18:15:55,613: 
pdc: 
2411
electrode: 
(2987, 3448, 3416, 3221, 3349, 3071, 3141, 3231, 3234, 3299, 3021, 3467, 3439, 3240, 3351, 3041, 3402, 3369, 3106)
z_dir: 
[[-0.00440728]
 [ 0.03049833]
 [ 0.9995251 ]]
[rosout][INFO] 2019-10-16 18:15:55,645: 
pdc: 
2411
electrode: 
(2987, 3449, 3417, 3221, 3349, 3072, 3141, 3230, 3233, 3300, 3021, 3468, 3438, 3241, 3350, 3041, 3402, 3369, 3106)
z_dir: 
[[-0.00410014]
 [ 0.03040079]
 [ 0.99952938]]
[rosout][INFO] 2019-10-16 18:15:55,660: 
pdc: 
2410
electrode: 
(2988, 3448, 3417, 3221, 3348, 3072, 3141, 3230, 3234, 3299, 3021, 3468, 3439, 3240, 3350, 3041, 3402, 3369, 3107)
z_dir: 
[[-0.00520442]
 [ 0.03133292]
 [ 0.99949545]]
[rosout][INFO] 2019-10-16 18:15:55,683: 
pdc: 
2411
electrode: 
(2987, 3449, 3417, 3221, 3349, 3072, 3141, 3230, 3234, 3299, 3021, 3468, 3439, 3240, 3350, 3041, 3401, 3369, 3107)
z_dir: 
[[-0.00421624]
 [ 0.03053099]
 [ 0.99952493]]
[rosout][INFO] 2019-10-16 18:15:55,713: 
pdc: 
2411
electrode: 
(2988, 3449, 3417, 3221, 3349, 3072, 3141, 3230, 3234, 3299, 3021, 3468, 3439, 3240, 3350, 3041, 3402, 3369, 3106)
z_dir: 
[[-0.00561698]
 [ 0.03114355]
 [ 0.99949914]]
[rosout][INFO] 2019-10-16 18:15:55,744: 
pdc: 
2411
electrode: 
(2988, 3449, 3417, 3221, 3349, 3073, 3141, 3231, 3234, 3299, 3021, 3468, 3440, 3241, 3350, 3041, 3402, 3369, 3106)
z_dir: 
[[-0.00440127]
 [ 0.03032854]
 [ 0.99953029]]
[rosout][INFO] 2019-10-16 18:15:55,759: 
pdc: 
2411
electrode: 
(2988, 3449, 3417, 3221, 3349, 3072, 3141, 3231, 3233, 3299, 3020, 3468, 3439, 3241, 3350, 3041, 3402, 3369, 3106)
z_dir: 
[[-0.00440625]
 [ 0.0304703 ]
 [ 0.99952596]]
[rosout][INFO] 2019-10-16 18:15:55,783: 
pdc: 
2411
electrode: 
(2987, 3449, 3417, 3221, 3348, 3072, 3141, 3230, 3233, 3299, 3021, 3468, 3439, 3241, 3350, 3041, 3402, 3369, 3106)
z_dir: 
[[-0.00441152]
 [ 0.03029928]
 [ 0.99953114]]
[rosout][INFO] 2019-10-16 18:15:55,795: 
pdc: 
2411
electrode: 
(2987, 3449, 3417, 3221, 3349, 3072, 3142, 3232, 3234, 3299, 3021, 3468, 3440, 3240, 3350, 3041, 3402, 3369, 3107)
z_dir: 
[[-0.00552885]
 [ 0.03134914]
 [ 0.9994932 ]]
[rosout][INFO] 2019-10-16 18:15:55,823: 
pdc: 
2411
electrode: 
(2987, 3449, 3417, 3221, 3349, 3072, 3141, 3230, 3234, 3299, 3021, 3467, 3439, 3241, 3350, 3041, 3403, 3369, 3106)
z_dir: 
[[-0.00431891]
 [ 0.03029564]
 [ 0.99953165]]
[rosout][INFO] 2019-10-16 18:15:55,833: 
pdc: 
2411
electrode: 
(2987, 3449, 3417, 3221, 3350, 3072, 3142, 3230, 3234, 3299, 3020, 3468, 3439, 3241, 3350, 3041, 3402, 3369, 3106)
z_dir: 
[[-0.00460658]
 [ 0.03037676]
 [ 0.9995279 ]]
[rosout][INFO] 2019-10-16 18:15:55,864: 
pdc: 
2411
electrode: 
(2987, 3449, 3417, 3222, 3349, 3072, 3141, 3230, 3234, 3299, 3021, 3468, 3440, 3241, 3350, 3042, 3402, 3370, 3106)
z_dir: 
[[-0.00444384]
 [ 0.03042735]
 [ 0.9995271 ]]
[rosout][INFO] 2019-10-16 18:15:55,905: 
pdc: 
2411
electrode: 
(2987, 3449, 3417, 3221, 3349, 3071, 3141, 3230, 3233, 3299, 3021, 3468, 3438, 3241, 3351, 3041, 3402, 3369, 3106)
z_dir: 
[[-0.00462216]
 [ 0.03031395]
 [ 0.99952974]]
[rosout][INFO] 2019-10-16 18:15:55,936: 
pdc: 
2411
electrode: 
(2987, 3449, 3417, 3221, 3349, 3072, 3141, 3231, 3234, 3298, 3021, 3468, 3439, 3240, 3351, 3041, 3402, 3369, 3106)
z_dir: 
[[-0.0045871 ]
 [ 0.03033037]
 [ 0.9995294 ]]
[rosout][INFO] 2019-10-16 18:15:55,964: 
pdc: 
2411
electrode: 
(2987, 3449, 3416, 3221, 3348, 3071, 3142, 3230, 3234, 3299, 3021, 3468, 3439, 3240, 3350, 3041, 3402, 3369, 3107)
z_dir: 
[[-0.00462745]
 [ 0.03040016]
 [ 0.9995271 ]]
[rosout][INFO] 2019-10-16 18:15:55,984: 
pdc: 
2411
electrode: 
(2988, 3448, 3418, 3221, 3349, 3071, 3142, 3230, 3234, 3298, 3021, 3469, 3439, 3240, 3350, 3042, 3402, 3369, 3107)
z_dir: 
[[-0.00460074]
 [ 0.03031814]
 [ 0.99952971]]
[rosout][INFO] 2019-10-16 18:15:55,994: 
pdc: 
2411
electrode: 
(2988, 3449, 3417, 3221, 3349, 3072, 3141, 3230, 3234, 3299, 3021, 3468, 3439, 3240, 3350, 3041, 3402, 3369, 3107)
z_dir: 
[[-0.0053138 ]
 [ 0.03118941]
 [ 0.99949937]]
[rosout][INFO] 2019-10-16 18:15:56,024: 
pdc: 
2411
electrode: 
(2987, 3448, 3417, 3221, 3349, 3072, 3141, 3230, 3234, 3299, 3021, 3468, 3440, 3240, 3351, 3042, 3403, 3370, 3107)
z_dir: 
[[-0.00464452]
 [ 0.03036516]
 [ 0.99952808]]
[rosout][INFO] 2019-10-16 18:15:56,054: 
pdc: 
2411
electrode: 
(2988, 3449, 3417, 3221, 3349, 3072, 3141, 3230, 3234, 3299, 3021, 3468, 3440, 3241, 3350, 3041, 3402, 3368, 3107)
z_dir: 
[[-0.00435887]
 [ 0.03030485]
 [ 0.9995312 ]]
[rosout][INFO] 2019-10-16 18:15:56,084: 
pdc: 
2411
electrode: 
(2987, 3449, 3416, 3220, 3349, 3072, 3142, 3230, 3234, 3299, 3021, 3469, 3439, 3241, 3350, 3041, 3402, 3368, 3106)
z_dir: 
[[-0.00540117]
 [ 0.03121949]
 [ 0.99949796]]
[rosout][INFO] 2019-10-16 18:15:56,114: 
pdc: 
2411
electrode: 
(2987, 3449, 3417, 3221, 3349, 3072, 3142, 3230, 3234, 3299, 3020, 3468, 3439, 3240, 3350, 3042, 3402, 3369, 3106)
z_dir: 
[[-0.00460247]
 [ 0.0303495 ]
 [ 0.99952875]]
[rosout][INFO] 2019-10-16 18:15:56,145: 
pdc: 
2411
electrode: 
(2987, 3450, 3417, 3221, 3350, 3071, 3141, 3230, 3234, 3299, 3021, 3468, 3440, 3241, 3350, 3042, 3402, 3369, 3106)
z_dir: 
[[-0.00458096]
 [ 0.03032127]
 [ 0.99952971]]
[rosout][INFO] 2019-10-16 18:15:56,158: 
pdc: 
2411
electrode: 
(2987, 3449, 3417, 3221, 3350, 3071, 3141, 3230, 3234, 3299, 3021, 3468, 3439, 3241, 3350, 3042, 3403, 3369, 3106)
z_dir: 
[[-0.00423721]
 [ 0.03039095]
 [ 0.99952911]]
[rosout][INFO] 2019-10-16 18:15:56,184: 
pdc: 
2411
electrode: 
(2987, 3449, 3417, 3221, 3350, 3072, 3142, 3230, 3234, 3299, 3021, 3469, 3440, 3241, 3350, 3042, 3402, 3369, 3106)
z_dir: 
[[-0.00439276]
 [ 0.03043558]
 [ 0.99952708]]
[rosout][INFO] 2019-10-16 18:15:56,216: 
pdc: 
2411
electrode: 
(2987, 3449, 3416, 3220, 3349, 3072, 3141, 3230, 3234, 3298, 3021, 3469, 3439, 3241, 3350, 3042, 3402, 3369, 3106)
z_dir: 
[[-0.00465019]
 [ 0.03044345]
 [ 0.99952567]]
[rosout][INFO] 2019-10-16 18:15:56,243: 
pdc: 
2411
electrode: 
(2987, 3449, 3416, 3221, 3349, 3071, 3141, 3230, 3234, 3299, 3020, 3468, 3440, 3241, 3350, 3041, 3402, 3369, 3106)
z_dir: 
[[-0.0043919 ]
 [ 0.03047202]
 [ 0.99952597]]
[rosout][INFO] 2019-10-16 18:15:56,284: 
pdc: 
2411
electrode: 
(2987, 3449, 3416, 3221, 3349, 3072, 3141, 3230, 3233, 3299, 3021, 3467, 3440, 3241, 3350, 3041, 3403, 3369, 3106)
z_dir: 
[[-0.00454255]
 [ 0.03055207]
 [ 0.99952285]]
[rosout][INFO] 2019-10-16 18:15:56,314: 
pdc: 
2411
electrode: 
(2988, 3449, 3417, 3221, 3349, 3071, 3142, 3230, 3234, 3299, 3021, 3468, 3440, 3240, 3351, 3042, 3402, 3369, 3106)
z_dir: 
[[-0.00465296]
 [ 0.03037551]
 [ 0.99952773]]
[rosout][INFO] 2019-10-16 18:15:56,323: 
pdc: 
2411
electrode: 
(2987, 3448, 3417, 3221, 3350, 3071, 3141, 3231, 3234, 3298, 3021, 3469, 3439, 3241, 3351, 3041, 3402, 3369, 3107)
z_dir: 
[[-0.00448549]
 [ 0.03051921]
 [ 0.99952412]]
[rosout][INFO] 2019-10-16 18:15:56,353: 
pdc: 
2411
electrode: 
(2988, 3449, 3417, 3221, 3349, 3072, 3142, 3230, 3234, 3299, 3021, 3468, 3439, 3240, 3350, 3042, 3402, 3369, 3107)
z_dir: 
[[-0.00531164]
 [ 0.03116013]
 [ 0.99950029]]
[rosout][INFO] 2019-10-16 18:15:56,387: 
pdc: 
2411
electrode: 
(2987, 3449, 3417, 3221, 3350, 3072, 3142, 3231, 3234, 3299, 3021, 3468, 3440, 3241, 3351, 3042, 3402, 3369, 3107)
z_dir: 
[[-0.00512586]
 [ 0.03128386]
 [ 0.9994974 ]]
[rosout][INFO] 2019-10-16 18:15:56,415: 
pdc: 
2411
electrode: 
(2987, 3448, 3417, 3221, 3350, 3071, 3141, 3230, 3234, 3299, 3021, 3468, 3439, 3241, 3350, 3041, 3402, 3369, 3107)
z_dir: 
[[-0.00551614]
 [ 0.0313833 ]
 [ 0.9994922 ]]
[rosout][INFO] 2019-10-16 18:15:56,444: 
pdc: 
2411
electrode: 
(2987, 3449, 3416, 3221, 3350, 3072, 3141, 3231, 3233, 3298, 3021, 3468, 3439, 3240, 3350, 3041, 3402, 3369, 3106)
z_dir: 
[[-0.00428601]
 [ 0.03035826]
 [ 0.99952989]]
[rosout][INFO] 2019-10-16 18:15:56,455: 
pdc: 
2411
electrode: 
(2988, 3448, 3417, 3221, 3349, 3072, 3141, 3230, 3234, 3299, 3021, 3468, 3440, 3241, 3350, 3041, 3402, 3368, 3106)
z_dir: 
[[-0.0044328 ]
 [ 0.03029737]
 [ 0.9995311 ]]
[rosout][INFO] 2019-10-16 18:15:56,482: 
pdc: 
2411
electrode: 
(2987, 3449, 3417, 3221, 3349, 3072, 3141, 3230, 3234, 3298, 3021, 3468, 3439, 3241, 3351, 3042, 3402, 3369, 3107)
z_dir: 
[[-0.00423626]
 [ 0.03041234]
 [ 0.99952846]]
[rosout][INFO] 2019-10-16 18:15:56,493: 
pdc: 
2411
electrode: 
(2987, 3449, 3416, 3221, 3349, 3072, 3141, 3231, 3234, 3298, 3020, 3468, 3440, 3241, 3350, 3041, 3402, 3369, 3106)
z_dir: 
[[-0.00441991]
 [ 0.03036216]
 [ 0.99952919]]
[rosout][INFO] 2019-10-16 18:15:56,523: 
pdc: 
2411
electrode: 
(2988, 3448, 3416, 3221, 3349, 3072, 3141, 3230, 3233, 3299, 3021, 3468, 3440, 3241, 3350, 3042, 3402, 3369, 3107)
z_dir: 
[[-0.00464911]
 [ 0.03037531]
 [ 0.99952775]]
[rosout][INFO] 2019-10-16 18:15:56,533: 
pdc: 
2411
electrode: 
(2988, 3449, 3416, 3221, 3349, 3072, 3141, 3230, 3234, 3299, 3021, 3468, 3439, 3241, 3351, 3042, 3402, 3369, 3106)
z_dir: 
[[-0.00436104]
 [ 0.03026957]
 [ 0.99953226]]
[rosout][INFO] 2019-10-16 18:15:56,563: 
pdc: 
2411
electrode: 
(2987, 3449, 3417, 3222, 3349, 3072, 3141, 3230, 3234, 3299, 3021, 3467, 3439, 3241, 3351, 3041, 3402, 3369, 3106)
z_dir: 
[[-0.00467283]
 [ 0.03028913]
 [ 0.99953026]]
[rosout][INFO] 2019-10-16 18:15:56,594: 
pdc: 
2411
electrode: 
(2987, 3449, 3417, 3221, 3349, 3072, 3141, 3230, 3234, 3300, 3021, 3469, 3439, 3240, 3350, 3041, 3402, 3369, 3107)
z_dir: 
[[-0.00547202]
 [ 0.03133627]
 [ 0.99949392]]
[rosout][INFO] 2019-10-16 18:15:56,610: 
pdc: 
2411
electrode: 
(2987, 3449, 3417, 3222, 3349, 3072, 3141, 3230, 3234, 3299, 3021, 3468, 3439, 3241, 3350, 3042, 3402, 3369, 3107)
z_dir: 
[[-0.0042667 ]
 [ 0.03032451]
 [ 0.999531  ]]
[rosout][INFO] 2019-10-16 18:15:56,632: 
pdc: 
2411
electrode: 
(2988, 3448, 3416, 3222, 3349, 3073, 3141, 3230, 3233, 3299, 3021, 3468, 3439, 3241, 3350, 3042, 3403, 3369, 3107)
z_dir: 
[[-0.00568238]
 [ 0.03122558]
 [ 0.99949621]]
[rosout][INFO] 2019-10-16 18:15:56,662: 
pdc: 
2411
electrode: 
(2987, 3449, 3416, 3221, 3349, 3073, 3141, 3230, 3234, 3299, 3021, 3468, 3439, 3241, 3350, 3041, 3402, 3369, 3107)
z_dir: 
[[-0.00444758]
 [ 0.03053107]
 [ 0.99952392]]
[rosout][INFO] 2019-10-16 18:15:56,695: 
pdc: 
2411
electrode: 
(2988, 3449, 3417, 3221, 3349, 3072, 3141, 3230, 3234, 3299, 3020, 3467, 3439, 3241, 3350, 3041, 3402, 3369, 3107)
z_dir: 
[[-0.00413895]
 [ 0.030481  ]
 [ 0.99952678]]
[rosout][INFO] 2019-10-16 18:15:56,711: 
pdc: 
2411
electrode: 
(2987, 3449, 3416, 3221, 3350, 3072, 3141, 3230, 3234, 3298, 3020, 3468, 3439, 3241, 3350, 3041, 3402, 3369, 3107)
z_dir: 
[[-0.0045594 ]
 [ 0.03034189]
 [ 0.99952918]]
[rosout][INFO] 2019-10-16 18:15:56,735: 
pdc: 
2411
electrode: 
(2987, 3448, 3417, 3221, 3349, 3072, 3142, 3230, 3234, 3299, 3020, 3468, 3439, 3241, 3350, 3041, 3402, 3369, 3107)
z_dir: 
[[-0.00434089]
 [ 0.03028193]
 [ 0.99953197]]
[rosout][INFO] 2019-10-16 18:15:56,769: 
pdc: 
2411
electrode: 
(2988, 3449, 3418, 3221, 3349, 3073, 3141, 3230, 3234, 3299, 3021, 3468, 3439, 3241, 3350, 3042, 3402, 3369, 3107)
z_dir: 
[[-0.00438266]
 [ 0.03038766]
 [ 0.99952858]]
[rosout][INFO] 2019-10-16 18:15:56,781: 
pdc: 
2411
electrode: 
(2987, 3449, 3417, 3221, 3349, 3072, 3142, 3231, 3234, 3299, 3020, 3468, 3440, 3240, 3351, 3042, 3403, 3369, 3107)
z_dir: 
[[-0.00435653]
 [ 0.03048551]
 [ 0.99952571]]
[rosout][INFO] 2019-10-16 18:15:56,801: 
pdc: 
2411
electrode: 
(2988, 3449, 3417, 3221, 3349, 3072, 3141, 3230, 3234, 3299, 3021, 3468, 3440, 3240, 3350, 3041, 3402, 3369, 3106)
z_dir: 
[[-0.00419628]
 [ 0.03050475]
 [ 0.99952581]]
[rosout][INFO] 2019-10-16 18:15:56,811: 
pdc: 
2411
electrode: 
(2988, 3448, 3418, 3222, 3350, 3072, 3141, 3230, 3234, 3299, 3020, 3468, 3439, 3241, 3351, 3042, 3402, 3369, 3107)
z_dir: 
[[-0.00419587]
 [ 0.03048959]
 [ 0.99952628]]
[rosout][INFO] 2019-10-16 18:15:56,841: 
pdc: 
2411
electrode: 
(2987, 3449, 3417, 3221, 3349, 3072, 3141, 3230, 3234, 3299, 3021, 3467, 3440, 3240, 3351, 3042, 3402, 3369, 3107)
z_dir: 
[[-0.00441331]
 [ 0.03044321]
 [ 0.99952675]]
[rosout][INFO] 2019-10-16 18:15:56,873: 
pdc: 
2410
electrode: 
(2987, 3449, 3417, 3221, 3349, 3072, 3141, 3230, 3234, 3299, 3020, 3468, 3439, 3241, 3350, 3041, 3402, 3369, 3107)
z_dir: 
[[-0.00526719]
 [ 0.03111166]
 [ 0.99950204]]
[rosout][INFO] 2019-10-16 18:15:56,906: 
pdc: 
2411
electrode: 
(2987, 3449, 3417, 3221, 3349, 3072, 3142, 3230, 3234, 3299, 3021, 3468, 3439, 3241, 3351, 3042, 3403, 3369, 3107)
z_dir: 
[[-0.00424534]
 [ 0.03045763]
 [ 0.99952704]]
[rosout][INFO] 2019-10-16 18:15:56,918: 
pdc: 
2411
electrode: 
(2987, 3449, 3417, 3222, 3350, 3072, 3141, 3232, 3234, 3299, 3021, 3468, 3439, 3240, 3350, 3042, 3402, 3369, 3106)
z_dir: 
[[-0.00731375]
 [ 0.02781648]
 [ 0.99958629]]
[rosout][INFO] 2019-10-16 18:15:56,950: 
pdc: 
2411
electrode: 
(2988, 3449, 3418, 3222, 3349, 3072, 3141, 3230, 3234, 3298, 3021, 3469, 3440, 3240, 3350, 3042, 3403, 3369, 3107)
z_dir: 
[[-0.00437126]
 [ 0.03039167]
 [ 0.99952851]]
[rosout][INFO] 2019-10-16 18:15:56,972: 
pdc: 
2411
electrode: 
(2988, 3449, 3417, 3221, 3350, 3072, 3141, 3230, 3234, 3298, 3021, 3468, 3440, 3241, 3351, 3042, 3402, 3370, 3107)
z_dir: 
[[-0.00446838]
 [ 0.03045639]
 [ 0.99952611]]
[rosout][INFO] 2019-10-16 18:15:57,012: 
pdc: 
2411
electrode: 
(2987, 3449, 3417, 3221, 3349, 3073, 3141, 3230, 3234, 3298, 3021, 3468, 3440, 3241, 3350, 3042, 3402, 3369, 3107)
z_dir: 
[[-0.00419646]
 [ 0.03051432]
 [ 0.99952552]]
[rosout][INFO] 2019-10-16 18:15:57,042: 
pdc: 
2411
electrode: 
(2987, 3448, 3416, 3221, 3349, 3072, 3141, 3230, 3234, 3299, 3021, 3468, 3440, 3242, 3350, 3041, 3402, 3370, 3107)
z_dir: 
[[-0.00438868]
 [ 0.03034656]
 [ 0.9995298 ]]
[rospy.core][INFO] 2019-10-16 18:15:57,048: signal_shutdown [signal-2]
[rosout][INFO] 2019-10-16 18:15:57,052: 
pdc: 
2411
electrode: 
(2987, 3449, 3417, 3221, 3349, 3072, 3141, 3230, 3234, 3299, 3020, 3469, 3439, 3241, 3351, 3041, 3402, 3369, 3106)
z_dir: 
[[-0.00439879]
 [ 0.0303824 ]
 [ 0.99952867]]
[rospy.internal][INFO] 2019-10-16 18:15:57,054: topic[/rosout] removing connection to /rosout
[rospy.internal][INFO] 2019-10-16 18:15:57,054: topic[/biotac_pub] removing connection to http://student-lasa:33843/
[rospy.internal][WARNING] 2019-10-16 18:15:57,055: Unknown error initiating TCP/IP socket to student-lasa:54309 (http://student-lasa:33843/): Traceback (most recent call last):
  File "/opt/ros/kinetic/lib/python2.7/dist-packages/rospy/impl/tcpros_base.py", line 557, in connect
    self.read_header()
  File "/opt/ros/kinetic/lib/python2.7/dist-packages/rospy/impl/tcpros_base.py", line 650, in read_header
    self._validate_header(read_ros_handshake_header(sock, self.read_buff, self.protocol.buff_size))
AttributeError: 'NoneType' object has no attribute 'buff_size'

[rospy.topics][ERROR] 2019-10-16 18:15:57,055: Traceback (most recent call last):
  File "/opt/ros/kinetic/lib/python2.7/dist-packages/rospy/topics.py", line 326, in close
    c.close()
  File "/opt/ros/kinetic/lib/python2.7/dist-packages/rospy/impl/tcpros_base.py", line 838, in close
    self.socket.close()
AttributeError: 'NoneType' object has no attribute 'close'

[rospy.internal][INFO] 2019-10-16 18:15:57,055: topic[/vrpn_client_node/normalSurface/pose] removing connection to http://student-lasa:45067/
[rospy.internal][INFO] 2019-10-16 18:15:57,055: topic[/vrpn_client_node/baseHand/pose] removing connection to http://student-lasa:45067/
[rospy.impl.masterslave][INFO] 2019-10-16 18:15:57,055: signal-2
[rospy.core][INFO] 2019-10-16 18:15:57,695: signal_shutdown [signal-2]
[rospy.core][INFO] 2019-10-16 18:15:57,696: signal_shutdown [atexit]
