[rospy.client][INFO] 2019-10-16 18:12:28,532: init_node, name[/biochip_listener_15037_1571242348515], pid[15037]
[xmlrpc][INFO] 2019-10-16 18:12:28,532: XML-RPC server binding to 0.0.0.0:0
[xmlrpc][INFO] 2019-10-16 18:12:28,532: Started XML-RPC server [http://student-lasa:38721/]
[rospy.init][INFO] 2019-10-16 18:12:28,533: ROS Slave URI: [http://student-lasa:38721/]
[rospy.impl.masterslave][INFO] 2019-10-16 18:12:28,533: _ready: http://student-lasa:38721/
[xmlrpc][INFO] 2019-10-16 18:12:28,533: xml rpc node: starting XML-RPC server
[rospy.registration][INFO] 2019-10-16 18:12:28,533: Registering with master node http://localhost:11311
[rospy.init][INFO] 2019-10-16 18:12:28,633: registered with master
[rospy.rosout][INFO] 2019-10-16 18:12:28,633: initializing /rosout core topic
[rospy.rosout][INFO] 2019-10-16 18:12:28,638: connected to core topic /rosout
[rospy.simtime][INFO] 2019-10-16 18:12:28,641: /use_sim_time is not set, will not subscribe to simulated time [/clock] topic
[rospy.internal][INFO] 2019-10-16 18:12:28,701: topic[/vrpn_client_node/baseHand/pose] adding connection to [http://student-lasa:45067/], count 0
[rospy.internal][INFO] 2019-10-16 18:12:28,702: topic[/vrpn_client_node/normalSurface/pose] adding connection to [http://student-lasa:45067/], count 0
[rospy.internal][INFO] 2019-10-16 18:12:28,706: topic[/biotac_pub] adding connection to [http://student-lasa:33843/], count 0
[rosout][INFO] 2019-10-16 18:12:28,719: 
pdc: 
2449
electrode: 
(3107, 3533, 3506, 3329, 3445, 3191, 3258, 3338, 3345, 3402, 3149, 3556, 3530, 3353, 3447, 3169, 3497, 3464, 3216)
z_dir: 
[[-0.00885813]
 [ 0.03674345]
 [ 0.99928547]]
[rosout][INFO] 2019-10-16 18:12:28,727: 
pdc: 
2449
electrode: 
(3107, 3533, 3506, 3329, 3445, 3191, 3258, 3338, 3345, 3402, 3149, 3556, 3530, 3353, 3447, 3169, 3497, 3464, 3216)
z_dir: 
[[-0.00457975]
 [ 0.03162073]
 [ 0.99948945]]
[rosout][INFO] 2019-10-16 18:12:28,738: 
pdc: 
2449
electrode: 
(3107, 3533, 3506, 3329, 3445, 3191, 3258, 3338, 3345, 3402, 3149, 3556, 3530, 3353, 3447, 3169, 3497, 3464, 3216)
z_dir: 
[[-0.00454169]
 [ 0.03162594]
 [ 0.99948946]]
[rosout][INFO] 2019-10-16 18:12:28,749: 
pdc: 
2449
electrode: 
(3107, 3533, 3506, 3329, 3445, 3191, 3258, 3338, 3345, 3402, 3149, 3556, 3530, 3353, 3447, 3169, 3497, 3464, 3216)
z_dir: 
[[-0.00897343]
 [ 0.03671322]
 [ 0.99928555]]
[rosout][INFO] 2019-10-16 18:12:28,758: 
pdc: 
2449
electrode: 
(3107, 3533, 3506, 3329, 3445, 3191, 3258, 3338, 3345, 3402, 3149, 3556, 3530, 3353, 3447, 3169, 3497, 3464, 3216)
z_dir: 
[[-0.00460542]
 [ 0.03163886]
 [ 0.99948876]]
[rosout][INFO] 2019-10-16 18:12:28,779: 
pdc: 
2449
electrode: 
(3107, 3533, 3506, 3329, 3445, 3191, 3258, 3338, 3345, 3402, 3149, 3556, 3530, 3353, 3447, 3169, 3497, 3464, 3216)
z_dir: 
[[-0.00453867]
 [ 0.03162631]
 [ 0.99948946]]
[rosout][INFO] 2019-10-16 18:12:28,798: 
pdc: 
2449
electrode: 
(3107, 3533, 3506, 3329, 3445, 3191, 3258, 3338, 3345, 3402, 3149, 3556, 3530, 3353, 3447, 3169, 3497, 3464, 3216)
z_dir: 
[[-0.00894847]
 [ 0.03670035]
 [ 0.99928625]]
[rosout][INFO] 2019-10-16 18:12:28,809: 
pdc: 
2449
electrode: 
(3107, 3533, 3506, 3329, 3445, 3191, 3258, 3338, 3345, 3402, 3149, 3556, 3530, 3353, 3447, 3169, 3497, 3464, 3216)
z_dir: 
[[-0.0045673 ]
 [ 0.03164128]
 [ 0.99948885]]
[rosout][INFO] 2019-10-16 18:12:28,818: 
pdc: 
2449
electrode: 
(3107, 3533, 3506, 3329, 3445, 3191, 3258, 3338, 3345, 3402, 3149, 3556, 3530, 3353, 3447, 3169, 3497, 3464, 3216)
z_dir: 
[[-0.00897786]
 [ 0.03672437]
 [ 0.9992851 ]]
[rosout][INFO] 2019-10-16 18:12:28,829: 
pdc: 
2449
electrode: 
(3107, 3533, 3506, 3329, 3445, 3191, 3258, 3338, 3345, 3402, 3149, 3556, 3530, 3353, 3447, 3169, 3497, 3464, 3216)
z_dir: 
[[-0.00450286]
 [ 0.03157546]
 [ 0.99949123]]
[rosout][INFO] 2019-10-16 18:12:28,838: 
pdc: 
2449
electrode: 
(3107, 3533, 3506, 3329, 3445, 3191, 3258, 3338, 3345, 3402, 3149, 3556, 3530, 3353, 3447, 3169, 3497, 3464, 3216)
z_dir: 
[[-0.00453845]
 [ 0.03164284]
 [ 0.99948894]]
[rosout][INFO] 2019-10-16 18:12:28,859: 
pdc: 
2449
electrode: 
(3107, 3533, 3506, 3329, 3445, 3191, 3258, 3338, 3345, 3402, 3149, 3556, 3530, 3353, 3447, 3169, 3497, 3464, 3216)
z_dir: 
[[-0.00453864]
 [ 0.03164384]
 [ 0.9994889 ]]
[rosout][INFO] 2019-10-16 18:12:28,879: 
pdc: 
2449
electrode: 
(3107, 3533, 3506, 3329, 3445, 3191, 3258, 3338, 3345, 3402, 3149, 3556, 3530, 3353, 3447, 3169, 3497, 3464, 3216)
z_dir: 
[[-0.00444879]
 [ 0.03154739]
 [ 0.99949236]]
[rosout][INFO] 2019-10-16 18:12:28,889: 
pdc: 
2449
electrode: 
(3107, 3533, 3506, 3329, 3445, 3191, 3258, 3338, 3345, 3402, 3149, 3556, 3530, 3353, 3447, 3169, 3497, 3464, 3216)
z_dir: 
[[-0.00459731]
 [ 0.03160331]
 [ 0.99948992]]
[rospy.internal][INFO] 2019-10-16 18:12:28,903: topic[/rosout] adding connection to [/rosout], count 0
[rosout][INFO] 2019-10-16 18:12:28,909: 
pdc: 
2449
electrode: 
(3107, 3533, 3506, 3329, 3445, 3191, 3258, 3338, 3345, 3402, 3149, 3556, 3530, 3353, 3447, 3169, 3497, 3464, 3216)
z_dir: 
[[-0.00452295]
 [ 0.03166085]
 [ 0.99948844]]
[rosout][INFO] 2019-10-16 18:12:28,919: 
pdc: 
2449
electrode: 
(3107, 3533, 3506, 3329, 3445, 3191, 3258, 3338, 3345, 3402, 3149, 3556, 3530, 3353, 3447, 3169, 3497, 3464, 3216)
z_dir: 
[[-0.00887187]
 [ 0.03670003]
 [ 0.99928694]]
[rosout][INFO] 2019-10-16 18:12:28,928: 
pdc: 
2449
electrode: 
(3107, 3533, 3506, 3329, 3445, 3191, 3258, 3338, 3345, 3402, 3149, 3556, 3530, 3353, 3447, 3169, 3497, 3464, 3216)
z_dir: 
[[-0.00448187]
 [ 0.03163172]
 [ 0.99948954]]
[rosout][INFO] 2019-10-16 18:12:28,939: 
pdc: 
2449
electrode: 
(3107, 3533, 3506, 3329, 3445, 3191, 3258, 3338, 3345, 3402, 3149, 3556, 3530, 3353, 3447, 3169, 3497, 3464, 3216)
z_dir: 
[[-0.00455107]
 [ 0.03143216]
 [ 0.99949553]]
[rosout][INFO] 2019-10-16 18:12:28,948: 
pdc: 
2449
electrode: 
(3107, 3533, 3506, 3329, 3445, 3191, 3258, 3338, 3345, 3402, 3149, 3556, 3530, 3353, 3447, 3169, 3497, 3464, 3216)
z_dir: 
[[-0.00902003]
 [ 0.03670402]
 [ 0.99928547]]
[rosout][INFO] 2019-10-16 18:12:28,958: 
pdc: 
2449
electrode: 
(3107, 3533, 3506, 3329, 3445, 3191, 3258, 3338, 3345, 3402, 3149, 3556, 3530, 3353, 3447, 3169, 3497, 3464, 3216)
z_dir: 
[[-0.0045346 ]
 [ 0.03160309]
 [ 0.99949021]]
[rosout][INFO] 2019-10-16 18:12:28,969: 
pdc: 
2449
electrode: 
(3107, 3533, 3506, 3329, 3445, 3191, 3258, 3338, 3345, 3402, 3149, 3556, 3530, 3353, 3447, 3169, 3497, 3464, 3216)
z_dir: 
[[-0.00883005]
 [ 0.03679043]
 [ 0.99928399]]
[rosout][INFO] 2019-10-16 18:12:28,979: 
pdc: 
2449
electrode: 
(3107, 3533, 3506, 3329, 3445, 3191, 3258, 3338, 3345, 3402, 3149, 3556, 3530, 3353, 3447, 3169, 3497, 3464, 3216)
z_dir: 
[[-0.00458129]
 [ 0.03159263]
 [ 0.99949033]]
[rosout][INFO] 2019-10-16 18:12:28,989: 
pdc: 
2449
electrode: 
(3107, 3533, 3506, 3329, 3445, 3191, 3258, 3338, 3345, 3402, 3149, 3556, 3530, 3353, 3447, 3169, 3497, 3464, 3216)
z_dir: 
[[-0.00449607]
 [ 0.03155585]
 [ 0.99949188]]
[rosout][INFO] 2019-10-16 18:12:28,998: 
pdc: 
2449
electrode: 
(3107, 3533, 3506, 3329, 3445, 3191, 3258, 3338, 3345, 3402, 3149, 3556, 3530, 3353, 3447, 3169, 3497, 3464, 3216)
z_dir: 
[[-0.00898342]
 [ 0.03672067]
 [ 0.99928519]]
[rosout][INFO] 2019-10-16 18:12:29,009: 
pdc: 
2449
electrode: 
(3107, 3533, 3506, 3329, 3445, 3191, 3258, 3338, 3345, 3402, 3149, 3556, 3530, 3353, 3447, 3169, 3497, 3464, 3216)
z_dir: 
[[-0.0046287 ]
 [ 0.03143572]
 [ 0.99949506]]
[rosout][INFO] 2019-10-16 18:12:29,029: 
pdc: 
2449
electrode: 
(3107, 3533, 3506, 3329, 3445, 3191, 3258, 3338, 3345, 3402, 3149, 3556, 3530, 3353, 3447, 3169, 3497, 3464, 3216)
z_dir: 
[[-0.00480674]
 [ 0.03222794]
 [ 0.99946899]]
[rosout][INFO] 2019-10-16 18:12:29,039: 
pdc: 
2449
electrode: 
(3107, 3533, 3506, 3329, 3445, 3191, 3258, 3338, 3345, 3402, 3149, 3556, 3530, 3353, 3447, 3169, 3497, 3464, 3216)
z_dir: 
[[-0.00462194]
 [ 0.03148944]
 [ 0.9994934 ]]
[rosout][INFO] 2019-10-16 18:12:29,048: 
pdc: 
2449
electrode: 
(3107, 3533, 3506, 3329, 3445, 3191, 3258, 3338, 3345, 3402, 3149, 3556, 3530, 3353, 3447, 3169, 3497, 3464, 3216)
z_dir: 
[[-0.00900766]
 [ 0.03673834]
 [ 0.99928432]]
[rosout][INFO] 2019-10-16 18:12:29,059: 
pdc: 
2449
electrode: 
(3107, 3533, 3506, 3329, 3445, 3191, 3258, 3338, 3345, 3402, 3149, 3556, 3530, 3353, 3447, 3169, 3497, 3464, 3216)
z_dir: 
[[-0.00449215]
 [ 0.03164386]
 [ 0.99948911]]
[rosout][INFO] 2019-10-16 18:12:29,068: 
pdc: 
2449
electrode: 
(3107, 3533, 3506, 3329, 3445, 3191, 3258, 3338, 3345, 3402, 3149, 3556, 3530, 3353, 3447, 3169, 3497, 3464, 3216)
z_dir: 
[[-0.00919742]
 [ 0.03738393]
 [ 0.99925865]]
[rosout][INFO] 2019-10-16 18:12:29,079: 
pdc: 
2449
electrode: 
(3107, 3533, 3506, 3329, 3445, 3191, 3258, 3338, 3345, 3402, 3149, 3556, 3530, 3353, 3447, 3169, 3497, 3464, 3216)
z_dir: 
[[-0.00451963]
 [ 0.03163301]
 [ 0.99948933]]
[rosout][INFO] 2019-10-16 18:12:29,088: 
pdc: 
2449
electrode: 
(3107, 3533, 3506, 3329, 3445, 3191, 3258, 3338, 3345, 3402, 3149, 3556, 3530, 3353, 3447, 3169, 3497, 3464, 3216)
z_dir: 
[[-0.00454574]
 [ 0.03158895]
 [ 0.99949061]]
[rosout][INFO] 2019-10-16 18:12:29,099: 
pdc: 
2449
electrode: 
(3107, 3533, 3506, 3329, 3445, 3191, 3258, 3338, 3345, 3402, 3149, 3556, 3530, 3353, 3447, 3169, 3497, 3464, 3216)
z_dir: 
[[-0.00902834]
 [ 0.03655668]
 [ 0.9992908 ]]
[rosout][INFO] 2019-10-16 18:12:29,120: 
pdc: 
2449
electrode: 
(3107, 3533, 3506, 3329, 3445, 3191, 3258, 3338, 3345, 3402, 3149, 3556, 3530, 3353, 3447, 3169, 3497, 3464, 3216)
z_dir: 
[[-0.00894562]
 [ 0.03669839]
 [ 0.99928635]]
[rosout][INFO] 2019-10-16 18:12:29,129: 
pdc: 
2449
electrode: 
(3107, 3533, 3506, 3329, 3445, 3191, 3258, 3338, 3345, 3402, 3149, 3556, 3530, 3353, 3447, 3169, 3497, 3464, 3216)
z_dir: 
[[-0.00457037]
 [ 0.03157682]
 [ 0.99949088]]
[rosout][INFO] 2019-10-16 18:12:29,138: 
pdc: 
2449
electrode: 
(3107, 3533, 3506, 3329, 3445, 3191, 3258, 3338, 3345, 3402, 3149, 3556, 3530, 3353, 3447, 3169, 3497, 3464, 3216)
z_dir: 
[[-0.0047089 ]
 [ 0.03155037]
 [ 0.99949107]]
[rosout][INFO] 2019-10-16 18:12:29,149: 
pdc: 
2449
electrode: 
(3107, 3533, 3506, 3329, 3445, 3191, 3258, 3338, 3345, 3402, 3149, 3556, 3530, 3353, 3447, 3169, 3497, 3464, 3216)
z_dir: 
[[-0.00902457]
 [ 0.03675152]
 [ 0.99928368]]
[rosout][INFO] 2019-10-16 18:12:29,158: 
pdc: 
2449
electrode: 
(3107, 3533, 3506, 3329, 3445, 3191, 3258, 3338, 3345, 3402, 3149, 3556, 3530, 3353, 3447, 3169, 3497, 3464, 3216)
z_dir: 
[[-0.00454929]
 [ 0.03161553]
 [ 0.99948975]]
[rosout][INFO] 2019-10-16 18:12:29,169: 
pdc: 
2449
electrode: 
(3107, 3533, 3506, 3329, 3445, 3191, 3258, 3338, 3345, 3402, 3149, 3556, 3530, 3353, 3447, 3169, 3497, 3464, 3216)
z_dir: 
[[-0.0089632 ]
 [ 0.03661112]
 [ 0.99928939]]
[rosout][INFO] 2019-10-16 18:12:29,179: 
pdc: 
2449
electrode: 
(3107, 3533, 3506, 3329, 3445, 3191, 3258, 3338, 3345, 3402, 3149, 3556, 3530, 3353, 3447, 3169, 3497, 3464, 3216)
z_dir: 
[[-0.0045919 ]
 [ 0.03162373]
 [ 0.9994893 ]]
[rosout][INFO] 2019-10-16 18:12:29,189: 
pdc: 
2449
electrode: 
(3107, 3533, 3506, 3329, 3445, 3191, 3258, 3338, 3345, 3402, 3149, 3556, 3530, 3353, 3447, 3169, 3497, 3464, 3216)
z_dir: 
[[-0.00456941]
 [ 0.0316445 ]
 [ 0.99948874]]
[rosout][INFO] 2019-10-16 18:12:29,198: 
pdc: 
2449
electrode: 
(3107, 3533, 3506, 3329, 3445, 3191, 3258, 3338, 3345, 3402, 3149, 3556, 3530, 3353, 3447, 3169, 3497, 3464, 3216)
z_dir: 
[[-0.00893862]
 [ 0.0367247 ]
 [ 0.99928544]]
[rosout][INFO] 2019-10-16 18:12:29,209: 
pdc: 
2449
electrode: 
(3107, 3533, 3506, 3329, 3445, 3191, 3258, 3338, 3345, 3402, 3149, 3556, 3530, 3353, 3447, 3169, 3497, 3464, 3216)
z_dir: 
[[-0.00453212]
 [ 0.03159891]
 [ 0.99949035]]
[rosout][INFO] 2019-10-16 18:12:29,219: 
pdc: 
2449
electrode: 
(3107, 3533, 3506, 3329, 3445, 3191, 3258, 3338, 3345, 3402, 3149, 3556, 3530, 3353, 3447, 3169, 3497, 3464, 3216)
z_dir: 
[[-0.00890492]
 [ 0.03675376]
 [ 0.99928468]]
[rosout][INFO] 2019-10-16 18:12:29,228: 
pdc: 
2449
electrode: 
(3107, 3533, 3506, 3329, 3445, 3191, 3258, 3338, 3345, 3402, 3149, 3556, 3530, 3353, 3447, 3169, 3497, 3464, 3216)
z_dir: 
[[-0.00459567]
 [ 0.03165237]
 [ 0.99948837]]
[rosout][INFO] 2019-10-16 18:12:29,238: 
pdc: 
2449
electrode: 
(3107, 3533, 3506, 3329, 3445, 3191, 3258, 3338, 3345, 3402, 3149, 3556, 3530, 3353, 3447, 3169, 3497, 3464, 3216)
z_dir: 
[[-0.0045927 ]
 [ 0.03160733]
 [ 0.99948981]]
[rosout][INFO] 2019-10-16 18:12:29,248: 
pdc: 
2449
electrode: 
(3107, 3533, 3506, 3329, 3445, 3191, 3258, 3338, 3345, 3402, 3149, 3556, 3530, 3353, 3447, 3169, 3497, 3464, 3216)
z_dir: 
[[-0.00889376]
 [ 0.03672813]
 [ 0.99928572]]
[rosout][INFO] 2019-10-16 18:12:29,258: 
pdc: 
2449
electrode: 
(3107, 3533, 3506, 3329, 3445, 3191, 3258, 3338, 3345, 3402, 3149, 3556, 3530, 3353, 3447, 3169, 3497, 3464, 3216)
z_dir: 
[[-0.00457318]
 [ 0.0315178 ]
 [ 0.99949273]]
[rosout][INFO] 2019-10-16 18:12:29,269: 
pdc: 
2449
electrode: 
(3107, 3533, 3506, 3329, 3445, 3191, 3258, 3338, 3345, 3402, 3149, 3556, 3530, 3353, 3447, 3169, 3497, 3464, 3216)
z_dir: 
[[-0.00917614]
 [ 0.03737429]
 [ 0.99925921]]
[rosout][INFO] 2019-10-16 18:12:29,278: 
pdc: 
2449
electrode: 
(3107, 3533, 3506, 3329, 3445, 3191, 3258, 3338, 3345, 3402, 3149, 3556, 3530, 3353, 3447, 3169, 3497, 3464, 3216)
z_dir: 
[[-0.00459842]
 [ 0.03171924]
 [ 0.99948624]]
[rosout][INFO] 2019-10-16 18:12:29,288: 
pdc: 
2449
electrode: 
(3107, 3533, 3506, 3329, 3445, 3191, 3258, 3338, 3345, 3402, 3149, 3556, 3530, 3353, 3447, 3169, 3497, 3464, 3216)
z_dir: 
[[-0.00454791]
 [ 0.03162927]
 [ 0.99948932]]
[rosout][INFO] 2019-10-16 18:12:29,299: 
pdc: 
2449
electrode: 
(3107, 3533, 3506, 3329, 3445, 3191, 3258, 3338, 3345, 3402, 3149, 3556, 3530, 3353, 3447, 3169, 3497, 3464, 3216)
z_dir: 
[[-0.0089163 ]
 [ 0.03667224]
 [ 0.99928757]]
[rosout][INFO] 2019-10-16 18:12:29,308: 
pdc: 
2449
electrode: 
(3107, 3533, 3506, 3329, 3445, 3191, 3258, 3338, 3345, 3402, 3149, 3556, 3530, 3353, 3447, 3169, 3497, 3464, 3216)
z_dir: 
[[-0.00460863]
 [ 0.03158076]
 [ 0.99949058]]
[rosout][INFO] 2019-10-16 18:12:29,318: 
pdc: 
2449
electrode: 
(3107, 3533, 3506, 3329, 3445, 3191, 3258, 3338, 3345, 3402, 3149, 3556, 3530, 3353, 3447, 3169, 3497, 3464, 3216)
z_dir: 
[[-0.00893425]
 [ 0.03674528]
 [ 0.99928473]]
[rosout][INFO] 2019-10-16 18:12:29,329: 
pdc: 
2449
electrode: 
(3107, 3533, 3506, 3329, 3445, 3191, 3258, 3338, 3345, 3402, 3149, 3556, 3530, 3353, 3447, 3169, 3497, 3464, 3216)
z_dir: 
[[-0.00446882]
 [ 0.03158017]
 [ 0.99949123]]
[rosout][INFO] 2019-10-16 18:12:29,338: 
pdc: 
2449
electrode: 
(3107, 3533, 3506, 3329, 3445, 3191, 3258, 3338, 3345, 3402, 3149, 3556, 3530, 3353, 3447, 3169, 3497, 3464, 3216)
z_dir: 
[[-0.00451575]
 [ 0.03161918]
 [ 0.99948979]]
[rosout][INFO] 2019-10-16 18:12:29,348: 
pdc: 
2449
electrode: 
(3107, 3533, 3506, 3329, 3445, 3191, 3258, 3338, 3345, 3402, 3149, 3556, 3530, 3353, 3447, 3169, 3497, 3464, 3216)
z_dir: 
[[-0.00887453]
 [ 0.03672094]
 [ 0.99928615]]
[rosout][INFO] 2019-10-16 18:12:29,359: 
pdc: 
2449
electrode: 
(3107, 3533, 3506, 3329, 3445, 3191, 3258, 3338, 3345, 3402, 3149, 3556, 3530, 3353, 3447, 3169, 3497, 3464, 3216)
z_dir: 
[[-0.00450614]
 [ 0.03160426]
 [ 0.9994903 ]]
[rosout][INFO] 2019-10-16 18:12:29,368: 
pdc: 
2449
electrode: 
(3107, 3533, 3506, 3329, 3445, 3191, 3258, 3338, 3345, 3402, 3149, 3556, 3530, 3353, 3447, 3169, 3497, 3464, 3216)
z_dir: 
[[-0.00894279]
 [ 0.03670698]
 [ 0.99928606]]
[rosout][INFO] 2019-10-16 18:12:29,378: 
pdc: 
2449
electrode: 
(3107, 3533, 3506, 3329, 3445, 3191, 3258, 3338, 3345, 3402, 3149, 3556, 3530, 3353, 3447, 3169, 3497, 3464, 3216)
z_dir: 
[[-0.00451253]
 [ 0.03161265]
 [ 0.99949001]]
[rosout][INFO] 2019-10-16 18:12:29,389: 
pdc: 
2449
electrode: 
(3107, 3533, 3506, 3329, 3445, 3191, 3258, 3338, 3345, 3402, 3149, 3556, 3530, 3353, 3447, 3169, 3497, 3464, 3216)
z_dir: 
[[-0.00456577]
 [ 0.03165033]
 [ 0.99948857]]
[rosout][INFO] 2019-10-16 18:12:29,398: 
pdc: 
2449
electrode: 
(3107, 3533, 3506, 3329, 3445, 3191, 3258, 3338, 3345, 3402, 3149, 3556, 3530, 3353, 3447, 3169, 3497, 3464, 3216)
z_dir: 
[[-0.0089535 ]
 [ 0.03673604]
 [ 0.99928489]]
[rosout][INFO] 2019-10-16 18:12:29,408: 
pdc: 
2449
electrode: 
(3107, 3533, 3506, 3329, 3445, 3191, 3258, 3338, 3345, 3402, 3149, 3556, 3530, 3353, 3447, 3169, 3497, 3464, 3216)
z_dir: 
[[-0.00454611]
 [ 0.03156387]
 [ 0.9994914 ]]
[rosout][INFO] 2019-10-16 18:12:29,419: 
pdc: 
2449
electrode: 
(3107, 3533, 3506, 3329, 3445, 3191, 3258, 3338, 3345, 3402, 3149, 3556, 3530, 3353, 3447, 3169, 3497, 3464, 3216)
z_dir: 
[[-0.00895217]
 [ 0.03674828]
 [ 0.99928446]]
[rosout][INFO] 2019-10-16 18:12:29,438: 
pdc: 
2449
electrode: 
(3107, 3533, 3506, 3329, 3445, 3191, 3258, 3338, 3345, 3402, 3149, 3556, 3530, 3353, 3447, 3169, 3497, 3464, 3216)
z_dir: 
[[-0.00485378]
 [ 0.03213655]
 [ 0.9994717 ]]
[rosout][INFO] 2019-10-16 18:12:29,449: 
pdc: 
2449
electrode: 
(3107, 3533, 3506, 3329, 3445, 3191, 3258, 3338, 3345, 3402, 3149, 3556, 3530, 3353, 3447, 3169, 3497, 3464, 3216)
z_dir: 
[[-0.00887201]
 [ 0.03671712]
 [ 0.99928632]]
[rosout][INFO] 2019-10-16 18:12:29,458: 
pdc: 
2449
electrode: 
(3107, 3533, 3506, 3329, 3445, 3191, 3258, 3338, 3345, 3402, 3149, 3556, 3530, 3353, 3447, 3169, 3497, 3464, 3216)
z_dir: 
[[-0.00455195]
 [ 0.03162342]
 [ 0.99948949]]
[rosout][INFO] 2019-10-16 18:12:29,469: 
pdc: 
2449
electrode: 
(3107, 3533, 3506, 3329, 3445, 3191, 3258, 3338, 3345, 3402, 3149, 3556, 3530, 3353, 3447, 3169, 3497, 3464, 3216)
z_dir: 
[[-0.00889247]
 [ 0.03675175]
 [ 0.99928486]]
[rosout][INFO] 2019-10-16 18:12:29,489: 
pdc: 
2449
electrode: 
(3107, 3533, 3506, 3329, 3445, 3191, 3258, 3338, 3345, 3402, 3149, 3556, 3530, 3353, 3447, 3169, 3497, 3464, 3216)
z_dir: 
[[-0.00440947]
 [ 0.03162309]
 [ 0.99949014]]
[rosout][INFO] 2019-10-16 18:12:29,499: 
pdc: 
2449
electrode: 
(3107, 3533, 3506, 3329, 3445, 3191, 3258, 3338, 3345, 3402, 3149, 3556, 3530, 3353, 3447, 3169, 3497, 3464, 3216)
z_dir: 
[[-0.00885922]
 [ 0.03677471]
 [ 0.99928431]]
[rosout][INFO] 2019-10-16 18:12:29,508: 
pdc: 
2449
electrode: 
(3107, 3533, 3506, 3329, 3445, 3191, 3258, 3338, 3345, 3402, 3149, 3556, 3530, 3353, 3447, 3169, 3497, 3464, 3216)
z_dir: 
[[-0.00461592]
 [ 0.03162868]
 [ 0.99948903]]
[rosout][INFO] 2019-10-16 18:12:29,519: 
pdc: 
2449
electrode: 
(3107, 3533, 3506, 3329, 3445, 3191, 3258, 3338, 3345, 3402, 3149, 3556, 3530, 3353, 3447, 3169, 3497, 3464, 3216)
z_dir: 
[[-0.00889636]
 [ 0.0366642 ]
 [ 0.99928804]]
[rosout][INFO] 2019-10-16 18:12:29,529: 
pdc: 
2449
electrode: 
(3107, 3533, 3506, 3329, 3445, 3191, 3258, 3338, 3345, 3402, 3149, 3556, 3530, 3353, 3447, 3169, 3497, 3464, 3216)
z_dir: 
[[-0.00451162]
 [ 0.03160236]
 [ 0.99949034]]
[rosout][INFO] 2019-10-16 18:12:29,538: 
pdc: 
2449
electrode: 
(3107, 3533, 3506, 3329, 3445, 3191, 3258, 3338, 3345, 3402, 3149, 3556, 3530, 3353, 3447, 3169, 3497, 3464, 3216)
z_dir: 
[[-0.00452647]
 [ 0.03164669]
 [ 0.99948887]]
[rosout][INFO] 2019-10-16 18:12:29,549: 
pdc: 
2449
electrode: 
(3107, 3533, 3506, 3329, 3445, 3191, 3258, 3338, 3345, 3402, 3149, 3556, 3530, 3353, 3447, 3169, 3497, 3464, 3216)
z_dir: 
[[-0.00892066]
 [ 0.0367379 ]
 [ 0.99928512]]
[rosout][INFO] 2019-10-16 18:12:29,569: 
pdc: 
2449
electrode: 
(3107, 3533, 3506, 3329, 3445, 3191, 3258, 3338, 3345, 3402, 3149, 3556, 3530, 3353, 3447, 3169, 3497, 3464, 3216)
z_dir: 
[[-0.00881262]
 [ 0.03680555]
 [ 0.99928359]]
[rosout][INFO] 2019-10-16 18:12:29,579: 
pdc: 
2449
electrode: 
(3107, 3533, 3506, 3329, 3445, 3191, 3258, 3338, 3345, 3402, 3149, 3556, 3530, 3353, 3447, 3169, 3497, 3464, 3216)
z_dir: 
[[-0.00450224]
 [ 0.03167312]
 [ 0.99948814]]
[rosout][INFO] 2019-10-16 18:12:29,588: 
pdc: 
2449
electrode: 
(3107, 3533, 3506, 3329, 3445, 3191, 3258, 3338, 3345, 3402, 3149, 3556, 3530, 3353, 3447, 3169, 3497, 3464, 3216)
z_dir: 
[[-0.00451936]
 [ 0.03168065]
 [ 0.99948782]]
[rosout][INFO] 2019-10-16 18:12:29,599: 
pdc: 
2449
electrode: 
(3107, 3533, 3506, 3329, 3445, 3191, 3258, 3338, 3345, 3402, 3149, 3556, 3530, 3353, 3447, 3169, 3497, 3464, 3216)
z_dir: 
[[-0.00895568]
 [ 0.03672965]
 [ 0.99928511]]
[rosout][INFO] 2019-10-16 18:12:29,619: 
pdc: 
2449
electrode: 
(3107, 3533, 3506, 3329, 3445, 3191, 3258, 3338, 3345, 3402, 3149, 3556, 3530, 3353, 3447, 3169, 3497, 3464, 3216)
z_dir: 
[[-0.00892016]
 [ 0.03666307]
 [ 0.99928787]]
[rosout][INFO] 2019-10-16 18:12:29,630: 
pdc: 
2449
electrode: 
(3107, 3533, 3506, 3329, 3445, 3191, 3258, 3338, 3345, 3402, 3149, 3556, 3530, 3353, 3447, 3169, 3497, 3464, 3216)
z_dir: 
[[-0.00455822]
 [ 0.03162422]
 [ 0.99948944]]
[rosout][INFO] 2019-10-16 18:12:29,639: 
pdc: 
2449
electrode: 
(3107, 3533, 3506, 3329, 3445, 3191, 3258, 3338, 3345, 3402, 3149, 3556, 3530, 3353, 3447, 3169, 3497, 3464, 3216)
z_dir: 
[[-0.00458173]
 [ 0.03159269]
 [ 0.99949032]]
[rosout][INFO] 2019-10-16 18:12:29,649: 
pdc: 
2449
electrode: 
(3107, 3533, 3506, 3329, 3445, 3191, 3258, 3338, 3345, 3402, 3149, 3556, 3530, 3353, 3447, 3169, 3497, 3464, 3216)
z_dir: 
[[-0.00901381]
 [ 0.03663792]
 [ 0.99928795]]
[rosout][INFO] 2019-10-16 18:12:29,669: 
pdc: 
2449
electrode: 
(3107, 3533, 3506, 3329, 3445, 3191, 3258, 3338, 3345, 3402, 3149, 3556, 3530, 3353, 3447, 3169, 3497, 3464, 3216)
z_dir: 
[[-0.00903499]
 [ 0.03670147]
 [ 0.99928543]]
[rosout][INFO] 2019-10-16 18:12:29,679: 
pdc: 
2449
electrode: 
(3107, 3533, 3506, 3329, 3445, 3191, 3258, 3338, 3345, 3402, 3149, 3556, 3530, 3353, 3447, 3169, 3497, 3464, 3216)
z_dir: 
[[-0.00450855]
 [ 0.0316101 ]
 [ 0.99949011]]
[rosout][INFO] 2019-10-16 18:12:29,699: 
pdc: 
2449
electrode: 
(3107, 3533, 3506, 3329, 3445, 3191, 3258, 3338, 3345, 3402, 3149, 3556, 3530, 3353, 3447, 3169, 3497, 3464, 3216)
z_dir: 
[[-0.00449878]
 [ 0.03155991]
 [ 0.99949174]]
[rosout][INFO] 2019-10-16 18:12:29,709: 
pdc: 
2449
electrode: 
(3107, 3533, 3506, 3329, 3445, 3191, 3258, 3338, 3345, 3402, 3149, 3556, 3530, 3353, 3447, 3169, 3497, 3464, 3216)
z_dir: 
[[-0.00449608]
 [ 0.03167056]
 [ 0.99948825]]
[rosout][INFO] 2019-10-16 18:12:29,718: 
pdc: 
2449
electrode: 
(3107, 3533, 3506, 3329, 3445, 3191, 3258, 3338, 3345, 3402, 3149, 3556, 3530, 3353, 3447, 3169, 3497, 3464, 3216)
z_dir: 
[[-0.00896849]
 [ 0.03665919]
 [ 0.99928758]]
[rosout][INFO] 2019-10-16 18:12:29,729: 
pdc: 
2449
electrode: 
(3107, 3533, 3506, 3329, 3445, 3191, 3258, 3338, 3345, 3402, 3149, 3556, 3530, 3353, 3447, 3169, 3497, 3464, 3216)
z_dir: 
[[-0.00441649]
 [ 0.03166573]
 [ 0.99948876]]
[rosout][INFO] 2019-10-16 18:12:29,739: 
pdc: 
2449
electrode: 
(3107, 3533, 3506, 3329, 3445, 3191, 3258, 3338, 3345, 3402, 3149, 3556, 3530, 3353, 3447, 3169, 3497, 3464, 3216)
z_dir: 
[[-0.00450912]
 [ 0.03155587]
 [ 0.99949182]]
[rosout][INFO] 2019-10-16 18:12:29,749: 
pdc: 
2449
electrode: 
(3107, 3533, 3506, 3329, 3445, 3191, 3258, 3338, 3345, 3402, 3149, 3556, 3530, 3353, 3447, 3169, 3497, 3464, 3216)
z_dir: 
[[-0.008979  ]
 [ 0.0367309 ]
 [ 0.99928485]]
[rosout][INFO] 2019-10-16 18:12:29,759: 
pdc: 
2449
electrode: 
(3107, 3533, 3506, 3329, 3445, 3191, 3258, 3338, 3345, 3402, 3149, 3556, 3530, 3353, 3447, 3169, 3497, 3464, 3216)
z_dir: 
[[-0.00452459]
 [ 0.03163559]
 [ 0.99948923]]
[rosout][INFO] 2019-10-16 18:12:29,769: 
pdc: 
2449
electrode: 
(3107, 3533, 3506, 3329, 3445, 3191, 3258, 3338, 3345, 3402, 3149, 3556, 3530, 3353, 3447, 3169, 3497, 3464, 3216)
z_dir: 
[[-0.00884869]
 [ 0.0367936 ]
 [ 0.99928371]]
[rosout][INFO] 2019-10-16 18:12:29,779: 
pdc: 
2449
electrode: 
(3107, 3533, 3506, 3329, 3445, 3191, 3258, 3338, 3345, 3402, 3149, 3556, 3530, 3353, 3447, 3169, 3497, 3464, 3216)
z_dir: 
[[-0.00457764]
 [ 0.03155205]
 [ 0.99949163]]
[rosout][INFO] 2019-10-16 18:12:29,790: 
pdc: 
2449
electrode: 
(3107, 3533, 3506, 3329, 3445, 3191, 3258, 3338, 3345, 3402, 3149, 3556, 3530, 3353, 3447, 3169, 3497, 3464, 3216)
z_dir: 
[[-0.00455055]
 [ 0.03161969]
 [ 0.99948961]]
[rosout][INFO] 2019-10-16 18:12:29,799: 
pdc: 
2449
electrode: 
(3107, 3533, 3506, 3329, 3445, 3191, 3258, 3338, 3345, 3402, 3149, 3556, 3530, 3353, 3447, 3169, 3497, 3464, 3216)
z_dir: 
[[-0.00897736]
 [ 0.03667418]
 [ 0.99928695]]
[rosout][INFO] 2019-10-16 18:12:29,810: 
pdc: 
2449
electrode: 
(3107, 3533, 3506, 3329, 3445, 3191, 3258, 3338, 3345, 3402, 3149, 3556, 3530, 3353, 3447, 3169, 3497, 3464, 3216)
z_dir: 
[[-0.00454493]
 [ 0.03163664]
 [ 0.9994891 ]]
[rosout][INFO] 2019-10-16 18:12:29,819: 
pdc: 
2449
electrode: 
(3107, 3533, 3506, 3329, 3445, 3191, 3258, 3338, 3345, 3402, 3149, 3556, 3530, 3353, 3447, 3169, 3497, 3464, 3216)
z_dir: 
[[-0.00899612]
 [ 0.03673691]
 [ 0.99928448]]
[rosout][INFO] 2019-10-16 18:12:29,829: 
pdc: 
2449
electrode: 
(3107, 3533, 3506, 3329, 3445, 3191, 3258, 3338, 3345, 3402, 3149, 3556, 3530, 3353, 3447, 3169, 3497, 3464, 3216)
z_dir: 
[[-0.00448188]
 [ 0.03158915]
 [ 0.99949089]]
[rosout][INFO] 2019-10-16 18:12:29,839: 
pdc: 
2449
electrode: 
(3107, 3533, 3506, 3329, 3445, 3191, 3258, 3338, 3345, 3402, 3149, 3556, 3530, 3353, 3447, 3169, 3497, 3464, 3216)
z_dir: 
[[-0.00455006]
 [ 0.03164653]
 [ 0.99948877]]
[rosout][INFO] 2019-10-16 18:12:29,849: 
pdc: 
2449
electrode: 
(3107, 3533, 3506, 3329, 3445, 3191, 3258, 3338, 3345, 3402, 3149, 3556, 3530, 3353, 3447, 3169, 3497, 3464, 3216)
z_dir: 
[[-0.00895968]
 [ 0.0367045 ]
 [ 0.999286  ]]
[rosout][INFO] 2019-10-16 18:12:29,860: 
pdc: 
2449
electrode: 
(3107, 3533, 3506, 3329, 3445, 3191, 3258, 3338, 3345, 3402, 3149, 3556, 3530, 3353, 3447, 3169, 3497, 3464, 3216)
z_dir: 
[[-0.00452214]
 [ 0.03164234]
 [ 0.99948903]]
[rosout][INFO] 2019-10-16 18:12:29,869: 
pdc: 
2449
electrode: 
(3107, 3533, 3506, 3329, 3445, 3191, 3258, 3338, 3345, 3402, 3149, 3556, 3530, 3353, 3447, 3169, 3497, 3464, 3216)
z_dir: 
[[-0.00895251]
 [ 0.03678452]
 [ 0.99928312]]
[rosout][INFO] 2019-10-16 18:12:29,880: 
pdc: 
2449
electrode: 
(3107, 3533, 3506, 3329, 3445, 3191, 3258, 3338, 3345, 3402, 3149, 3556, 3530, 3353, 3447, 3169, 3497, 3464, 3216)
z_dir: 
[[-0.00452277]
 [ 0.0316561 ]
 [ 0.99948859]]
[rosout][INFO] 2019-10-16 18:12:29,899: 
pdc: 
2449
electrode: 
(3107, 3533, 3506, 3329, 3445, 3191, 3258, 3338, 3345, 3402, 3149, 3556, 3530, 3353, 3447, 3169, 3497, 3464, 3216)
z_dir: 
[[-0.00905166]
 [ 0.03668882]
 [ 0.99928574]]
[rosout][INFO] 2019-10-16 18:12:29,909: 
pdc: 
2449
electrode: 
(3107, 3533, 3506, 3329, 3445, 3191, 3258, 3338, 3345, 3402, 3149, 3556, 3530, 3353, 3447, 3169, 3497, 3464, 3216)
z_dir: 
[[-0.00492716]
 [ 0.03209047]
 [ 0.99947282]]
[rosout][INFO] 2019-10-16 18:12:29,919: 
pdc: 
2449
electrode: 
(3107, 3533, 3506, 3329, 3445, 3191, 3258, 3338, 3345, 3402, 3149, 3556, 3530, 3353, 3447, 3169, 3497, 3464, 3216)
z_dir: 
[[-0.00900552]
 [ 0.03656472]
 [ 0.99929071]]
[rosout][INFO] 2019-10-16 18:12:29,929: 
pdc: 
2449
electrode: 
(3107, 3533, 3506, 3329, 3445, 3191, 3258, 3338, 3345, 3402, 3149, 3556, 3530, 3353, 3447, 3169, 3497, 3464, 3216)
z_dir: 
[[-0.00463464]
 [ 0.03154219]
 [ 0.99949168]]
[rosout][INFO] 2019-10-16 18:12:29,939: 
pdc: 
2449
electrode: 
(3107, 3533, 3506, 3329, 3445, 3191, 3258, 3338, 3345, 3402, 3149, 3556, 3530, 3353, 3447, 3169, 3497, 3464, 3216)
z_dir: 
[[-0.00460529]
 [ 0.03162033]
 [ 0.99948934]]
[rosout][INFO] 2019-10-16 18:12:29,959: 
pdc: 
2449
electrode: 
(3107, 3533, 3506, 3329, 3445, 3191, 3258, 3338, 3345, 3402, 3149, 3556, 3530, 3353, 3447, 3169, 3497, 3464, 3216)
z_dir: 
[[-0.00455842]
 [ 0.0315993 ]
 [ 0.99949022]]
[rosout][INFO] 2019-10-16 18:12:29,969: 
pdc: 
2449
electrode: 
(3107, 3533, 3506, 3329, 3445, 3191, 3258, 3338, 3345, 3402, 3149, 3556, 3530, 3353, 3447, 3169, 3497, 3464, 3216)
z_dir: 
[[-0.00882255]
 [ 0.03669125]
 [ 0.9992877 ]]
[rosout][INFO] 2019-10-16 18:12:29,979: 
pdc: 
2449
electrode: 
(3107, 3533, 3506, 3329, 3445, 3191, 3258, 3338, 3345, 3402, 3149, 3556, 3530, 3353, 3447, 3169, 3497, 3464, 3216)
z_dir: 
[[-0.00448872]
 [ 0.03167204]
 [ 0.99948824]]
[rosout][INFO] 2019-10-16 18:12:29,989: 
pdc: 
2449
electrode: 
(3107, 3533, 3506, 3329, 3445, 3191, 3258, 3338, 3345, 3402, 3149, 3556, 3530, 3353, 3447, 3169, 3497, 3464, 3216)
z_dir: 
[[-0.00443375]
 [ 0.03167135]
 [ 0.9994885 ]]
[rosout][INFO] 2019-10-16 18:12:29,999: 
pdc: 
2449
electrode: 
(3107, 3533, 3506, 3329, 3445, 3191, 3258, 3338, 3345, 3402, 3149, 3556, 3530, 3353, 3447, 3169, 3497, 3464, 3216)
z_dir: 
[[-0.00917545]
 [ 0.03747162]
 [ 0.99925557]]
[rosout][INFO] 2019-10-16 18:12:30,010: 
pdc: 
2449
electrode: 
(3107, 3533, 3506, 3329, 3445, 3191, 3258, 3338, 3345, 3402, 3149, 3556, 3530, 3353, 3447, 3169, 3497, 3464, 3216)
z_dir: 
[[-0.00457673]
 [ 0.03167819]
 [ 0.99948764]]
[rosout][INFO] 2019-10-16 18:12:30,019: 
pdc: 
2449
electrode: 
(3107, 3533, 3506, 3329, 3445, 3191, 3258, 3338, 3345, 3402, 3149, 3556, 3530, 3353, 3447, 3169, 3497, 3464, 3216)
z_dir: 
[[-0.00886257]
 [ 0.03675723]
 [ 0.99928492]]
[rosout][INFO] 2019-10-16 18:12:30,030: 
pdc: 
2449
electrode: 
(3107, 3533, 3506, 3329, 3445, 3191, 3258, 3338, 3345, 3402, 3149, 3556, 3530, 3353, 3447, 3169, 3497, 3464, 3216)
z_dir: 
[[-0.00446201]
 [ 0.031593  ]
 [ 0.99949086]]
[rosout][INFO] 2019-10-16 18:12:30,039: 
pdc: 
2449
electrode: 
(3107, 3533, 3506, 3329, 3445, 3191, 3258, 3338, 3345, 3402, 3149, 3556, 3530, 3353, 3447, 3169, 3497, 3464, 3216)
z_dir: 
[[-0.00450403]
 [ 0.0316062 ]
 [ 0.99949025]]
[rosout][INFO] 2019-10-16 18:12:30,049: 
pdc: 
2449
electrode: 
(3107, 3533, 3506, 3329, 3445, 3191, 3258, 3338, 3345, 3402, 3149, 3556, 3530, 3353, 3447, 3169, 3497, 3464, 3216)
z_dir: 
[[-0.00895261]
 [ 0.03671651]
 [ 0.99928562]]
[rosout][INFO] 2019-10-16 18:12:30,059: 
pdc: 
2449
electrode: 
(3107, 3533, 3506, 3329, 3445, 3191, 3258, 3338, 3345, 3402, 3149, 3556, 3530, 3353, 3447, 3169, 3497, 3464, 3216)
z_dir: 
[[-0.00447949]
 [ 0.03161909]
 [ 0.99948995]]
[rosout][INFO] 2019-10-16 18:12:30,069: 
pdc: 
2449
electrode: 
(3107, 3533, 3506, 3329, 3445, 3191, 3258, 3338, 3345, 3402, 3149, 3556, 3530, 3353, 3447, 3169, 3497, 3464, 3216)
z_dir: 
[[-0.00887377]
 [ 0.03671777]
 [ 0.99928628]]
[rosout][INFO] 2019-10-16 18:12:30,080: 
pdc: 
2449
electrode: 
(3107, 3533, 3506, 3329, 3445, 3191, 3258, 3338, 3345, 3402, 3149, 3556, 3530, 3353, 3447, 3169, 3497, 3464, 3216)
z_dir: 
[[-0.00452299]
 [ 0.03161174]
 [ 0.99948999]]
[rosout][INFO] 2019-10-16 18:12:30,089: 
pdc: 
2449
electrode: 
(3107, 3533, 3506, 3329, 3445, 3191, 3258, 3338, 3345, 3402, 3149, 3556, 3530, 3353, 3447, 3169, 3497, 3464, 3216)
z_dir: 
[[-0.00442438]
 [ 0.03156047]
 [ 0.99949205]]
[rosout][INFO] 2019-10-16 18:12:30,100: 
pdc: 
2449
electrode: 
(3107, 3533, 3506, 3329, 3445, 3191, 3258, 3338, 3345, 3402, 3149, 3556, 3530, 3353, 3447, 3169, 3497, 3464, 3216)
z_dir: 
[[-0.00881573]
 [ 0.03672514]
 [ 0.99928652]]
[rosout][INFO] 2019-10-16 18:12:30,110: 
pdc: 
2449
electrode: 
(3107, 3533, 3506, 3329, 3445, 3191, 3258, 3338, 3345, 3402, 3149, 3556, 3530, 3353, 3447, 3169, 3497, 3464, 3216)
z_dir: 
[[-0.00459358]
 [ 0.0316483 ]
 [ 0.99948851]]
[rosout][INFO] 2019-10-16 18:12:30,119: 
pdc: 
2449
electrode: 
(3107, 3533, 3506, 3329, 3445, 3191, 3258, 3338, 3345, 3402, 3149, 3556, 3530, 3353, 3447, 3169, 3497, 3464, 3216)
z_dir: 
[[-0.00904403]
 [ 0.03666461]
 [ 0.9992867 ]]
[rosout][INFO] 2019-10-16 18:12:30,130: 
pdc: 
2449
electrode: 
(3107, 3533, 3506, 3329, 3445, 3191, 3258, 3338, 3345, 3402, 3149, 3556, 3530, 3353, 3447, 3169, 3497, 3464, 3216)
z_dir: 
[[-0.00479373]
 [ 0.03224347]
 [ 0.99946855]]
[rosout][INFO] 2019-10-16 18:12:30,140: 
pdc: 
2449
electrode: 
(3107, 3533, 3506, 3329, 3445, 3191, 3258, 3338, 3345, 3402, 3149, 3556, 3530, 3353, 3447, 3169, 3497, 3464, 3216)
z_dir: 
[[-0.00449969]
 [ 0.03165252]
 [ 0.9994888 ]]
[rosout][INFO] 2019-10-16 18:12:30,149: 
pdc: 
2449
electrode: 
(3107, 3533, 3506, 3329, 3445, 3191, 3258, 3338, 3345, 3402, 3149, 3556, 3530, 3353, 3447, 3169, 3497, 3464, 3216)
z_dir: 
[[-0.00892296]
 [ 0.03674702]
 [ 0.99928476]]
[rosout][INFO] 2019-10-16 18:12:30,159: 
pdc: 
2449
electrode: 
(3107, 3533, 3506, 3329, 3445, 3191, 3258, 3338, 3345, 3402, 3149, 3556, 3530, 3353, 3447, 3169, 3497, 3464, 3216)
z_dir: 
[[-0.00461786]
 [ 0.03164681]
 [ 0.99948845]]
[rosout][INFO] 2019-10-16 18:12:30,169: 
pdc: 
2449
electrode: 
(3107, 3533, 3506, 3329, 3445, 3191, 3258, 3338, 3345, 3402, 3149, 3556, 3530, 3353, 3447, 3169, 3497, 3464, 3216)
z_dir: 
[[-0.00884562]
 [ 0.03673269]
 [ 0.99928598]]
[rosout][INFO] 2019-10-16 18:12:30,179: 
pdc: 
2449
electrode: 
(3107, 3533, 3506, 3329, 3445, 3191, 3258, 3338, 3345, 3402, 3149, 3556, 3530, 3353, 3447, 3169, 3497, 3464, 3216)
z_dir: 
[[-0.00452362]
 [ 0.03162984]
 [ 0.99948941]]
[rosout][INFO] 2019-10-16 18:12:30,190: 
pdc: 
2449
electrode: 
(3107, 3533, 3506, 3329, 3445, 3191, 3258, 3338, 3345, 3402, 3149, 3556, 3530, 3353, 3447, 3169, 3497, 3464, 3216)
z_dir: 
[[-0.00456404]
 [ 0.03161992]
 [ 0.99948954]]
[rosout][INFO] 2019-10-16 18:12:30,198: 
pdc: 
2449
electrode: 
(3107, 3533, 3506, 3329, 3445, 3191, 3258, 3338, 3345, 3402, 3149, 3556, 3530, 3353, 3447, 3169, 3497, 3464, 3216)
z_dir: 
[[-0.00886506]
 [ 0.03674397]
 [ 0.99928539]]
[rosout][INFO] 2019-10-16 18:12:30,209: 
pdc: 
2449
electrode: 
(3107, 3533, 3506, 3329, 3445, 3191, 3258, 3338, 3345, 3402, 3149, 3556, 3530, 3353, 3447, 3169, 3497, 3464, 3216)
z_dir: 
[[-0.00442869]
 [ 0.03160355]
 [ 0.99949067]]
[rosout][INFO] 2019-10-16 18:12:30,220: 
pdc: 
2449
electrode: 
(3107, 3533, 3506, 3329, 3445, 3191, 3258, 3338, 3345, 3402, 3149, 3556, 3530, 3353, 3447, 3169, 3497, 3464, 3216)
z_dir: 
[[-0.00895219]
 [ 0.03667106]
 [ 0.99928729]]
[rosout][INFO] 2019-10-16 18:12:30,229: 
pdc: 
2449
electrode: 
(3107, 3533, 3506, 3329, 3445, 3191, 3258, 3338, 3345, 3402, 3149, 3556, 3530, 3353, 3447, 3169, 3497, 3464, 3216)
z_dir: 
[[-0.00460519]
 [ 0.03150453]
 [ 0.999493  ]]
[rosout][INFO] 2019-10-16 18:12:30,240: 
pdc: 
2449
electrode: 
(3107, 3533, 3506, 3329, 3445, 3191, 3258, 3338, 3345, 3402, 3149, 3556, 3530, 3353, 3447, 3169, 3497, 3464, 3216)
z_dir: 
[[-0.00457985]
 [ 0.03162702]
 [ 0.99948925]]
[rosout][INFO] 2019-10-16 18:12:30,250: 
pdc: 
2449
electrode: 
(3107, 3533, 3506, 3329, 3445, 3191, 3258, 3338, 3345, 3402, 3149, 3556, 3530, 3353, 3447, 3169, 3497, 3464, 3216)
z_dir: 
[[-0.00895702]
 [ 0.03678384]
 [ 0.9992831 ]]
[rosout][INFO] 2019-10-16 18:12:30,259: 
pdc: 
2449
electrode: 
(3107, 3533, 3506, 3329, 3445, 3191, 3258, 3338, 3345, 3402, 3149, 3556, 3530, 3353, 3447, 3169, 3497, 3464, 3216)
z_dir: 
[[-0.00448755]
 [ 0.03162465]
 [ 0.99948974]]
[rosout][INFO] 2019-10-16 18:12:30,269: 
pdc: 
2449
electrode: 
(3107, 3533, 3506, 3329, 3445, 3191, 3258, 3338, 3345, 3402, 3149, 3556, 3530, 3353, 3447, 3169, 3497, 3464, 3216)
z_dir: 
[[-0.00895264]
 [ 0.03668986]
 [ 0.9992866 ]]
[rosout][INFO] 2019-10-16 18:12:30,280: 
pdc: 
2449
electrode: 
(3107, 3533, 3506, 3329, 3445, 3191, 3258, 3338, 3345, 3402, 3149, 3556, 3530, 3353, 3447, 3169, 3497, 3464, 3216)
z_dir: 
[[-0.00455012]
 [ 0.03169262]
 [ 0.99948731]]
[rosout][INFO] 2019-10-16 18:12:30,289: 
pdc: 
2449
electrode: 
(3107, 3533, 3506, 3329, 3445, 3191, 3258, 3338, 3345, 3402, 3149, 3556, 3530, 3353, 3447, 3169, 3497, 3464, 3216)
z_dir: 
[[-0.00456969]
 [ 0.03157283]
 [ 0.99949101]]
[rosout][INFO] 2019-10-16 18:12:30,300: 
pdc: 
2449
electrode: 
(3107, 3533, 3506, 3329, 3445, 3191, 3258, 3338, 3345, 3402, 3149, 3556, 3530, 3353, 3447, 3169, 3497, 3464, 3216)
z_dir: 
[[-0.00892045]
 [ 0.03668761]
 [ 0.99928697]]
[rosout][INFO] 2019-10-16 18:12:30,310: 
pdc: 
2449
electrode: 
(3107, 3533, 3506, 3329, 3445, 3191, 3258, 3338, 3345, 3402, 3149, 3556, 3530, 3353, 3447, 3169, 3497, 3464, 3216)
z_dir: 
[[-0.00459243]
 [ 0.03157638]
 [ 0.99949079]]
[rosout][INFO] 2019-10-16 18:12:30,319: 
pdc: 
2449
electrode: 
(3107, 3533, 3506, 3329, 3445, 3191, 3258, 3338, 3345, 3402, 3149, 3556, 3530, 3353, 3447, 3169, 3497, 3464, 3216)
z_dir: 
[[-0.00891706]
 [ 0.03676553]
 [ 0.99928413]]
[rosout][INFO] 2019-10-16 18:12:30,330: 
pdc: 
2449
electrode: 
(3107, 3533, 3506, 3329, 3445, 3191, 3258, 3338, 3345, 3402, 3149, 3556, 3530, 3353, 3447, 3169, 3497, 3464, 3216)
z_dir: 
[[-0.00457566]
 [ 0.03158875]
 [ 0.99949048]]
[rosout][INFO] 2019-10-16 18:12:30,339: 
pdc: 
2449
electrode: 
(3107, 3533, 3506, 3329, 3445, 3191, 3258, 3338, 3345, 3402, 3149, 3556, 3530, 3353, 3447, 3169, 3497, 3464, 3216)
z_dir: 
[[-0.00455249]
 [ 0.03166183]
 [ 0.99948827]]
[rosout][INFO] 2019-10-16 18:12:30,350: 
pdc: 
2449
electrode: 
(3107, 3533, 3506, 3329, 3445, 3191, 3258, 3338, 3345, 3402, 3149, 3556, 3530, 3353, 3447, 3169, 3497, 3464, 3216)
z_dir: 
[[-0.00891019]
 [ 0.03669956]
 [ 0.99928662]]
[rosout][INFO] 2019-10-16 18:12:30,359: 
pdc: 
2449
electrode: 
(3107, 3533, 3506, 3329, 3445, 3191, 3258, 3338, 3345, 3402, 3149, 3556, 3530, 3353, 3447, 3169, 3497, 3464, 3216)
z_dir: 
[[-0.00450796]
 [ 0.03155522]
 [ 0.99949184]]
[rosout][INFO] 2019-10-16 18:12:30,369: 
pdc: 
2449
electrode: 
(3107, 3533, 3506, 3329, 3445, 3191, 3258, 3338, 3345, 3402, 3149, 3556, 3530, 3353, 3447, 3169, 3497, 3464, 3216)
z_dir: 
[[-0.00906579]
 [ 0.03662637]
 [ 0.99928791]]
[rosout][INFO] 2019-10-16 18:12:30,389: 
pdc: 
2449
electrode: 
(3107, 3533, 3506, 3329, 3445, 3191, 3258, 3338, 3345, 3402, 3149, 3556, 3530, 3353, 3447, 3169, 3497, 3464, 3216)
z_dir: 
[[-0.00442562]
 [ 0.03162516]
 [ 0.99949   ]]
[rosout][INFO] 2019-10-16 18:12:30,400: 
pdc: 
2449
electrode: 
(3107, 3533, 3506, 3329, 3445, 3191, 3258, 3338, 3345, 3402, 3149, 3556, 3530, 3353, 3447, 3169, 3497, 3464, 3216)
z_dir: 
[[-0.00892796]
 [ 0.0367021 ]
 [ 0.99928637]]
[rospy.core][INFO] 2019-10-16 18:12:30,408: signal_shutdown [signal-2]
[rosout][INFO] 2019-10-16 18:12:30,410: 
pdc: 
2449
electrode: 
(3107, 3533, 3506, 3329, 3445, 3191, 3258, 3338, 3345, 3402, 3149, 3556, 3530, 3353, 3447, 3169, 3497, 3464, 3216)
z_dir: 
[[-0.0046263 ]
 [ 0.03159031]
 [ 0.99949019]]
[rospy.internal][INFO] 2019-10-16 18:12:30,415: topic[/rosout] removing connection to /rosout
[rospy.internal][INFO] 2019-10-16 18:12:30,416: topic[/biotac_pub] removing connection to http://student-lasa:33843/
[rospy.internal][INFO] 2019-10-16 18:12:30,416: topic[/vrpn_client_node/normalSurface/pose] removing connection to http://student-lasa:45067/
[rospy.internal][INFO] 2019-10-16 18:12:30,416: topic[/vrpn_client_node/baseHand/pose] removing connection to http://student-lasa:45067/
[rospy.impl.masterslave][INFO] 2019-10-16 18:12:30,416: signal-2
[rospy.core][INFO] 2019-10-16 18:12:30,524: signal_shutdown [atexit]
