[rospy.client][INFO] 2019-10-16 18:19:14,561: init_node, name[/biochip_listener_15453_1571242754544], pid[15453]
[xmlrpc][INFO] 2019-10-16 18:19:14,562: XML-RPC server binding to 0.0.0.0:0
[xmlrpc][INFO] 2019-10-16 18:19:14,562: Started XML-RPC server [http://student-lasa:37311/]
[rospy.init][INFO] 2019-10-16 18:19:14,562: ROS Slave URI: [http://student-lasa:37311/]
[rospy.impl.masterslave][INFO] 2019-10-16 18:19:14,562: _ready: http://student-lasa:37311/
[rospy.registration][INFO] 2019-10-16 18:19:14,562: Registering with master node http://localhost:11311
[xmlrpc][INFO] 2019-10-16 18:19:14,562: xml rpc node: starting XML-RPC server
[rospy.init][INFO] 2019-10-16 18:19:14,662: registered with master
[rospy.rosout][INFO] 2019-10-16 18:19:14,663: initializing /rosout core topic
[rospy.rosout][INFO] 2019-10-16 18:19:14,666: connected to core topic /rosout
[rospy.simtime][INFO] 2019-10-16 18:19:14,667: /use_sim_time is not set, will not subscribe to simulated time [/clock] topic
[rospy.internal][INFO] 2019-10-16 18:19:14,678: topic[/biotac_pub] adding connection to [http://student-lasa:33843/], count 0
[rospy.internal][INFO] 2019-10-16 18:19:14,684: topic[/vrpn_client_node/normalSurface/pose] adding connection to [http://student-lasa:45067/], count 0
[rospy.internal][INFO] 2019-10-16 18:19:14,685: topic[/vrpn_client_node/baseHand/pose] adding connection to [http://student-lasa:45067/], count 0
[rosout][INFO] 2019-10-16 18:19:14,698: 
pdc: 
2432
electrode: 
(2999, 3464, 3437, 3249, 3374, 3103, 3147, 3241, 3243, 3311, 3021, 3481, 3455, 3262, 3372, 3070, 3419, 3392, 3135)
z_dir: 
[[ 0.02197027]
 [ 0.03378968]
 [ 0.99918745]]
[rosout][INFO] 2019-10-16 18:19:14,718: 
pdc: 
2433
electrode: 
(2999, 3463, 3437, 3249, 3373, 3103, 3146, 3241, 3243, 3312, 3022, 3481, 3456, 3262, 3372, 3070, 3419, 3392, 3135)
z_dir: 
[[ 0.02138799]
 [ 0.03482849]
 [ 0.99916442]]
[rosout][INFO] 2019-10-16 18:19:14,728: 
pdc: 
2432
electrode: 
(2999, 3462, 3437, 3249, 3374, 3104, 3147, 3241, 3242, 3311, 3022, 3481, 3455, 3263, 3372, 3070, 3418, 3392, 3134)
z_dir: 
[[ 0.02140379]
 [ 0.03485386]
 [ 0.99916319]]
[rosout][INFO] 2019-10-16 18:19:14,748: 
pdc: 
2432
electrode: 
(2999, 3463, 3437, 3249, 3374, 3104, 3147, 3241, 3243, 3312, 3022, 3481, 3456, 3262, 3372, 3070, 3419, 3392, 3135)
z_dir: 
[[ 0.02194406]
 [ 0.03388689]
 [ 0.99918474]]
[rosout][INFO] 2019-10-16 18:19:14,768: 
pdc: 
2432
electrode: 
(2999, 3462, 3437, 3249, 3373, 3103, 3147, 3241, 3243, 3311, 3022, 3481, 3456, 3262, 3371, 3070, 3419, 3392, 3135)
z_dir: 
[[ 0.02138306]
 [ 0.03513814]
 [ 0.99915368]]
[rosout][INFO] 2019-10-16 18:19:14,788: 
pdc: 
2433
electrode: 
(2999, 3463, 3437, 3250, 3373, 3104, 3147, 3241, 3243, 3312, 3022, 3481, 3456, 3262, 3372, 3069, 3419, 3392, 3135)
z_dir: 
[[ 0.02136982]
 [ 0.03514509]
 [ 0.99915372]]
[rosout][INFO] 2019-10-16 18:19:14,798: 
pdc: 
2432
electrode: 
(3000, 3463, 3437, 3249, 3373, 3103, 3147, 3241, 3243, 3312, 3021, 3481, 3455, 3263, 3372, 3070, 3418, 3392, 3134)
z_dir: 
[[ 0.02197648]
 [ 0.03428947]
 [ 0.99917029]]
[rosout][INFO] 2019-10-16 18:19:14,818: 
pdc: 
2432
electrode: 
(2999, 3463, 3437, 3250, 3373, 3103, 3146, 3241, 3243, 3312, 3022, 3482, 3456, 3262, 3372, 3070, 3418, 3391, 3136)
z_dir: 
[[ 0.02193034]
 [ 0.03373242]
 [ 0.99919026]]
[rosout][INFO] 2019-10-16 18:19:14,848: 
pdc: 
2432
electrode: 
(2999, 3463, 3437, 3249, 3373, 3104, 3147, 3241, 3243, 3312, 3021, 3481, 3455, 3262, 3372, 3070, 3419, 3392, 3135)
z_dir: 
[[ 0.02190454]
 [ 0.033891  ]
 [ 0.99918546]]
[rosout][INFO] 2019-10-16 18:19:14,878: 
pdc: 
2432
electrode: 
(2999, 3463, 3437, 3249, 3373, 3103, 3147, 3241, 3243, 3311, 3021, 3481, 3456, 3262, 3372, 3070, 3418, 3392, 3134)
z_dir: 
[[ 0.0220442 ]
 [ 0.03385376]
 [ 0.99918365]]
[rospy.internal][INFO] 2019-10-16 18:19:14,883: topic[/rosout] adding connection to [/rosout], count 0
[rosout][INFO] 2019-10-16 18:19:14,908: 
pdc: 
2433
electrode: 
(2999, 3462, 3437, 3249, 3373, 3103, 3147, 3241, 3243, 3312, 3021, 3481, 3455, 3262, 3372, 3070, 3419, 3392, 3135)
z_dir: 
[[ 0.02134418]
 [ 0.03480162]
 [ 0.99916629]]
[rosout][INFO] 2019-10-16 18:19:14,928: 
pdc: 
2433
electrode: 
(2999, 3463, 3438, 3249, 3374, 3103, 3147, 3241, 3242, 3312, 3021, 3481, 3455, 3262, 3372, 3070, 3419, 3392, 3135)
z_dir: 
[[ 0.02128873]
 [ 0.0346647 ]
 [ 0.99917223]]
[rosout][INFO] 2019-10-16 18:19:14,958: 
pdc: 
2432
electrode: 
(2999, 3462, 3437, 3249, 3373, 3103, 3146, 3241, 3243, 3312, 3022, 3481, 3456, 3262, 3372, 3070, 3418, 3392, 3136)
z_dir: 
[[ 0.02197857]
 [ 0.03382282]
 [ 0.99918615]]
[rosout][INFO] 2019-10-16 18:19:14,978: 
pdc: 
2433
electrode: 
(2999, 3463, 3437, 3250, 3373, 3103, 3147, 3240, 3243, 3312, 3021, 3481, 3456, 3262, 3372, 3070, 3419, 3392, 3135)
z_dir: 
[[ 0.02201959]
 [ 0.03412532]
 [ 0.99917496]]
[rosout][INFO] 2019-10-16 18:19:14,988: 
pdc: 
2432
electrode: 
(3000, 3462, 3438, 3249, 3373, 3102, 3147, 3241, 3242, 3312, 3022, 3481, 3456, 3262, 3372, 3070, 3419, 3392, 3135)
z_dir: 
[[ 0.02195354]
 [ 0.03384034]
 [ 0.99918611]]
[rosout][INFO] 2019-10-16 18:19:15,008: 
pdc: 
2433
electrode: 
(3000, 3463, 3437, 3249, 3373, 3103, 3147, 3241, 3242, 3311, 3021, 3481, 3456, 3262, 3372, 3070, 3419, 3392, 3135)
z_dir: 
[[ 0.02195898]
 [ 0.03382545]
 [ 0.99918649]]
[rosout][INFO] 2019-10-16 18:19:15,019: 
pdc: 
2433
electrode: 
(2999, 3462, 3437, 3249, 3374, 3103, 3147, 3241, 3243, 3312, 3022, 3482, 3456, 3263, 3372, 3070, 3419, 3392, 3135)
z_dir: 
[[ 0.02135198]
 [ 0.03477982]
 [ 0.99916688]]
[rosout][INFO] 2019-10-16 18:19:15,038: 
pdc: 
2432
electrode: 
(2999, 3462, 3437, 3249, 3374, 3104, 3146, 3241, 3242, 3312, 3022, 3481, 3456, 3262, 3372, 3069, 3419, 3392, 3136)
z_dir: 
[[ 0.02193629]
 [ 0.03387292]
 [ 0.99918538]]
[rosout][INFO] 2019-10-16 18:19:15,049: 
pdc: 
2432
electrode: 
(3000, 3462, 3437, 3249, 3373, 3104, 3147, 3241, 3243, 3311, 3021, 3481, 3455, 3262, 3371, 3070, 3419, 3392, 3135)
z_dir: 
[[ 0.02137445]
 [ 0.03479217]
 [ 0.99916597]]
[rosout][INFO] 2019-10-16 18:19:15,069: 
pdc: 
2432
electrode: 
(2999, 3462, 3437, 3249, 3373, 3103, 3146, 3241, 3243, 3312, 3021, 3481, 3456, 3262, 3372, 3069, 3419, 3392, 3135)
z_dir: 
[[ 0.02140989]
 [ 0.0347714 ]
 [ 0.99916594]]
[rosout][INFO] 2019-10-16 18:19:15,079: 
pdc: 
2433
electrode: 
(3000, 3463, 3437, 3249, 3374, 3103, 3147, 3241, 3243, 3312, 3022, 3481, 3456, 3262, 3372, 3070, 3419, 3392, 3135)
z_dir: 
[[ 0.02200684]
 [ 0.03379724]
 [ 0.99918639]]
[rosout][INFO] 2019-10-16 18:19:15,099: 
pdc: 
2432
electrode: 
(2999, 3462, 3437, 3249, 3374, 3104, 3147, 3241, 3243, 3312, 3022, 3482, 3455, 3262, 3372, 3070, 3419, 3392, 3135)
z_dir: 
[[ 0.02196705]
 [ 0.03410477]
 [ 0.99917682]]
[rosout][INFO] 2019-10-16 18:19:15,129: 
pdc: 
2432
electrode: 
(2999, 3463, 3437, 3249, 3373, 3103, 3147, 3241, 3243, 3312, 3022, 3481, 3456, 3262, 3372, 3070, 3418, 3392, 3135)
z_dir: 
[[ 0.02134602]
 [ 0.03504901]
 [ 0.9991576 ]]
[rosout][INFO] 2019-10-16 18:19:15,159: 
pdc: 
2432
electrode: 
(2999, 3463, 3437, 3249, 3374, 3104, 3147, 3241, 3243, 3312, 3022, 3481, 3455, 3262, 3372, 3069, 3418, 3392, 3135)
z_dir: 
[[ 0.02123606]
 [ 0.03510722]
 [ 0.9991579 ]]
[rosout][INFO] 2019-10-16 18:19:15,189: 
pdc: 
2432
electrode: 
(2999, 3462, 3437, 3249, 3373, 3104, 3147, 3241, 3243, 3311, 3022, 3481, 3455, 3263, 3372, 3070, 3419, 3392, 3135)
z_dir: 
[[ 0.02197532]
 [ 0.0341556 ]
 [ 0.9991749 ]]
[rosout][INFO] 2019-10-16 18:19:15,219: 
pdc: 
2432
electrode: 
(2999, 3463, 3437, 3249, 3374, 3103, 3147, 3241, 3243, 3312, 3021, 3482, 3456, 3262, 3372, 3070, 3419, 3392, 3135)
z_dir: 
[[ 0.022019  ]
 [ 0.03384642]
 [ 0.99918446]]
[rosout][INFO] 2019-10-16 18:19:15,249: 
pdc: 
2432
electrode: 
(2999, 3463, 3437, 3249, 3374, 3104, 3147, 3241, 3242, 3312, 3022, 3481, 3456, 3263, 3372, 3070, 3419, 3392, 3135)
z_dir: 
[[ 0.02141284]
 [ 0.03485485]
 [ 0.99916296]]
[rosout][INFO] 2019-10-16 18:19:15,279: 
pdc: 
2432
electrode: 
(2999, 3463, 3437, 3250, 3373, 3104, 3146, 3241, 3243, 3312, 3022, 3481, 3456, 3262, 3372, 3070, 3418, 3391, 3135)
z_dir: 
[[ 0.02142676]
 [ 0.03480335]
 [ 0.99916446]]
[rosout][INFO] 2019-10-16 18:19:15,290: 
pdc: 
2432
electrode: 
(2999, 3463, 3436, 3250, 3373, 3104, 3147, 3241, 3243, 3312, 3021, 3481, 3455, 3262, 3372, 3070, 3419, 3392, 3135)
z_dir: 
[[ 0.02194262]
 [ 0.0341143 ]
 [ 0.99917703]]
[rosout][INFO] 2019-10-16 18:19:15,309: 
pdc: 
2433
electrode: 
(2999, 3462, 3437, 3249, 3373, 3103, 3146, 3241, 3243, 3312, 3021, 3481, 3455, 3263, 3372, 3070, 3419, 3391, 3135)
z_dir: 
[[ 0.02126269]
 [ 0.03480769]
 [ 0.99916782]]
[rosout][INFO] 2019-10-16 18:19:15,319: 
pdc: 
2433
electrode: 
(2999, 3463, 3437, 3249, 3373, 3102, 3147, 3240, 3243, 3312, 3022, 3481, 3455, 3262, 3372, 3070, 3419, 3392, 3135)
z_dir: 
[[ 0.02197654]
 [ 0.03411854]
 [ 0.99917614]]
[rosout][INFO] 2019-10-16 18:19:15,350: 
pdc: 
2433
electrode: 
(3000, 3463, 3437, 3249, 3373, 3104, 3147, 3241, 3242, 3312, 3022, 3481, 3456, 3262, 3372, 3070, 3419, 3392, 3135)
z_dir: 
[[ 0.02141151]
 [ 0.03481552]
 [ 0.99916436]]
[rosout][INFO] 2019-10-16 18:19:15,380: 
pdc: 
2433
electrode: 
(2999, 3462, 3437, 3250, 3373, 3104, 3147, 3241, 3243, 3312, 3021, 3481, 3456, 3262, 3372, 3070, 3419, 3392, 3135)
z_dir: 
[[ 0.02191691]
 [ 0.03380625]
 [ 0.99918806]]
[rosout][INFO] 2019-10-16 18:19:15,400: 
pdc: 
2432
electrode: 
(2999, 3462, 3437, 3249, 3374, 3103, 3146, 3240, 3243, 3311, 3022, 3482, 3456, 3262, 3372, 3070, 3418, 3393, 3135)
z_dir: 
[[ 0.02191982]
 [ 0.03408558]
 [ 0.99917851]]
[rosout][INFO] 2019-10-16 18:19:15,429: 
pdc: 
2432
electrode: 
(2999, 3463, 3436, 3249, 3373, 3102, 3146, 3241, 3243, 3312, 3021, 3481, 3456, 3262, 3372, 3070, 3419, 3392, 3135)
z_dir: 
[[ 0.02139218]
 [ 0.03480407]
 [ 0.99916518]]
[rosout][INFO] 2019-10-16 18:19:15,470: 
pdc: 
2432
electrode: 
(2999, 3462, 3436, 3249, 3373, 3104, 3147, 3240, 3243, 3312, 3022, 3481, 3456, 3262, 3372, 3070, 3418, 3392, 3134)
z_dir: 
[[ 0.02194314]
 [ 0.0342008 ]
 [ 0.99917406]]
[rosout][INFO] 2019-10-16 18:19:15,489: 
pdc: 
2432
electrode: 
(2999, 3463, 3438, 3249, 3374, 3104, 3146, 3241, 3242, 3311, 3022, 3481, 3455, 3262, 3372, 3070, 3419, 3392, 3135)
z_dir: 
[[ 0.02136696]
 [ 0.03510986]
 [ 0.99915502]]
[rosout][INFO] 2019-10-16 18:19:15,520: 
pdc: 
2432
electrode: 
(2999, 3462, 3437, 3249, 3374, 3104, 3147, 3241, 3243, 3312, 3022, 3482, 3456, 3262, 3372, 3070, 3419, 3392, 3135)
z_dir: 
[[ 0.0219611 ]
 [ 0.03388619]
 [ 0.99918439]]
[rosout][INFO] 2019-10-16 18:19:15,550: 
pdc: 
2432
electrode: 
(3000, 3463, 3437, 3249, 3373, 3103, 3147, 3241, 3243, 3312, 3022, 3481, 3455, 3262, 3372, 3070, 3419, 3393, 3135)
z_dir: 
[[ 0.02203631]
 [ 0.03385707]
 [ 0.99918372]]
[rosout][INFO] 2019-10-16 18:19:15,570: 
pdc: 
2432
electrode: 
(2999, 3462, 3437, 3249, 3374, 3103, 3147, 3241, 3242, 3312, 3021, 3481, 3456, 3263, 3372, 3070, 3419, 3392, 3135)
z_dir: 
[[ 0.02193511]
 [ 0.03414023]
 [ 0.99917631]]
[rosout][INFO] 2019-10-16 18:19:15,600: 
pdc: 
2433
electrode: 
(3000, 3463, 3437, 3250, 3373, 3103, 3147, 3241, 3243, 3313, 3022, 3482, 3455, 3262, 3372, 3070, 3419, 3392, 3135)
z_dir: 
[[ 0.0220689 ]
 [ 0.03386643]
 [ 0.99918268]]
[rosout][INFO] 2019-10-16 18:19:15,620: 
pdc: 
2433
electrode: 
(3000, 3462, 3437, 3249, 3374, 3103, 3147, 3241, 3243, 3312, 3022, 3482, 3456, 3262, 3372, 3070, 3419, 3392, 3135)
z_dir: 
[[ 0.0214295 ]
 [ 0.03485568]
 [ 0.99916258]]
[rosout][INFO] 2019-10-16 18:19:15,630: 
pdc: 
2433
electrode: 
(2999, 3464, 3438, 3249, 3373, 3104, 3147, 3241, 3243, 3311, 3022, 3481, 3455, 3263, 3372, 3070, 3420, 3392, 3135)
z_dir: 
[[ 0.02195192]
 [ 0.03408316]
 [ 0.99917789]]
[rosout][INFO] 2019-10-16 18:19:15,670: 
pdc: 
2432
electrode: 
(2999, 3463, 3438, 3249, 3373, 3104, 3147, 3241, 3243, 3312, 3022, 3481, 3456, 3262, 3372, 3070, 3419, 3392, 3135)
z_dir: 
[[ 0.02199183]
 [ 0.0339147 ]
 [ 0.99918274]]
[rosout][INFO] 2019-10-16 18:19:15,690: 
pdc: 
2432
electrode: 
(2999, 3462, 3437, 3250, 3373, 3104, 3147, 3241, 3243, 3312, 3021, 3482, 3455, 3262, 3372, 3070, 3420, 3392, 3135)
z_dir: 
[[ 0.0220184 ]
 [ 0.03390997]
 [ 0.99918232]]
[rosout][INFO] 2019-10-16 18:19:15,710: 
pdc: 
2432
electrode: 
(2999, 3463, 3437, 3250, 3373, 3104, 3146, 3241, 3242, 3312, 3022, 3481, 3456, 3262, 3372, 3070, 3419, 3392, 3135)
z_dir: 
[[ 0.02191486]
 [ 0.03386035]
 [ 0.99918628]]
[rosout][INFO] 2019-10-16 18:19:15,721: 
pdc: 
2432
electrode: 
(3000, 3462, 3437, 3249, 3373, 3104, 3147, 3241, 3243, 3312, 3021, 3482, 3456, 3263, 3372, 3070, 3419, 3392, 3135)
z_dir: 
[[ 0.02196808]
 [ 0.03385122]
 [ 0.99918542]]
[rosout][INFO] 2019-10-16 18:19:15,741: 
pdc: 
2432
electrode: 
(2999, 3463, 3437, 3250, 3374, 3103, 3146, 3241, 3243, 3312, 3022, 3482, 3455, 3262, 3372, 3069, 3418, 3392, 3135)
z_dir: 
[[ 0.02197888]
 [ 0.03389678]
 [ 0.99918364]]
[rosout][INFO] 2019-10-16 18:19:15,771: 
pdc: 
2432
electrode: 
(2999, 3463, 3437, 3249, 3373, 3104, 3147, 3241, 3243, 3312, 3022, 3481, 3456, 3262, 3372, 3070, 3419, 3392, 3135)
z_dir: 
[[ 0.02198533]
 [ 0.03380723]
 [ 0.99918653]]
[rosout][INFO] 2019-10-16 18:19:15,801: 
pdc: 
2433
electrode: 
(2999, 3463, 3437, 3249, 3374, 3104, 3147, 3241, 3243, 3312, 3021, 3482, 3456, 3262, 3372, 3071, 3419, 3392, 3136)
z_dir: 
[[ 0.0219765 ]
 [ 0.03388974]
 [ 0.99918393]]
[rosout][INFO] 2019-10-16 18:19:15,820: 
pdc: 
2432
electrode: 
(2999, 3462, 3438, 3249, 3374, 3103, 3147, 3241, 3243, 3311, 3021, 3482, 3455, 3262, 3372, 3070, 3419, 3392, 3135)
z_dir: 
[[ 0.02198363]
 [ 0.03389212]
 [ 0.99918369]]
[rosout][INFO] 2019-10-16 18:19:15,831: 
pdc: 
2432
electrode: 
(2999, 3464, 3437, 3250, 3374, 3104, 3147, 3241, 3242, 3312, 3022, 3481, 3455, 3263, 3372, 3071, 3418, 3392, 3134)
z_dir: 
[[ 0.02195222]
 [ 0.0341222 ]
 [ 0.99917655]]
[rosout][INFO] 2019-10-16 18:19:15,851: 
pdc: 
2433
electrode: 
(3000, 3462, 3437, 3249, 3374, 3103, 3147, 3241, 3242, 3312, 3022, 3482, 3456, 3262, 3371, 3070, 3419, 3392, 3135)
z_dir: 
[[ 0.02198279]
 [ 0.03386567]
 [ 0.9991846 ]]
[rosout][INFO] 2019-10-16 18:19:15,870: 
pdc: 
2433
electrode: 
(3000, 3463, 3437, 3250, 3374, 3104, 3147, 3241, 3243, 3312, 3022, 3481, 3456, 3262, 3373, 3070, 3419, 3392, 3135)
z_dir: 
[[ 0.02194464]
 [ 0.0343422 ]
 [ 0.99916918]]
[rosout][INFO] 2019-10-16 18:19:15,881: 
pdc: 
2433
electrode: 
(3000, 3463, 3438, 3250, 3374, 3103, 3147, 3241, 3243, 3312, 3022, 3481, 3455, 3262, 3373, 3070, 3419, 3392, 3136)
z_dir: 
[[ 0.02137074]
 [ 0.03479899]
 [ 0.99916581]]
[rosout][INFO] 2019-10-16 18:19:15,901: 
pdc: 
2433
electrode: 
(3000, 3463, 3437, 3249, 3373, 3104, 3147, 3241, 3243, 3312, 3022, 3481, 3455, 3262, 3372, 3070, 3419, 3393, 3135)
z_dir: 
[[ 0.02191907]
 [ 0.0338307 ]
 [ 0.99918719]]
[rosout][INFO] 2019-10-16 18:19:15,912: 
pdc: 
2432
electrode: 
(2999, 3463, 3437, 3249, 3374, 3104, 3147, 3241, 3243, 3312, 3022, 3481, 3455, 3262, 3372, 3070, 3418, 3391, 3135)
z_dir: 
[[ 0.02202986]
 [ 0.03385218]
 [ 0.99918402]]
[rosout][INFO] 2019-10-16 18:19:15,951: 
pdc: 
2433
electrode: 
(3000, 3463, 3437, 3249, 3373, 3103, 3147, 3241, 3243, 3312, 3022, 3481, 3455, 3262, 3372, 3069, 3419, 3392, 3135)
z_dir: 
[[ 0.02197652]
 [ 0.03376911]
 [ 0.99918801]]
[rosout][INFO] 2019-10-16 18:19:15,981: 
pdc: 
2433
electrode: 
(2999, 3463, 3437, 3249, 3374, 3103, 3147, 3241, 3243, 3312, 3022, 3481, 3456, 3262, 3372, 3070, 3419, 3392, 3136)
z_dir: 
[[ 0.02199371]
 [ 0.03389976]
 [ 0.99918321]]
[rosout][INFO] 2019-10-16 18:19:16,001: 
pdc: 
2433
electrode: 
(2999, 3463, 3437, 3250, 3373, 3103, 3147, 3241, 3243, 3312, 3022, 3482, 3456, 3262, 3372, 3070, 3419, 3392, 3135)
z_dir: 
[[ 0.0218998 ]
 [ 0.03416577]
 [ 0.99917621]]
[rosout][INFO] 2019-10-16 18:19:16,031: 
pdc: 
2432
electrode: 
(2999, 3463, 3437, 3249, 3373, 3103, 3147, 3241, 3243, 3312, 3021, 3482, 3455, 3262, 3372, 3070, 3419, 3391, 3136)
z_dir: 
[[ 0.02197343]
 [ 0.03393039]
 [ 0.99918261]]
[rosout][INFO] 2019-10-16 18:19:16,062: 
pdc: 
2432
electrode: 
(3000, 3462, 3438, 3249, 3374, 3104, 3147, 3241, 3243, 3311, 3021, 3481, 3456, 3262, 3372, 3070, 3419, 3392, 3136)
z_dir: 
[[ 0.02136561]
 [ 0.03478733]
 [ 0.99916633]]
[rosout][INFO] 2019-10-16 18:19:16,092: 
pdc: 
2432
electrode: 
(3000, 3463, 3437, 3249, 3374, 3102, 3147, 3241, 3243, 3312, 3022, 3481, 3455, 3262, 3372, 3070, 3419, 3392, 3136)
z_dir: 
[[ 0.0219721 ]
 [ 0.03388231]
 [ 0.99918428]]
[rosout][INFO] 2019-10-16 18:19:16,121: 
pdc: 
2432
electrode: 
(2999, 3462, 3437, 3249, 3373, 3104, 3147, 3241, 3243, 3312, 3021, 3482, 3456, 3263, 3372, 3069, 3419, 3391, 3136)
z_dir: 
[[ 0.02195272]
 [ 0.03376135]
 [ 0.9991888 ]]
[rosout][INFO] 2019-10-16 18:19:16,142: 
pdc: 
2432
electrode: 
(2999, 3463, 3437, 3250, 3373, 3104, 3147, 3241, 3243, 3312, 3022, 3481, 3456, 3263, 3372, 3070, 3419, 3392, 3135)
z_dir: 
[[ 0.02196422]
 [ 0.03378202]
 [ 0.99918784]]
[rosout][INFO] 2019-10-16 18:19:16,151: 
pdc: 
2432
electrode: 
(3000, 3462, 3437, 3249, 3374, 3104, 3147, 3241, 3243, 3312, 3021, 3482, 3456, 3262, 3372, 3070, 3419, 3392, 3135)
z_dir: 
[[ 0.02135557]
 [ 0.0348368 ]
 [ 0.99916482]]
[rosout][INFO] 2019-10-16 18:19:16,171: 
pdc: 
2432
electrode: 
(2999, 3462, 3437, 3249, 3374, 3104, 3147, 3241, 3242, 3312, 3022, 3482, 3456, 3262, 3372, 3070, 3419, 3392, 3134)
z_dir: 
[[ 0.02197506]
 [ 0.03391532]
 [ 0.99918309]]
[rosout][INFO] 2019-10-16 18:19:16,182: 
pdc: 
2432
electrode: 
(3000, 3462, 3437, 3249, 3374, 3104, 3147, 3241, 3242, 3312, 3021, 3481, 3456, 3262, 3372, 3071, 3419, 3392, 3135)
z_dir: 
[[ 0.02131721]
 [ 0.03509167]
 [ 0.99915672]]
[rosout][INFO] 2019-10-16 18:19:16,212: 
pdc: 
2432
electrode: 
(3000, 3463, 3437, 3249, 3374, 3104, 3147, 3241, 3243, 3312, 3021, 3482, 3455, 3262, 3372, 3070, 3419, 3392, 3135)
z_dir: 
[[ 0.02194109]
 [ 0.03386405]
 [ 0.99918558]]
[rosout][INFO] 2019-10-16 18:19:16,222: 
pdc: 
2432
electrode: 
(2999, 3462, 3437, 3249, 3374, 3103, 3147, 3241, 3243, 3312, 3022, 3482, 3456, 3263, 3372, 3070, 3419, 3392, 3135)
z_dir: 
[[ 0.02199858]
 [ 0.03379295]
 [ 0.99918672]]
[rosout][INFO] 2019-10-16 18:19:16,242: 
pdc: 
2432
electrode: 
(3000, 3463, 3437, 3249, 3373, 3103, 3147, 3241, 3243, 3312, 3022, 3482, 3455, 3262, 3372, 3070, 3419, 3392, 3136)
z_dir: 
[[ 0.02191386]
 [ 0.03385408]
 [ 0.99918651]]
[rosout][INFO] 2019-10-16 18:19:16,251: 
pdc: 
2432
electrode: 
(3000, 3462, 3438, 3249, 3374, 3103, 3147, 3241, 3243, 3312, 3022, 3482, 3456, 3263, 3372, 3070, 3419, 3393, 3136)
z_dir: 
[[ 0.02207179]
 [ 0.03388468]
 [ 0.999182  ]]
[rosout][INFO] 2019-10-16 18:19:16,282: 
pdc: 
2433
electrode: 
(3000, 3462, 3437, 3249, 3373, 3104, 3147, 3241, 3243, 3312, 3022, 3481, 3456, 3262, 3372, 3070, 3418, 3392, 3135)
z_dir: 
[[ 0.02130403]
 [ 0.03515008]
 [ 0.99915495]]
[rosout][INFO] 2019-10-16 18:19:16,292: 
pdc: 
2432
electrode: 
(2999, 3463, 3437, 3250, 3374, 3103, 3147, 3241, 3243, 3312, 3021, 3481, 3455, 3262, 3372, 3070, 3418, 3392, 3136)
z_dir: 
[[ 0.02133042]
 [ 0.03481306]
 [ 0.99916618]]
[rosout][INFO] 2019-10-16 18:19:16,302: 
pdc: 
2432
electrode: 
(3000, 3463, 3437, 3250, 3373, 3104, 3147, 3240, 3243, 3312, 3022, 3481, 3455, 3262, 3372, 3070, 3419, 3392, 3135)
z_dir: 
[[ 0.0219657 ]
 [ 0.03379542]
 [ 0.99918736]]
[rosout][INFO] 2019-10-16 18:19:16,332: 
pdc: 
2432
electrode: 
(3000, 3463, 3437, 3249, 3373, 3104, 3147, 3241, 3243, 3312, 3022, 3481, 3456, 3262, 3372, 3070, 3419, 3393, 3135)
z_dir: 
[[ 0.02191658]
 [ 0.03416353]
 [ 0.99917592]]
[rosout][INFO] 2019-10-16 18:19:16,362: 
pdc: 
2433
electrode: 
(3000, 3463, 3438, 3249, 3374, 3103, 3147, 3241, 3243, 3312, 3022, 3482, 3456, 3262, 3371, 3070, 3419, 3392, 3135)
z_dir: 
[[ 0.02138718]
 [ 0.03489517]
 [ 0.99916211]]
[rosout][INFO] 2019-10-16 18:19:16,381: 
pdc: 
2433
electrode: 
(3000, 3463, 3437, 3250, 3374, 3103, 3147, 3241, 3243, 3312, 3022, 3481, 3456, 3262, 3373, 3070, 3419, 3392, 3135)
z_dir: 
[[ 0.02203736]
 [ 0.03372657]
 [ 0.99918811]]
[rosout][INFO] 2019-10-16 18:19:16,392: 
pdc: 
2433
electrode: 
(3000, 3463, 3437, 3249, 3374, 3104, 3147, 3241, 3243, 3312, 3021, 3482, 3456, 3262, 3372, 3070, 3419, 3393, 3135)
z_dir: 
[[ 0.02192198]
 [ 0.03414793]
 [ 0.99917633]]
[rosout][INFO] 2019-10-16 18:19:16,412: 
pdc: 
2432
electrode: 
(3000, 3463, 3437, 3249, 3374, 3103, 3147, 3241, 3243, 3312, 3022, 3482, 3456, 3263, 3372, 3070, 3418, 3392, 3135)
z_dir: 
[[ 0.02124649]
 [ 0.03480145]
 [ 0.99916838]]
[rosout][INFO] 2019-10-16 18:19:16,443: 
pdc: 
2432
electrode: 
(2999, 3463, 3438, 3249, 3373, 3103, 3147, 3241, 3244, 3312, 3021, 3481, 3456, 3262, 3372, 3070, 3419, 3393, 3135)
z_dir: 
[[ 0.02138185]
 [ 0.03495633]
 [ 0.99916008]]
[rosout][INFO] 2019-10-16 18:19:16,462: 
pdc: 
2432
electrode: 
(3000, 3463, 3438, 3249, 3373, 3104, 3147, 3241, 3243, 3311, 3022, 3481, 3455, 3262, 3373, 3070, 3419, 3392, 3135)
z_dir: 
[[ 0.02202838]
 [ 0.03383215]
 [ 0.99918474]]
[rosout][INFO] 2019-10-16 18:19:16,474: 
pdc: 
2432
electrode: 
(3000, 3463, 3437, 3249, 3374, 3104, 3148, 3242, 3243, 3312, 3021, 3482, 3455, 3262, 3372, 3070, 3419, 3393, 3136)
z_dir: 
[[ 0.02136956]
 [ 0.03486488]
 [ 0.99916354]]
[rosout][INFO] 2019-10-16 18:19:16,504: 
pdc: 
2432
electrode: 
(2999, 3463, 3437, 3249, 3374, 3103, 3147, 3241, 3243, 3312, 3021, 3481, 3456, 3262, 3372, 3070, 3419, 3392, 3135)
z_dir: 
[[ 0.02139734]
 [ 0.0350575 ]
 [ 0.99915621]]
[rosout][INFO] 2019-10-16 18:19:16,523: 
pdc: 
2432
electrode: 
(3000, 3463, 3437, 3249, 3374, 3104, 3147, 3241, 3243, 3312, 3022, 3482, 3455, 3263, 3372, 3070, 3419, 3392, 3136)
z_dir: 
[[ 0.02133624]
 [ 0.03511939]
 [ 0.99915534]]
[rosout][INFO] 2019-10-16 18:19:16,532: 
pdc: 
2432
electrode: 
(3000, 3463, 3437, 3249, 3373, 3103, 3147, 3241, 3243, 3312, 3022, 3481, 3455, 3262, 3372, 3070, 3419, 3392, 3135)
z_dir: 
[[ 0.02197027]
 [ 0.0338252 ]
 [ 0.99918625]]
[rosout][INFO] 2019-10-16 18:19:16,552: 
pdc: 
2433
electrode: 
(3000, 3462, 3437, 3250, 3373, 3104, 3147, 3241, 3243, 3312, 3022, 3481, 3455, 3262, 3372, 3070, 3419, 3392, 3135)
z_dir: 
[[ 0.02192656]
 [ 0.03387167]
 [ 0.99918564]]
[rosout][INFO] 2019-10-16 18:19:16,563: 
pdc: 
2432
electrode: 
(3000, 3463, 3437, 3249, 3373, 3104, 3147, 3241, 3243, 3312, 3022, 3482, 3456, 3262, 3372, 3070, 3419, 3392, 3136)
z_dir: 
[[ 0.02132183]
 [ 0.03480206]
 [ 0.99916675]]
[rosout][INFO] 2019-10-16 18:19:16,593: 
pdc: 
2432
electrode: 
(2999, 3463, 3437, 3249, 3373, 3104, 3148, 3241, 3243, 3312, 3022, 3482, 3456, 3263, 3373, 3070, 3419, 3392, 3135)
z_dir: 
[[ 0.02197929]
 [ 0.03410832]
 [ 0.99917643]]
[rosout][INFO] 2019-10-16 18:19:16,624: 
pdc: 
2432
electrode: 
(2999, 3463, 3437, 3249, 3373, 3103, 3147, 3241, 3244, 3312, 3022, 3482, 3455, 3263, 3373, 3070, 3418, 3392, 3135)
z_dir: 
[[ 0.02133014]
 [ 0.03481962]
 [ 0.99916596]]
[rosout][INFO] 2019-10-16 18:19:16,642: 
pdc: 
2433
electrode: 
(3000, 3463, 3438, 3249, 3374, 3104, 3147, 3241, 3243, 3312, 3022, 3482, 3456, 3263, 3372, 3070, 3420, 3392, 3135)
z_dir: 
[[ 0.02200828]
 [ 0.03393704]
 [ 0.99918162]]
[rosout][INFO] 2019-10-16 18:19:16,655: 
pdc: 
2432
electrode: 
(2999, 3464, 3437, 3249, 3374, 3104, 3147, 3241, 3243, 3312, 3022, 3482, 3456, 3262, 3372, 3070, 3419, 3392, 3134)
z_dir: 
[[ 0.02197292]
 [ 0.03384045]
 [ 0.99918568]]
[rosout][INFO] 2019-10-16 18:19:16,673: 
pdc: 
2432
electrode: 
(2999, 3463, 3437, 3249, 3373, 3103, 3147, 3241, 3243, 3312, 3022, 3481, 3455, 3262, 3373, 3070, 3419, 3392, 3135)
z_dir: 
[[ 0.02208762]
 [ 0.03391406]
 [ 0.99918065]]
[rosout][INFO] 2019-10-16 18:19:16,682: 
pdc: 
2432
electrode: 
(3000, 3463, 3437, 3249, 3373, 3104, 3147, 3241, 3243, 3312, 3022, 3481, 3456, 3262, 3373, 3070, 3419, 3392, 3136)
z_dir: 
[[ 0.02200584]
 [ 0.033821  ]
 [ 0.99918561]]
[rosout][INFO] 2019-10-16 18:19:16,703: 
pdc: 
2432
electrode: 
(3000, 3463, 3437, 3249, 3374, 3103, 3147, 3241, 3243, 3312, 3022, 3481, 3455, 3262, 3373, 3070, 3418, 3392, 3135)
z_dir: 
[[ 0.02194985]
 [ 0.03385732]
 [ 0.99918561]]
[rosout][INFO] 2019-10-16 18:19:16,712: 
pdc: 
2432
electrode: 
(2999, 3463, 3437, 3249, 3374, 3104, 3147, 3241, 3243, 3312, 3022, 3481, 3455, 3263, 3372, 3070, 3419, 3392, 3136)
z_dir: 
[[ 0.02199177]
 [ 0.03381433]
 [ 0.99918615]]
[rosout][INFO] 2019-10-16 18:19:16,732: 
pdc: 
2433
electrode: 
(3000, 3463, 3437, 3249, 3374, 3104, 3147, 3241, 3243, 3312, 3022, 3481, 3456, 3263, 3372, 3070, 3419, 3392, 3135)
z_dir: 
[[ 0.02201921]
 [ 0.03390061]
 [ 0.99918262]]
[rosout][INFO] 2019-10-16 18:19:16,743: 
pdc: 
2432
electrode: 
(2999, 3463, 3437, 3250, 3374, 3104, 3147, 3242, 3243, 3312, 3021, 3482, 3455, 3263, 3372, 3070, 3419, 3392, 3135)
z_dir: 
[[ 0.02130983]
 [ 0.03474611]
 [ 0.99916895]]
[rosout][INFO] 2019-10-16 18:19:16,763: 
pdc: 
2432
electrode: 
(3000, 3463, 3437, 3249, 3374, 3104, 3147, 3242, 3243, 3312, 3021, 3481, 3455, 3262, 3372, 3070, 3419, 3392, 3135)
z_dir: 
[[ 0.02199826]
 [ 0.03391179]
 [ 0.9991827 ]]
[rosout][INFO] 2019-10-16 18:19:16,773: 
pdc: 
2433
electrode: 
(3000, 3463, 3437, 3249, 3374, 3103, 3146, 3242, 3242, 3312, 3021, 3482, 3456, 3262, 3372, 3070, 3419, 3392, 3135)
z_dir: 
[[ 0.02140105]
 [ 0.03479114]
 [ 0.99916544]]
[rosout][INFO] 2019-10-16 18:19:16,803: 
pdc: 
2432
electrode: 
(2999, 3463, 3437, 3249, 3374, 3104, 3147, 3241, 3243, 3312, 3022, 3482, 3456, 3262, 3372, 3070, 3419, 3392, 3135)
z_dir: 
[[ 0.02209816]
 [ 0.03374136]
 [ 0.99918626]]
[rosout][INFO] 2019-10-16 18:19:16,813: 
pdc: 
2432
electrode: 
(3000, 3462, 3437, 3249, 3373, 3104, 3147, 3241, 3243, 3312, 3021, 3482, 3456, 3262, 3372, 3070, 3419, 3393, 3135)
z_dir: 
[[ 0.021336  ]
 [ 0.0349015 ]
 [ 0.99916298]]
[rosout][INFO] 2019-10-16 18:19:16,843: 
pdc: 
2433
electrode: 
(3000, 3462, 3437, 3250, 3374, 3104, 3146, 3241, 3244, 3312, 3022, 3482, 3456, 3263, 3372, 3071, 3419, 3392, 3135)
z_dir: 
[[ 0.02199368]
 [ 0.03379172]
 [ 0.99918687]]
[rosout][INFO] 2019-10-16 18:19:16,873: 
pdc: 
2433
electrode: 
(3000, 3463, 3437, 3249, 3374, 3104, 3147, 3241, 3244, 3312, 3022, 3481, 3455, 3262, 3372, 3070, 3419, 3392, 3135)
z_dir: 
[[ 0.02195793]
 [ 0.03418268]
 [ 0.99917436]]
[rosout][INFO] 2019-10-16 18:19:16,894: 
pdc: 
2433
electrode: 
(3000, 3463, 3437, 3249, 3374, 3104, 3147, 3241, 3244, 3312, 3021, 3482, 3455, 3262, 3372, 3070, 3419, 3392, 3135)
z_dir: 
[[ 0.02189405]
 [ 0.03419634]
 [ 0.99917529]]
[rosout][INFO] 2019-10-16 18:19:16,924: 
pdc: 
2432
electrode: 
(3000, 3462, 3437, 3249, 3374, 3103, 3147, 3241, 3243, 3312, 3022, 3482, 3455, 3262, 3372, 3070, 3419, 3392, 3136)
z_dir: 
[[ 0.02135602]
 [ 0.03484926]
 [ 0.99916438]]
[rosout][INFO] 2019-10-16 18:19:16,954: 
pdc: 
2432
electrode: 
(3000, 3463, 3438, 3249, 3374, 3104, 3147, 3241, 3243, 3312, 3022, 3481, 3456, 3262, 3372, 3070, 3419, 3392, 3135)
z_dir: 
[[ 0.02196885]
 [ 0.03381658]
 [ 0.99918657]]
[rosout][INFO] 2019-10-16 18:19:16,983: 
pdc: 
2432
electrode: 
(3000, 3464, 3437, 3250, 3373, 3104, 3147, 3241, 3243, 3312, 3022, 3481, 3456, 3263, 3372, 3071, 3419, 3392, 3135)
z_dir: 
[[ 0.02197117]
 [ 0.0338769 ]
 [ 0.99918448]]
[rosout][INFO] 2019-10-16 18:19:17,004: 
pdc: 
2432
electrode: 
(3000, 3463, 3437, 3249, 3373, 3104, 3147, 3241, 3243, 3312, 3022, 3481, 3455, 3263, 3373, 3070, 3419, 3392, 3136)
z_dir: 
[[ 0.02204564]
 [ 0.03380501]
 [ 0.99918527]]
[rosout][INFO] 2019-10-16 18:19:17,033: 
pdc: 
2433
electrode: 
(2999, 3462, 3437, 3250, 3374, 3103, 3147, 3241, 3243, 3312, 3022, 3482, 3455, 3263, 3372, 3070, 3419, 3392, 3135)
z_dir: 
[[ 0.02203769]
 [ 0.03422014]
 [ 0.99917132]]
[rosout][INFO] 2019-10-16 18:19:17,066: 
pdc: 
2432
electrode: 
(3000, 3463, 3437, 3249, 3373, 3104, 3147, 3241, 3243, 3312, 3022, 3481, 3455, 3263, 3372, 3070, 3419, 3392, 3136)
z_dir: 
[[ 0.02138899]
 [ 0.03476324]
 [ 0.99916667]]
[rosout][INFO] 2019-10-16 18:19:17,096: 
pdc: 
2432
electrode: 
(3000, 3463, 3437, 3249, 3374, 3104, 3147, 3241, 3243, 3312, 3022, 3482, 3456, 3262, 3372, 3070, 3419, 3392, 3135)
z_dir: 
[[ 0.02199043]
 [ 0.03413118]
 [ 0.9991754 ]]
[rosout][INFO] 2019-10-16 18:19:17,117: 
pdc: 
2432
electrode: 
(3000, 3463, 3437, 3249, 3373, 3104, 3147, 3241, 3243, 3312, 3022, 3482, 3456, 3263, 3372, 3070, 3419, 3393, 3135)
z_dir: 
[[ 0.02195872]
 [ 0.03380882]
 [ 0.99918706]]
[rosout][INFO] 2019-10-16 18:19:17,145: 
pdc: 
2433
electrode: 
(2999, 3462, 3438, 3249, 3374, 3104, 3147, 3241, 3243, 3312, 3022, 3482, 3456, 3262, 3372, 3070, 3419, 3392, 3136)
z_dir: 
[[ 0.02134305]
 [ 0.03475139]
 [ 0.99916806]]
[rosout][INFO] 2019-10-16 18:19:17,175: 
pdc: 
2432
electrode: 
(2999, 3463, 3437, 3249, 3373, 3103, 3147, 3241, 3243, 3312, 3022, 3481, 3456, 3262, 3372, 3070, 3419, 3392, 3135)
z_dir: 
[[ 0.02134283]
 [ 0.03511174]
 [ 0.99915547]]
[rosout][INFO] 2019-10-16 18:19:17,184: 
pdc: 
2432
electrode: 
(2999, 3463, 3437, 3249, 3373, 3104, 3147, 3241, 3244, 3312, 3021, 3481, 3456, 3262, 3373, 3070, 3419, 3391, 3136)
z_dir: 
[[ 0.0214076 ]
 [ 0.034797  ]
 [ 0.99916509]]
[rosout][INFO] 2019-10-16 18:19:17,207: 
pdc: 
2432
electrode: 
(3000, 3463, 3437, 3250, 3374, 3104, 3147, 3241, 3243, 3312, 3022, 3482, 3456, 3262, 3372, 3070, 3419, 3392, 3135)
z_dir: 
[[ 0.02200677]
 [ 0.03380432]
 [ 0.99918615]]
[rosout][INFO] 2019-10-16 18:19:17,217: 
pdc: 
2433
electrode: 
(2999, 3463, 3438, 3249, 3373, 3103, 3147, 3241, 3243, 3312, 3022, 3481, 3456, 3262, 3372, 3070, 3419, 3392, 3135)
z_dir: 
[[ 0.02129883]
 [ 0.03480266]
 [ 0.99916722]]
[rospy.core][INFO] 2019-10-16 18:19:17,218: signal_shutdown [signal-2]
[rospy.internal][INFO] 2019-10-16 18:19:17,236: topic[/rosout] removing connection to /rosout
[rospy.internal][INFO] 2019-10-16 18:19:17,239: topic[/biotac_pub] removing connection to http://student-lasa:33843/
[rospy.internal][INFO] 2019-10-16 18:19:17,240: topic[/vrpn_client_node/normalSurface/pose] removing connection to http://student-lasa:45067/
[rospy.internal][INFO] 2019-10-16 18:19:17,241: topic[/vrpn_client_node/baseHand/pose] removing connection to http://student-lasa:45067/
[rospy.impl.masterslave][INFO] 2019-10-16 18:19:17,241: signal-2
[rospy.rosout][ERROR] 2019-10-16 18:19:17,241: Unable to report rosout: publish() to a closed topic
Traceback (most recent call last):
  File "/opt/ros/kinetic/lib/python2.7/dist-packages/rospy/impl/rosout.py", line 91, in _rosout
    _rosout_pub.publish(l)
  File "/opt/ros/kinetic/lib/python2.7/dist-packages/rospy/topics.py", line 882, in publish
    self.impl.publish(data)
  File "/opt/ros/kinetic/lib/python2.7/dist-packages/rospy/topics.py", line 1041, in publish
    raise ROSException("publish() to a closed topic")
ROSException: publish() to a closed topic

[rosout][INFO] 2019-10-16 18:19:17,240: 
pdc: 
2433
electrode: 
(3000, 3463, 3437, 3249, 3373, 3103, 3147, 3241, 3243, 3312, 3022, 3482, 3455, 3263, 3373, 3070, 3419, 3392, 3135)
z_dir: 
[[ 0.0213701 ]
 [ 0.03470861]
 [ 0.99916897]]
[rospy.core][INFO] 2019-10-16 18:19:17,861: signal_shutdown [atexit]
