[rospy.client][INFO] 2019-10-16 18:12:51,305: init_node, name[/biochip_listener_15107_1571242371288], pid[15107]
[xmlrpc][INFO] 2019-10-16 18:12:51,305: XML-RPC server binding to 0.0.0.0:0
[xmlrpc][INFO] 2019-10-16 18:12:51,305: Started XML-RPC server [http://student-lasa:41691/]
[rospy.init][INFO] 2019-10-16 18:12:51,305: ROS Slave URI: [http://student-lasa:41691/]
[rospy.impl.masterslave][INFO] 2019-10-16 18:12:51,305: _ready: http://student-lasa:41691/
[xmlrpc][INFO] 2019-10-16 18:12:51,306: xml rpc node: starting XML-RPC server
[rospy.registration][INFO] 2019-10-16 18:12:51,306: Registering with master node http://localhost:11311
[rospy.init][INFO] 2019-10-16 18:12:51,406: registered with master
[rospy.rosout][INFO] 2019-10-16 18:12:51,406: initializing /rosout core topic
[rospy.rosout][INFO] 2019-10-16 18:12:51,410: connected to core topic /rosout
[rospy.simtime][INFO] 2019-10-16 18:12:51,413: /use_sim_time is not set, will not subscribe to simulated time [/clock] topic
[rospy.internal][INFO] 2019-10-16 18:12:51,473: topic[/vrpn_client_node/baseHand/pose] adding connection to [http://student-lasa:45067/], count 0
[rospy.internal][INFO] 2019-10-16 18:12:51,476: topic[/vrpn_client_node/normalSurface/pose] adding connection to [http://student-lasa:45067/], count 0
[rospy.internal][INFO] 2019-10-16 18:12:51,477: topic[/biotac_pub] adding connection to [http://student-lasa:33843/], count 0
[rosout][INFO] 2019-10-16 18:12:51,488: 
pdc: 
2449
electrode: 
(3107, 3533, 3506, 3329, 3445, 3191, 3258, 3338, 3345, 3402, 3149, 3556, 3530, 3353, 3447, 3169, 3497, 3464, 3216)
z_dir: 
[[-0.00465465]
 [ 0.03151691]
 [ 0.99949238]]
[rosout][INFO] 2019-10-16 18:12:51,499: 
pdc: 
2449
electrode: 
(3107, 3533, 3506, 3329, 3445, 3191, 3258, 3338, 3345, 3402, 3149, 3556, 3530, 3353, 3447, 3169, 3497, 3464, 3216)
z_dir: 
[[-0.00924513]
 [ 0.03729425]
 [ 0.99926156]]
[rosout][INFO] 2019-10-16 18:12:51,508: 
pdc: 
2449
electrode: 
(3107, 3533, 3506, 3329, 3445, 3191, 3258, 3338, 3345, 3402, 3149, 3556, 3530, 3353, 3447, 3169, 3497, 3464, 3216)
z_dir: 
[[-0.0044977 ]
 [ 0.03160907]
 [ 0.99949019]]
[rosout][INFO] 2019-10-16 18:12:51,519: 
pdc: 
2449
electrode: 
(3107, 3533, 3506, 3329, 3445, 3191, 3258, 3338, 3345, 3402, 3149, 3556, 3530, 3353, 3447, 3169, 3497, 3464, 3216)
z_dir: 
[[-0.0090195 ]
 [ 0.03664878]
 [ 0.9992875 ]]
[rosout][INFO] 2019-10-16 18:12:51,528: 
pdc: 
2449
electrode: 
(3107, 3533, 3506, 3329, 3445, 3191, 3258, 3338, 3345, 3402, 3149, 3556, 3530, 3353, 3447, 3169, 3497, 3464, 3216)
z_dir: 
[[-0.00458419]
 [ 0.031548  ]
 [ 0.99949173]]
[rosout][INFO] 2019-10-16 18:12:51,538: 
pdc: 
2449
electrode: 
(3107, 3533, 3506, 3329, 3445, 3191, 3258, 3338, 3345, 3402, 3149, 3556, 3530, 3353, 3447, 3169, 3497, 3464, 3216)
z_dir: 
[[-0.00458411]
 [ 0.0315405 ]
 [ 0.99949196]]
[rosout][INFO] 2019-10-16 18:12:51,548: 
pdc: 
2449
electrode: 
(3107, 3533, 3506, 3329, 3445, 3191, 3258, 3338, 3345, 3402, 3149, 3556, 3530, 3353, 3447, 3169, 3497, 3464, 3216)
z_dir: 
[[-0.00911278]
 [ 0.03735072]
 [ 0.99926067]]
[rosout][INFO] 2019-10-16 18:12:51,559: 
pdc: 
2449
electrode: 
(3107, 3533, 3506, 3329, 3445, 3191, 3258, 3338, 3345, 3402, 3149, 3556, 3530, 3353, 3447, 3169, 3497, 3464, 3216)
z_dir: 
[[-0.00462794]
 [ 0.03165783]
 [ 0.99948805]]
[rosout][INFO] 2019-10-16 18:12:51,568: 
pdc: 
2449
electrode: 
(3107, 3533, 3506, 3329, 3445, 3191, 3258, 3338, 3345, 3402, 3149, 3556, 3530, 3353, 3447, 3169, 3497, 3464, 3216)
z_dir: 
[[-0.00896187]
 [ 0.03672253]
 [ 0.99928532]]
[rosout][INFO] 2019-10-16 18:12:51,578: 
pdc: 
2449
electrode: 
(3107, 3533, 3506, 3329, 3445, 3191, 3258, 3338, 3345, 3402, 3149, 3556, 3530, 3353, 3447, 3169, 3497, 3464, 3216)
z_dir: 
[[-0.00455275]
 [ 0.03163225]
 [ 0.99948921]]
[rosout][INFO] 2019-10-16 18:12:51,588: 
pdc: 
2449
electrode: 
(3107, 3533, 3506, 3329, 3445, 3191, 3258, 3338, 3345, 3402, 3149, 3556, 3530, 3353, 3447, 3169, 3497, 3464, 3216)
z_dir: 
[[-0.00464451]
 [ 0.03149901]
 [ 0.99949299]]
[rosout][INFO] 2019-10-16 18:12:51,598: 
pdc: 
2449
electrode: 
(3107, 3533, 3506, 3329, 3445, 3191, 3258, 3338, 3345, 3402, 3149, 3556, 3530, 3353, 3447, 3169, 3497, 3464, 3216)
z_dir: 
[[-0.00907046]
 [ 0.03658086]
 [ 0.99928953]]
[rosout][INFO] 2019-10-16 18:12:51,609: 
pdc: 
2449
electrode: 
(3107, 3533, 3506, 3329, 3445, 3191, 3258, 3338, 3345, 3402, 3149, 3556, 3530, 3353, 3447, 3169, 3497, 3464, 3216)
z_dir: 
[[-0.00448234]
 [ 0.03163952]
 [ 0.99948929]]
[rosout][INFO] 2019-10-16 18:12:51,618: 
pdc: 
2449
electrode: 
(3107, 3533, 3506, 3329, 3445, 3191, 3258, 3338, 3345, 3402, 3149, 3556, 3530, 3353, 3447, 3169, 3497, 3464, 3216)
z_dir: 
[[-0.00893931]
 [ 0.03671466]
 [ 0.99928581]]
[rosout][INFO] 2019-10-16 18:12:51,629: 
pdc: 
2449
electrode: 
(3107, 3533, 3506, 3329, 3445, 3191, 3258, 3338, 3345, 3402, 3149, 3556, 3530, 3353, 3447, 3169, 3497, 3464, 3216)
z_dir: 
[[-0.00454597]
 [ 0.03163945]
 [ 0.99948901]]
[rosout][INFO] 2019-10-16 18:12:51,638: 
pdc: 
2449
electrode: 
(3107, 3533, 3506, 3329, 3445, 3191, 3258, 3338, 3345, 3402, 3149, 3556, 3530, 3353, 3447, 3169, 3497, 3464, 3216)
z_dir: 
[[-0.0044667 ]
 [ 0.03165125]
 [ 0.99948899]]
[rosout][INFO] 2019-10-16 18:12:51,649: 
pdc: 
2449
electrode: 
(3107, 3533, 3506, 3329, 3445, 3191, 3258, 3338, 3345, 3402, 3149, 3556, 3530, 3353, 3447, 3169, 3497, 3464, 3216)
z_dir: 
[[-0.00892329]
 [ 0.03673006]
 [ 0.99928538]]
[rospy.internal][INFO] 2019-10-16 18:12:51,650: topic[/rosout] adding connection to [/rosout], count 0
[rosout][INFO] 2019-10-16 18:12:51,658: 
pdc: 
2449
electrode: 
(3107, 3533, 3506, 3329, 3445, 3191, 3258, 3338, 3345, 3402, 3149, 3556, 3530, 3353, 3447, 3169, 3497, 3464, 3216)
z_dir: 
[[-0.00456881]
 [ 0.03162984]
 [ 0.99948921]]
[rosout][INFO] 2019-10-16 18:12:51,679: 
pdc: 
2449
electrode: 
(3107, 3533, 3506, 3329, 3445, 3191, 3258, 3338, 3345, 3402, 3149, 3556, 3530, 3353, 3447, 3169, 3497, 3464, 3216)
z_dir: 
[[-0.00465748]
 [ 0.03150884]
 [ 0.99949262]]
[rosout][INFO] 2019-10-16 18:12:51,688: 
pdc: 
2449
electrode: 
(3107, 3533, 3506, 3329, 3445, 3191, 3258, 3338, 3345, 3402, 3149, 3556, 3530, 3353, 3447, 3169, 3497, 3464, 3216)
z_dir: 
[[-0.00457692]
 [ 0.03164832]
 [ 0.99948859]]
[rosout][INFO] 2019-10-16 18:12:51,698: 
pdc: 
2449
electrode: 
(3107, 3533, 3506, 3329, 3445, 3191, 3258, 3338, 3345, 3402, 3149, 3556, 3530, 3353, 3447, 3169, 3497, 3464, 3216)
z_dir: 
[[-0.00901186]
 [ 0.03668036]
 [ 0.99928641]]
[rosout][INFO] 2019-10-16 18:12:51,709: 
pdc: 
2449
electrode: 
(3107, 3533, 3506, 3329, 3445, 3191, 3258, 3338, 3345, 3402, 3149, 3556, 3530, 3353, 3447, 3169, 3497, 3464, 3216)
z_dir: 
[[-0.00455088]
 [ 0.0315368 ]
 [ 0.99949223]]
[rosout][INFO] 2019-10-16 18:12:51,718: 
pdc: 
2449
electrode: 
(3107, 3533, 3506, 3329, 3445, 3191, 3258, 3338, 3345, 3402, 3149, 3556, 3530, 3353, 3447, 3169, 3497, 3464, 3216)
z_dir: 
[[-0.00896292]
 [ 0.03665077]
 [ 0.99928794]]
[rosout][INFO] 2019-10-16 18:12:51,728: 
pdc: 
2449
electrode: 
(3107, 3533, 3506, 3329, 3445, 3191, 3258, 3338, 3345, 3402, 3149, 3556, 3530, 3353, 3447, 3169, 3497, 3464, 3216)
z_dir: 
[[-0.00452939]
 [ 0.03161219]
 [ 0.99948995]]
[rosout][INFO] 2019-10-16 18:12:51,738: 
pdc: 
2449
electrode: 
(3107, 3533, 3506, 3329, 3445, 3191, 3258, 3338, 3345, 3402, 3149, 3556, 3530, 3353, 3447, 3169, 3497, 3464, 3216)
z_dir: 
[[-0.00460911]
 [ 0.03148201]
 [ 0.99949369]]
[rosout][INFO] 2019-10-16 18:12:51,748: 
pdc: 
2449
electrode: 
(3107, 3533, 3506, 3329, 3445, 3191, 3258, 3338, 3345, 3402, 3149, 3556, 3530, 3353, 3447, 3169, 3497, 3464, 3216)
z_dir: 
[[-0.00892613]
 [ 0.03673616]
 [ 0.99928513]]
[rosout][INFO] 2019-10-16 18:12:51,758: 
pdc: 
2449
electrode: 
(3107, 3533, 3506, 3329, 3445, 3191, 3258, 3338, 3345, 3402, 3149, 3556, 3530, 3353, 3447, 3169, 3497, 3464, 3216)
z_dir: 
[[-0.00451785]
 [ 0.03153536]
 [ 0.99949243]]
[rosout][INFO] 2019-10-16 18:12:51,768: 
pdc: 
2449
electrode: 
(3107, 3533, 3506, 3329, 3445, 3191, 3258, 3338, 3345, 3402, 3149, 3556, 3530, 3353, 3447, 3169, 3497, 3464, 3216)
z_dir: 
[[-0.00898996]
 [ 0.03676878]
 [ 0.99928336]]
[rosout][INFO] 2019-10-16 18:12:51,778: 
pdc: 
2449
electrode: 
(3107, 3533, 3506, 3329, 3445, 3191, 3258, 3338, 3345, 3402, 3149, 3556, 3530, 3353, 3447, 3169, 3497, 3464, 3216)
z_dir: 
[[-0.00465473]
 [ 0.03147132]
 [ 0.99949382]]
[rosout][INFO] 2019-10-16 18:12:51,788: 
pdc: 
2449
electrode: 
(3107, 3533, 3506, 3329, 3445, 3191, 3258, 3338, 3345, 3402, 3149, 3556, 3530, 3353, 3447, 3169, 3497, 3464, 3216)
z_dir: 
[[-0.00461689]
 [ 0.03161599]
 [ 0.99948943]]
[rosout][INFO] 2019-10-16 18:12:51,798: 
pdc: 
2449
electrode: 
(3107, 3533, 3506, 3329, 3445, 3191, 3258, 3338, 3345, 3402, 3149, 3556, 3530, 3353, 3447, 3169, 3497, 3464, 3216)
z_dir: 
[[-0.00890542]
 [ 0.03674891]
 [ 0.99928485]]
[rosout][INFO] 2019-10-16 18:12:51,808: 
pdc: 
2449
electrode: 
(3107, 3533, 3506, 3329, 3445, 3191, 3258, 3338, 3345, 3402, 3149, 3556, 3530, 3353, 3447, 3169, 3497, 3464, 3216)
z_dir: 
[[-0.00449781]
 [ 0.03155629]
 [ 0.99949186]]
[rosout][INFO] 2019-10-16 18:12:51,819: 
pdc: 
2449
electrode: 
(3107, 3533, 3506, 3329, 3445, 3191, 3258, 3338, 3345, 3402, 3149, 3556, 3530, 3353, 3447, 3169, 3497, 3464, 3216)
z_dir: 
[[-0.00894874]
 [ 0.03673018]
 [ 0.99928515]]
[rosout][INFO] 2019-10-16 18:12:51,828: 
pdc: 
2449
electrode: 
(3107, 3533, 3506, 3329, 3445, 3191, 3258, 3338, 3345, 3402, 3149, 3556, 3530, 3353, 3447, 3169, 3497, 3464, 3216)
z_dir: 
[[-0.00448399]
 [ 0.03162787]
 [ 0.99948966]]
[rosout][INFO] 2019-10-16 18:12:51,838: 
pdc: 
2449
electrode: 
(3107, 3533, 3506, 3329, 3445, 3191, 3258, 3338, 3345, 3402, 3149, 3556, 3530, 3353, 3447, 3169, 3497, 3464, 3216)
z_dir: 
[[-0.00459628]
 [ 0.03163816]
 [ 0.99948882]]
[rosout][INFO] 2019-10-16 18:12:51,848: 
pdc: 
2449
electrode: 
(3107, 3533, 3506, 3329, 3445, 3191, 3258, 3338, 3345, 3402, 3149, 3556, 3530, 3353, 3447, 3169, 3497, 3464, 3216)
z_dir: 
[[-0.00891351]
 [ 0.03669458]
 [ 0.99928677]]
[rosout][INFO] 2019-10-16 18:12:51,858: 
pdc: 
2449
electrode: 
(3107, 3533, 3506, 3329, 3445, 3191, 3258, 3338, 3345, 3402, 3149, 3556, 3530, 3353, 3447, 3169, 3497, 3464, 3216)
z_dir: 
[[-0.00446754]
 [ 0.03166438]
 [ 0.99948857]]
[rosout][INFO] 2019-10-16 18:12:51,869: 
pdc: 
2449
electrode: 
(3107, 3533, 3506, 3329, 3445, 3191, 3258, 3338, 3345, 3402, 3149, 3556, 3530, 3353, 3447, 3169, 3497, 3464, 3216)
z_dir: 
[[-0.00888117]
 [ 0.0367    ]
 [ 0.99928686]]
[rosout][INFO] 2019-10-16 18:12:51,878: 
pdc: 
2449
electrode: 
(3107, 3533, 3506, 3329, 3445, 3191, 3258, 3338, 3345, 3402, 3149, 3556, 3530, 3353, 3447, 3169, 3497, 3464, 3216)
z_dir: 
[[-0.00450958]
 [ 0.03160874]
 [ 0.99949015]]
[rosout][INFO] 2019-10-16 18:12:51,888: 
pdc: 
2449
electrode: 
(3107, 3533, 3506, 3329, 3445, 3191, 3258, 3338, 3345, 3402, 3149, 3556, 3530, 3353, 3447, 3169, 3497, 3464, 3216)
z_dir: 
[[-0.00903533]
 [ 0.03665388]
 [ 0.99928717]]
[rosout][INFO] 2019-10-16 18:12:51,898: 
pdc: 
2449
electrode: 
(3107, 3533, 3506, 3329, 3445, 3191, 3258, 3338, 3345, 3402, 3149, 3556, 3530, 3353, 3447, 3169, 3497, 3464, 3216)
z_dir: 
[[-0.00890836]
 [ 0.03669663]
 [ 0.99928674]]
[rosout][INFO] 2019-10-16 18:12:51,908: 
pdc: 
2449
electrode: 
(3107, 3533, 3506, 3329, 3445, 3191, 3258, 3338, 3345, 3402, 3149, 3556, 3530, 3353, 3447, 3169, 3497, 3464, 3216)
z_dir: 
[[-0.00457653]
 [ 0.0316535 ]
 [ 0.99948842]]
[rosout][INFO] 2019-10-16 18:12:51,918: 
pdc: 
2449
electrode: 
(3107, 3533, 3506, 3329, 3445, 3191, 3258, 3338, 3345, 3402, 3149, 3556, 3530, 3353, 3447, 3169, 3497, 3464, 3216)
z_dir: 
[[-0.00903133]
 [ 0.03665705]
 [ 0.99928709]]
[rosout][INFO] 2019-10-16 18:12:51,929: 
pdc: 
2449
electrode: 
(3107, 3533, 3506, 3329, 3445, 3191, 3258, 3338, 3345, 3402, 3149, 3556, 3530, 3353, 3447, 3169, 3497, 3464, 3216)
z_dir: 
[[-0.00465046]
 [ 0.03162755]
 [ 0.99948891]]
[rosout][INFO] 2019-10-16 18:12:51,938: 
pdc: 
2449
electrode: 
(3107, 3533, 3506, 3329, 3445, 3191, 3258, 3338, 3345, 3402, 3149, 3556, 3530, 3353, 3447, 3169, 3497, 3464, 3216)
z_dir: 
[[-0.00451889]
 [ 0.03159857]
 [ 0.99949043]]
[rosout][INFO] 2019-10-16 18:12:51,948: 
pdc: 
2449
electrode: 
(3107, 3533, 3506, 3329, 3445, 3191, 3258, 3338, 3345, 3402, 3149, 3556, 3530, 3353, 3447, 3169, 3497, 3464, 3216)
z_dir: 
[[-0.00882944]
 [ 0.03673429]
 [ 0.99928606]]
[rosout][INFO] 2019-10-16 18:12:51,959: 
pdc: 
2449
electrode: 
(3107, 3533, 3506, 3329, 3445, 3191, 3258, 3338, 3345, 3402, 3149, 3556, 3530, 3353, 3447, 3169, 3497, 3464, 3216)
z_dir: 
[[-0.00455259]
 [ 0.0316013 ]
 [ 0.99949019]]
[rosout][INFO] 2019-10-16 18:12:51,968: 
pdc: 
2449
electrode: 
(3107, 3533, 3506, 3329, 3445, 3191, 3258, 3338, 3345, 3402, 3149, 3556, 3530, 3353, 3447, 3169, 3497, 3464, 3216)
z_dir: 
[[-0.00901082]
 [ 0.03674248]
 [ 0.99928414]]
[rosout][INFO] 2019-10-16 18:12:51,979: 
pdc: 
2449
electrode: 
(3107, 3533, 3506, 3329, 3445, 3191, 3258, 3338, 3345, 3402, 3149, 3556, 3530, 3353, 3447, 3169, 3497, 3464, 3216)
z_dir: 
[[-0.00452458]
 [ 0.0316333 ]
 [ 0.9994893 ]]
[rosout][INFO] 2019-10-16 18:12:51,988: 
pdc: 
2449
electrode: 
(3107, 3533, 3506, 3329, 3445, 3191, 3258, 3338, 3345, 3402, 3149, 3556, 3530, 3353, 3447, 3169, 3497, 3464, 3216)
z_dir: 
[[-0.00449865]
 [ 0.03163614]
 [ 0.99948933]]
[rosout][INFO] 2019-10-16 18:12:51,998: 
pdc: 
2449
electrode: 
(3107, 3533, 3506, 3329, 3445, 3191, 3258, 3338, 3345, 3402, 3149, 3556, 3530, 3353, 3447, 3169, 3497, 3464, 3216)
z_dir: 
[[-0.00889903]
 [ 0.03672947]
 [ 0.99928562]]
[rosout][INFO] 2019-10-16 18:12:52,009: 
pdc: 
2449
electrode: 
(3107, 3533, 3506, 3329, 3445, 3191, 3258, 3338, 3345, 3402, 3149, 3556, 3530, 3353, 3447, 3169, 3497, 3464, 3216)
z_dir: 
[[-0.0044853 ]
 [ 0.03160634]
 [ 0.99949033]]
[rosout][INFO] 2019-10-16 18:12:52,018: 
pdc: 
2449
electrode: 
(3107, 3533, 3506, 3329, 3445, 3191, 3258, 3338, 3345, 3402, 3149, 3556, 3530, 3353, 3447, 3169, 3497, 3464, 3216)
z_dir: 
[[-0.00900203]
 [ 0.03650882]
 [ 0.99929278]]
[rosout][INFO] 2019-10-16 18:12:52,029: 
pdc: 
2449
electrode: 
(3107, 3533, 3506, 3329, 3445, 3191, 3258, 3338, 3345, 3402, 3149, 3556, 3530, 3353, 3447, 3169, 3497, 3464, 3216)
z_dir: 
[[-0.00453533]
 [ 0.03162313]
 [ 0.99948957]]
[rosout][INFO] 2019-10-16 18:12:52,038: 
pdc: 
2449
electrode: 
(3107, 3533, 3506, 3329, 3445, 3191, 3258, 3338, 3345, 3402, 3149, 3556, 3530, 3353, 3447, 3169, 3497, 3464, 3216)
z_dir: 
[[-0.00442488]
 [ 0.03161159]
 [ 0.99949043]]
[rosout][INFO] 2019-10-16 18:12:52,048: 
pdc: 
2449
electrode: 
(3107, 3533, 3506, 3329, 3445, 3191, 3258, 3338, 3345, 3402, 3149, 3556, 3530, 3353, 3447, 3169, 3497, 3464, 3216)
z_dir: 
[[-0.00887028]
 [ 0.03668093]
 [ 0.99928766]]
[rosout][INFO] 2019-10-16 18:12:52,059: 
pdc: 
2449
electrode: 
(3107, 3533, 3506, 3329, 3445, 3191, 3258, 3338, 3345, 3402, 3149, 3556, 3530, 3353, 3447, 3169, 3497, 3464, 3216)
z_dir: 
[[-0.00479359]
 [ 0.03221099]
 [ 0.9994696 ]]
[rosout][INFO] 2019-10-16 18:12:52,068: 
pdc: 
2449
electrode: 
(3107, 3533, 3506, 3329, 3445, 3191, 3258, 3338, 3345, 3402, 3149, 3556, 3530, 3353, 3447, 3169, 3497, 3464, 3216)
z_dir: 
[[-0.00891335]
 [ 0.03669205]
 [ 0.99928687]]
[rosout][INFO] 2019-10-16 18:12:52,079: 
pdc: 
2449
electrode: 
(3107, 3533, 3506, 3329, 3445, 3191, 3258, 3338, 3345, 3402, 3149, 3556, 3530, 3353, 3447, 3169, 3497, 3464, 3216)
z_dir: 
[[-0.0045247 ]
 [ 0.03155831]
 [ 0.99949167]]
[rosout][INFO] 2019-10-16 18:12:52,088: 
pdc: 
2449
electrode: 
(3107, 3533, 3506, 3329, 3445, 3191, 3258, 3338, 3345, 3402, 3149, 3556, 3530, 3353, 3447, 3169, 3497, 3464, 3216)
z_dir: 
[[-0.00446533]
 [ 0.03158933]
 [ 0.99949096]]
[rosout][INFO] 2019-10-16 18:12:52,098: 
pdc: 
2449
electrode: 
(3107, 3533, 3506, 3329, 3445, 3191, 3258, 3338, 3345, 3402, 3149, 3556, 3530, 3353, 3447, 3169, 3497, 3464, 3216)
z_dir: 
[[-0.00888671]
 [ 0.03670827]
 [ 0.99928651]]
[rosout][INFO] 2019-10-16 18:12:52,108: 
pdc: 
2449
electrode: 
(3107, 3533, 3506, 3329, 3445, 3191, 3258, 3338, 3345, 3402, 3149, 3556, 3530, 3353, 3447, 3169, 3497, 3464, 3216)
z_dir: 
[[-0.00452834]
 [ 0.03155591]
 [ 0.99949173]]
[rosout][INFO] 2019-10-16 18:12:52,118: 
pdc: 
2449
electrode: 
(3107, 3533, 3506, 3329, 3445, 3191, 3258, 3338, 3345, 3402, 3149, 3556, 3530, 3353, 3447, 3169, 3497, 3464, 3216)
z_dir: 
[[-0.00892234]
 [ 0.03667499]
 [ 0.99928741]]
[rosout][INFO] 2019-10-16 18:12:52,129: 
pdc: 
2449
electrode: 
(3107, 3533, 3506, 3329, 3445, 3191, 3258, 3338, 3345, 3402, 3149, 3556, 3530, 3353, 3447, 3169, 3497, 3464, 3216)
z_dir: 
[[-0.00457547]
 [ 0.03157832]
 [ 0.99949081]]
[rosout][INFO] 2019-10-16 18:12:52,138: 
pdc: 
2449
electrode: 
(3107, 3533, 3506, 3329, 3445, 3191, 3258, 3338, 3345, 3402, 3149, 3556, 3530, 3353, 3447, 3169, 3497, 3464, 3216)
z_dir: 
[[-0.0045445 ]
 [ 0.03162292]
 [ 0.99948954]]
[rosout][INFO] 2019-10-16 18:12:52,148: 
pdc: 
2449
electrode: 
(3107, 3533, 3506, 3329, 3445, 3191, 3258, 3338, 3345, 3402, 3149, 3556, 3530, 3353, 3447, 3169, 3497, 3464, 3216)
z_dir: 
[[-0.00901225]
 [ 0.03678712]
 [ 0.99928249]]
[rosout][INFO] 2019-10-16 18:12:52,159: 
pdc: 
2449
electrode: 
(3107, 3533, 3506, 3329, 3445, 3191, 3258, 3338, 3345, 3402, 3149, 3556, 3530, 3353, 3447, 3169, 3497, 3464, 3216)
z_dir: 
[[-0.00461007]
 [ 0.0314968 ]
 [ 0.99949322]]
[rosout][INFO] 2019-10-16 18:12:52,168: 
pdc: 
2449
electrode: 
(3107, 3533, 3506, 3329, 3445, 3191, 3258, 3338, 3345, 3402, 3149, 3556, 3530, 3353, 3447, 3169, 3497, 3464, 3216)
z_dir: 
[[-0.00891521]
 [ 0.03673072]
 [ 0.99928543]]
[rosout][INFO] 2019-10-16 18:12:52,179: 
pdc: 
2449
electrode: 
(3107, 3533, 3506, 3329, 3445, 3191, 3258, 3338, 3345, 3402, 3149, 3556, 3530, 3353, 3447, 3169, 3497, 3464, 3216)
z_dir: 
[[-0.00536443]
 [ 0.03042223]
 [ 0.99952274]]
[rosout][INFO] 2019-10-16 18:12:52,189: 
pdc: 
2449
electrode: 
(3107, 3533, 3506, 3329, 3445, 3191, 3258, 3338, 3345, 3402, 3149, 3556, 3530, 3353, 3447, 3169, 3497, 3464, 3216)
z_dir: 
[[-0.00450977]
 [ 0.03163534]
 [ 0.9994893 ]]
[rosout][INFO] 2019-10-16 18:12:52,198: 
pdc: 
2449
electrode: 
(3107, 3533, 3506, 3329, 3445, 3191, 3258, 3338, 3345, 3402, 3149, 3556, 3530, 3353, 3447, 3169, 3497, 3464, 3216)
z_dir: 
[[-0.0089578 ]
 [ 0.03677346]
 [ 0.99928348]]
[rosout][INFO] 2019-10-16 18:12:52,209: 
pdc: 
2449
electrode: 
(3107, 3533, 3506, 3329, 3445, 3191, 3258, 3338, 3345, 3402, 3149, 3556, 3530, 3353, 3447, 3169, 3497, 3464, 3216)
z_dir: 
[[-0.00450062]
 [ 0.03159912]
 [ 0.99949049]]
[rosout][INFO] 2019-10-16 18:12:52,218: 
pdc: 
2449
electrode: 
(3107, 3533, 3506, 3329, 3445, 3191, 3258, 3338, 3345, 3402, 3149, 3556, 3530, 3353, 3447, 3169, 3497, 3464, 3216)
z_dir: 
[[-0.00902109]
 [ 0.03661371]
 [ 0.99928878]]
[rosout][INFO] 2019-10-16 18:12:52,228: 
pdc: 
2449
electrode: 
(3107, 3533, 3506, 3329, 3445, 3191, 3258, 3338, 3345, 3402, 3149, 3556, 3530, 3353, 3447, 3169, 3497, 3464, 3216)
z_dir: 
[[-0.00481152]
 [ 0.03224265]
 [ 0.99946849]]
[rosout][INFO] 2019-10-16 18:12:52,239: 
pdc: 
2449
electrode: 
(3107, 3533, 3506, 3329, 3445, 3191, 3258, 3338, 3345, 3402, 3149, 3556, 3530, 3353, 3447, 3169, 3497, 3464, 3216)
z_dir: 
[[-0.00452618]
 [ 0.03153679]
 [ 0.99949234]]
[rosout][INFO] 2019-10-16 18:12:52,248: 
pdc: 
2449
electrode: 
(3107, 3533, 3506, 3329, 3445, 3191, 3258, 3338, 3345, 3402, 3149, 3556, 3530, 3353, 3447, 3169, 3497, 3464, 3216)
z_dir: 
[[-0.00900164]
 [ 0.03674172]
 [ 0.99928425]]
[rosout][INFO] 2019-10-16 18:12:52,259: 
pdc: 
2449
electrode: 
(3107, 3533, 3506, 3329, 3445, 3191, 3258, 3338, 3345, 3402, 3149, 3556, 3530, 3353, 3447, 3169, 3497, 3464, 3216)
z_dir: 
[[-0.0044595 ]
 [ 0.03155153]
 [ 0.99949218]]
[rosout][INFO] 2019-10-16 18:12:52,268: 
pdc: 
2449
electrode: 
(3107, 3533, 3506, 3329, 3445, 3191, 3258, 3338, 3345, 3402, 3149, 3556, 3530, 3353, 3447, 3169, 3497, 3464, 3216)
z_dir: 
[[-0.00892276]
 [ 0.03665541]
 [ 0.99928813]]
[rosout][INFO] 2019-10-16 18:12:52,278: 
pdc: 
2449
electrode: 
(3107, 3533, 3506, 3329, 3445, 3191, 3258, 3338, 3345, 3402, 3149, 3556, 3530, 3353, 3447, 3169, 3497, 3464, 3216)
z_dir: 
[[-0.00466596]
 [ 0.03159352]
 [ 0.99948991]]
[rosout][INFO] 2019-10-16 18:12:52,289: 
pdc: 
2449
electrode: 
(3107, 3533, 3506, 3329, 3445, 3191, 3258, 3338, 3345, 3402, 3149, 3556, 3530, 3353, 3447, 3169, 3497, 3464, 3216)
z_dir: 
[[-0.00454857]
 [ 0.03160832]
 [ 0.99948998]]
[rosout][INFO] 2019-10-16 18:12:52,298: 
pdc: 
2449
electrode: 
(3107, 3533, 3506, 3329, 3445, 3191, 3258, 3338, 3345, 3402, 3149, 3556, 3530, 3353, 3447, 3169, 3497, 3464, 3216)
z_dir: 
[[-0.0090349 ]
 [ 0.03677266]
 [ 0.99928281]]
[rosout][INFO] 2019-10-16 18:12:52,308: 
pdc: 
2449
electrode: 
(3107, 3533, 3506, 3329, 3445, 3191, 3258, 3338, 3345, 3402, 3149, 3556, 3530, 3353, 3447, 3169, 3497, 3464, 3216)
z_dir: 
[[-0.00445337]
 [ 0.0315921 ]
 [ 0.99949092]]
[rosout][INFO] 2019-10-16 18:12:52,318: 
pdc: 
2449
electrode: 
(3107, 3533, 3506, 3329, 3445, 3191, 3258, 3338, 3345, 3402, 3149, 3556, 3530, 3353, 3447, 3169, 3497, 3464, 3216)
z_dir: 
[[-0.00894956]
 [ 0.0366985 ]
 [ 0.99928631]]
[rosout][INFO] 2019-10-16 18:12:52,328: 
pdc: 
2449
electrode: 
(3107, 3533, 3506, 3329, 3445, 3191, 3258, 3338, 3345, 3402, 3149, 3556, 3530, 3353, 3447, 3169, 3497, 3464, 3216)
z_dir: 
[[-0.00450517]
 [ 0.03162731]
 [ 0.99948958]]
[rosout][INFO] 2019-10-16 18:12:52,339: 
pdc: 
2449
electrode: 
(3107, 3533, 3506, 3329, 3445, 3191, 3258, 3338, 3345, 3402, 3149, 3556, 3530, 3353, 3447, 3169, 3497, 3464, 3216)
z_dir: 
[[-0.0045518 ]
 [ 0.0315894 ]
 [ 0.99949057]]
[rosout][INFO] 2019-10-16 18:12:52,348: 
pdc: 
2449
electrode: 
(3107, 3533, 3506, 3329, 3445, 3191, 3258, 3338, 3345, 3402, 3149, 3556, 3530, 3353, 3447, 3169, 3497, 3464, 3216)
z_dir: 
[[-0.0090112 ]
 [ 0.03669101]
 [ 0.99928603]]
[rosout][INFO] 2019-10-16 18:12:52,358: 
pdc: 
2449
electrode: 
(3107, 3533, 3506, 3329, 3445, 3191, 3258, 3338, 3345, 3402, 3149, 3556, 3530, 3353, 3447, 3169, 3497, 3464, 3216)
z_dir: 
[[-0.00453838]
 [ 0.03160225]
 [ 0.99949022]]
[rosout][INFO] 2019-10-16 18:12:52,369: 
pdc: 
2449
electrode: 
(3107, 3533, 3506, 3329, 3445, 3191, 3258, 3338, 3345, 3402, 3149, 3556, 3530, 3353, 3447, 3169, 3497, 3464, 3216)
z_dir: 
[[-0.00892932]
 [ 0.03668156]
 [ 0.99928711]]
[rosout][INFO] 2019-10-16 18:12:52,379: 
pdc: 
2449
electrode: 
(3107, 3533, 3506, 3329, 3445, 3191, 3258, 3338, 3345, 3402, 3149, 3556, 3530, 3353, 3447, 3169, 3497, 3464, 3216)
z_dir: 
[[-0.00456183]
 [ 0.0316305 ]
 [ 0.99948922]]
[rosout][INFO] 2019-10-16 18:12:52,389: 
pdc: 
2449
electrode: 
(3107, 3533, 3506, 3329, 3445, 3191, 3258, 3338, 3345, 3402, 3149, 3556, 3530, 3353, 3447, 3169, 3497, 3464, 3216)
z_dir: 
[[-0.00460512]
 [ 0.03144576]
 [ 0.99949485]]
[rosout][INFO] 2019-10-16 18:12:52,399: 
pdc: 
2449
electrode: 
(3107, 3533, 3506, 3329, 3445, 3191, 3258, 3338, 3345, 3402, 3149, 3556, 3530, 3353, 3447, 3169, 3497, 3464, 3216)
z_dir: 
[[-0.0090418 ]
 [ 0.03671543]
 [ 0.99928486]]
[rosout][INFO] 2019-10-16 18:12:52,409: 
pdc: 
2449
electrode: 
(3107, 3533, 3506, 3329, 3445, 3191, 3258, 3338, 3345, 3402, 3149, 3556, 3530, 3353, 3447, 3169, 3497, 3464, 3216)
z_dir: 
[[-0.00451379]
 [ 0.03164717]
 [ 0.99948891]]
[rosout][INFO] 2019-10-16 18:12:52,419: 
pdc: 
2449
electrode: 
(3107, 3533, 3506, 3329, 3445, 3191, 3258, 3338, 3345, 3402, 3149, 3556, 3530, 3353, 3447, 3169, 3497, 3464, 3216)
z_dir: 
[[-0.00893036]
 [ 0.03675124]
 [ 0.99928454]]
[rosout][INFO] 2019-10-16 18:12:52,429: 
pdc: 
2449
electrode: 
(3107, 3533, 3506, 3329, 3445, 3191, 3258, 3338, 3345, 3402, 3149, 3556, 3530, 3353, 3447, 3169, 3497, 3464, 3216)
z_dir: 
[[-0.00458033]
 [ 0.03147148]
 [ 0.99949416]]
[rosout][INFO] 2019-10-16 18:12:52,438: 
pdc: 
2449
electrode: 
(3107, 3533, 3506, 3329, 3445, 3191, 3258, 3338, 3345, 3402, 3149, 3556, 3530, 3353, 3447, 3169, 3497, 3464, 3216)
z_dir: 
[[-0.00457655]
 [ 0.03148452]
 [ 0.99949376]]
[rosout][INFO] 2019-10-16 18:12:52,449: 
pdc: 
2449
electrode: 
(3107, 3533, 3506, 3329, 3445, 3191, 3258, 3338, 3345, 3402, 3149, 3556, 3530, 3353, 3447, 3169, 3497, 3464, 3216)
z_dir: 
[[-0.00892381]
 [ 0.03673335]
 [ 0.99928526]]
[rosout][INFO] 2019-10-16 18:12:52,458: 
pdc: 
2449
electrode: 
(3107, 3533, 3506, 3329, 3445, 3191, 3258, 3338, 3345, 3402, 3149, 3556, 3530, 3353, 3447, 3169, 3497, 3464, 3216)
z_dir: 
[[-0.00453547]
 [ 0.0315734 ]
 [ 0.99949115]]
[rosout][INFO] 2019-10-16 18:12:52,469: 
pdc: 
2449
electrode: 
(3107, 3533, 3506, 3329, 3445, 3191, 3258, 3338, 3345, 3402, 3149, 3556, 3530, 3353, 3447, 3169, 3497, 3464, 3216)
z_dir: 
[[-0.0089397 ]
 [ 0.0367022 ]
 [ 0.99928626]]
[rosout][INFO] 2019-10-16 18:12:52,480: 
pdc: 
2449
electrode: 
(3107, 3533, 3506, 3329, 3445, 3191, 3258, 3338, 3345, 3402, 3149, 3556, 3530, 3353, 3447, 3169, 3497, 3464, 3216)
z_dir: 
[[-0.00455756]
 [ 0.03159606]
 [ 0.99949033]]
[rosout][INFO] 2019-10-16 18:12:52,489: 
pdc: 
2449
electrode: 
(3107, 3533, 3506, 3329, 3445, 3191, 3258, 3338, 3345, 3402, 3149, 3556, 3530, 3353, 3447, 3169, 3497, 3464, 3216)
z_dir: 
[[-0.00458719]
 [ 0.03164663]
 [ 0.99948859]]
[rosout][INFO] 2019-10-16 18:12:52,500: 
pdc: 
2449
electrode: 
(3107, 3533, 3506, 3329, 3445, 3191, 3258, 3338, 3345, 3402, 3149, 3556, 3530, 3353, 3447, 3169, 3497, 3464, 3216)
z_dir: 
[[-0.00886453]
 [ 0.03672262]
 [ 0.99928618]]
[rosout][INFO] 2019-10-16 18:12:52,509: 
pdc: 
2449
electrode: 
(3107, 3533, 3506, 3329, 3445, 3191, 3258, 3338, 3345, 3402, 3149, 3556, 3530, 3353, 3447, 3169, 3497, 3464, 3216)
z_dir: 
[[-0.00445096]
 [ 0.03164529]
 [ 0.99948925]]
[rosout][INFO] 2019-10-16 18:12:52,519: 
pdc: 
2449
electrode: 
(3107, 3533, 3506, 3329, 3445, 3191, 3258, 3338, 3345, 3402, 3149, 3556, 3530, 3353, 3447, 3169, 3497, 3464, 3216)
z_dir: 
[[-0.00896206]
 [ 0.03681337]
 [ 0.99928197]]
[rosout][INFO] 2019-10-16 18:12:52,529: 
pdc: 
2449
electrode: 
(3107, 3533, 3506, 3329, 3445, 3191, 3258, 3338, 3345, 3402, 3149, 3556, 3530, 3353, 3447, 3169, 3497, 3464, 3216)
z_dir: 
[[-0.00448678]
 [ 0.03163255]
 [ 0.99948949]]
[rosout][INFO] 2019-10-16 18:12:52,539: 
pdc: 
2449
electrode: 
(3107, 3533, 3506, 3329, 3445, 3191, 3258, 3338, 3345, 3402, 3149, 3556, 3530, 3353, 3447, 3169, 3497, 3464, 3216)
z_dir: 
[[-0.00455641]
 [ 0.03162938]
 [ 0.99948928]]
[rosout][INFO] 2019-10-16 18:12:52,548: 
pdc: 
2449
electrode: 
(3107, 3533, 3506, 3329, 3445, 3191, 3258, 3338, 3345, 3402, 3149, 3556, 3530, 3353, 3447, 3169, 3497, 3464, 3216)
z_dir: 
[[-0.00886412]
 [ 0.03672014]
 [ 0.99928627]]
[rosout][INFO] 2019-10-16 18:12:52,558: 
pdc: 
2449
electrode: 
(3107, 3533, 3506, 3329, 3445, 3191, 3258, 3338, 3345, 3402, 3149, 3556, 3530, 3353, 3447, 3169, 3497, 3464, 3216)
z_dir: 
[[-0.00455244]
 [ 0.0315877 ]
 [ 0.99949062]]
[rosout][INFO] 2019-10-16 18:12:52,569: 
pdc: 
2449
electrode: 
(3107, 3533, 3506, 3329, 3445, 3191, 3258, 3338, 3345, 3402, 3149, 3556, 3530, 3353, 3447, 3169, 3497, 3464, 3216)
z_dir: 
[[-0.00884092]
 [ 0.03673837]
 [ 0.99928581]]
[rosout][INFO] 2019-10-16 18:12:52,578: 
pdc: 
2449
electrode: 
(3107, 3533, 3506, 3329, 3445, 3191, 3258, 3338, 3345, 3402, 3149, 3556, 3530, 3353, 3447, 3169, 3497, 3464, 3216)
z_dir: 
[[-0.0044898 ]
 [ 0.03163077]
 [ 0.99948954]]
[rosout][INFO] 2019-10-16 18:12:52,588: 
pdc: 
2449
electrode: 
(3107, 3533, 3506, 3329, 3445, 3191, 3258, 3338, 3345, 3402, 3149, 3556, 3530, 3353, 3447, 3169, 3497, 3464, 3216)
z_dir: 
[[-0.00459848]
 [ 0.03165535]
 [ 0.99948827]]
[rosout][INFO] 2019-10-16 18:12:52,599: 
pdc: 
2449
electrode: 
(3107, 3533, 3506, 3329, 3445, 3191, 3258, 3338, 3345, 3402, 3149, 3556, 3530, 3353, 3447, 3169, 3497, 3464, 3216)
z_dir: 
[[-0.00890553]
 [ 0.03670902]
 [ 0.99928632]]
[rosout][INFO] 2019-10-16 18:12:52,608: 
pdc: 
2449
electrode: 
(3107, 3533, 3506, 3329, 3445, 3191, 3258, 3338, 3345, 3402, 3149, 3556, 3530, 3353, 3447, 3169, 3497, 3464, 3216)
z_dir: 
[[-0.00454894]
 [ 0.03153348]
 [ 0.99949234]]
[rosout][INFO] 2019-10-16 18:12:52,619: 
pdc: 
2449
electrode: 
(3107, 3533, 3506, 3329, 3445, 3191, 3258, 3338, 3345, 3402, 3149, 3556, 3530, 3353, 3447, 3169, 3497, 3464, 3216)
z_dir: 
[[-0.00888269]
 [ 0.03674914]
 [ 0.99928504]]
[rosout][INFO] 2019-10-16 18:12:52,628: 
pdc: 
2449
electrode: 
(3107, 3533, 3506, 3329, 3445, 3191, 3258, 3338, 3345, 3402, 3149, 3556, 3530, 3353, 3447, 3169, 3497, 3464, 3216)
z_dir: 
[[-0.00453768]
 [ 0.0315919 ]
 [ 0.99949055]]
[rosout][INFO] 2019-10-16 18:12:52,638: 
pdc: 
2449
electrode: 
(3107, 3533, 3506, 3329, 3445, 3191, 3258, 3338, 3345, 3402, 3149, 3556, 3530, 3353, 3447, 3169, 3497, 3464, 3216)
z_dir: 
[[-0.00454829]
 [ 0.03157239]
 [ 0.99949112]]
[rosout][INFO] 2019-10-16 18:12:52,649: 
pdc: 
2449
electrode: 
(3107, 3533, 3506, 3329, 3445, 3191, 3258, 3338, 3345, 3402, 3149, 3556, 3530, 3353, 3447, 3169, 3497, 3464, 3216)
z_dir: 
[[-0.00907124]
 [ 0.03657132]
 [ 0.99928987]]
[rosout][INFO] 2019-10-16 18:12:52,658: 
pdc: 
2449
electrode: 
(3107, 3533, 3506, 3329, 3445, 3191, 3258, 3338, 3345, 3402, 3149, 3556, 3530, 3353, 3447, 3169, 3497, 3464, 3216)
z_dir: 
[[-0.00451391]
 [ 0.0316223 ]
 [ 0.9994897 ]]
[rosout][INFO] 2019-10-16 18:12:52,668: 
pdc: 
2449
electrode: 
(3107, 3533, 3506, 3329, 3445, 3191, 3258, 3338, 3345, 3402, 3149, 3556, 3530, 3353, 3447, 3169, 3497, 3464, 3216)
z_dir: 
[[-0.00888143]
 [ 0.03676237]
 [ 0.99928457]]
[rosout][INFO] 2019-10-16 18:12:52,679: 
pdc: 
2449
electrode: 
(3107, 3533, 3506, 3329, 3445, 3191, 3258, 3338, 3345, 3402, 3149, 3556, 3530, 3353, 3447, 3169, 3497, 3464, 3216)
z_dir: 
[[-0.00451119]
 [ 0.03163853]
 [ 0.9994892 ]]
[rosout][INFO] 2019-10-16 18:12:52,688: 
pdc: 
2449
electrode: 
(3107, 3533, 3506, 3329, 3445, 3191, 3258, 3338, 3345, 3402, 3149, 3556, 3530, 3353, 3447, 3169, 3497, 3464, 3216)
z_dir: 
[[-0.00452448]
 [ 0.03155162]
 [ 0.99949188]]
[rosout][INFO] 2019-10-16 18:12:52,698: 
pdc: 
2449
electrode: 
(3107, 3533, 3506, 3329, 3445, 3191, 3258, 3338, 3345, 3402, 3149, 3556, 3530, 3353, 3447, 3169, 3497, 3464, 3216)
z_dir: 
[[-0.00893928]
 [ 0.03661385]
 [ 0.99928951]]
[rosout][INFO] 2019-10-16 18:12:52,708: 
pdc: 
2449
electrode: 
(3107, 3533, 3506, 3329, 3445, 3191, 3258, 3338, 3345, 3402, 3149, 3556, 3530, 3353, 3447, 3169, 3497, 3464, 3216)
z_dir: 
[[-0.00442405]
 [ 0.03156337]
 [ 0.99949196]]
[rosout][INFO] 2019-10-16 18:12:52,719: 
pdc: 
2449
electrode: 
(3107, 3533, 3506, 3329, 3445, 3191, 3258, 3338, 3345, 3402, 3149, 3556, 3530, 3353, 3447, 3169, 3497, 3464, 3216)
z_dir: 
[[-0.00894652]
 [ 0.03675319]
 [ 0.99928433]]
[rosout][INFO] 2019-10-16 18:12:52,728: 
pdc: 
2449
electrode: 
(3107, 3533, 3506, 3329, 3445, 3191, 3258, 3338, 3345, 3402, 3149, 3556, 3530, 3353, 3447, 3169, 3497, 3464, 3216)
z_dir: 
[[-0.00477682]
 [ 0.03229165]
 [ 0.99946707]]
[rosout][INFO] 2019-10-16 18:12:52,738: 
pdc: 
2449
electrode: 
(3107, 3533, 3506, 3329, 3445, 3191, 3258, 3338, 3345, 3402, 3149, 3556, 3530, 3353, 3447, 3169, 3497, 3464, 3216)
z_dir: 
[[-0.00450072]
 [ 0.03159335]
 [ 0.99949067]]
[rosout][INFO] 2019-10-16 18:12:52,749: 
pdc: 
2449
electrode: 
(3107, 3533, 3506, 3329, 3445, 3191, 3258, 3338, 3345, 3402, 3149, 3556, 3530, 3353, 3447, 3169, 3497, 3464, 3216)
z_dir: 
[[-0.0089502 ]
 [ 0.03670695]
 [ 0.99928599]]
[rosout][INFO] 2019-10-16 18:12:52,758: 
pdc: 
2449
electrode: 
(3107, 3533, 3506, 3329, 3445, 3191, 3258, 3338, 3345, 3402, 3149, 3556, 3530, 3353, 3447, 3169, 3497, 3464, 3216)
z_dir: 
[[-0.00452455]
 [ 0.03153451]
 [ 0.99949242]]
[rosout][INFO] 2019-10-16 18:12:52,768: 
pdc: 
2449
electrode: 
(3107, 3533, 3506, 3329, 3445, 3191, 3258, 3338, 3345, 3402, 3149, 3556, 3530, 3353, 3447, 3169, 3497, 3464, 3216)
z_dir: 
[[-0.00894777]
 [ 0.03676539]
 [ 0.99928387]]
[rosout][INFO] 2019-10-16 18:12:52,779: 
pdc: 
2449
electrode: 
(3107, 3533, 3506, 3329, 3445, 3191, 3258, 3338, 3345, 3402, 3149, 3556, 3530, 3353, 3447, 3169, 3497, 3464, 3216)
z_dir: 
[[-0.00451859]
 [ 0.03164884]
 [ 0.99948884]]
[rosout][INFO] 2019-10-16 18:12:52,788: 
pdc: 
2449
electrode: 
(3107, 3533, 3506, 3329, 3445, 3191, 3258, 3338, 3345, 3402, 3149, 3556, 3530, 3353, 3447, 3169, 3497, 3464, 3216)
z_dir: 
[[-0.00461562]
 [ 0.03153608]
 [ 0.99949196]]
[rosout][INFO] 2019-10-16 18:12:52,798: 
pdc: 
2449
electrode: 
(3107, 3533, 3506, 3329, 3445, 3191, 3258, 3338, 3345, 3402, 3149, 3556, 3530, 3353, 3447, 3169, 3497, 3464, 3216)
z_dir: 
[[-0.00900052]
 [ 0.03673714]
 [ 0.99928443]]
[rosout][INFO] 2019-10-16 18:12:52,809: 
pdc: 
2449
electrode: 
(3107, 3533, 3506, 3329, 3445, 3191, 3258, 3338, 3345, 3402, 3149, 3556, 3530, 3353, 3447, 3169, 3497, 3464, 3216)
z_dir: 
[[-0.00458672]
 [ 0.03165661]
 [ 0.99948828]]
[rosout][INFO] 2019-10-16 18:12:52,818: 
pdc: 
2449
electrode: 
(3107, 3533, 3506, 3329, 3445, 3191, 3258, 3338, 3345, 3402, 3149, 3556, 3530, 3353, 3447, 3169, 3497, 3464, 3216)
z_dir: 
[[-0.00893605]
 [ 0.03674261]
 [ 0.99928481]]
[rosout][INFO] 2019-10-16 18:12:52,829: 
pdc: 
2449
electrode: 
(3107, 3533, 3506, 3329, 3445, 3191, 3258, 3338, 3345, 3402, 3149, 3556, 3530, 3353, 3447, 3169, 3497, 3464, 3216)
z_dir: 
[[-0.00444751]
 [ 0.03159642]
 [ 0.99949081]]
[rosout][INFO] 2019-10-16 18:12:52,838: 
pdc: 
2449
electrode: 
(3107, 3533, 3506, 3329, 3445, 3191, 3258, 3338, 3345, 3402, 3149, 3556, 3530, 3353, 3447, 3169, 3497, 3464, 3216)
z_dir: 
[[-0.00446429]
 [ 0.03163945]
 [ 0.99948938]]
[rosout][INFO] 2019-10-16 18:12:52,849: 
pdc: 
2449
electrode: 
(3107, 3533, 3506, 3329, 3445, 3191, 3258, 3338, 3345, 3402, 3149, 3556, 3530, 3353, 3447, 3169, 3497, 3464, 3216)
z_dir: 
[[-0.00901488]
 [ 0.03678336]
 [ 0.9992826 ]]
[rosout][INFO] 2019-10-16 18:12:52,858: 
pdc: 
2449
electrode: 
(3107, 3533, 3506, 3329, 3445, 3191, 3258, 3338, 3345, 3402, 3149, 3556, 3530, 3353, 3447, 3169, 3497, 3464, 3216)
z_dir: 
[[-0.00451924]
 [ 0.03164442]
 [ 0.99948897]]
[rosout][INFO] 2019-10-16 18:12:52,868: 
pdc: 
2449
electrode: 
(3107, 3533, 3506, 3329, 3445, 3191, 3258, 3338, 3345, 3402, 3149, 3556, 3530, 3353, 3447, 3169, 3497, 3464, 3216)
z_dir: 
[[-0.00889883]
 [ 0.03678191]
 [ 0.99928369]]
[rosout][INFO] 2019-10-16 18:12:52,879: 
pdc: 
2449
electrode: 
(3107, 3533, 3506, 3329, 3445, 3191, 3258, 3338, 3345, 3402, 3149, 3556, 3530, 3353, 3447, 3169, 3497, 3464, 3216)
z_dir: 
[[-0.00448152]
 [ 0.03163646]
 [ 0.99948939]]
[rosout][INFO] 2019-10-16 18:12:52,888: 
pdc: 
2449
electrode: 
(3107, 3533, 3506, 3329, 3445, 3191, 3258, 3338, 3345, 3402, 3149, 3556, 3530, 3353, 3447, 3169, 3497, 3464, 3216)
z_dir: 
[[-0.00449193]
 [ 0.03173103]
 [ 0.99948635]]
[rosout][INFO] 2019-10-16 18:12:52,899: 
pdc: 
2449
electrode: 
(3107, 3533, 3506, 3329, 3445, 3191, 3258, 3338, 3345, 3402, 3149, 3556, 3530, 3353, 3447, 3169, 3497, 3464, 3216)
z_dir: 
[[-0.00894828]
 [ 0.03673862]
 [ 0.99928485]]
[rosout][INFO] 2019-10-16 18:12:52,909: 
pdc: 
2449
electrode: 
(3107, 3533, 3506, 3329, 3445, 3191, 3258, 3338, 3345, 3402, 3149, 3556, 3530, 3353, 3447, 3169, 3497, 3464, 3216)
z_dir: 
[[-0.00455239]
 [ 0.03159737]
 [ 0.99949031]]
[rosout][INFO] 2019-10-16 18:12:52,918: 
pdc: 
2449
electrode: 
(3107, 3533, 3506, 3329, 3445, 3191, 3258, 3338, 3345, 3402, 3149, 3556, 3530, 3353, 3447, 3169, 3497, 3464, 3216)
z_dir: 
[[-0.00898802]
 [ 0.03651351]
 [ 0.99929274]]
[rosout][INFO] 2019-10-16 18:12:52,929: 
pdc: 
2449
electrode: 
(3107, 3533, 3506, 3329, 3445, 3191, 3258, 3338, 3345, 3402, 3149, 3556, 3530, 3353, 3447, 3169, 3497, 3464, 3216)
z_dir: 
[[-0.00452422]
 [ 0.03154683]
 [ 0.99949204]]
[rosout][INFO] 2019-10-16 18:12:52,938: 
pdc: 
2449
electrode: 
(3107, 3533, 3506, 3329, 3445, 3191, 3258, 3338, 3345, 3402, 3149, 3556, 3530, 3353, 3447, 3169, 3497, 3464, 3216)
z_dir: 
[[-0.00445395]
 [ 0.03157126]
 [ 0.99949158]]
[rosout][INFO] 2019-10-16 18:12:52,948: 
pdc: 
2449
electrode: 
(3107, 3533, 3506, 3329, 3445, 3191, 3258, 3338, 3345, 3402, 3149, 3556, 3530, 3353, 3447, 3169, 3497, 3464, 3216)
z_dir: 
[[-0.00887307]
 [ 0.03672011]
 [ 0.9992862 ]]
[rosout][INFO] 2019-10-16 18:12:52,959: 
pdc: 
2449
electrode: 
(3107, 3533, 3506, 3329, 3445, 3191, 3258, 3338, 3345, 3402, 3149, 3556, 3530, 3353, 3447, 3169, 3497, 3464, 3216)
z_dir: 
[[-0.00452155]
 [ 0.03159675]
 [ 0.99949047]]
[rosout][INFO] 2019-10-16 18:12:52,968: 
pdc: 
2449
electrode: 
(3107, 3533, 3506, 3329, 3445, 3191, 3258, 3338, 3345, 3402, 3149, 3556, 3530, 3353, 3447, 3169, 3497, 3464, 3216)
z_dir: 
[[-0.0089728 ]
 [ 0.03664749]
 [ 0.99928797]]
[rosout][INFO] 2019-10-16 18:12:52,979: 
pdc: 
2449
electrode: 
(3107, 3533, 3506, 3329, 3445, 3191, 3258, 3338, 3345, 3402, 3149, 3556, 3530, 3353, 3447, 3169, 3497, 3464, 3216)
z_dir: 
[[-0.00445088]
 [ 0.03156817]
 [ 0.99949169]]
[rosout][INFO] 2019-10-16 18:12:52,989: 
pdc: 
2449
electrode: 
(3107, 3533, 3506, 3329, 3445, 3191, 3258, 3338, 3345, 3402, 3149, 3556, 3530, 3353, 3447, 3169, 3497, 3464, 3216)
z_dir: 
[[-0.00453539]
 [ 0.03155701]
 [ 0.99949166]]
[rosout][INFO] 2019-10-16 18:12:52,998: 
pdc: 
2449
electrode: 
(3107, 3533, 3506, 3329, 3445, 3191, 3258, 3338, 3345, 3402, 3149, 3556, 3530, 3353, 3447, 3169, 3497, 3464, 3216)
z_dir: 
[[-0.00899497]
 [ 0.03677013]
 [ 0.99928327]]
[rosout][INFO] 2019-10-16 18:12:53,009: 
pdc: 
2449
electrode: 
(3107, 3533, 3506, 3329, 3445, 3191, 3258, 3338, 3345, 3402, 3149, 3556, 3530, 3353, 3447, 3169, 3497, 3464, 3216)
z_dir: 
[[-0.00458934]
 [ 0.03162113]
 [ 0.99948939]]
[rosout][INFO] 2019-10-16 18:12:53,020: 
pdc: 
2449
electrode: 
(3107, 3533, 3506, 3329, 3445, 3191, 3258, 3338, 3345, 3402, 3149, 3556, 3530, 3353, 3447, 3169, 3497, 3464, 3216)
z_dir: 
[[-0.00898477]
 [ 0.03683442]
 [ 0.99928099]]
[rosout][INFO] 2019-10-16 18:12:53,029: 
pdc: 
2449
electrode: 
(3107, 3533, 3506, 3329, 3445, 3191, 3258, 3338, 3345, 3402, 3149, 3556, 3530, 3353, 3447, 3169, 3497, 3464, 3216)
z_dir: 
[[-0.00466454]
 [ 0.0316169 ]
 [ 0.99948918]]
[rosout][INFO] 2019-10-16 18:12:53,039: 
pdc: 
2449
electrode: 
(3107, 3533, 3506, 3329, 3445, 3191, 3258, 3338, 3345, 3402, 3149, 3556, 3530, 3353, 3447, 3169, 3497, 3464, 3216)
z_dir: 
[[-0.00448994]
 [ 0.03162616]
 [ 0.99948968]]
[rosout][INFO] 2019-10-16 18:12:53,049: 
pdc: 
2449
electrode: 
(3107, 3533, 3506, 3329, 3445, 3191, 3258, 3338, 3345, 3402, 3149, 3556, 3530, 3353, 3447, 3169, 3497, 3464, 3216)
z_dir: 
[[-0.00906489]
 [ 0.03666656]
 [ 0.99928644]]
[rosout][INFO] 2019-10-16 18:12:53,059: 
pdc: 
2449
electrode: 
(3107, 3533, 3506, 3329, 3445, 3191, 3258, 3338, 3345, 3402, 3149, 3556, 3530, 3353, 3447, 3169, 3497, 3464, 3216)
z_dir: 
[[-0.00460558]
 [ 0.03152541]
 [ 0.99949234]]
[rosout][INFO] 2019-10-16 18:12:53,069: 
pdc: 
2449
electrode: 
(3107, 3533, 3506, 3329, 3445, 3191, 3258, 3338, 3345, 3402, 3149, 3556, 3530, 3353, 3447, 3169, 3497, 3464, 3216)
z_dir: 
[[-0.00893309]
 [ 0.036696  ]
 [ 0.99928655]]
[rosout][INFO] 2019-10-16 18:12:53,079: 
pdc: 
2449
electrode: 
(3107, 3533, 3506, 3329, 3445, 3191, 3258, 3338, 3345, 3402, 3149, 3556, 3530, 3353, 3447, 3169, 3497, 3464, 3216)
z_dir: 
[[-0.00452981]
 [ 0.03163113]
 [ 0.99948935]]
[rosout][INFO] 2019-10-16 18:12:53,089: 
pdc: 
2449
electrode: 
(3107, 3533, 3506, 3329, 3445, 3191, 3258, 3338, 3345, 3402, 3149, 3556, 3530, 3353, 3447, 3169, 3497, 3464, 3216)
z_dir: 
[[-0.00448038]
 [ 0.03166364]
 [ 0.99948854]]
[rosout][INFO] 2019-10-16 18:12:53,099: 
pdc: 
2449
electrode: 
(3107, 3533, 3506, 3329, 3445, 3191, 3258, 3338, 3345, 3402, 3149, 3556, 3530, 3353, 3447, 3169, 3497, 3464, 3216)
z_dir: 
[[-0.00887879]
 [ 0.03674275]
 [ 0.99928531]]
[rosout][INFO] 2019-10-16 18:12:53,109: 
pdc: 
2449
electrode: 
(3107, 3533, 3506, 3329, 3445, 3191, 3258, 3338, 3345, 3402, 3149, 3556, 3530, 3353, 3447, 3169, 3497, 3464, 3216)
z_dir: 
[[-0.00452236]
 [ 0.03157337]
 [ 0.99949121]]
[rosout][INFO] 2019-10-16 18:12:53,118: 
pdc: 
2449
electrode: 
(3107, 3533, 3506, 3329, 3445, 3191, 3258, 3338, 3345, 3402, 3149, 3556, 3530, 3353, 3447, 3169, 3497, 3464, 3216)
z_dir: 
[[-0.0089465 ]
 [ 0.03671959]
 [ 0.99928556]]
[rosout][INFO] 2019-10-16 18:12:53,129: 
pdc: 
2449
electrode: 
(3107, 3533, 3506, 3329, 3445, 3191, 3258, 3338, 3345, 3402, 3149, 3556, 3530, 3353, 3447, 3169, 3497, 3464, 3216)
z_dir: 
[[-0.00452379]
 [ 0.03159153]
 [ 0.99949063]]
[rosout][INFO] 2019-10-16 18:12:53,139: 
pdc: 
2449
electrode: 
(3107, 3533, 3506, 3329, 3445, 3191, 3258, 3338, 3345, 3402, 3149, 3556, 3530, 3353, 3447, 3169, 3497, 3464, 3216)
z_dir: 
[[-0.00452848]
 [ 0.03159592]
 [ 0.99949047]]
[rosout][INFO] 2019-10-16 18:12:53,149: 
pdc: 
2449
electrode: 
(3107, 3533, 3506, 3329, 3445, 3191, 3258, 3338, 3345, 3402, 3149, 3556, 3530, 3353, 3447, 3169, 3497, 3464, 3216)
z_dir: 
[[-0.00888838]
 [ 0.03669661]
 [ 0.99928692]]
[rosout][INFO] 2019-10-16 18:12:53,160: 
pdc: 
2449
electrode: 
(3107, 3533, 3506, 3329, 3445, 3191, 3258, 3338, 3345, 3402, 3149, 3556, 3530, 3353, 3447, 3169, 3497, 3464, 3216)
z_dir: 
[[-0.00457645]
 [ 0.03158176]
 [ 0.99949069]]
[rosout][INFO] 2019-10-16 18:12:53,169: 
pdc: 
2449
electrode: 
(3107, 3533, 3506, 3329, 3445, 3191, 3258, 3338, 3345, 3402, 3149, 3556, 3530, 3353, 3447, 3169, 3497, 3464, 3216)
z_dir: 
[[-0.00907591]
 [ 0.03662518]
 [ 0.99928786]]
[rosout][INFO] 2019-10-16 18:12:53,179: 
pdc: 
2449
electrode: 
(3107, 3533, 3506, 3329, 3445, 3191, 3258, 3338, 3345, 3402, 3149, 3556, 3530, 3353, 3447, 3169, 3497, 3464, 3216)
z_dir: 
[[-0.0044598 ]
 [ 0.03157393]
 [ 0.99949147]]
[rosout][INFO] 2019-10-16 18:12:53,189: 
pdc: 
2449
electrode: 
(3107, 3533, 3506, 3329, 3445, 3191, 3258, 3338, 3345, 3402, 3149, 3556, 3530, 3353, 3447, 3169, 3497, 3464, 3216)
z_dir: 
[[-0.00486298]
 [ 0.03229   ]
 [ 0.99946671]]
[rosout][INFO] 2019-10-16 18:12:53,199: 
pdc: 
2449
electrode: 
(3107, 3533, 3506, 3329, 3445, 3191, 3258, 3338, 3345, 3402, 3149, 3556, 3530, 3353, 3447, 3169, 3497, 3464, 3216)
z_dir: 
[[-0.00891641]
 [ 0.03666912]
 [ 0.99928768]]
[rosout][INFO] 2019-10-16 18:12:53,209: 
pdc: 
2449
electrode: 
(3107, 3533, 3506, 3329, 3445, 3191, 3258, 3338, 3345, 3402, 3149, 3556, 3530, 3353, 3447, 3169, 3497, 3464, 3216)
z_dir: 
[[-0.00445311]
 [ 0.03165919]
 [ 0.9994888 ]]
[rosout][INFO] 2019-10-16 18:12:53,219: 
pdc: 
2449
electrode: 
(3107, 3533, 3506, 3329, 3445, 3191, 3258, 3338, 3345, 3402, 3149, 3556, 3530, 3353, 3447, 3169, 3497, 3464, 3216)
z_dir: 
[[-0.00896566]
 [ 0.03664821]
 [ 0.99928801]]
[rosout][INFO] 2019-10-16 18:12:53,228: 
pdc: 
2449
electrode: 
(3107, 3533, 3506, 3329, 3445, 3191, 3258, 3338, 3345, 3402, 3149, 3556, 3530, 3353, 3447, 3169, 3497, 3464, 3216)
z_dir: 
[[-0.00457587]
 [ 0.03142899]
 [ 0.99949551]]
[rosout][INFO] 2019-10-16 18:12:53,238: 
pdc: 
2449
electrode: 
(3107, 3533, 3506, 3329, 3445, 3191, 3258, 3338, 3345, 3402, 3149, 3556, 3530, 3353, 3447, 3169, 3497, 3464, 3216)
z_dir: 
[[-0.00466672]
 [ 0.03158616]
 [ 0.99949014]]
[rosout][INFO] 2019-10-16 18:12:53,249: 
pdc: 
2449
electrode: 
(3107, 3533, 3506, 3329, 3445, 3191, 3258, 3338, 3345, 3402, 3149, 3556, 3530, 3353, 3447, 3169, 3497, 3464, 3216)
z_dir: 
[[-0.00895634]
 [ 0.03674655]
 [ 0.99928448]]
[rosout][INFO] 2019-10-16 18:12:53,259: 
pdc: 
2449
electrode: 
(3107, 3533, 3506, 3329, 3445, 3191, 3258, 3338, 3345, 3402, 3149, 3556, 3530, 3353, 3447, 3169, 3497, 3464, 3216)
z_dir: 
[[-0.00458702]
 [ 0.03163425]
 [ 0.99948899]]
[rosout][INFO] 2019-10-16 18:12:53,269: 
pdc: 
2449
electrode: 
(3107, 3533, 3506, 3329, 3445, 3191, 3258, 3338, 3345, 3402, 3149, 3556, 3530, 3353, 3447, 3169, 3497, 3464, 3216)
z_dir: 
[[-0.0089476 ]
 [ 0.03664643]
 [ 0.99928824]]
[rosout][INFO] 2019-10-16 18:12:53,279: 
pdc: 
2449
electrode: 
(3107, 3533, 3506, 3329, 3445, 3191, 3258, 3338, 3345, 3402, 3149, 3556, 3530, 3353, 3447, 3169, 3497, 3464, 3216)
z_dir: 
[[-0.00455661]
 [ 0.03161197]
 [ 0.99948983]]
[rosout][INFO] 2019-10-16 18:12:53,289: 
pdc: 
2449
electrode: 
(3107, 3533, 3506, 3329, 3445, 3191, 3258, 3338, 3345, 3402, 3149, 3556, 3530, 3353, 3447, 3169, 3497, 3464, 3216)
z_dir: 
[[-0.00452254]
 [ 0.03158159]
 [ 0.99949095]]
[rosout][INFO] 2019-10-16 18:12:53,299: 
pdc: 
2449
electrode: 
(3107, 3533, 3506, 3329, 3445, 3191, 3258, 3338, 3345, 3402, 3149, 3556, 3530, 3353, 3447, 3169, 3497, 3464, 3216)
z_dir: 
[[-0.00907647]
 [ 0.03660175]
 [ 0.99928871]]
[rosout][INFO] 2019-10-16 18:12:53,309: 
pdc: 
2449
electrode: 
(3107, 3533, 3506, 3329, 3445, 3191, 3258, 3338, 3345, 3402, 3149, 3556, 3530, 3353, 3447, 3169, 3497, 3464, 3216)
z_dir: 
[[-0.00458133]
 [ 0.0316047 ]
 [ 0.99948995]]
[rosout][INFO] 2019-10-16 18:12:53,319: 
pdc: 
2449
electrode: 
(3107, 3533, 3506, 3329, 3445, 3191, 3258, 3338, 3345, 3402, 3149, 3556, 3530, 3353, 3447, 3169, 3497, 3464, 3216)
z_dir: 
[[-0.00893284]
 [ 0.03673741]
 [ 0.99928503]]
[rosout][INFO] 2019-10-16 18:12:53,329: 
pdc: 
2449
electrode: 
(3107, 3533, 3506, 3329, 3445, 3191, 3258, 3338, 3345, 3402, 3149, 3556, 3530, 3353, 3447, 3169, 3497, 3464, 3216)
z_dir: 
[[-0.00458353]
 [ 0.03157924]
 [ 0.99949074]]
[rosout][INFO] 2019-10-16 18:12:53,339: 
pdc: 
2449
electrode: 
(3107, 3533, 3506, 3329, 3445, 3191, 3258, 3338, 3345, 3402, 3149, 3556, 3530, 3353, 3447, 3169, 3497, 3464, 3216)
z_dir: 
[[-0.00448353]
 [ 0.03155482]
 [ 0.99949197]]
[rosout][INFO] 2019-10-16 18:12:53,348: 
pdc: 
2449
electrode: 
(3107, 3533, 3506, 3329, 3445, 3191, 3258, 3338, 3345, 3402, 3149, 3556, 3530, 3353, 3447, 3169, 3497, 3464, 3216)
z_dir: 
[[-0.00896666]
 [ 0.03667426]
 [ 0.99928704]]
[rosout][INFO] 2019-10-16 18:12:53,359: 
pdc: 
2449
electrode: 
(3107, 3533, 3506, 3329, 3445, 3191, 3258, 3338, 3345, 3402, 3149, 3556, 3530, 3353, 3447, 3169, 3497, 3464, 3216)
z_dir: 
[[-0.00450286]
 [ 0.03161662]
 [ 0.99948993]]
[rosout][INFO] 2019-10-16 18:12:53,369: 
pdc: 
2449
electrode: 
(3107, 3533, 3506, 3329, 3445, 3191, 3258, 3338, 3345, 3402, 3149, 3556, 3530, 3353, 3447, 3169, 3497, 3464, 3216)
z_dir: 
[[-0.00894262]
 [ 0.03670108]
 [ 0.99928628]]
[rosout][INFO] 2019-10-16 18:12:53,378: 
pdc: 
2449
electrode: 
(3107, 3533, 3506, 3329, 3445, 3191, 3258, 3338, 3345, 3402, 3149, 3556, 3530, 3353, 3447, 3169, 3497, 3464, 3216)
z_dir: 
[[-0.00453478]
 [ 0.03153214]
 [ 0.99949245]]
[rosout][INFO] 2019-10-16 18:12:53,389: 
pdc: 
2449
electrode: 
(3107, 3533, 3506, 3329, 3445, 3191, 3258, 3338, 3345, 3402, 3149, 3556, 3530, 3353, 3447, 3169, 3497, 3464, 3216)
z_dir: 
[[-0.00889372]
 [ 0.03669622]
 [ 0.99928689]]
[rosout][INFO] 2019-10-16 18:12:53,399: 
pdc: 
2449
electrode: 
(3107, 3533, 3506, 3329, 3445, 3191, 3258, 3338, 3345, 3402, 3149, 3556, 3530, 3353, 3447, 3169, 3497, 3464, 3216)
z_dir: 
[[-0.00894793]
 [ 0.03681063]
 [ 0.9992822 ]]
[rosout][INFO] 2019-10-16 18:12:53,409: 
pdc: 
2449
electrode: 
(3107, 3533, 3506, 3329, 3445, 3191, 3258, 3338, 3345, 3402, 3149, 3556, 3530, 3353, 3447, 3169, 3497, 3464, 3216)
z_dir: 
[[-0.00445901]
 [ 0.03161959]
 [ 0.99949003]]
[rosout][INFO] 2019-10-16 18:12:53,419: 
pdc: 
2449
electrode: 
(3107, 3533, 3506, 3329, 3445, 3191, 3258, 3338, 3345, 3402, 3149, 3556, 3530, 3353, 3447, 3169, 3497, 3464, 3216)
z_dir: 
[[-0.00892944]
 [ 0.03672987]
 [ 0.99928534]]
[rosout][INFO] 2019-10-16 18:12:53,429: 
pdc: 
2449
electrode: 
(3107, 3533, 3506, 3329, 3445, 3191, 3258, 3338, 3345, 3402, 3149, 3556, 3530, 3353, 3447, 3169, 3497, 3464, 3216)
z_dir: 
[[-0.00454004]
 [ 0.03163462]
 [ 0.99948919]]
[rosout][INFO] 2019-10-16 18:12:53,439: 
pdc: 
2449
electrode: 
(3107, 3533, 3506, 3329, 3445, 3191, 3258, 3338, 3345, 3402, 3149, 3556, 3530, 3353, 3447, 3169, 3497, 3464, 3216)
z_dir: 
[[-0.00454007]
 [ 0.03161828]
 [ 0.99948971]]
[rosout][INFO] 2019-10-16 18:12:53,448: 
pdc: 
2449
electrode: 
(3107, 3533, 3506, 3329, 3445, 3191, 3258, 3338, 3345, 3402, 3149, 3556, 3530, 3353, 3447, 3169, 3497, 3464, 3216)
z_dir: 
[[-0.00889252]
 [ 0.03677717]
 [ 0.99928392]]
[rosout][INFO] 2019-10-16 18:12:53,459: 
pdc: 
2449
electrode: 
(3107, 3533, 3506, 3329, 3445, 3191, 3258, 3338, 3345, 3402, 3149, 3556, 3530, 3353, 3447, 3169, 3497, 3464, 3216)
z_dir: 
[[-0.00453109]
 [ 0.03162194]
 [ 0.99948963]]
[rosout][INFO] 2019-10-16 18:12:53,469: 
pdc: 
2449
electrode: 
(3107, 3533, 3506, 3329, 3445, 3191, 3258, 3338, 3345, 3402, 3149, 3556, 3530, 3353, 3447, 3169, 3497, 3464, 3216)
z_dir: 
[[-0.00891941]
 [ 0.03678044]
 [ 0.99928357]]
[rosout][INFO] 2019-10-16 18:12:53,479: 
pdc: 
2449
electrode: 
(3107, 3533, 3506, 3329, 3445, 3191, 3258, 3338, 3345, 3402, 3149, 3556, 3530, 3353, 3447, 3169, 3497, 3464, 3216)
z_dir: 
[[-0.00447817]
 [ 0.0316002 ]
 [ 0.99949056]]
[rosout][INFO] 2019-10-16 18:12:53,489: 
pdc: 
2449
electrode: 
(3107, 3533, 3506, 3329, 3445, 3191, 3258, 3338, 3345, 3402, 3149, 3556, 3530, 3353, 3447, 3169, 3497, 3464, 3216)
z_dir: 
[[-0.00457587]
 [ 0.03159753]
 [ 0.9994902 ]]
[rosout][INFO] 2019-10-16 18:12:53,499: 
pdc: 
2449
electrode: 
(3107, 3533, 3506, 3329, 3445, 3191, 3258, 3338, 3345, 3402, 3149, 3556, 3530, 3353, 3447, 3169, 3497, 3464, 3216)
z_dir: 
[[-0.00916618]
 [ 0.03661398]
 [ 0.99928744]]
[rosout][INFO] 2019-10-16 18:12:53,509: 
pdc: 
2449
electrode: 
(3107, 3533, 3506, 3329, 3445, 3191, 3258, 3338, 3345, 3402, 3149, 3556, 3530, 3353, 3447, 3169, 3497, 3464, 3216)
z_dir: 
[[-0.00458058]
 [ 0.03156306]
 [ 0.99949127]]
[rosout][INFO] 2019-10-16 18:12:53,519: 
pdc: 
2449
electrode: 
(3107, 3533, 3506, 3329, 3445, 3191, 3258, 3338, 3345, 3402, 3149, 3556, 3530, 3353, 3447, 3169, 3497, 3464, 3216)
z_dir: 
[[-0.00891047]
 [ 0.03669564]
 [ 0.99928676]]
[rosout][INFO] 2019-10-16 18:12:53,529: 
pdc: 
2449
electrode: 
(3107, 3533, 3506, 3329, 3445, 3191, 3258, 3338, 3345, 3402, 3149, 3556, 3530, 3353, 3447, 3169, 3497, 3464, 3216)
z_dir: 
[[-0.00448249]
 [ 0.03158534]
 [ 0.99949101]]
[rosout][INFO] 2019-10-16 18:12:53,539: 
pdc: 
2449
electrode: 
(3107, 3533, 3506, 3329, 3445, 3191, 3258, 3338, 3345, 3402, 3149, 3556, 3530, 3353, 3447, 3169, 3497, 3464, 3216)
z_dir: 
[[-0.00451722]
 [ 0.0314212 ]
 [ 0.99949602]]
[rosout][INFO] 2019-10-16 18:12:53,550: 
pdc: 
2449
electrode: 
(3107, 3533, 3506, 3329, 3445, 3191, 3258, 3338, 3345, 3402, 3149, 3556, 3530, 3353, 3447, 3169, 3497, 3464, 3216)
z_dir: 
[[-0.0089543 ]
 [ 0.03676894]
 [ 0.99928368]]
[rosout][INFO] 2019-10-16 18:12:53,558: 
pdc: 
2449
electrode: 
(3107, 3533, 3506, 3329, 3445, 3191, 3258, 3338, 3345, 3402, 3149, 3556, 3530, 3353, 3447, 3169, 3497, 3464, 3216)
z_dir: 
[[-0.00453356]
 [ 0.03162519]
 [ 0.99948952]]
[rosout][INFO] 2019-10-16 18:12:53,569: 
pdc: 
2449
electrode: 
(3107, 3533, 3506, 3329, 3445, 3191, 3258, 3338, 3345, 3402, 3149, 3556, 3530, 3353, 3447, 3169, 3497, 3464, 3216)
z_dir: 
[[-0.00885762]
 [ 0.03676223]
 [ 0.99928478]]
[rosout][INFO] 2019-10-16 18:12:53,579: 
pdc: 
2449
electrode: 
(3107, 3533, 3506, 3329, 3445, 3191, 3258, 3338, 3345, 3402, 3149, 3556, 3530, 3353, 3447, 3169, 3497, 3464, 3216)
z_dir: 
[[-0.00455823]
 [ 0.03169386]
 [ 0.99948723]]
[rosout][INFO] 2019-10-16 18:12:53,589: 
pdc: 
2449
electrode: 
(3107, 3533, 3506, 3329, 3445, 3191, 3258, 3338, 3345, 3402, 3149, 3556, 3530, 3353, 3447, 3169, 3497, 3464, 3216)
z_dir: 
[[-0.00456422]
 [ 0.03166815]
 [ 0.99948802]]
[rosout][INFO] 2019-10-16 18:12:53,600: 
pdc: 
2449
electrode: 
(3107, 3533, 3506, 3329, 3445, 3191, 3258, 3338, 3345, 3402, 3149, 3556, 3530, 3353, 3447, 3169, 3497, 3464, 3216)
z_dir: 
[[-0.00891617]
 [ 0.03670822]
 [ 0.99928625]]
[rosout][INFO] 2019-10-16 18:12:53,609: 
pdc: 
2449
electrode: 
(3107, 3533, 3506, 3329, 3445, 3191, 3258, 3338, 3345, 3402, 3149, 3556, 3530, 3353, 3447, 3169, 3497, 3464, 3216)
z_dir: 
[[-0.00455458]
 [ 0.03159001]
 [ 0.99949053]]
[rosout][INFO] 2019-10-16 18:12:53,619: 
pdc: 
2449
electrode: 
(3107, 3533, 3506, 3329, 3445, 3191, 3258, 3338, 3345, 3402, 3149, 3556, 3530, 3353, 3447, 3169, 3497, 3464, 3216)
z_dir: 
[[-0.00891517]
 [ 0.03671141]
 [ 0.99928614]]
[rosout][INFO] 2019-10-16 18:12:53,628: 
pdc: 
2449
electrode: 
(3107, 3533, 3506, 3329, 3445, 3191, 3258, 3338, 3345, 3402, 3149, 3556, 3530, 3353, 3447, 3169, 3497, 3464, 3216)
z_dir: 
[[-0.00466259]
 [ 0.03144267]
 [ 0.99949468]]
[rosout][INFO] 2019-10-16 18:12:53,640: 
pdc: 
2449
electrode: 
(3107, 3533, 3506, 3329, 3445, 3191, 3258, 3338, 3345, 3402, 3149, 3556, 3530, 3353, 3447, 3169, 3497, 3464, 3216)
z_dir: 
[[-0.00898724]
 [ 0.03674772]
 [ 0.99928416]]
[rosout][INFO] 2019-10-16 18:12:53,649: 
pdc: 
2449
electrode: 
(3107, 3533, 3506, 3329, 3445, 3191, 3258, 3338, 3345, 3402, 3149, 3556, 3530, 3353, 3447, 3169, 3497, 3464, 3216)
z_dir: 
[[-0.00904426]
 [ 0.03673722]
 [ 0.99928403]]
[rosout][INFO] 2019-10-16 18:12:53,659: 
pdc: 
2449
electrode: 
(3107, 3533, 3506, 3329, 3445, 3191, 3258, 3338, 3345, 3402, 3149, 3556, 3530, 3353, 3447, 3169, 3497, 3464, 3216)
z_dir: 
[[-0.00450313]
 [ 0.03141269]
 [ 0.99949636]]
[rosout][INFO] 2019-10-16 18:12:53,670: 
pdc: 
2449
electrode: 
(3107, 3533, 3506, 3329, 3445, 3191, 3258, 3338, 3345, 3402, 3149, 3556, 3530, 3353, 3447, 3169, 3497, 3464, 3216)
z_dir: 
[[-0.00891038]
 [ 0.03671773]
 [ 0.99928595]]
[rosout][INFO] 2019-10-16 18:12:53,679: 
pdc: 
2449
electrode: 
(3107, 3533, 3506, 3329, 3445, 3191, 3258, 3338, 3345, 3402, 3149, 3556, 3530, 3353, 3447, 3169, 3497, 3464, 3216)
z_dir: 
[[-0.00563724]
 [ 0.03099975]
 [ 0.9995035 ]]
[rosout][INFO] 2019-10-16 18:12:53,689: 
pdc: 
2449
electrode: 
(3107, 3533, 3506, 3329, 3445, 3191, 3258, 3338, 3345, 3402, 3149, 3556, 3530, 3353, 3447, 3169, 3497, 3464, 3216)
z_dir: 
[[-0.00448393]
 [ 0.03153276]
 [ 0.99949266]]
[rosout][INFO] 2019-10-16 18:12:53,699: 
pdc: 
2449
electrode: 
(3107, 3533, 3506, 3329, 3445, 3191, 3258, 3338, 3345, 3402, 3149, 3556, 3530, 3353, 3447, 3169, 3497, 3464, 3216)
z_dir: 
[[-0.00891201]
 [ 0.03675331]
 [ 0.99928463]]
[rosout][INFO] 2019-10-16 18:12:53,709: 
pdc: 
2449
electrode: 
(3107, 3533, 3506, 3329, 3445, 3191, 3258, 3338, 3345, 3402, 3149, 3556, 3530, 3353, 3447, 3169, 3497, 3464, 3216)
z_dir: 
[[-0.00460473]
 [ 0.03146735]
 [ 0.99949417]]
[rosout][INFO] 2019-10-16 18:12:53,719: 
pdc: 
2449
electrode: 
(3107, 3533, 3506, 3329, 3445, 3191, 3258, 3338, 3345, 3402, 3149, 3556, 3530, 3353, 3447, 3169, 3497, 3464, 3216)
z_dir: 
[[-0.00896216]
 [ 0.03677   ]
 [ 0.99928357]]
[rosout][INFO] 2019-10-16 18:12:53,729: 
pdc: 
2449
electrode: 
(3107, 3533, 3506, 3329, 3445, 3191, 3258, 3338, 3345, 3402, 3149, 3556, 3530, 3353, 3447, 3169, 3497, 3464, 3216)
z_dir: 
[[-0.00465402]
 [ 0.03171475]
 [ 0.99948613]]
[rosout][INFO] 2019-10-16 18:12:53,739: 
pdc: 
2449
electrode: 
(3107, 3533, 3506, 3329, 3445, 3191, 3258, 3338, 3345, 3402, 3149, 3556, 3530, 3353, 3447, 3169, 3497, 3464, 3216)
z_dir: 
[[-0.00453826]
 [ 0.03159444]
 [ 0.99949047]]
[rosout][INFO] 2019-10-16 18:12:53,749: 
pdc: 
2449
electrode: 
(3107, 3533, 3506, 3329, 3445, 3191, 3258, 3338, 3345, 3402, 3149, 3556, 3530, 3353, 3447, 3169, 3497, 3464, 3216)
z_dir: 
[[-0.00895167]
 [ 0.03681599]
 [ 0.99928197]]
[rosout][INFO] 2019-10-16 18:12:53,760: 
pdc: 
2449
electrode: 
(3107, 3533, 3506, 3329, 3445, 3191, 3258, 3338, 3345, 3402, 3149, 3556, 3530, 3353, 3447, 3169, 3497, 3464, 3216)
z_dir: 
[[-0.00448737]
 [ 0.03162863]
 [ 0.99948962]]
[rosout][INFO] 2019-10-16 18:12:53,769: 
pdc: 
2449
electrode: 
(3107, 3533, 3506, 3329, 3445, 3191, 3258, 3338, 3345, 3402, 3149, 3556, 3530, 3353, 3447, 3169, 3497, 3464, 3216)
z_dir: 
[[-0.00903684]
 [ 0.03662057]
 [ 0.99928838]]
[rosout][INFO] 2019-10-16 18:12:53,779: 
pdc: 
2449
electrode: 
(3107, 3533, 3506, 3329, 3445, 3191, 3258, 3338, 3345, 3402, 3149, 3556, 3530, 3353, 3447, 3169, 3497, 3464, 3216)
z_dir: 
[[-0.00455831]
 [ 0.03159364]
 [ 0.9994904 ]]
[rosout][INFO] 2019-10-16 18:12:53,789: 
pdc: 
2449
electrode: 
(3107, 3533, 3506, 3329, 3445, 3191, 3258, 3338, 3345, 3402, 3149, 3556, 3530, 3353, 3447, 3169, 3497, 3464, 3216)
z_dir: 
[[-0.00451967]
 [ 0.03164882]
 [ 0.99948883]]
[rosout][INFO] 2019-10-16 18:12:53,799: 
pdc: 
2449
electrode: 
(3107, 3533, 3506, 3329, 3445, 3191, 3258, 3338, 3345, 3402, 3149, 3556, 3530, 3353, 3447, 3169, 3497, 3464, 3216)
z_dir: 
[[-0.00890226]
 [ 0.03675937]
 [ 0.99928449]]
[rosout][INFO] 2019-10-16 18:12:53,809: 
pdc: 
2449
electrode: 
(3107, 3533, 3506, 3329, 3445, 3191, 3258, 3338, 3345, 3402, 3149, 3556, 3530, 3353, 3447, 3169, 3497, 3464, 3216)
z_dir: 
[[-0.00444731]
 [ 0.03158057]
 [ 0.99949132]]
[rosout][INFO] 2019-10-16 18:12:53,819: 
pdc: 
2449
electrode: 
(3107, 3533, 3506, 3329, 3445, 3191, 3258, 3338, 3345, 3402, 3149, 3556, 3530, 3353, 3447, 3169, 3497, 3464, 3216)
z_dir: 
[[-0.00901705]
 [ 0.03673444]
 [ 0.99928438]]
[rosout][INFO] 2019-10-16 18:12:53,829: 
pdc: 
2449
electrode: 
(3107, 3533, 3506, 3329, 3445, 3191, 3258, 3338, 3345, 3402, 3149, 3556, 3530, 3353, 3447, 3169, 3497, 3464, 3216)
z_dir: 
[[-0.00462812]
 [ 0.03155298]
 [ 0.99949137]]
[rosout][INFO] 2019-10-16 18:12:53,839: 
pdc: 
2449
electrode: 
(3107, 3533, 3506, 3329, 3445, 3191, 3258, 3338, 3345, 3402, 3149, 3556, 3530, 3353, 3447, 3169, 3497, 3464, 3216)
z_dir: 
[[-0.00457742]
 [ 0.03158184]
 [ 0.99949069]]
[rosout][INFO] 2019-10-16 18:12:53,849: 
pdc: 
2449
electrode: 
(3107, 3533, 3506, 3329, 3445, 3191, 3258, 3338, 3345, 3402, 3149, 3556, 3530, 3353, 3447, 3169, 3497, 3464, 3216)
z_dir: 
[[-0.00898673]
 [ 0.03662296]
 [ 0.99928875]]
[rosout][INFO] 2019-10-16 18:12:53,859: 
pdc: 
2449
electrode: 
(3107, 3533, 3506, 3329, 3445, 3191, 3258, 3338, 3345, 3402, 3149, 3556, 3530, 3353, 3447, 3169, 3497, 3464, 3216)
z_dir: 
[[-0.00456255]
 [ 0.03155128]
 [ 0.99949172]]
[rosout][INFO] 2019-10-16 18:12:53,869: 
pdc: 
2449
electrode: 
(3107, 3533, 3506, 3329, 3445, 3191, 3258, 3338, 3345, 3402, 3149, 3556, 3530, 3353, 3447, 3169, 3497, 3464, 3216)
z_dir: 
[[-0.00888191]
 [ 0.03671919]
 [ 0.99928615]]
[rosout][INFO] 2019-10-16 18:12:53,880: 
pdc: 
2449
electrode: 
(3107, 3533, 3506, 3329, 3445, 3191, 3258, 3338, 3345, 3402, 3149, 3556, 3530, 3353, 3447, 3169, 3497, 3464, 3216)
z_dir: 
[[-0.00463701]
 [ 0.03158838]
 [ 0.99949021]]
[rosout][INFO] 2019-10-16 18:12:53,889: 
pdc: 
2449
electrode: 
(3107, 3533, 3506, 3329, 3445, 3191, 3258, 3338, 3345, 3402, 3149, 3556, 3530, 3353, 3447, 3169, 3497, 3464, 3216)
z_dir: 
[[-0.00457801]
 [ 0.03153556]
 [ 0.99949215]]
[rosout][INFO] 2019-10-16 18:12:53,899: 
pdc: 
2449
electrode: 
(3107, 3533, 3506, 3329, 3445, 3191, 3258, 3338, 3345, 3402, 3149, 3556, 3530, 3353, 3447, 3169, 3497, 3464, 3216)
z_dir: 
[[-0.00892088]
 [ 0.03669684]
 [ 0.99928663]]
[rosout][INFO] 2019-10-16 18:12:53,909: 
pdc: 
2449
electrode: 
(3107, 3533, 3506, 3329, 3445, 3191, 3258, 3338, 3345, 3402, 3149, 3556, 3530, 3353, 3447, 3169, 3497, 3464, 3216)
z_dir: 
[[-0.00450323]
 [ 0.03163352]
 [ 0.99948939]]
[rosout][INFO] 2019-10-16 18:12:53,919: 
pdc: 
2449
electrode: 
(3107, 3533, 3506, 3329, 3445, 3191, 3258, 3338, 3345, 3402, 3149, 3556, 3530, 3353, 3447, 3169, 3497, 3464, 3216)
z_dir: 
[[-0.00885053]
 [ 0.03674796]
 [ 0.99928537]]
[rosout][INFO] 2019-10-16 18:12:53,928: 
pdc: 
2449
electrode: 
(3107, 3533, 3506, 3329, 3445, 3191, 3258, 3338, 3345, 3402, 3149, 3556, 3530, 3353, 3447, 3169, 3497, 3464, 3216)
z_dir: 
[[-0.00451781]
 [ 0.0315993 ]
 [ 0.99949041]]
[rosout][INFO] 2019-10-16 18:12:53,940: 
pdc: 
2449
electrode: 
(3107, 3533, 3506, 3329, 3445, 3191, 3258, 3338, 3345, 3402, 3149, 3556, 3530, 3353, 3447, 3169, 3497, 3464, 3216)
z_dir: 
[[-0.00894289]
 [ 0.03675149]
 [ 0.99928442]]
[rosout][INFO] 2019-10-16 18:12:53,950: 
pdc: 
2449
electrode: 
(3107, 3533, 3506, 3329, 3445, 3191, 3258, 3338, 3345, 3402, 3149, 3556, 3530, 3353, 3447, 3169, 3497, 3464, 3216)
z_dir: 
[[-0.00905246]
 [ 0.03656566]
 [ 0.99929025]]
[rosout][INFO] 2019-10-16 18:12:53,959: 
pdc: 
2449
electrode: 
(3107, 3533, 3506, 3329, 3445, 3191, 3258, 3338, 3345, 3402, 3149, 3556, 3530, 3353, 3447, 3169, 3497, 3464, 3216)
z_dir: 
[[-0.00444689]
 [ 0.03163334]
 [ 0.99948965]]
[rosout][INFO] 2019-10-16 18:12:53,970: 
pdc: 
2449
electrode: 
(3107, 3533, 3506, 3329, 3445, 3191, 3258, 3338, 3345, 3402, 3149, 3556, 3530, 3353, 3447, 3169, 3497, 3464, 3216)
z_dir: 
[[-0.00885262]
 [ 0.03676313]
 [ 0.9992848 ]]
[rosout][INFO] 2019-10-16 18:12:53,980: 
pdc: 
2449
electrode: 
(3107, 3533, 3506, 3329, 3445, 3191, 3258, 3338, 3345, 3402, 3149, 3556, 3530, 3353, 3447, 3169, 3497, 3464, 3216)
z_dir: 
[[-0.00456815]
 [ 0.03159332]
 [ 0.99949037]]
[rosout][INFO] 2019-10-16 18:12:53,989: 
pdc: 
2449
electrode: 
(3107, 3533, 3506, 3329, 3445, 3191, 3258, 3338, 3345, 3402, 3149, 3556, 3530, 3353, 3447, 3169, 3497, 3464, 3216)
z_dir: 
[[-0.00450258]
 [ 0.03161015]
 [ 0.99949013]]
[rosout][INFO] 2019-10-16 18:12:54,000: 
pdc: 
2449
electrode: 
(3107, 3533, 3506, 3329, 3445, 3191, 3258, 3338, 3345, 3402, 3149, 3556, 3530, 3353, 3447, 3169, 3497, 3464, 3216)
z_dir: 
[[-0.00920338]
 [ 0.03734853]
 [ 0.99925992]]
[rosout][INFO] 2019-10-16 18:12:54,010: 
pdc: 
2449
electrode: 
(3107, 3533, 3506, 3329, 3445, 3191, 3258, 3338, 3345, 3402, 3149, 3556, 3530, 3353, 3447, 3169, 3497, 3464, 3216)
z_dir: 
[[-0.00489413]
 [ 0.03228275]
 [ 0.99946679]]
[rosout][INFO] 2019-10-16 18:12:54,019: 
pdc: 
2449
electrode: 
(3107, 3533, 3506, 3329, 3445, 3191, 3258, 3338, 3345, 3402, 3149, 3556, 3530, 3353, 3447, 3169, 3497, 3464, 3216)
z_dir: 
[[-0.00904063]
 [ 0.03661217]
 [ 0.99928865]]
[rosout][INFO] 2019-10-16 18:12:54,029: 
pdc: 
2449
electrode: 
(3107, 3533, 3506, 3329, 3445, 3191, 3258, 3338, 3345, 3402, 3149, 3556, 3530, 3353, 3447, 3169, 3497, 3464, 3216)
z_dir: 
[[-0.00455714]
 [ 0.03169273]
 [ 0.99948727]]
[rosout][INFO] 2019-10-16 18:12:54,039: 
pdc: 
2449
electrode: 
(3107, 3533, 3506, 3329, 3445, 3191, 3258, 3338, 3345, 3402, 3149, 3556, 3530, 3353, 3447, 3169, 3497, 3464, 3216)
z_dir: 
[[-0.00450278]
 [ 0.03153495]
 [ 0.99949251]]
[rosout][INFO] 2019-10-16 18:12:54,049: 
pdc: 
2449
electrode: 
(3107, 3533, 3506, 3329, 3445, 3191, 3258, 3338, 3345, 3402, 3149, 3556, 3530, 3353, 3447, 3169, 3497, 3464, 3216)
z_dir: 
[[-0.00896375]
 [ 0.03669594]
 [ 0.99928627]]
[rosout][INFO] 2019-10-16 18:12:54,059: 
pdc: 
2449
electrode: 
(3107, 3533, 3506, 3329, 3445, 3191, 3258, 3338, 3345, 3402, 3149, 3556, 3530, 3353, 3447, 3169, 3497, 3464, 3216)
z_dir: 
[[-0.00464903]
 [ 0.03149926]
 [ 0.99949296]]
[rosout][INFO] 2019-10-16 18:12:54,070: 
pdc: 
2449
electrode: 
(3107, 3533, 3506, 3329, 3445, 3191, 3258, 3338, 3345, 3402, 3149, 3556, 3530, 3353, 3447, 3169, 3497, 3464, 3216)
z_dir: 
[[-0.00917888]
 [ 0.03733927]
 [ 0.99926049]]
[rosout][INFO] 2019-10-16 18:12:54,079: 
pdc: 
2449
electrode: 
(3107, 3533, 3506, 3329, 3445, 3191, 3258, 3338, 3345, 3402, 3149, 3556, 3530, 3353, 3447, 3169, 3497, 3464, 3216)
z_dir: 
[[-0.00456823]
 [ 0.0316221 ]
 [ 0.99948946]]
[rosout][INFO] 2019-10-16 18:12:54,089: 
pdc: 
2449
electrode: 
(3107, 3533, 3506, 3329, 3445, 3191, 3258, 3338, 3345, 3402, 3149, 3556, 3530, 3353, 3447, 3169, 3497, 3464, 3216)
z_dir: 
[[-0.0044577 ]
 [ 0.03163941]
 [ 0.99948941]]
[rosout][INFO] 2019-10-16 18:12:54,099: 
pdc: 
2449
electrode: 
(3107, 3533, 3506, 3329, 3445, 3191, 3258, 3338, 3345, 3402, 3149, 3556, 3530, 3353, 3447, 3169, 3497, 3464, 3216)
z_dir: 
[[-0.00889295]
 [ 0.0367222 ]
 [ 0.99928594]]
[rosout][INFO] 2019-10-16 18:12:54,109: 
pdc: 
2449
electrode: 
(3107, 3533, 3506, 3329, 3445, 3191, 3258, 3338, 3345, 3402, 3149, 3556, 3530, 3353, 3447, 3169, 3497, 3464, 3216)
z_dir: 
[[-0.00448825]
 [ 0.03162496]
 [ 0.99948973]]
[rosout][INFO] 2019-10-16 18:12:54,120: 
pdc: 
2449
electrode: 
(3107, 3533, 3506, 3329, 3445, 3191, 3258, 3338, 3345, 3402, 3149, 3556, 3530, 3353, 3447, 3169, 3497, 3464, 3216)
z_dir: 
[[-0.00902679]
 [ 0.03676827]
 [ 0.99928305]]
[rosout][INFO] 2019-10-16 18:12:54,130: 
pdc: 
2449
electrode: 
(3107, 3533, 3506, 3329, 3445, 3191, 3258, 3338, 3345, 3402, 3149, 3556, 3530, 3353, 3447, 3169, 3497, 3464, 3216)
z_dir: 
[[-0.0045189 ]
 [ 0.03157371]
 [ 0.99949121]]
[rosout][INFO] 2019-10-16 18:12:54,139: 
pdc: 
2449
electrode: 
(3107, 3533, 3506, 3329, 3445, 3191, 3258, 3338, 3345, 3402, 3149, 3556, 3530, 3353, 3447, 3169, 3497, 3464, 3216)
z_dir: 
[[-0.00455339]
 [ 0.03161075]
 [ 0.99948988]]
[rosout][INFO] 2019-10-16 18:12:54,149: 
pdc: 
2449
electrode: 
(3107, 3533, 3506, 3329, 3445, 3191, 3258, 3338, 3345, 3402, 3149, 3556, 3530, 3353, 3447, 3169, 3497, 3464, 3216)
z_dir: 
[[-0.00891672]
 [ 0.03670841]
 [ 0.99928624]]
[rosout][INFO] 2019-10-16 18:12:54,160: 
pdc: 
2449
electrode: 
(3107, 3533, 3506, 3329, 3445, 3191, 3258, 3338, 3345, 3402, 3149, 3556, 3530, 3353, 3447, 3169, 3497, 3464, 3216)
z_dir: 
[[-0.0044975 ]
 [ 0.0315853 ]
 [ 0.99949094]]
[rospy.core][INFO] 2019-10-16 18:12:54,168: signal_shutdown [signal-2]
[rosout][INFO] 2019-10-16 18:12:54,171: 
pdc: 
2449
electrode: 
(3107, 3533, 3506, 3329, 3445, 3191, 3258, 3338, 3345, 3402, 3149, 3556, 3530, 3353, 3447, 3169, 3497, 3464, 3216)
z_dir: 
[[-0.00890073]
 [ 0.0367398 ]
 [ 0.99928523]]
[rospy.internal][INFO] 2019-10-16 18:12:54,175: topic[/rosout] removing connection to /rosout
[rospy.internal][INFO] 2019-10-16 18:12:54,176: topic[/biotac_pub] removing connection to http://student-lasa:33843/
[rospy.internal][INFO] 2019-10-16 18:12:54,176: topic[/vrpn_client_node/normalSurface/pose] removing connection to http://student-lasa:45067/
[rospy.internal][INFO] 2019-10-16 18:12:54,176: topic[/vrpn_client_node/baseHand/pose] removing connection to http://student-lasa:45067/
[rospy.impl.masterslave][INFO] 2019-10-16 18:12:54,177: signal-2
[rospy.core][INFO] 2019-10-16 18:12:54,810: signal_shutdown [atexit]
