[rospy.client][INFO] 2019-10-16 18:12:38,092: init_node, name[/biochip_listener_15072_1571242358075], pid[15072]
[xmlrpc][INFO] 2019-10-16 18:12:38,092: XML-RPC server binding to 0.0.0.0:0
[xmlrpc][INFO] 2019-10-16 18:12:38,093: Started XML-RPC server [http://student-lasa:36393/]
[rospy.init][INFO] 2019-10-16 18:12:38,093: ROS Slave URI: [http://student-lasa:36393/]
[rospy.impl.masterslave][INFO] 2019-10-16 18:12:38,093: _ready: http://student-lasa:36393/
[xmlrpc][INFO] 2019-10-16 18:12:38,093: xml rpc node: starting XML-RPC server
[rospy.registration][INFO] 2019-10-16 18:12:38,093: Registering with master node http://localhost:11311
[rospy.init][INFO] 2019-10-16 18:12:38,193: registered with master
[rospy.rosout][INFO] 2019-10-16 18:12:38,194: initializing /rosout core topic
[rospy.rosout][INFO] 2019-10-16 18:12:38,199: connected to core topic /rosout
[rospy.simtime][INFO] 2019-10-16 18:12:38,201: /use_sim_time is not set, will not subscribe to simulated time [/clock] topic
[rospy.internal][INFO] 2019-10-16 18:12:38,262: topic[/vrpn_client_node/baseHand/pose] adding connection to [http://student-lasa:45067/], count 0
[rospy.internal][INFO] 2019-10-16 18:12:38,263: topic[/vrpn_client_node/normalSurface/pose] adding connection to [http://student-lasa:45067/], count 0
[rospy.internal][INFO] 2019-10-16 18:12:38,263: topic[/biotac_pub] adding connection to [http://student-lasa:33843/], count 0
[rosout][INFO] 2019-10-16 18:12:38,308: 
pdc: 
2449
electrode: 
(3107, 3533, 3506, 3329, 3445, 3191, 3258, 3338, 3345, 3402, 3149, 3556, 3530, 3353, 3447, 3169, 3497, 3464, 3216)
z_dir: 
[[-0.00463324]
 [ 0.03143978]
 [ 0.99949491]]
[rosout][INFO] 2019-10-16 18:12:38,328: 
pdc: 
2449
electrode: 
(3107, 3533, 3506, 3329, 3445, 3191, 3258, 3338, 3345, 3402, 3149, 3556, 3530, 3353, 3447, 3169, 3497, 3464, 3216)
z_dir: 
[[-0.00453112]
 [ 0.031608  ]
 [ 0.99949007]]
[rosout][INFO] 2019-10-16 18:12:38,348: 
pdc: 
2449
electrode: 
(3107, 3533, 3506, 3329, 3445, 3191, 3258, 3338, 3345, 3402, 3149, 3556, 3530, 3353, 3447, 3169, 3497, 3464, 3216)
z_dir: 
[[-0.00897708]
 [ 0.03676839]
 [ 0.99928349]]
[rosout][INFO] 2019-10-16 18:12:38,398: 
pdc: 
2449
electrode: 
(3107, 3533, 3506, 3329, 3445, 3191, 3258, 3338, 3345, 3402, 3149, 3556, 3530, 3353, 3447, 3169, 3497, 3464, 3216)
z_dir: 
[[-0.00894168]
 [ 0.03675723]
 [ 0.99928422]]
[rosout][INFO] 2019-10-16 18:12:38,418: 
pdc: 
2449
electrode: 
(3107, 3533, 3506, 3329, 3445, 3191, 3258, 3338, 3345, 3402, 3149, 3556, 3530, 3353, 3447, 3169, 3497, 3464, 3216)
z_dir: 
[[-0.00892178]
 [ 0.03680004]
 [ 0.99928282]]
[rospy.internal][INFO] 2019-10-16 18:12:38,421: topic[/rosout] adding connection to [/rosout], count 0
[rosout][INFO] 2019-10-16 18:12:38,438: 
pdc: 
2449
electrode: 
(3107, 3533, 3506, 3329, 3445, 3191, 3258, 3338, 3345, 3402, 3149, 3556, 3530, 3353, 3447, 3169, 3497, 3464, 3216)
z_dir: 
[[-0.00453544]
 [ 0.03159957]
 [ 0.99949032]]
[rosout][INFO] 2019-10-16 18:12:38,469: 
pdc: 
2449
electrode: 
(3107, 3533, 3506, 3329, 3445, 3191, 3258, 3338, 3345, 3402, 3149, 3556, 3530, 3353, 3447, 3169, 3497, 3464, 3216)
z_dir: 
[[-0.00897104]
 [ 0.03673661]
 [ 0.99928471]]
[rosout][INFO] 2019-10-16 18:12:38,488: 
pdc: 
2449
electrode: 
(3107, 3533, 3506, 3329, 3445, 3191, 3258, 3338, 3345, 3402, 3149, 3556, 3530, 3353, 3447, 3169, 3497, 3464, 3216)
z_dir: 
[[-0.00457181]
 [ 0.03155971]
 [ 0.99949141]]
[rosout][INFO] 2019-10-16 18:12:38,519: 
pdc: 
2449
electrode: 
(3107, 3533, 3506, 3329, 3445, 3191, 3258, 3338, 3345, 3402, 3149, 3556, 3530, 3353, 3447, 3169, 3497, 3464, 3216)
z_dir: 
[[-0.00897728]
 [ 0.0366965 ]
 [ 0.99928613]]
[rosout][INFO] 2019-10-16 18:12:38,538: 
pdc: 
2449
electrode: 
(3107, 3533, 3506, 3329, 3445, 3191, 3258, 3338, 3345, 3402, 3149, 3556, 3530, 3353, 3447, 3169, 3497, 3464, 3216)
z_dir: 
[[-0.00449818]
 [ 0.03159308]
 [ 0.99949069]]
[rosout][INFO] 2019-10-16 18:12:38,549: 
pdc: 
2449
electrode: 
(3107, 3533, 3506, 3329, 3445, 3191, 3258, 3338, 3345, 3402, 3149, 3556, 3530, 3353, 3447, 3169, 3497, 3464, 3216)
z_dir: 
[[-0.00893479]
 [ 0.03681126]
 [ 0.99928229]]
[rosout][INFO] 2019-10-16 18:12:38,569: 
pdc: 
2449
electrode: 
(3107, 3533, 3506, 3329, 3445, 3191, 3258, 3338, 3345, 3402, 3149, 3556, 3530, 3353, 3447, 3169, 3497, 3464, 3216)
z_dir: 
[[-0.00889419]
 [ 0.03670603]
 [ 0.99928653]]
[rosout][INFO] 2019-10-16 18:12:38,599: 
pdc: 
2449
electrode: 
(3107, 3533, 3506, 3329, 3445, 3191, 3258, 3338, 3345, 3402, 3149, 3556, 3530, 3353, 3447, 3169, 3497, 3464, 3216)
z_dir: 
[[-0.00905599]
 [ 0.03671288]
 [ 0.99928482]]
[rosout][INFO] 2019-10-16 18:12:38,629: 
pdc: 
2449
electrode: 
(3107, 3533, 3506, 3329, 3445, 3191, 3258, 3338, 3345, 3402, 3149, 3556, 3530, 3353, 3447, 3169, 3497, 3464, 3216)
z_dir: 
[[-0.00451753]
 [ 0.03161998]
 [ 0.99948975]]
[rosout][INFO] 2019-10-16 18:12:38,659: 
pdc: 
2449
electrode: 
(3107, 3533, 3506, 3329, 3445, 3191, 3258, 3338, 3345, 3402, 3149, 3556, 3530, 3353, 3447, 3169, 3497, 3464, 3216)
z_dir: 
[[-0.00450146]
 [ 0.0317273 ]
 [ 0.99948643]]
[rosout][INFO] 2019-10-16 18:12:38,669: 
pdc: 
2449
electrode: 
(3107, 3533, 3506, 3329, 3445, 3191, 3258, 3338, 3345, 3402, 3149, 3556, 3530, 3353, 3447, 3169, 3497, 3464, 3216)
z_dir: 
[[-0.00898305]
 [ 0.03677379]
 [ 0.99928324]]
[rosout][INFO] 2019-10-16 18:12:38,699: 
pdc: 
2449
electrode: 
(3107, 3533, 3506, 3329, 3445, 3191, 3258, 3338, 3345, 3402, 3149, 3556, 3530, 3353, 3447, 3169, 3497, 3464, 3216)
z_dir: 
[[-0.00901746]
 [ 0.03650042]
 [ 0.99929295]]
[rosout][INFO] 2019-10-16 18:12:38,719: 
pdc: 
2449
electrode: 
(3107, 3533, 3506, 3329, 3445, 3191, 3258, 3338, 3345, 3402, 3149, 3556, 3530, 3353, 3447, 3169, 3497, 3464, 3216)
z_dir: 
[[-0.00895928]
 [ 0.03673273]
 [ 0.99928496]]
[rosout][INFO] 2019-10-16 18:12:38,729: 
pdc: 
2449
electrode: 
(3107, 3533, 3506, 3329, 3445, 3191, 3258, 3338, 3345, 3402, 3149, 3556, 3530, 3353, 3447, 3169, 3497, 3464, 3216)
z_dir: 
[[-0.00453859]
 [ 0.03165806]
 [ 0.99948845]]
[rosout][INFO] 2019-10-16 18:12:38,759: 
pdc: 
2449
electrode: 
(3107, 3533, 3506, 3329, 3445, 3191, 3258, 3338, 3345, 3402, 3149, 3556, 3530, 3353, 3447, 3169, 3497, 3464, 3216)
z_dir: 
[[-0.00460302]
 [ 0.03171522]
 [ 0.99948635]]
[rosout][INFO] 2019-10-16 18:12:38,780: 
pdc: 
2449
electrode: 
(3107, 3533, 3506, 3329, 3445, 3191, 3258, 3338, 3345, 3402, 3149, 3556, 3530, 3353, 3447, 3169, 3497, 3464, 3216)
z_dir: 
[[-0.00447868]
 [ 0.0315898 ]
 [ 0.99949088]]
[rosout][INFO] 2019-10-16 18:12:38,809: 
pdc: 
2449
electrode: 
(3107, 3533, 3506, 3329, 3445, 3191, 3258, 3338, 3345, 3402, 3149, 3556, 3530, 3353, 3447, 3169, 3497, 3464, 3216)
z_dir: 
[[-0.00453172]
 [ 0.03162244]
 [ 0.99948961]]
[rosout][INFO] 2019-10-16 18:12:38,839: 
pdc: 
2449
electrode: 
(3107, 3533, 3506, 3329, 3445, 3191, 3258, 3338, 3345, 3402, 3149, 3556, 3530, 3353, 3447, 3169, 3497, 3464, 3216)
z_dir: 
[[-0.00457321]
 [ 0.03158516]
 [ 0.9994906 ]]
[rosout][INFO] 2019-10-16 18:12:38,890: 
pdc: 
2449
electrode: 
(3107, 3533, 3506, 3329, 3445, 3191, 3258, 3338, 3345, 3402, 3149, 3556, 3530, 3353, 3447, 3169, 3497, 3464, 3216)
z_dir: 
[[-0.00461311]
 [ 0.03157248]
 [ 0.99949082]]
[rosout][INFO] 2019-10-16 18:12:38,920: 
pdc: 
2449
electrode: 
(3107, 3533, 3506, 3329, 3445, 3191, 3258, 3338, 3345, 3402, 3149, 3556, 3530, 3353, 3447, 3169, 3497, 3464, 3216)
z_dir: 
[[-0.00883619]
 [ 0.03670068]
 [ 0.99928724]]
[rosout][INFO] 2019-10-16 18:12:38,939: 
pdc: 
2449
electrode: 
(3107, 3533, 3506, 3329, 3445, 3191, 3258, 3338, 3345, 3402, 3149, 3556, 3530, 3353, 3447, 3169, 3497, 3464, 3216)
z_dir: 
[[-0.00477808]
 [ 0.03223956]
 [ 0.99946875]]
[rosout][INFO] 2019-10-16 18:12:38,950: 
pdc: 
2449
electrode: 
(3107, 3533, 3506, 3329, 3445, 3191, 3258, 3338, 3345, 3402, 3149, 3556, 3530, 3353, 3447, 3169, 3497, 3464, 3216)
z_dir: 
[[-0.00886107]
 [ 0.03669867]
 [ 0.99928709]]
[rosout][INFO] 2019-10-16 18:12:38,969: 
pdc: 
2449
electrode: 
(3107, 3533, 3506, 3329, 3445, 3191, 3258, 3338, 3345, 3402, 3149, 3556, 3530, 3353, 3447, 3169, 3497, 3464, 3216)
z_dir: 
[[-0.00889239]
 [ 0.03672482]
 [ 0.99928585]]
[rosout][INFO] 2019-10-16 18:12:38,981: 
pdc: 
2449
electrode: 
(3107, 3533, 3506, 3329, 3445, 3191, 3258, 3338, 3345, 3402, 3149, 3556, 3530, 3353, 3447, 3169, 3497, 3464, 3216)
z_dir: 
[[-0.00455201]
 [ 0.03159375]
 [ 0.99949043]]
[rosout][INFO] 2019-10-16 18:12:38,999: 
pdc: 
2449
electrode: 
(3107, 3533, 3506, 3329, 3445, 3191, 3258, 3338, 3345, 3402, 3149, 3556, 3530, 3353, 3447, 3169, 3497, 3464, 3216)
z_dir: 
[[-0.00889908]
 [ 0.03670031]
 [ 0.99928669]]
[rosout][INFO] 2019-10-16 18:12:39,010: 
pdc: 
2449
electrode: 
(3107, 3533, 3506, 3329, 3445, 3191, 3258, 3338, 3345, 3402, 3149, 3556, 3530, 3353, 3447, 3169, 3497, 3464, 3216)
z_dir: 
[[-0.00458006]
 [ 0.03154812]
 [ 0.99949174]]
[rosout][INFO] 2019-10-16 18:12:39,030: 
pdc: 
2449
electrode: 
(3107, 3533, 3506, 3329, 3445, 3191, 3258, 3338, 3345, 3402, 3149, 3556, 3530, 3353, 3447, 3169, 3497, 3464, 3216)
z_dir: 
[[-0.00463398]
 [ 0.03164647]
 [ 0.99948838]]
[rosout][INFO] 2019-10-16 18:12:39,040: 
pdc: 
2449
electrode: 
(3107, 3533, 3506, 3329, 3445, 3191, 3258, 3338, 3345, 3402, 3149, 3556, 3530, 3353, 3447, 3169, 3497, 3464, 3216)
z_dir: 
[[-0.00441602]
 [ 0.03161682]
 [ 0.99949031]]
[rosout][INFO] 2019-10-16 18:12:39,060: 
pdc: 
2449
electrode: 
(3107, 3533, 3506, 3329, 3445, 3191, 3258, 3338, 3345, 3402, 3149, 3556, 3530, 3353, 3447, 3169, 3497, 3464, 3216)
z_dir: 
[[-0.00447447]
 [ 0.03157768]
 [ 0.99949129]]
[rosout][INFO] 2019-10-16 18:12:39,110: 
pdc: 
2449
electrode: 
(3107, 3533, 3506, 3329, 3445, 3191, 3258, 3338, 3345, 3402, 3149, 3556, 3530, 3353, 3447, 3169, 3497, 3464, 3216)
z_dir: 
[[-0.00449209]
 [ 0.03156914]
 [ 0.99949148]]
[rosout][INFO] 2019-10-16 18:12:39,160: 
pdc: 
2449
electrode: 
(3107, 3533, 3506, 3329, 3445, 3191, 3258, 3338, 3345, 3402, 3149, 3556, 3530, 3353, 3447, 3169, 3497, 3464, 3216)
z_dir: 
[[-0.00449159]
 [ 0.03159069]
 [ 0.9994908 ]]
[rosout][INFO] 2019-10-16 18:12:39,211: 
pdc: 
2449
electrode: 
(3107, 3533, 3506, 3329, 3445, 3191, 3258, 3338, 3345, 3402, 3149, 3556, 3530, 3353, 3447, 3169, 3497, 3464, 3216)
z_dir: 
[[-0.00459457]
 [ 0.03163806]
 [ 0.99948883]]
[rosout][INFO] 2019-10-16 18:12:39,260: 
pdc: 
2449
electrode: 
(3107, 3533, 3506, 3329, 3445, 3191, 3258, 3338, 3345, 3402, 3149, 3556, 3530, 3353, 3447, 3169, 3497, 3464, 3216)
z_dir: 
[[-0.00446044]
 [ 0.03159736]
 [ 0.99949073]]
[rosout][INFO] 2019-10-16 18:12:39,281: 
pdc: 
2449
electrode: 
(3107, 3533, 3506, 3329, 3445, 3191, 3258, 3338, 3345, 3402, 3149, 3556, 3530, 3353, 3447, 3169, 3497, 3464, 3216)
z_dir: 
[[-0.00468645]
 [ 0.03152399]
 [ 0.99949201]]
[rosout][INFO] 2019-10-16 18:12:39,291: 
pdc: 
2449
electrode: 
(3107, 3533, 3506, 3329, 3445, 3191, 3258, 3338, 3345, 3402, 3149, 3556, 3530, 3353, 3447, 3169, 3497, 3464, 3216)
z_dir: 
[[-0.00487846]
 [ 0.03217337]
 [ 0.9994704 ]]
[rosout][INFO] 2019-10-16 18:12:39,311: 
pdc: 
2449
electrode: 
(3107, 3533, 3506, 3329, 3445, 3191, 3258, 3338, 3345, 3402, 3149, 3556, 3530, 3353, 3447, 3169, 3497, 3464, 3216)
z_dir: 
[[-0.00454426]
 [ 0.03162605]
 [ 0.99948944]]
[rosout][INFO] 2019-10-16 18:12:39,341: 
pdc: 
2449
electrode: 
(3107, 3533, 3506, 3329, 3445, 3191, 3258, 3338, 3345, 3402, 3149, 3556, 3530, 3353, 3447, 3169, 3497, 3464, 3216)
z_dir: 
[[-0.00460572]
 [ 0.03143939]
 [ 0.99949505]]
[rosout][INFO] 2019-10-16 18:12:39,371: 
pdc: 
2449
electrode: 
(3107, 3533, 3506, 3329, 3445, 3191, 3258, 3338, 3345, 3402, 3149, 3556, 3530, 3353, 3447, 3169, 3497, 3464, 3216)
z_dir: 
[[-0.00926679]
 [ 0.03735363]
 [ 0.99925914]]
[rosout][INFO] 2019-10-16 18:12:39,390: 
pdc: 
2449
electrode: 
(3107, 3533, 3506, 3329, 3445, 3191, 3258, 3338, 3345, 3402, 3149, 3556, 3530, 3353, 3447, 3169, 3497, 3464, 3216)
z_dir: 
[[-0.00457781]
 [ 0.0315675 ]
 [ 0.99949114]]
[rosout][INFO] 2019-10-16 18:12:39,401: 
pdc: 
2449
electrode: 
(3107, 3533, 3506, 3329, 3445, 3191, 3258, 3338, 3345, 3402, 3149, 3556, 3530, 3353, 3447, 3169, 3497, 3464, 3216)
z_dir: 
[[-0.00883272]
 [ 0.03669536]
 [ 0.99928746]]
[rosout][INFO] 2019-10-16 18:12:39,432: 
pdc: 
2449
electrode: 
(3107, 3533, 3506, 3329, 3445, 3191, 3258, 3338, 3345, 3402, 3149, 3556, 3530, 3353, 3447, 3169, 3497, 3464, 3216)
z_dir: 
[[-0.00464012]
 [ 0.03153316]
 [ 0.99949194]]
[rosout][INFO] 2019-10-16 18:12:39,461: 
pdc: 
2449
electrode: 
(3107, 3533, 3506, 3329, 3445, 3191, 3258, 3338, 3345, 3402, 3149, 3556, 3530, 3353, 3447, 3169, 3497, 3464, 3216)
z_dir: 
[[-0.00456639]
 [ 0.03159069]
 [ 0.99949046]]
[rosout][INFO] 2019-10-16 18:12:39,511: 
pdc: 
2449
electrode: 
(3107, 3533, 3506, 3329, 3445, 3191, 3258, 3338, 3345, 3402, 3149, 3556, 3530, 3353, 3447, 3169, 3497, 3464, 3216)
z_dir: 
[[-0.0045931 ]
 [ 0.03167459]
 [ 0.99948768]]
[rosout][INFO] 2019-10-16 18:12:39,522: 
pdc: 
2449
electrode: 
(3107, 3533, 3506, 3329, 3445, 3191, 3258, 3338, 3345, 3402, 3149, 3556, 3530, 3353, 3447, 3169, 3497, 3464, 3216)
z_dir: 
[[-0.00934166]
 [ 0.03722641]
 [ 0.99926319]]
[rosout][INFO] 2019-10-16 18:12:39,552: 
pdc: 
2449
electrode: 
(3107, 3533, 3506, 3329, 3445, 3191, 3258, 3338, 3345, 3402, 3149, 3556, 3530, 3353, 3447, 3169, 3497, 3464, 3216)
z_dir: 
[[-0.00900281]
 [ 0.03671576]
 [ 0.9992852 ]]
[rosout][INFO] 2019-10-16 18:12:39,582: 
pdc: 
2449
electrode: 
(3107, 3533, 3506, 3329, 3445, 3191, 3258, 3338, 3345, 3402, 3149, 3556, 3530, 3353, 3447, 3169, 3497, 3464, 3216)
z_dir: 
[[-0.00445329]
 [ 0.03160159]
 [ 0.99949062]]
[rosout][INFO] 2019-10-16 18:12:39,612: 
pdc: 
2449
electrode: 
(3107, 3533, 3506, 3329, 3445, 3191, 3258, 3338, 3345, 3402, 3149, 3556, 3530, 3353, 3447, 3169, 3497, 3464, 3216)
z_dir: 
[[-0.00454218]
 [ 0.03163006]
 [ 0.99948932]]
[rosout][INFO] 2019-10-16 18:12:39,641: 
pdc: 
2449
electrode: 
(3107, 3533, 3506, 3329, 3445, 3191, 3258, 3338, 3345, 3402, 3149, 3556, 3530, 3353, 3447, 3169, 3497, 3464, 3216)
z_dir: 
[[-0.00451138]
 [ 0.03159159]
 [ 0.99949068]]
[rosout][INFO] 2019-10-16 18:12:39,661: 
pdc: 
2449
electrode: 
(3107, 3533, 3506, 3329, 3445, 3191, 3258, 3338, 3345, 3402, 3149, 3556, 3530, 3353, 3447, 3169, 3497, 3464, 3216)
z_dir: 
[[-0.00462521]
 [ 0.03150772]
 [ 0.99949281]]
[rosout][INFO] 2019-10-16 18:12:39,671: 
pdc: 
2449
electrode: 
(3107, 3533, 3506, 3329, 3445, 3191, 3258, 3338, 3345, 3402, 3149, 3556, 3530, 3353, 3447, 3169, 3497, 3464, 3216)
z_dir: 
[[-0.00923276]
 [ 0.03732357]
 [ 0.99926058]]
[rosout][INFO] 2019-10-16 18:12:39,692: 
pdc: 
2449
electrode: 
(3107, 3533, 3506, 3329, 3445, 3191, 3258, 3338, 3345, 3402, 3149, 3556, 3530, 3353, 3447, 3169, 3497, 3464, 3216)
z_dir: 
[[-0.00456648]
 [ 0.03155786]
 [ 0.9994915 ]]
[rosout][INFO] 2019-10-16 18:12:39,702: 
pdc: 
2449
electrode: 
(3107, 3533, 3506, 3329, 3445, 3191, 3258, 3338, 3345, 3402, 3149, 3556, 3530, 3353, 3447, 3169, 3497, 3464, 3216)
z_dir: 
[[-0.00922207]
 [ 0.03742327]
 [ 0.99925695]]
[rosout][INFO] 2019-10-16 18:12:39,733: 
pdc: 
2449
electrode: 
(3107, 3533, 3506, 3329, 3445, 3191, 3258, 3338, 3345, 3402, 3149, 3556, 3530, 3353, 3447, 3169, 3497, 3464, 3216)
z_dir: 
[[-0.00451976]
 [ 0.03164868]
 [ 0.99948884]]
[rosout][INFO] 2019-10-16 18:12:39,762: 
pdc: 
2449
electrode: 
(3107, 3533, 3506, 3329, 3445, 3191, 3258, 3338, 3345, 3402, 3149, 3556, 3530, 3353, 3447, 3169, 3497, 3464, 3216)
z_dir: 
[[-0.00462292]
 [ 0.03162815]
 [ 0.99948901]]
[rosout][INFO] 2019-10-16 18:12:39,782: 
pdc: 
2449
electrode: 
(3107, 3533, 3506, 3329, 3445, 3191, 3258, 3338, 3345, 3402, 3149, 3556, 3530, 3353, 3447, 3169, 3497, 3464, 3216)
z_dir: 
[[-0.00450077]
 [ 0.03157362]
 [ 0.9994913 ]]
[rosout][INFO] 2019-10-16 18:12:39,793: 
pdc: 
2449
electrode: 
(3107, 3533, 3506, 3329, 3445, 3191, 3258, 3338, 3345, 3402, 3149, 3556, 3530, 3353, 3447, 3169, 3497, 3464, 3216)
z_dir: 
[[-0.00449759]
 [ 0.0316284 ]
 [ 0.99948958]]
[rosout][INFO] 2019-10-16 18:12:39,823: 
pdc: 
2449
electrode: 
(3107, 3533, 3506, 3329, 3445, 3191, 3258, 3338, 3345, 3402, 3149, 3556, 3530, 3353, 3447, 3169, 3497, 3464, 3216)
z_dir: 
[[-0.00898749]
 [ 0.03672093]
 [ 0.99928514]]
[rosout][INFO] 2019-10-16 18:12:39,853: 
pdc: 
2449
electrode: 
(3107, 3533, 3506, 3329, 3445, 3191, 3258, 3338, 3345, 3402, 3149, 3556, 3530, 3353, 3447, 3169, 3497, 3464, 3216)
z_dir: 
[[-0.00883414]
 [ 0.0366914 ]
 [ 0.9992876 ]]
[rosout][INFO] 2019-10-16 18:12:39,882: 
pdc: 
2449
electrode: 
(3107, 3533, 3506, 3329, 3445, 3191, 3258, 3338, 3345, 3402, 3149, 3556, 3530, 3353, 3447, 3169, 3497, 3464, 3216)
z_dir: 
[[-0.00441416]
 [ 0.03158338]
 [ 0.99949137]]
[rosout][INFO] 2019-10-16 18:12:39,913: 
pdc: 
2449
electrode: 
(3107, 3533, 3506, 3329, 3445, 3191, 3258, 3338, 3345, 3402, 3149, 3556, 3530, 3353, 3447, 3169, 3497, 3464, 3216)
z_dir: 
[[-0.00452632]
 [ 0.03160835]
 [ 0.99949008]]
[rosout][INFO] 2019-10-16 18:12:39,933: 
pdc: 
2449
electrode: 
(3107, 3533, 3506, 3329, 3445, 3191, 3258, 3338, 3345, 3402, 3149, 3556, 3530, 3353, 3447, 3169, 3497, 3464, 3216)
z_dir: 
[[-0.00450936]
 [ 0.03160039]
 [ 0.99949041]]
[rosout][INFO] 2019-10-16 18:12:39,943: 
pdc: 
2449
electrode: 
(3107, 3533, 3506, 3329, 3445, 3191, 3258, 3338, 3345, 3402, 3149, 3556, 3530, 3353, 3447, 3169, 3497, 3464, 3216)
z_dir: 
[[-0.00459714]
 [ 0.03165878]
 [ 0.99948816]]
[rosout][INFO] 2019-10-16 18:12:39,973: 
pdc: 
2449
electrode: 
(3107, 3533, 3506, 3329, 3445, 3191, 3258, 3338, 3345, 3402, 3149, 3556, 3530, 3353, 3447, 3169, 3497, 3464, 3216)
z_dir: 
[[-0.00906288]
 [ 0.03667518]
 [ 0.99928614]]
[rosout][INFO] 2019-10-16 18:12:39,993: 
pdc: 
2449
electrode: 
(3107, 3533, 3506, 3329, 3445, 3191, 3258, 3338, 3345, 3402, 3149, 3556, 3530, 3353, 3447, 3169, 3497, 3464, 3216)
z_dir: 
[[-0.00459347]
 [ 0.03148391]
 [ 0.9994937 ]]
[rosout][INFO] 2019-10-16 18:12:40,022: 
pdc: 
2449
electrode: 
(3107, 3533, 3506, 3329, 3445, 3191, 3258, 3338, 3345, 3402, 3149, 3556, 3530, 3353, 3447, 3169, 3497, 3464, 3216)
z_dir: 
[[-0.00890867]
 [ 0.03672574]
 [ 0.99928567]]
[rosout][INFO] 2019-10-16 18:12:40,042: 
pdc: 
2449
electrode: 
(3107, 3533, 3506, 3329, 3445, 3191, 3258, 3338, 3345, 3402, 3149, 3556, 3530, 3353, 3447, 3169, 3497, 3464, 3216)
z_dir: 
[[-0.00459397]
 [ 0.03150454]
 [ 0.99949305]]
[rosout][INFO] 2019-10-16 18:12:40,053: 
pdc: 
2449
electrode: 
(3107, 3533, 3506, 3329, 3445, 3191, 3258, 3338, 3345, 3402, 3149, 3556, 3530, 3353, 3447, 3169, 3497, 3464, 3216)
z_dir: 
[[-0.00901883]
 [ 0.03662814]
 [ 0.99928827]]
[rosout][INFO] 2019-10-16 18:12:40,084: 
pdc: 
2449
electrode: 
(3107, 3533, 3506, 3329, 3445, 3191, 3258, 3338, 3345, 3402, 3149, 3556, 3530, 3353, 3447, 3169, 3497, 3464, 3216)
z_dir: 
[[-0.00451187]
 [ 0.03159737]
 [ 0.99949049]]
[rosout][INFO] 2019-10-16 18:12:40,113: 
pdc: 
2449
electrode: 
(3107, 3533, 3506, 3329, 3445, 3191, 3258, 3338, 3345, 3402, 3149, 3556, 3530, 3353, 3447, 3169, 3497, 3464, 3216)
z_dir: 
[[-0.00456033]
 [ 0.03149241]
 [ 0.99949359]]
[rosout][INFO] 2019-10-16 18:12:40,134: 
pdc: 
2449
electrode: 
(3107, 3533, 3506, 3329, 3445, 3191, 3258, 3338, 3345, 3402, 3149, 3556, 3530, 3353, 3447, 3169, 3497, 3464, 3216)
z_dir: 
[[-0.00452376]
 [ 0.0316256 ]
 [ 0.99948955]]
[rosout][INFO] 2019-10-16 18:12:40,146: 
pdc: 
2449
electrode: 
(3107, 3533, 3506, 3329, 3445, 3191, 3258, 3338, 3345, 3402, 3149, 3556, 3530, 3353, 3447, 3169, 3497, 3464, 3216)
z_dir: 
[[-0.00460234]
 [ 0.03158801]
 [ 0.99949038]]
[rosout][INFO] 2019-10-16 18:12:40,175: 
pdc: 
2449
electrode: 
(3107, 3533, 3506, 3329, 3445, 3191, 3258, 3338, 3345, 3402, 3149, 3556, 3530, 3353, 3447, 3169, 3497, 3464, 3216)
z_dir: 
[[-0.00887485]
 [ 0.03670668]
 [ 0.99928667]]
[rosout][INFO] 2019-10-16 18:12:40,193: 
pdc: 
2449
electrode: 
(3107, 3533, 3506, 3329, 3445, 3191, 3258, 3338, 3345, 3402, 3149, 3556, 3530, 3353, 3447, 3169, 3497, 3464, 3216)
z_dir: 
[[-0.00453695]
 [ 0.03159136]
 [ 0.99949057]]
[rosout][INFO] 2019-10-16 18:12:40,203: 
pdc: 
2449
electrode: 
(3107, 3533, 3506, 3329, 3445, 3191, 3258, 3338, 3345, 3402, 3149, 3556, 3530, 3353, 3447, 3169, 3497, 3464, 3216)
z_dir: 
[[-0.00884596]
 [ 0.0367048 ]
 [ 0.999287  ]]
[rosout][INFO] 2019-10-16 18:12:40,224: 
pdc: 
2449
electrode: 
(3107, 3533, 3506, 3329, 3445, 3191, 3258, 3338, 3345, 3402, 3149, 3556, 3530, 3353, 3447, 3169, 3497, 3464, 3216)
z_dir: 
[[-0.00895089]
 [ 0.03670365]
 [ 0.99928611]]
[rosout][INFO] 2019-10-16 18:12:40,234: 
pdc: 
2449
electrode: 
(3107, 3533, 3506, 3329, 3445, 3191, 3258, 3338, 3345, 3402, 3149, 3556, 3530, 3353, 3447, 3169, 3497, 3464, 3216)
z_dir: 
[[-0.00452118]
 [ 0.03157671]
 [ 0.99949111]]
[rosout][INFO] 2019-10-16 18:12:40,255: 
pdc: 
2449
electrode: 
(3107, 3533, 3506, 3329, 3445, 3191, 3258, 3338, 3345, 3402, 3149, 3556, 3530, 3353, 3447, 3169, 3497, 3464, 3216)
z_dir: 
[[-0.00891323]
 [ 0.03670306]
 [ 0.99928647]]
[rosout][INFO] 2019-10-16 18:12:40,263: 
pdc: 
2449
electrode: 
(3107, 3533, 3506, 3329, 3445, 3191, 3258, 3338, 3345, 3402, 3149, 3556, 3530, 3353, 3447, 3169, 3497, 3464, 3216)
z_dir: 
[[-0.00441778]
 [ 0.03161757]
 [ 0.99949028]]
[rosout][INFO] 2019-10-16 18:12:40,294: 
pdc: 
2449
electrode: 
(3107, 3533, 3506, 3329, 3445, 3191, 3258, 3338, 3345, 3402, 3149, 3556, 3530, 3353, 3447, 3169, 3497, 3464, 3216)
z_dir: 
[[-0.00453322]
 [ 0.03159045]
 [ 0.99949062]]
[rosout][INFO] 2019-10-16 18:12:40,323: 
pdc: 
2449
electrode: 
(3107, 3533, 3506, 3329, 3445, 3191, 3258, 3338, 3345, 3402, 3149, 3556, 3530, 3353, 3447, 3169, 3497, 3464, 3216)
z_dir: 
[[-0.00892549]
 [ 0.03673567]
 [ 0.99928516]]
[rosout][INFO] 2019-10-16 18:12:40,354: 
pdc: 
2449
electrode: 
(3107, 3533, 3506, 3329, 3445, 3191, 3258, 3338, 3345, 3402, 3149, 3556, 3530, 3353, 3447, 3169, 3497, 3464, 3216)
z_dir: 
[[-0.0090393 ]
 [ 0.03655958]
 [ 0.99929059]]
[rosout][INFO] 2019-10-16 18:12:40,374: 
pdc: 
2449
electrode: 
(3107, 3533, 3506, 3329, 3445, 3191, 3258, 3338, 3345, 3402, 3149, 3556, 3530, 3353, 3447, 3169, 3497, 3464, 3216)
z_dir: 
[[-0.00888014]
 [ 0.03671316]
 [ 0.99928639]]
[rosout][INFO] 2019-10-16 18:12:40,388: 
pdc: 
2449
electrode: 
(3107, 3533, 3506, 3329, 3445, 3191, 3258, 3338, 3345, 3402, 3149, 3556, 3530, 3353, 3447, 3169, 3497, 3464, 3216)
z_dir: 
[[-0.00460667]
 [ 0.03165015]
 [ 0.99948839]]
[rosout][INFO] 2019-10-16 18:12:40,404: 
pdc: 
2449
electrode: 
(3107, 3533, 3506, 3329, 3445, 3191, 3258, 3338, 3345, 3402, 3149, 3556, 3530, 3353, 3447, 3169, 3497, 3464, 3216)
z_dir: 
[[-0.00895534]
 [ 0.03674195]
 [ 0.99928466]]
[rosout][INFO] 2019-10-16 18:12:40,411: 
pdc: 
2449
electrode: 
(3107, 3533, 3506, 3329, 3445, 3191, 3258, 3338, 3345, 3402, 3149, 3556, 3530, 3353, 3447, 3169, 3497, 3464, 3216)
z_dir: 
[[-0.00452097]
 [ 0.0315339 ]
 [ 0.99949246]]
[rosout][INFO] 2019-10-16 18:12:40,441: 
pdc: 
2449
electrode: 
(3107, 3533, 3506, 3329, 3445, 3191, 3258, 3338, 3345, 3402, 3149, 3556, 3530, 3353, 3447, 3169, 3497, 3464, 3216)
z_dir: 
[[-0.0045666 ]
 [ 0.03158427]
 [ 0.99949066]]
[rosout][INFO] 2019-10-16 18:12:40,471: 
pdc: 
2449
electrode: 
(3107, 3533, 3506, 3329, 3445, 3191, 3258, 3338, 3345, 3402, 3149, 3556, 3530, 3353, 3447, 3169, 3497, 3464, 3216)
z_dir: 
[[-0.00891399]
 [ 0.03673632]
 [ 0.99928524]]
[rosout][INFO] 2019-10-16 18:12:40,482: 
pdc: 
2449
electrode: 
(3107, 3533, 3506, 3329, 3445, 3191, 3258, 3338, 3345, 3402, 3149, 3556, 3530, 3353, 3447, 3169, 3497, 3464, 3216)
z_dir: 
[[-0.00456769]
 [ 0.03158356]
 [ 0.99949068]]
[rosout][INFO] 2019-10-16 18:12:40,502: 
pdc: 
2449
electrode: 
(3107, 3533, 3506, 3329, 3445, 3191, 3258, 3338, 3345, 3402, 3149, 3556, 3530, 3353, 3447, 3169, 3497, 3464, 3216)
z_dir: 
[[-0.00888868]
 [ 0.03674218]
 [ 0.99928525]]
[rosout][INFO] 2019-10-16 18:12:40,512: 
pdc: 
2449
electrode: 
(3107, 3533, 3506, 3329, 3445, 3191, 3258, 3338, 3345, 3402, 3149, 3556, 3530, 3353, 3447, 3169, 3497, 3464, 3216)
z_dir: 
[[-0.00458609]
 [ 0.03154576]
 [ 0.99949179]]
[rosout][INFO] 2019-10-16 18:12:40,542: 
pdc: 
2449
electrode: 
(3107, 3533, 3506, 3329, 3445, 3191, 3258, 3338, 3345, 3402, 3149, 3556, 3530, 3353, 3447, 3169, 3497, 3464, 3216)
z_dir: 
[[-0.0045552 ]
 [ 0.03155755]
 [ 0.99949156]]
[rosout][INFO] 2019-10-16 18:12:40,552: 
pdc: 
2449
electrode: 
(3107, 3533, 3506, 3329, 3445, 3191, 3258, 3338, 3345, 3402, 3149, 3556, 3530, 3353, 3447, 3169, 3497, 3464, 3216)
z_dir: 
[[-0.00889482]
 [ 0.03677641]
 [ 0.99928393]]
[rosout][INFO] 2019-10-16 18:12:40,581: 
pdc: 
2449
electrode: 
(3107, 3533, 3506, 3329, 3445, 3191, 3258, 3338, 3345, 3402, 3149, 3556, 3530, 3353, 3447, 3169, 3497, 3464, 3216)
z_dir: 
[[-0.00444391]
 [ 0.03156888]
 [ 0.9994917 ]]
[rosout][INFO] 2019-10-16 18:12:40,622: 
pdc: 
2449
electrode: 
(3107, 3533, 3506, 3329, 3445, 3191, 3258, 3338, 3345, 3402, 3149, 3556, 3530, 3353, 3447, 3169, 3497, 3464, 3216)
z_dir: 
[[-0.00896366]
 [ 0.03675334]
 [ 0.99928417]]
[rosout][INFO] 2019-10-16 18:12:40,634: 
pdc: 
2449
electrode: 
(3107, 3533, 3506, 3329, 3445, 3191, 3258, 3338, 3345, 3402, 3149, 3556, 3530, 3353, 3447, 3169, 3497, 3464, 3216)
z_dir: 
[[-0.004566  ]
 [ 0.03157452]
 [ 0.99949097]]
[rosout][INFO] 2019-10-16 18:12:40,663: 
pdc: 
2449
electrode: 
(3107, 3533, 3506, 3329, 3445, 3191, 3258, 3338, 3345, 3402, 3149, 3556, 3530, 3353, 3447, 3169, 3497, 3464, 3216)
z_dir: 
[[-0.00450544]
 [ 0.03164943]
 [ 0.99948888]]
[rosout][INFO] 2019-10-16 18:12:40,674: 
pdc: 
2449
electrode: 
(3107, 3533, 3506, 3329, 3445, 3191, 3258, 3338, 3345, 3402, 3149, 3556, 3530, 3353, 3447, 3169, 3497, 3464, 3216)
z_dir: 
[[-0.00887077]
 [ 0.03672178]
 [ 0.99928616]]
[rosout][INFO] 2019-10-16 18:12:40,702: 
pdc: 
2449
electrode: 
(3107, 3533, 3506, 3329, 3445, 3191, 3258, 3338, 3345, 3402, 3149, 3556, 3530, 3353, 3447, 3169, 3497, 3464, 3216)
z_dir: 
[[-0.00892986]
 [ 0.03672856]
 [ 0.99928538]]
[rosout][INFO] 2019-10-16 18:12:40,714: 
pdc: 
2449
electrode: 
(3107, 3533, 3506, 3329, 3445, 3191, 3258, 3338, 3345, 3402, 3149, 3556, 3530, 3353, 3447, 3169, 3497, 3464, 3216)
z_dir: 
[[-0.00458822]
 [ 0.03158984]
 [ 0.99949039]]
[rosout][INFO] 2019-10-16 18:12:40,742: 
pdc: 
2449
electrode: 
(3107, 3533, 3506, 3329, 3445, 3191, 3258, 3338, 3345, 3402, 3149, 3556, 3530, 3353, 3447, 3169, 3497, 3464, 3216)
z_dir: 
[[-0.00459648]
 [ 0.03150798]
 [ 0.99949293]]
[rosout][INFO] 2019-10-16 18:12:40,771: 
pdc: 
2449
electrode: 
(3107, 3533, 3506, 3329, 3445, 3191, 3258, 3338, 3345, 3402, 3149, 3556, 3530, 3353, 3447, 3169, 3497, 3464, 3216)
z_dir: 
[[-0.00893094]
 [ 0.0367435 ]
 [ 0.99928482]]
[rosout][INFO] 2019-10-16 18:12:40,781: 
pdc: 
2449
electrode: 
(3107, 3533, 3506, 3329, 3445, 3191, 3258, 3338, 3345, 3402, 3149, 3556, 3530, 3353, 3447, 3169, 3497, 3464, 3216)
z_dir: 
[[-0.00455568]
 [ 0.03164449]
 [ 0.99948881]]
[rosout][INFO] 2019-10-16 18:12:40,811: 
pdc: 
2449
electrode: 
(3107, 3533, 3506, 3329, 3445, 3191, 3258, 3338, 3345, 3402, 3149, 3556, 3530, 3353, 3447, 3169, 3497, 3464, 3216)
z_dir: 
[[-0.00454444]
 [ 0.03161364]
 [ 0.99948983]]
[rosout][INFO] 2019-10-16 18:12:40,842: 
pdc: 
2449
electrode: 
(3107, 3533, 3506, 3329, 3445, 3191, 3258, 3338, 3345, 3402, 3149, 3556, 3530, 3353, 3447, 3169, 3497, 3464, 3216)
z_dir: 
[[-0.00457073]
 [ 0.03166553]
 [ 0.99948807]]
[rosout][INFO] 2019-10-16 18:12:40,873: 
pdc: 
2449
electrode: 
(3107, 3533, 3506, 3329, 3445, 3191, 3258, 3338, 3345, 3402, 3149, 3556, 3530, 3353, 3447, 3169, 3497, 3464, 3216)
z_dir: 
[[-0.00894701]
 [ 0.03679407]
 [ 0.99928282]]
[rosout][INFO] 2019-10-16 18:12:40,901: 
pdc: 
2449
electrode: 
(3107, 3533, 3506, 3329, 3445, 3191, 3258, 3338, 3345, 3402, 3149, 3556, 3530, 3353, 3447, 3169, 3497, 3464, 3216)
z_dir: 
[[-0.00904041]
 [ 0.03664535]
 [ 0.99928744]]
[rosout][INFO] 2019-10-16 18:12:40,933: 
pdc: 
2449
electrode: 
(3107, 3533, 3506, 3329, 3445, 3191, 3258, 3338, 3345, 3402, 3149, 3556, 3530, 3353, 3447, 3169, 3497, 3464, 3216)
z_dir: 
[[-0.00455228]
 [ 0.03166847]
 [ 0.99948806]]
[rosout][INFO] 2019-10-16 18:12:40,943: 
pdc: 
2449
electrode: 
(3107, 3533, 3506, 3329, 3445, 3191, 3258, 3338, 3345, 3402, 3149, 3556, 3530, 3353, 3447, 3169, 3497, 3464, 3216)
z_dir: 
[[-0.00465494]
 [ 0.03148904]
 [ 0.99949326]]
[rosout][INFO] 2019-10-16 18:12:40,963: 
pdc: 
2449
electrode: 
(3107, 3533, 3506, 3329, 3445, 3191, 3258, 3338, 3345, 3402, 3149, 3556, 3530, 3353, 3447, 3169, 3497, 3464, 3216)
z_dir: 
[[-0.00458028]
 [ 0.03157497]
 [ 0.99949089]]
[rosout][INFO] 2019-10-16 18:12:40,972: 
pdc: 
2449
electrode: 
(3107, 3533, 3506, 3329, 3445, 3191, 3258, 3338, 3345, 3402, 3149, 3556, 3530, 3353, 3447, 3169, 3497, 3464, 3216)
z_dir: 
[[-0.00904952]
 [ 0.03663057]
 [ 0.9992879 ]]
[rosout][INFO] 2019-10-16 18:12:41,002: 
pdc: 
2449
electrode: 
(3107, 3533, 3506, 3329, 3445, 3191, 3258, 3338, 3345, 3402, 3149, 3556, 3530, 3353, 3447, 3169, 3497, 3464, 3216)
z_dir: 
[[-0.00889523]
 [ 0.03677679]
 [ 0.99928391]]
[rosout][INFO] 2019-10-16 18:12:41,012: 
pdc: 
2449
electrode: 
(3107, 3533, 3506, 3329, 3445, 3191, 3258, 3338, 3345, 3402, 3149, 3556, 3530, 3353, 3447, 3169, 3497, 3464, 3216)
z_dir: 
[[-0.00451709]
 [ 0.03159501]
 [ 0.99949055]]
[rosout][INFO] 2019-10-16 18:12:41,033: 
pdc: 
2449
electrode: 
(3107, 3533, 3506, 3329, 3445, 3191, 3258, 3338, 3345, 3402, 3149, 3556, 3530, 3353, 3447, 3169, 3497, 3464, 3216)
z_dir: 
[[-0.00449665]
 [ 0.03159392]
 [ 0.99949067]]
[rosout][INFO] 2019-10-16 18:12:41,048: 
pdc: 
2449
electrode: 
(3107, 3533, 3506, 3329, 3445, 3191, 3258, 3338, 3345, 3402, 3149, 3556, 3530, 3353, 3447, 3169, 3497, 3464, 3216)
z_dir: 
[[-0.00454197]
 [ 0.03137321]
 [ 0.99949742]]
[rosout][INFO] 2019-10-16 18:12:41,068: 
pdc: 
2449
electrode: 
(3107, 3533, 3506, 3329, 3445, 3191, 3258, 3338, 3345, 3402, 3149, 3556, 3530, 3353, 3447, 3169, 3497, 3464, 3216)
z_dir: 
[[-0.00450422]
 [ 0.03160081]
 [ 0.99949042]]
[rosout][INFO] 2019-10-16 18:12:41,082: 
pdc: 
2449
electrode: 
(3107, 3533, 3506, 3329, 3445, 3191, 3258, 3338, 3345, 3402, 3149, 3556, 3530, 3353, 3447, 3169, 3497, 3464, 3216)
z_dir: 
[[-0.00906927]
 [ 0.03660715]
 [ 0.99928858]]
[rosout][INFO] 2019-10-16 18:12:41,102: 
pdc: 
2449
electrode: 
(3107, 3533, 3506, 3329, 3445, 3191, 3258, 3338, 3345, 3402, 3149, 3556, 3530, 3353, 3447, 3169, 3497, 3464, 3216)
z_dir: 
[[-0.0045987 ]
 [ 0.03159442]
 [ 0.99949019]]
[rosout][INFO] 2019-10-16 18:12:41,115: 
pdc: 
2449
electrode: 
(3107, 3533, 3506, 3329, 3445, 3191, 3258, 3338, 3345, 3402, 3149, 3556, 3530, 3353, 3447, 3169, 3497, 3464, 3216)
z_dir: 
[[-0.00930916]
 [ 0.03735867]
 [ 0.99925856]]
[rosout][INFO] 2019-10-16 18:12:41,123: 
pdc: 
2449
electrode: 
(3107, 3533, 3506, 3329, 3445, 3191, 3258, 3338, 3345, 3402, 3149, 3556, 3530, 3353, 3447, 3169, 3497, 3464, 3216)
z_dir: 
[[-0.00452316]
 [ 0.03154386]
 [ 0.99949213]]
[rosout][INFO] 2019-10-16 18:12:41,146: 
pdc: 
2449
electrode: 
(3107, 3533, 3506, 3329, 3445, 3191, 3258, 3338, 3345, 3402, 3149, 3556, 3530, 3353, 3447, 3169, 3497, 3464, 3216)
z_dir: 
[[-0.00449745]
 [ 0.03153306]
 [ 0.99949259]]
[rosout][INFO] 2019-10-16 18:12:41,173: 
pdc: 
2449
electrode: 
(3107, 3533, 3506, 3329, 3445, 3191, 3258, 3338, 3345, 3402, 3149, 3556, 3530, 3353, 3447, 3169, 3497, 3464, 3216)
z_dir: 
[[-0.00896074]
 [ 0.03670236]
 [ 0.99928607]]
[rosout][INFO] 2019-10-16 18:12:41,186: 
pdc: 
2449
electrode: 
(3107, 3533, 3506, 3329, 3445, 3191, 3258, 3338, 3345, 3402, 3149, 3556, 3530, 3353, 3447, 3169, 3497, 3464, 3216)
z_dir: 
[[-0.00456352]
 [ 0.03168355]
 [ 0.99948753]]
[rosout][INFO] 2019-10-16 18:12:41,214: 
pdc: 
2449
electrode: 
(3107, 3533, 3506, 3329, 3445, 3191, 3258, 3338, 3345, 3402, 3149, 3556, 3530, 3353, 3447, 3169, 3497, 3464, 3216)
z_dir: 
[[-0.00446384]
 [ 0.03152183]
 [ 0.9994931 ]]
[rosout][INFO] 2019-10-16 18:12:41,244: 
pdc: 
2449
electrode: 
(3107, 3533, 3506, 3329, 3445, 3191, 3258, 3338, 3345, 3402, 3149, 3556, 3530, 3353, 3447, 3169, 3497, 3464, 3216)
z_dir: 
[[-0.0048148 ]
 [ 0.03222483]
 [ 0.99946905]]
[rosout][INFO] 2019-10-16 18:12:41,274: 
pdc: 
2449
electrode: 
(3107, 3533, 3506, 3329, 3445, 3191, 3258, 3338, 3345, 3402, 3149, 3556, 3530, 3353, 3447, 3169, 3497, 3464, 3216)
z_dir: 
[[-0.00905934]
 [ 0.0365987 ]
 [ 0.99928898]]
[rosout][INFO] 2019-10-16 18:12:41,304: 
pdc: 
2449
electrode: 
(3107, 3533, 3506, 3329, 3445, 3191, 3258, 3338, 3345, 3402, 3149, 3556, 3530, 3353, 3447, 3169, 3497, 3464, 3216)
z_dir: 
[[-0.00905373]
 [ 0.03661487]
 [ 0.99928844]]
[rosout][INFO] 2019-10-16 18:12:41,313: 
pdc: 
2449
electrode: 
(3107, 3533, 3506, 3329, 3445, 3191, 3258, 3338, 3345, 3402, 3149, 3556, 3530, 3353, 3447, 3169, 3497, 3464, 3216)
z_dir: 
[[-0.00445239]
 [ 0.03160859]
 [ 0.99949041]]
[rosout][INFO] 2019-10-16 18:12:41,338: 
pdc: 
2449
electrode: 
(3107, 3533, 3506, 3329, 3445, 3191, 3258, 3338, 3345, 3402, 3149, 3556, 3530, 3353, 3447, 3169, 3497, 3464, 3216)
z_dir: 
[[-0.004562  ]
 [ 0.03148353]
 [ 0.99949386]]
[rosout][INFO] 2019-10-16 18:12:41,350: 
pdc: 
2449
electrode: 
(3107, 3533, 3506, 3329, 3445, 3191, 3258, 3338, 3345, 3402, 3149, 3556, 3530, 3353, 3447, 3169, 3497, 3464, 3216)
z_dir: 
[[-0.00451585]
 [ 0.03163986]
 [ 0.99948913]]
[rosout][INFO] 2019-10-16 18:12:41,376: 
pdc: 
2449
electrode: 
(3107, 3533, 3506, 3329, 3445, 3191, 3258, 3338, 3345, 3402, 3149, 3556, 3530, 3353, 3447, 3169, 3497, 3464, 3216)
z_dir: 
[[-0.00927811]
 [ 0.03722727]
 [ 0.99926375]]
[rosout][INFO] 2019-10-16 18:12:41,387: 
pdc: 
2449
electrode: 
(3107, 3533, 3506, 3329, 3445, 3191, 3258, 3338, 3345, 3402, 3149, 3556, 3530, 3353, 3447, 3169, 3497, 3464, 3216)
z_dir: 
[[-0.00453081]
 [ 0.03161292]
 [ 0.99948992]]
[rosout][INFO] 2019-10-16 18:12:41,408: 
pdc: 
2449
electrode: 
(3107, 3533, 3506, 3329, 3445, 3191, 3258, 3338, 3345, 3402, 3149, 3556, 3530, 3353, 3447, 3169, 3497, 3464, 3216)
z_dir: 
[[-0.00928184]
 [ 0.03724424]
 [ 0.99926309]]
[rosout][INFO] 2019-10-16 18:12:41,417: 
pdc: 
2449
electrode: 
(3107, 3533, 3506, 3329, 3445, 3191, 3258, 3338, 3345, 3402, 3149, 3556, 3530, 3353, 3447, 3169, 3497, 3464, 3216)
z_dir: 
[[-0.00447678]
 [ 0.03155086]
 [ 0.99949212]]
[rosout][INFO] 2019-10-16 18:12:41,427: 
pdc: 
2449
electrode: 
(3107, 3533, 3506, 3329, 3445, 3191, 3258, 3338, 3345, 3402, 3149, 3556, 3530, 3353, 3447, 3169, 3497, 3464, 3216)
z_dir: 
[[-0.00909089]
 [ 0.03669958]
 [ 0.99928499]]
[rosout][INFO] 2019-10-16 18:12:41,445: 
pdc: 
2449
electrode: 
(3107, 3533, 3506, 3329, 3445, 3191, 3258, 3338, 3345, 3402, 3149, 3556, 3530, 3353, 3447, 3169, 3497, 3464, 3216)
z_dir: 
[[-0.00453312]
 [ 0.03156497]
 [ 0.99949142]]
[rosout][INFO] 2019-10-16 18:12:41,454: 
pdc: 
2449
electrode: 
(3107, 3533, 3506, 3329, 3445, 3191, 3258, 3338, 3345, 3402, 3149, 3556, 3530, 3353, 3447, 3169, 3497, 3464, 3216)
z_dir: 
[[-0.00888819]
 [ 0.036733  ]
 [ 0.99928559]]
[rosout][INFO] 2019-10-16 18:12:41,483: 
pdc: 
2449
electrode: 
(3107, 3533, 3506, 3329, 3445, 3191, 3258, 3338, 3345, 3402, 3149, 3556, 3530, 3353, 3447, 3169, 3497, 3464, 3216)
z_dir: 
[[-0.00455324]
 [ 0.03158694]
 [ 0.99949064]]
[rosout][INFO] 2019-10-16 18:12:41,493: 
pdc: 
2449
electrode: 
(3107, 3533, 3506, 3329, 3445, 3191, 3258, 3338, 3345, 3402, 3149, 3556, 3530, 3353, 3447, 3169, 3497, 3464, 3216)
z_dir: 
[[-0.00457757]
 [ 0.03156591]
 [ 0.99949119]]
[rosout][INFO] 2019-10-16 18:12:41,523: 
pdc: 
2449
electrode: 
(3107, 3533, 3506, 3329, 3445, 3191, 3258, 3338, 3345, 3402, 3149, 3556, 3530, 3353, 3447, 3169, 3497, 3464, 3216)
z_dir: 
[[-0.00896963]
 [ 0.0367473 ]
 [ 0.99928433]]
[rosout][INFO] 2019-10-16 18:12:41,543: 
pdc: 
2449
electrode: 
(3107, 3533, 3506, 3329, 3445, 3191, 3258, 3338, 3345, 3402, 3149, 3556, 3530, 3353, 3447, 3169, 3497, 3464, 3216)
z_dir: 
[[-0.00445591]
 [ 0.03159062]
 [ 0.99949096]]
[rosout][INFO] 2019-10-16 18:12:41,551: 
pdc: 
2449
electrode: 
(3107, 3533, 3506, 3329, 3445, 3191, 3258, 3338, 3345, 3402, 3149, 3556, 3530, 3353, 3447, 3169, 3497, 3464, 3216)
z_dir: 
[[-0.00901494]
 [ 0.03661008]
 [ 0.99928896]]
[rosout][INFO] 2019-10-16 18:12:41,561: 
pdc: 
2449
electrode: 
(3107, 3533, 3506, 3329, 3445, 3191, 3258, 3338, 3345, 3402, 3149, 3556, 3530, 3353, 3447, 3169, 3497, 3464, 3216)
z_dir: 
[[-0.00453351]
 [ 0.03159744]
 [ 0.99949039]]
[rosout][INFO] 2019-10-16 18:12:41,582: 
pdc: 
2449
electrode: 
(3107, 3533, 3506, 3329, 3445, 3191, 3258, 3338, 3345, 3402, 3149, 3556, 3530, 3353, 3447, 3169, 3497, 3464, 3216)
z_dir: 
[[-0.00459035]
 [ 0.03151652]
 [ 0.99949269]]
[rosout][INFO] 2019-10-16 18:12:41,591: 
pdc: 
2449
electrode: 
(3107, 3533, 3506, 3329, 3445, 3191, 3258, 3338, 3345, 3402, 3149, 3556, 3530, 3353, 3447, 3169, 3497, 3464, 3216)
z_dir: 
[[-0.00457525]
 [ 0.03159487]
 [ 0.99949029]]
[rosout][INFO] 2019-10-16 18:12:41,602: 
pdc: 
2449
electrode: 
(3107, 3533, 3506, 3329, 3445, 3191, 3258, 3338, 3345, 3402, 3149, 3556, 3530, 3353, 3447, 3169, 3497, 3464, 3216)
z_dir: 
[[-0.00876984]
 [ 0.03676947]
 [ 0.99928529]]
[rosout][INFO] 2019-10-16 18:12:41,621: 
pdc: 
2449
electrode: 
(3107, 3533, 3506, 3329, 3445, 3191, 3258, 3338, 3345, 3402, 3149, 3556, 3530, 3353, 3447, 3169, 3497, 3464, 3216)
z_dir: 
[[-0.00894364]
 [ 0.03671841]
 [ 0.99928563]]
[rosout][INFO] 2019-10-16 18:12:41,631: 
pdc: 
2449
electrode: 
(3107, 3533, 3506, 3329, 3445, 3191, 3258, 3338, 3345, 3402, 3149, 3556, 3530, 3353, 3447, 3169, 3497, 3464, 3216)
z_dir: 
[[-0.00452755]
 [ 0.03157353]
 [ 0.99949118]]
[rosout][INFO] 2019-10-16 18:12:41,642: 
pdc: 
2449
electrode: 
(3107, 3533, 3506, 3329, 3445, 3191, 3258, 3338, 3345, 3402, 3149, 3556, 3530, 3353, 3447, 3169, 3497, 3464, 3216)
z_dir: 
[[-0.00443234]
 [ 0.03162284]
 [ 0.99949005]]
[rosout][INFO] 2019-10-16 18:12:41,662: 
pdc: 
2449
electrode: 
(3107, 3533, 3506, 3329, 3445, 3191, 3258, 3338, 3345, 3402, 3149, 3556, 3530, 3353, 3447, 3169, 3497, 3464, 3216)
z_dir: 
[[-0.00457023]
 [ 0.03162753]
 [ 0.99948928]]
[rosout][INFO] 2019-10-16 18:12:41,672: 
pdc: 
2449
electrode: 
(3107, 3533, 3506, 3329, 3445, 3191, 3258, 3338, 3345, 3402, 3149, 3556, 3530, 3353, 3447, 3169, 3497, 3464, 3216)
z_dir: 
[[-0.00931436]
 [ 0.03737588]
 [ 0.99925787]]
[rosout][INFO] 2019-10-16 18:12:41,707: 
pdc: 
2449
electrode: 
(3107, 3533, 3506, 3329, 3445, 3191, 3258, 3338, 3345, 3402, 3149, 3556, 3530, 3353, 3447, 3169, 3497, 3464, 3216)
z_dir: 
[[-0.00448101]
 [ 0.03156981]
 [ 0.9994915 ]]
[rosout][INFO] 2019-10-16 18:12:41,723: 
pdc: 
2449
electrode: 
(3107, 3533, 3506, 3329, 3445, 3191, 3258, 3338, 3345, 3402, 3149, 3556, 3530, 3353, 3447, 3169, 3497, 3464, 3216)
z_dir: 
[[-0.00451681]
 [ 0.03152972]
 [ 0.99949261]]
[rosout][INFO] 2019-10-16 18:12:41,757: 
pdc: 
2449
electrode: 
(3107, 3533, 3506, 3329, 3445, 3191, 3258, 3338, 3345, 3402, 3149, 3556, 3530, 3353, 3447, 3169, 3497, 3464, 3216)
z_dir: 
[[-0.00461727]
 [ 0.03160827]
 [ 0.99948967]]
[rosout][INFO] 2019-10-16 18:12:41,771: 
pdc: 
2449
electrode: 
(3107, 3533, 3506, 3329, 3445, 3191, 3258, 3338, 3345, 3402, 3149, 3556, 3530, 3353, 3447, 3169, 3497, 3464, 3216)
z_dir: 
[[-0.00891046]
 [ 0.03680073]
 [ 0.9992829 ]]
[rosout][INFO] 2019-10-16 18:12:41,791: 
pdc: 
2449
electrode: 
(3107, 3533, 3506, 3329, 3445, 3191, 3258, 3338, 3345, 3402, 3149, 3556, 3530, 3353, 3447, 3169, 3497, 3464, 3216)
z_dir: 
[[-0.00891994]
 [ 0.03668376]
 [ 0.99928711]]
[rosout][INFO] 2019-10-16 18:12:41,803: 
pdc: 
2449
electrode: 
(3107, 3533, 3506, 3329, 3445, 3191, 3258, 3338, 3345, 3402, 3149, 3556, 3530, 3353, 3447, 3169, 3497, 3464, 3216)
z_dir: 
[[-0.00453788]
 [ 0.03160666]
 [ 0.99949008]]
[rosout][INFO] 2019-10-16 18:12:41,822: 
pdc: 
2449
electrode: 
(3107, 3533, 3506, 3329, 3445, 3191, 3258, 3338, 3345, 3402, 3149, 3556, 3530, 3353, 3447, 3169, 3497, 3464, 3216)
z_dir: 
[[-0.00451657]
 [ 0.03150298]
 [ 0.99949345]]
[rosout][INFO] 2019-10-16 18:12:41,845: 
pdc: 
2449
electrode: 
(3107, 3533, 3506, 3329, 3445, 3191, 3258, 3338, 3345, 3402, 3149, 3556, 3530, 3353, 3447, 3169, 3497, 3464, 3216)
z_dir: 
[[-0.0045823 ]
 [ 0.03162002]
 [ 0.99948946]]
[rosout][INFO] 2019-10-16 18:12:41,858: 
pdc: 
2449
electrode: 
(3107, 3533, 3506, 3329, 3445, 3191, 3258, 3338, 3345, 3402, 3149, 3556, 3530, 3353, 3447, 3169, 3497, 3464, 3216)
z_dir: 
[[-0.00893252]
 [ 0.0367774 ]
 [ 0.99928356]]
[rosout][INFO] 2019-10-16 18:12:41,869: 
pdc: 
2449
electrode: 
(3107, 3533, 3506, 3329, 3445, 3191, 3258, 3338, 3345, 3402, 3149, 3556, 3530, 3353, 3447, 3169, 3497, 3464, 3216)
z_dir: 
[[-0.00451333]
 [ 0.03167418]
 [ 0.99948806]]
[rosout][INFO] 2019-10-16 18:12:41,889: 
pdc: 
2449
electrode: 
(3107, 3533, 3506, 3329, 3445, 3191, 3258, 3338, 3345, 3402, 3149, 3556, 3530, 3353, 3447, 3169, 3497, 3464, 3216)
z_dir: 
[[-0.0089719 ]
 [ 0.03659721]
 [ 0.99928982]]
[rosout][INFO] 2019-10-16 18:12:41,902: 
pdc: 
2449
electrode: 
(3107, 3533, 3506, 3329, 3445, 3191, 3258, 3338, 3345, 3402, 3149, 3556, 3530, 3353, 3447, 3169, 3497, 3464, 3216)
z_dir: 
[[-0.00475497]
 [ 0.03225203]
 [ 0.99946846]]
[rosout][INFO] 2019-10-16 18:12:41,929: 
pdc: 
2449
electrode: 
(3107, 3533, 3506, 3329, 3445, 3191, 3258, 3338, 3345, 3402, 3149, 3556, 3530, 3353, 3447, 3169, 3497, 3464, 3216)
z_dir: 
[[-0.00466886]
 [ 0.03147184]
 [ 0.99949373]]
[rosout][INFO] 2019-10-16 18:12:41,948: 
pdc: 
2449
electrode: 
(3107, 3533, 3506, 3329, 3445, 3191, 3258, 3338, 3345, 3402, 3149, 3556, 3530, 3353, 3447, 3169, 3497, 3464, 3216)
z_dir: 
[[-0.008872  ]
 [ 0.0367631 ]
 [ 0.99928463]]
[rosout][INFO] 2019-10-16 18:12:41,954: 
pdc: 
2449
electrode: 
(3107, 3533, 3506, 3329, 3445, 3191, 3258, 3338, 3345, 3402, 3149, 3556, 3530, 3353, 3447, 3169, 3497, 3464, 3216)
z_dir: 
[[-0.00452997]
 [ 0.03154827]
 [ 0.99949196]]
[rosout][INFO] 2019-10-16 18:12:41,968: 
pdc: 
2449
electrode: 
(3107, 3533, 3506, 3329, 3445, 3191, 3258, 3338, 3345, 3402, 3149, 3556, 3530, 3353, 3447, 3169, 3497, 3464, 3216)
z_dir: 
[[-0.00452339]
 [ 0.03163942]
 [ 0.99948911]]
[rosout][INFO] 2019-10-16 18:12:41,975: 
pdc: 
2449
electrode: 
(3107, 3533, 3506, 3329, 3445, 3191, 3258, 3338, 3345, 3402, 3149, 3556, 3530, 3353, 3447, 3169, 3497, 3464, 3216)
z_dir: 
[[-0.00901006]
 [ 0.03662646]
 [ 0.99928841]]
[rosout][INFO] 2019-10-16 18:12:41,983: 
pdc: 
2449
electrode: 
(3107, 3533, 3506, 3329, 3445, 3191, 3258, 3338, 3345, 3402, 3149, 3556, 3530, 3353, 3447, 3169, 3497, 3464, 3216)
z_dir: 
[[-0.00450417]
 [ 0.03160208]
 [ 0.99949038]]
[rosout][INFO] 2019-10-16 18:12:42,013: 
pdc: 
2449
electrode: 
(3107, 3533, 3506, 3329, 3445, 3191, 3258, 3338, 3345, 3402, 3149, 3556, 3530, 3353, 3447, 3169, 3497, 3464, 3216)
z_dir: 
[[-0.00458014]
 [ 0.03160709]
 [ 0.99948988]]
[rosout][INFO] 2019-10-16 18:12:42,022: 
pdc: 
2449
electrode: 
(3107, 3533, 3506, 3329, 3445, 3191, 3258, 3338, 3345, 3402, 3149, 3556, 3530, 3353, 3447, 3169, 3497, 3464, 3216)
z_dir: 
[[-0.0089682 ]
 [ 0.0366624 ]
 [ 0.99928747]]
[rosout][INFO] 2019-10-16 18:12:42,052: 
pdc: 
2449
electrode: 
(3107, 3533, 3506, 3329, 3445, 3191, 3258, 3338, 3345, 3402, 3149, 3556, 3530, 3353, 3447, 3169, 3497, 3464, 3216)
z_dir: 
[[-0.00898514]
 [ 0.03682485]
 [ 0.99928134]]
[rosout][INFO] 2019-10-16 18:12:42,064: 
pdc: 
2449
electrode: 
(3107, 3533, 3506, 3329, 3445, 3191, 3258, 3338, 3345, 3402, 3149, 3556, 3530, 3353, 3447, 3169, 3497, 3464, 3216)
z_dir: 
[[-0.00459389]
 [ 0.03169589]
 [ 0.999487  ]]
[rosout][INFO] 2019-10-16 18:12:42,094: 
pdc: 
2449
electrode: 
(3107, 3533, 3506, 3329, 3445, 3191, 3258, 3338, 3345, 3402, 3149, 3556, 3530, 3353, 3447, 3169, 3497, 3464, 3216)
z_dir: 
[[-0.0044581 ]
 [ 0.03168478]
 [ 0.99948797]]
[rosout][INFO] 2019-10-16 18:12:42,130: 
pdc: 
2449
electrode: 
(3107, 3533, 3506, 3329, 3445, 3191, 3258, 3338, 3345, 3402, 3149, 3556, 3530, 3353, 3447, 3169, 3497, 3464, 3216)
z_dir: 
[[-0.00905309]
 [ 0.03666027]
 [ 0.99928678]]
[rosout][INFO] 2019-10-16 18:12:42,146: 
pdc: 
2449
electrode: 
(3107, 3533, 3506, 3329, 3445, 3191, 3258, 3338, 3345, 3402, 3149, 3556, 3530, 3353, 3447, 3169, 3497, 3464, 3216)
z_dir: 
[[-0.00457931]
 [ 0.03154119]
 [ 0.99949196]]
[rosout][INFO] 2019-10-16 18:12:42,184: 
pdc: 
2449
electrode: 
(3107, 3533, 3506, 3329, 3445, 3191, 3258, 3338, 3345, 3402, 3149, 3556, 3530, 3353, 3447, 3169, 3497, 3464, 3216)
z_dir: 
[[-0.00890486]
 [ 0.03672406]
 [ 0.99928577]]
[rosout][INFO] 2019-10-16 18:12:42,199: 
pdc: 
2449
electrode: 
(3107, 3533, 3506, 3329, 3445, 3191, 3258, 3338, 3345, 3402, 3149, 3556, 3530, 3353, 3447, 3169, 3497, 3464, 3216)
z_dir: 
[[-0.00463376]
 [ 0.03165863]
 [ 0.999488  ]]
[rosout][INFO] 2019-10-16 18:12:42,236: 
pdc: 
2449
electrode: 
(3107, 3533, 3506, 3329, 3445, 3191, 3258, 3338, 3345, 3402, 3149, 3556, 3530, 3353, 3447, 3169, 3497, 3464, 3216)
z_dir: 
[[-0.00464506]
 [ 0.03155123]
 [ 0.99949134]]
[rosout][INFO] 2019-10-16 18:12:42,255: 
pdc: 
2449
electrode: 
(3107, 3533, 3506, 3329, 3445, 3191, 3258, 3338, 3345, 3402, 3149, 3556, 3530, 3353, 3447, 3169, 3497, 3464, 3216)
z_dir: 
[[-0.00886975]
 [ 0.0368121 ]
 [ 0.99928284]]
[rosout][INFO] 2019-10-16 18:12:42,272: 
pdc: 
2449
electrode: 
(3107, 3533, 3506, 3329, 3445, 3191, 3258, 3338, 3345, 3402, 3149, 3556, 3530, 3353, 3447, 3169, 3497, 3464, 3216)
z_dir: 
[[-0.00900159]
 [ 0.03686693]
 [ 0.99927964]]
[rosout][INFO] 2019-10-16 18:12:42,282: 
pdc: 
2449
electrode: 
(3107, 3533, 3506, 3329, 3445, 3191, 3258, 3338, 3345, 3402, 3149, 3556, 3530, 3353, 3447, 3169, 3497, 3464, 3216)
z_dir: 
[[-0.00451834]
 [ 0.03172546]
 [ 0.99948641]]
[rosout][INFO] 2019-10-16 18:12:42,297: 
pdc: 
2449
electrode: 
(3107, 3533, 3506, 3329, 3445, 3191, 3258, 3338, 3345, 3402, 3149, 3556, 3530, 3353, 3447, 3169, 3497, 3464, 3216)
z_dir: 
[[-0.00900809]
 [ 0.03668534]
 [ 0.99928627]]
[rosout][INFO] 2019-10-16 18:12:42,306: 
pdc: 
2449
electrode: 
(3107, 3533, 3506, 3329, 3445, 3191, 3258, 3338, 3345, 3402, 3149, 3556, 3530, 3353, 3447, 3169, 3497, 3464, 3216)
z_dir: 
[[-0.00460534]
 [ 0.03161689]
 [ 0.99948945]]
[rosout][INFO] 2019-10-16 18:12:42,320: 
pdc: 
2449
electrode: 
(3107, 3533, 3506, 3329, 3445, 3191, 3258, 3338, 3345, 3402, 3149, 3556, 3530, 3353, 3447, 3169, 3497, 3464, 3216)
z_dir: 
[[-0.00462497]
 [ 0.03158865]
 [ 0.99949025]]
[rosout][INFO] 2019-10-16 18:12:42,332: 
pdc: 
2449
electrode: 
(3107, 3533, 3506, 3329, 3445, 3191, 3258, 3338, 3345, 3402, 3149, 3556, 3530, 3353, 3447, 3169, 3497, 3464, 3216)
z_dir: 
[[-0.00452152]
 [ 0.03170971]
 [ 0.99948689]]
[rosout][INFO] 2019-10-16 18:12:42,337: 
pdc: 
2449
electrode: 
(3107, 3533, 3506, 3329, 3445, 3191, 3258, 3338, 3345, 3402, 3149, 3556, 3530, 3353, 3447, 3169, 3497, 3464, 3216)
z_dir: 
[[-0.00893611]
 [ 0.03674299]
 [ 0.99928479]]
[rosout][INFO] 2019-10-16 18:12:42,367: 
pdc: 
2449
electrode: 
(3107, 3533, 3506, 3329, 3445, 3191, 3258, 3338, 3345, 3402, 3149, 3556, 3530, 3353, 3447, 3169, 3497, 3464, 3216)
z_dir: 
[[-0.00459079]
 [ 0.03167723]
 [ 0.99948761]]
[rosout][INFO] 2019-10-16 18:12:42,372: 
pdc: 
2449
electrode: 
(3107, 3533, 3506, 3329, 3445, 3191, 3258, 3338, 3345, 3402, 3149, 3556, 3530, 3353, 3447, 3169, 3497, 3464, 3216)
z_dir: 
[[-0.00461833]
 [ 0.03147658]
 [ 0.99949382]]
[rosout][INFO] 2019-10-16 18:12:42,415: 
pdc: 
2449
electrode: 
(3107, 3533, 3506, 3329, 3445, 3191, 3258, 3338, 3345, 3402, 3149, 3556, 3530, 3353, 3447, 3169, 3497, 3464, 3216)
z_dir: 
[[-0.00908246]
 [ 0.03675544]
 [ 0.99928302]]
[rosout][INFO] 2019-10-16 18:12:42,420: 
pdc: 
2449
electrode: 
(3107, 3533, 3506, 3329, 3445, 3191, 3258, 3338, 3345, 3402, 3149, 3556, 3530, 3353, 3447, 3169, 3497, 3464, 3216)
z_dir: 
[[-0.00459037]
 [ 0.03157632]
 [ 0.9994908 ]]
[rosout][INFO] 2019-10-16 18:12:42,432: 
pdc: 
2449
electrode: 
(3107, 3533, 3506, 3329, 3445, 3191, 3258, 3338, 3345, 3402, 3149, 3556, 3530, 3353, 3447, 3169, 3497, 3464, 3216)
z_dir: 
[[-0.00453539]
 [ 0.03168691]
 [ 0.99948755]]
[rosout][INFO] 2019-10-16 18:12:42,455: 
pdc: 
2449
electrode: 
(3107, 3533, 3506, 3329, 3445, 3191, 3258, 3338, 3345, 3402, 3149, 3556, 3530, 3353, 3447, 3169, 3497, 3464, 3216)
z_dir: 
[[-0.00906383]
 [ 0.03678233]
 [ 0.9992822 ]]
[rosout][INFO] 2019-10-16 18:12:42,464: 
pdc: 
2449
electrode: 
(3107, 3533, 3506, 3329, 3445, 3191, 3258, 3338, 3345, 3402, 3149, 3556, 3530, 3353, 3447, 3169, 3497, 3464, 3216)
z_dir: 
[[-0.00459222]
 [ 0.03166641]
 [ 0.99948794]]
[rosout][INFO] 2019-10-16 18:12:42,472: 
pdc: 
2449
electrode: 
(3107, 3533, 3506, 3329, 3445, 3191, 3258, 3338, 3345, 3402, 3149, 3556, 3530, 3353, 3447, 3169, 3497, 3464, 3216)
z_dir: 
[[-0.00893952]
 [ 0.0368828 ]
 [ 0.99927961]]
[rosout][INFO] 2019-10-16 18:12:42,484: 
pdc: 
2449
electrode: 
(3107, 3533, 3506, 3329, 3445, 3191, 3258, 3338, 3345, 3402, 3149, 3556, 3530, 3353, 3447, 3169, 3497, 3464, 3216)
z_dir: 
[[-0.00898916]
 [ 0.03683739]
 [ 0.99928084]]
[rosout][INFO] 2019-10-16 18:12:42,490: 
pdc: 
2449
electrode: 
(3107, 3533, 3506, 3329, 3445, 3191, 3258, 3338, 3345, 3402, 3149, 3556, 3530, 3353, 3447, 3169, 3497, 3464, 3216)
z_dir: 
[[-0.00456358]
 [ 0.03169522]
 [ 0.99948716]]
[rosout][INFO] 2019-10-16 18:12:42,496: 
pdc: 
2449
electrode: 
(3107, 3533, 3506, 3329, 3445, 3191, 3258, 3338, 3345, 3402, 3149, 3556, 3530, 3353, 3447, 3169, 3497, 3464, 3216)
z_dir: 
[[-0.00444878]
 [ 0.03171245]
 [ 0.99948713]]
[rosout][INFO] 2019-10-16 18:12:42,522: 
pdc: 
2449
electrode: 
(3107, 3533, 3506, 3329, 3445, 3191, 3258, 3338, 3345, 3402, 3149, 3556, 3530, 3353, 3447, 3169, 3497, 3464, 3216)
z_dir: 
[[-0.00914181]
 [ 0.03676503]
 [ 0.99928212]]
[rosout][INFO] 2019-10-16 18:12:42,553: 
pdc: 
2449
electrode: 
(3107, 3533, 3506, 3329, 3445, 3191, 3258, 3338, 3345, 3402, 3149, 3556, 3530, 3353, 3447, 3169, 3497, 3464, 3216)
z_dir: 
[[-0.00897542]
 [ 0.03672024]
 [ 0.99928528]]
[rosout][INFO] 2019-10-16 18:12:42,583: 
pdc: 
2449
electrode: 
(3107, 3533, 3506, 3329, 3445, 3191, 3258, 3338, 3345, 3402, 3149, 3556, 3530, 3353, 3447, 3169, 3497, 3464, 3216)
z_dir: 
[[-0.00459997]
 [ 0.03150119]
 [ 0.99949313]]
[rosout][INFO] 2019-10-16 18:12:42,593: 
pdc: 
2449
electrode: 
(3107, 3533, 3506, 3329, 3445, 3191, 3258, 3338, 3345, 3402, 3149, 3556, 3530, 3353, 3447, 3169, 3497, 3464, 3216)
z_dir: 
[[-0.00460954]
 [ 0.03172648]
 [ 0.99948596]]
[rosout][INFO] 2019-10-16 18:12:42,611: 
pdc: 
2449
electrode: 
(3107, 3533, 3506, 3329, 3445, 3191, 3258, 3338, 3345, 3402, 3149, 3556, 3530, 3353, 3447, 3169, 3497, 3464, 3216)
z_dir: 
[[-0.0045391 ]
 [ 0.03172628]
 [ 0.99948629]]
[rosout][INFO] 2019-10-16 18:12:42,622: 
pdc: 
2449
electrode: 
(3107, 3533, 3506, 3329, 3445, 3191, 3258, 3338, 3345, 3402, 3149, 3556, 3530, 3353, 3447, 3169, 3497, 3464, 3216)
z_dir: 
[[-0.00906045]
 [ 0.03689608]
 [ 0.99927803]]
[rosout][INFO] 2019-10-16 18:12:42,652: 
pdc: 
2449
electrode: 
(3107, 3533, 3506, 3329, 3445, 3191, 3258, 3338, 3345, 3402, 3149, 3556, 3530, 3353, 3447, 3169, 3497, 3464, 3216)
z_dir: 
[[-0.00892968]
 [ 0.03683518]
 [ 0.99928146]]
[rosout][INFO] 2019-10-16 18:12:42,682: 
pdc: 
2449
electrode: 
(3107, 3533, 3506, 3329, 3445, 3191, 3258, 3338, 3345, 3402, 3149, 3556, 3530, 3353, 3447, 3169, 3497, 3464, 3216)
z_dir: 
[[-0.00455843]
 [ 0.03163745]
 [ 0.99948902]]
[rosout][INFO] 2019-10-16 18:12:42,702: 
pdc: 
2449
electrode: 
(3107, 3533, 3506, 3329, 3445, 3191, 3258, 3338, 3345, 3402, 3149, 3556, 3530, 3353, 3447, 3169, 3497, 3464, 3216)
z_dir: 
[[-0.00920641]
 [ 0.03744782]
 [ 0.99925617]]
[rosout][INFO] 2019-10-16 18:12:42,712: 
pdc: 
2449
electrode: 
(3107, 3533, 3506, 3329, 3445, 3191, 3258, 3338, 3345, 3402, 3149, 3556, 3530, 3353, 3447, 3169, 3497, 3464, 3216)
z_dir: 
[[-0.00448822]
 [ 0.03171298]
 [ 0.99948694]]
[rosout][INFO] 2019-10-16 18:12:42,723: 
pdc: 
2449
electrode: 
(3107, 3533, 3506, 3329, 3445, 3191, 3258, 3338, 3345, 3402, 3149, 3556, 3530, 3353, 3447, 3169, 3497, 3464, 3216)
z_dir: 
[[-0.00936613]
 [ 0.03726064]
 [ 0.99926169]]
[rosout][INFO] 2019-10-16 18:12:42,743: 
pdc: 
2449
electrode: 
(3107, 3533, 3506, 3329, 3445, 3191, 3258, 3338, 3345, 3402, 3149, 3556, 3530, 3353, 3447, 3169, 3497, 3464, 3216)
z_dir: 
[[-0.0045129 ]
 [ 0.03172495]
 [ 0.99948645]]
[rosout][INFO] 2019-10-16 18:12:42,752: 
pdc: 
2449
electrode: 
(3107, 3533, 3506, 3329, 3445, 3191, 3258, 3338, 3345, 3402, 3149, 3556, 3530, 3353, 3447, 3169, 3497, 3464, 3216)
z_dir: 
[[-0.00910537]
 [ 0.03670807]
 [ 0.99928455]]
[rosout][INFO] 2019-10-16 18:12:42,763: 
pdc: 
2449
electrode: 
(3107, 3533, 3506, 3329, 3445, 3191, 3258, 3338, 3345, 3402, 3149, 3556, 3530, 3353, 3447, 3169, 3497, 3464, 3216)
z_dir: 
[[-0.00469386]
 [ 0.03151202]
 [ 0.99949235]]
[rosout][INFO] 2019-10-16 18:12:42,783: 
pdc: 
2449
electrode: 
(3107, 3533, 3506, 3329, 3445, 3191, 3258, 3338, 3345, 3402, 3149, 3556, 3530, 3353, 3447, 3169, 3497, 3464, 3216)
z_dir: 
[[-0.00461923]
 [ 0.03172567]
 [ 0.99948594]]
[rosout][INFO] 2019-10-16 18:12:42,793: 
pdc: 
2449
electrode: 
(3107, 3533, 3506, 3329, 3445, 3191, 3258, 3338, 3345, 3402, 3149, 3556, 3530, 3353, 3447, 3169, 3497, 3464, 3216)
z_dir: 
[[-0.0046424 ]
 [ 0.03160059]
 [ 0.9994898 ]]
[rosout][INFO] 2019-10-16 18:12:42,822: 
pdc: 
2449
electrode: 
(3107, 3533, 3506, 3329, 3445, 3191, 3258, 3338, 3345, 3402, 3149, 3556, 3530, 3353, 3447, 3169, 3497, 3464, 3216)
z_dir: 
[[-0.00909118]
 [ 0.03670392]
 [ 0.99928483]]
[rosout][INFO] 2019-10-16 18:12:42,841: 
pdc: 
2449
electrode: 
(3107, 3533, 3506, 3329, 3445, 3191, 3258, 3338, 3345, 3402, 3149, 3556, 3530, 3353, 3447, 3169, 3497, 3464, 3216)
z_dir: 
[[-0.00472771]
 [ 0.03159932]
 [ 0.99948944]]
[rosout][INFO] 2019-10-16 18:12:42,852: 
pdc: 
2449
electrode: 
(3107, 3533, 3506, 3329, 3445, 3191, 3258, 3338, 3345, 3402, 3149, 3556, 3530, 3353, 3447, 3169, 3497, 3464, 3216)
z_dir: 
[[-0.00889267]
 [ 0.03683513]
 [ 0.99928179]]
[rosout][INFO] 2019-10-16 18:12:42,863: 
pdc: 
2449
electrode: 
(3107, 3533, 3506, 3329, 3445, 3191, 3258, 3338, 3345, 3402, 3149, 3556, 3530, 3353, 3447, 3169, 3497, 3464, 3216)
z_dir: 
[[-0.00457752]
 [ 0.03148907]
 [ 0.99949361]]
[rosout][INFO] 2019-10-16 18:12:42,883: 
pdc: 
2449
electrode: 
(3107, 3533, 3506, 3329, 3445, 3191, 3258, 3338, 3345, 3402, 3149, 3556, 3530, 3353, 3447, 3169, 3497, 3464, 3216)
z_dir: 
[[-0.00463147]
 [ 0.03151817]
 [ 0.99949245]]
[rosout][INFO] 2019-10-16 18:12:42,894: 
pdc: 
2449
electrode: 
(3107, 3533, 3506, 3329, 3445, 3191, 3258, 3338, 3345, 3402, 3149, 3556, 3530, 3353, 3447, 3169, 3497, 3464, 3216)
z_dir: 
[[-0.0046168 ]
 [ 0.03147624]
 [ 0.99949384]]
[rosout][INFO] 2019-10-16 18:12:42,903: 
pdc: 
2449
electrode: 
(3107, 3533, 3506, 3329, 3445, 3191, 3258, 3338, 3345, 3402, 3149, 3556, 3530, 3353, 3447, 3169, 3497, 3464, 3216)
z_dir: 
[[-0.00904993]
 [ 0.03665854]
 [ 0.99928687]]
[rosout][INFO] 2019-10-16 18:12:42,934: 
pdc: 
2449
electrode: 
(3107, 3533, 3506, 3329, 3445, 3191, 3258, 3338, 3345, 3402, 3149, 3556, 3530, 3353, 3447, 3169, 3497, 3464, 3216)
z_dir: 
[[-0.00456891]
 [ 0.03145979]
 [ 0.99949458]]
[rosout][INFO] 2019-10-16 18:12:42,944: 
pdc: 
2449
electrode: 
(3107, 3533, 3506, 3329, 3445, 3191, 3258, 3338, 3345, 3402, 3149, 3556, 3530, 3353, 3447, 3169, 3497, 3464, 3216)
z_dir: 
[[-0.00448609]
 [ 0.0317104 ]
 [ 0.99948703]]
[rosout][INFO] 2019-10-16 18:12:42,962: 
pdc: 
2449
electrode: 
(3107, 3533, 3506, 3329, 3445, 3191, 3258, 3338, 3345, 3402, 3149, 3556, 3530, 3353, 3447, 3169, 3497, 3464, 3216)
z_dir: 
[[-0.00466448]
 [ 0.0315171 ]
 [ 0.99949233]]
[rosout][INFO] 2019-10-16 18:12:42,972: 
pdc: 
2449
electrode: 
(3107, 3533, 3506, 3329, 3445, 3191, 3258, 3338, 3345, 3402, 3149, 3556, 3530, 3353, 3447, 3169, 3497, 3464, 3216)
z_dir: 
[[-0.00886661]
 [ 0.0368408 ]
 [ 0.99928181]]
[rosout][INFO] 2019-10-16 18:12:42,983: 
pdc: 
2449
electrode: 
(3107, 3533, 3506, 3329, 3445, 3191, 3258, 3338, 3345, 3402, 3149, 3556, 3530, 3353, 3447, 3169, 3497, 3464, 3216)
z_dir: 
[[-0.0045376 ]
 [ 0.03169643]
 [ 0.99948724]]
[rosout][INFO] 2019-10-16 18:12:43,003: 
pdc: 
2449
electrode: 
(3107, 3533, 3506, 3329, 3445, 3191, 3258, 3338, 3345, 3402, 3149, 3556, 3530, 3353, 3447, 3169, 3497, 3464, 3216)
z_dir: 
[[-0.00897661]
 [ 0.03676206]
 [ 0.99928373]]
[rosout][INFO] 2019-10-16 18:12:43,012: 
pdc: 
2449
electrode: 
(3107, 3533, 3506, 3329, 3445, 3191, 3258, 3338, 3345, 3402, 3149, 3556, 3530, 3353, 3447, 3169, 3497, 3464, 3216)
z_dir: 
[[-0.00464567]
 [ 0.03150351]
 [ 0.99949284]]
[rosout][INFO] 2019-10-16 18:12:43,024: 
pdc: 
2449
electrode: 
(3107, 3533, 3506, 3329, 3445, 3191, 3258, 3338, 3345, 3402, 3149, 3556, 3530, 3353, 3447, 3169, 3497, 3464, 3216)
z_dir: 
[[-0.00898839]
 [ 0.0368398 ]
 [ 0.99928076]]
[rosout][INFO] 2019-10-16 18:12:43,034: 
pdc: 
2449
electrode: 
(3107, 3533, 3506, 3329, 3445, 3191, 3258, 3338, 3345, 3402, 3149, 3556, 3530, 3353, 3447, 3169, 3497, 3464, 3216)
z_dir: 
[[-0.00453317]
 [ 0.0314924 ]
 [ 0.99949371]]
[rosout][INFO] 2019-10-16 18:12:43,052: 
pdc: 
2449
electrode: 
(3107, 3533, 3506, 3329, 3445, 3191, 3258, 3338, 3345, 3402, 3149, 3556, 3530, 3353, 3447, 3169, 3497, 3464, 3216)
z_dir: 
[[-0.00901014]
 [ 0.03661946]
 [ 0.99928866]]
[rosout][INFO] 2019-10-16 18:12:43,063: 
pdc: 
2449
electrode: 
(3107, 3533, 3506, 3329, 3445, 3191, 3258, 3338, 3345, 3402, 3149, 3556, 3530, 3353, 3447, 3169, 3497, 3464, 3216)
z_dir: 
[[-0.00457299]
 [ 0.03150766]
 [ 0.99949305]]
[rosout][INFO] 2019-10-16 18:12:43,075: 
pdc: 
2449
electrode: 
(3107, 3533, 3506, 3329, 3445, 3191, 3258, 3338, 3345, 3402, 3149, 3556, 3530, 3353, 3447, 3169, 3497, 3464, 3216)
z_dir: 
[[-0.0088866 ]
 [ 0.03679589]
 [ 0.99928329]]
[rosout][INFO] 2019-10-16 18:12:43,084: 
pdc: 
2449
electrode: 
(3107, 3533, 3506, 3329, 3445, 3191, 3258, 3338, 3345, 3402, 3149, 3556, 3530, 3353, 3447, 3169, 3497, 3464, 3216)
z_dir: 
[[-0.00470202]
 [ 0.03161864]
 [ 0.99948895]]
[rosout][INFO] 2019-10-16 18:12:43,113: 
pdc: 
2449
electrode: 
(3107, 3533, 3506, 3329, 3445, 3191, 3258, 3338, 3345, 3402, 3149, 3556, 3530, 3353, 3447, 3169, 3497, 3464, 3216)
z_dir: 
[[-0.00470057]
 [ 0.03153035]
 [ 0.99949174]]
[rosout][INFO] 2019-10-16 18:12:43,123: 
pdc: 
2449
electrode: 
(3107, 3533, 3506, 3329, 3445, 3191, 3258, 3338, 3345, 3402, 3149, 3556, 3530, 3353, 3447, 3169, 3497, 3464, 3216)
z_dir: 
[[-0.00895795]
 [ 0.03685874]
 [ 0.99928034]]
[rosout][INFO] 2019-10-16 18:12:43,152: 
pdc: 
2449
electrode: 
(3107, 3533, 3506, 3329, 3445, 3191, 3258, 3338, 3345, 3402, 3149, 3556, 3530, 3353, 3447, 3169, 3497, 3464, 3216)
z_dir: 
[[-0.00892021]
 [ 0.0367949 ]
 [ 0.99928303]]
[rosout][INFO] 2019-10-16 18:12:43,163: 
pdc: 
2449
electrode: 
(3107, 3533, 3506, 3329, 3445, 3191, 3258, 3338, 3345, 3402, 3149, 3556, 3530, 3353, 3447, 3169, 3497, 3464, 3216)
z_dir: 
[[-0.00442753]
 [ 0.03169032]
 [ 0.99948793]]
[rosout][INFO] 2019-10-16 18:12:43,192: 
pdc: 
2449
electrode: 
(3107, 3533, 3506, 3329, 3445, 3191, 3258, 3338, 3345, 3402, 3149, 3556, 3530, 3353, 3447, 3169, 3497, 3464, 3216)
z_dir: 
[[-0.00462441]
 [ 0.03155676]
 [ 0.99949126]]
[rosout][INFO] 2019-10-16 18:12:43,202: 
pdc: 
2449
electrode: 
(3107, 3533, 3506, 3329, 3445, 3191, 3258, 3338, 3345, 3402, 3149, 3556, 3530, 3353, 3447, 3169, 3497, 3464, 3216)
z_dir: 
[[-0.00898207]
 [ 0.03665136]
 [ 0.99928775]]
[rosout][INFO] 2019-10-16 18:12:43,233: 
pdc: 
2449
electrode: 
(3107, 3533, 3506, 3329, 3445, 3191, 3258, 3338, 3345, 3402, 3149, 3556, 3530, 3353, 3447, 3169, 3497, 3464, 3216)
z_dir: 
[[-0.00448261]
 [ 0.0315977 ]
 [ 0.99949062]]
[rosout][INFO] 2019-10-16 18:12:43,243: 
pdc: 
2449
electrode: 
(3107, 3533, 3506, 3329, 3445, 3191, 3258, 3338, 3345, 3402, 3149, 3556, 3530, 3353, 3447, 3169, 3497, 3464, 3216)
z_dir: 
[[-0.00455587]
 [ 0.03153364]
 [ 0.99949231]]
[rosout][INFO] 2019-10-16 18:12:43,272: 
pdc: 
2449
electrode: 
(3107, 3533, 3506, 3329, 3445, 3191, 3258, 3338, 3345, 3402, 3149, 3556, 3530, 3353, 3447, 3169, 3497, 3464, 3216)
z_dir: 
[[-0.00891108]
 [ 0.03683364]
 [ 0.99928168]]
[rosout][INFO] 2019-10-16 18:12:43,284: 
pdc: 
2449
electrode: 
(3107, 3533, 3506, 3329, 3445, 3191, 3258, 3338, 3345, 3402, 3149, 3556, 3530, 3353, 3447, 3169, 3497, 3464, 3216)
z_dir: 
[[-0.00455297]
 [ 0.03151596]
 [ 0.99949288]]
[rosout][INFO] 2019-10-16 18:12:43,312: 
pdc: 
2449
electrode: 
(3107, 3533, 3506, 3329, 3445, 3191, 3258, 3338, 3345, 3402, 3149, 3556, 3530, 3353, 3447, 3169, 3497, 3464, 3216)
z_dir: 
[[-0.00459701]
 [ 0.03157892]
 [ 0.99949069]]
[rosout][INFO] 2019-10-16 18:12:43,323: 
pdc: 
2449
electrode: 
(3107, 3533, 3506, 3329, 3445, 3191, 3258, 3338, 3345, 3402, 3149, 3556, 3530, 3353, 3447, 3169, 3497, 3464, 3216)
z_dir: 
[[-0.00904275]
 [ 0.03675515]
 [ 0.99928339]]
[rosout][INFO] 2019-10-16 18:12:43,334: 
pdc: 
2449
electrode: 
(3107, 3533, 3506, 3329, 3445, 3191, 3258, 3338, 3345, 3402, 3149, 3556, 3530, 3353, 3447, 3169, 3497, 3464, 3216)
z_dir: 
[[-0.00444235]
 [ 0.03166738]
 [ 0.99948859]]
[rosout][INFO] 2019-10-16 18:12:43,345: 
pdc: 
2449
electrode: 
(3107, 3533, 3506, 3329, 3445, 3191, 3258, 3338, 3345, 3402, 3149, 3556, 3530, 3353, 3447, 3169, 3497, 3464, 3216)
z_dir: 
[[-0.00455225]
 [ 0.03148953]
 [ 0.99949372]]
[rosout][INFO] 2019-10-16 18:12:43,362: 
pdc: 
2449
electrode: 
(3107, 3533, 3506, 3329, 3445, 3191, 3258, 3338, 3345, 3402, 3149, 3556, 3530, 3353, 3447, 3169, 3497, 3464, 3216)
z_dir: 
[[-0.0045137 ]
 [ 0.03171222]
 [ 0.99948685]]
[rosout][INFO] 2019-10-16 18:12:43,373: 
pdc: 
2449
electrode: 
(3107, 3533, 3506, 3329, 3445, 3191, 3258, 3338, 3345, 3402, 3149, 3556, 3530, 3353, 3447, 3169, 3497, 3464, 3216)
z_dir: 
[[-0.00898588]
 [ 0.03680498]
 [ 0.99928207]]
[rosout][INFO] 2019-10-16 18:12:43,382: 
pdc: 
2449
electrode: 
(3107, 3533, 3506, 3329, 3445, 3191, 3258, 3338, 3345, 3402, 3149, 3556, 3530, 3353, 3447, 3169, 3497, 3464, 3216)
z_dir: 
[[-0.00440463]
 [ 0.03163309]
 [ 0.99948984]]
[rosout][INFO] 2019-10-16 18:12:43,403: 
pdc: 
2449
electrode: 
(3107, 3533, 3506, 3329, 3445, 3191, 3258, 3338, 3345, 3402, 3149, 3556, 3530, 3353, 3447, 3169, 3497, 3464, 3216)
z_dir: 
[[-0.00885492]
 [ 0.03675037]
 [ 0.99928525]]
[rosout][INFO] 2019-10-16 18:12:43,414: 
pdc: 
2449
electrode: 
(3107, 3533, 3506, 3329, 3445, 3191, 3258, 3338, 3345, 3402, 3149, 3556, 3530, 3353, 3447, 3169, 3497, 3464, 3216)
z_dir: 
[[-0.00450292]
 [ 0.03167947]
 [ 0.99948794]]
[rosout][INFO] 2019-10-16 18:12:43,424: 
pdc: 
2449
electrode: 
(3107, 3533, 3506, 3329, 3445, 3191, 3258, 3338, 3345, 3402, 3149, 3556, 3530, 3353, 3447, 3169, 3497, 3464, 3216)
z_dir: 
[[-0.00898849]
 [ 0.03670232]
 [ 0.99928582]]
[rosout][INFO] 2019-10-16 18:12:43,434: 
pdc: 
2449
electrode: 
(3107, 3533, 3506, 3329, 3445, 3191, 3258, 3338, 3345, 3402, 3149, 3556, 3530, 3353, 3447, 3169, 3497, 3464, 3216)
z_dir: 
[[-0.00459051]
 [ 0.03156322]
 [ 0.99949122]]
[rosout][INFO] 2019-10-16 18:12:43,454: 
pdc: 
2449
electrode: 
(3107, 3533, 3506, 3329, 3445, 3191, 3258, 3338, 3345, 3402, 3149, 3556, 3530, 3353, 3447, 3169, 3497, 3464, 3216)
z_dir: 
[[-0.00903629]
 [ 0.03663605]
 [ 0.99928782]]
[rospy.core][INFO] 2019-10-16 18:12:43,463: signal_shutdown [signal-2]
[rosout][INFO] 2019-10-16 18:12:43,465: 
pdc: 
2449
electrode: 
(3107, 3533, 3506, 3329, 3445, 3191, 3258, 3338, 3345, 3402, 3149, 3556, 3530, 3353, 3447, 3169, 3497, 3464, 3216)
z_dir: 
[[-0.00455966]
 [ 0.03149919]
 [ 0.99949338]]
[rospy.internal][INFO] 2019-10-16 18:12:43,476: topic[/rosout] removing connection to /rosout
[rospy.internal][INFO] 2019-10-16 18:12:43,476: topic[/biotac_pub] removing connection to http://student-lasa:33843/
[rospy.internal][INFO] 2019-10-16 18:12:43,476: topic[/vrpn_client_node/normalSurface/pose] removing connection to http://student-lasa:45067/
[rospy.internal][INFO] 2019-10-16 18:12:43,476: topic[/vrpn_client_node/baseHand/pose] removing connection to http://student-lasa:45067/
[rospy.impl.masterslave][INFO] 2019-10-16 18:12:43,476: signal-2
[rospy.rosout][ERROR] 2019-10-16 18:12:43,476: Unable to report rosout: publish() to a closed topic
Traceback (most recent call last):
  File "/opt/ros/kinetic/lib/python2.7/dist-packages/rospy/impl/rosout.py", line 91, in _rosout
    _rosout_pub.publish(l)
  File "/opt/ros/kinetic/lib/python2.7/dist-packages/rospy/topics.py", line 882, in publish
    self.impl.publish(data)
  File "/opt/ros/kinetic/lib/python2.7/dist-packages/rospy/topics.py", line 1041, in publish
    raise ROSException("publish() to a closed topic")
ROSException: publish() to a closed topic

[rosout][INFO] 2019-10-16 18:12:43,475: 
pdc: 
2449
electrode: 
(3107, 3533, 3506, 3329, 3445, 3191, 3258, 3338, 3345, 3402, 3149, 3556, 3530, 3353, 3447, 3169, 3497, 3464, 3216)
z_dir: 
[[-0.00900293]
 [ 0.03679739]
 [ 0.99928219]]
[rospy.core][INFO] 2019-10-16 18:12:43,593: signal_shutdown [atexit]
